[ 2021-11-01T18:30:56+08:00 ] 127.0.0.1 127.0.0.1 GET /
[ log ] www.akali.com/ [运行时间：0.603684s][吞吐率：1.66req/s] [内存消耗：371.36kb] [文件加载：44]
[ info ] [ LANG ] D:\Web\www.akali.com\thinkphp\lang\zh-cn.php
[ info ] [ BIND ] 'web'
[ info ] [ ROUTE ] array (
  'type' => 'module',
  'module' => 
  array (
    0 => 'web',
    1 => NULL,
    2 => NULL,
  ),
)
[ info ] [ HEADER ] array (
  'host' => 'www.akali.com',
  'upgrade-insecure-requests' => '1',
  'user-agent' => 'Mozilla/5.0 (Windows NT 10.0; Win64; x64) AppleWebKit/537.36 (KHTML, like Gecko) Chrome/95.0.4638.54 Safari/537.36',
  'accept' => 'text/html,application/xhtml+xml,application/xml;q=0.9,image/avif,image/webp,image/apng,*/*;q=0.8,application/signed-exchange;v=b3;q=0.9',
  'accept-encoding' => 'gzip, deflate',
  'accept-language' => 'zh-CN,zh;q=0.9',
  'connection' => 'close',
)
[ info ] [ PARAM ] array (
)
[ info ] [ LOG ] INIT File

---------------------------------------------------------------
[ 2021-11-01T18:31:18+08:00 ] 127.0.0.1 127.0.0.1 GET /
[ log ] www.akali.com/ [运行时间：0.512578s][吞吐率：1.95req/s] [内存消耗：666.10kb] [文件加载：63]
[ info ] [ LANG ] D:\Web\www.akali.com\thinkphp\lang\zh-cn.php
[ info ] [ BIND ] 'wed'
[ info ] [ ROUTE ] array (
  'type' => 'module',
  'module' => 
  array (
    0 => 'wed',
    1 => NULL,
    2 => NULL,
  ),
)
[ info ] [ HEADER ] array (
  'host' => 'www.akali.com',
  'cache-control' => 'max-age=0',
  'upgrade-insecure-requests' => '1',
  'user-agent' => 'Mozilla/5.0 (Windows NT 10.0; Win64; x64) AppleWebKit/537.36 (KHTML, like Gecko) Chrome/95.0.4638.54 Safari/537.36',
  'accept' => 'text/html,application/xhtml+xml,application/xml;q=0.9,image/avif,image/webp,image/apng,*/*;q=0.8,application/signed-exchange;v=b3;q=0.9',
  'accept-encoding' => 'gzip, deflate',
  'accept-language' => 'zh-CN,zh;q=0.9',
  'cookie' => 'thinkphp_show_page_trace=0|0',
  'connection' => 'close',
)
[ info ] [ PARAM ] array (
)
[ info ] [ DB ] INIT mysql
[ info ] [ CACHE ] INIT File
[ info ] [ RUN ] app\wed\controller\Home->index[ D:\Web\www.akali.com\application\wed\controller\Home.php ]
[ info ] [ VIEW ] D:\Web\www.akali.com\public/../application/wed\view\home\index.html [ array (
  0 => 'companyData',
  1 => 'brand_name',
) ]
[ info ] [ LOG ] INIT File
[ sql ] [ DB ] CONNECT:[ UseTime:0.003938s ] mysql:dbname=www_akali_com;host=127.0.0.1;charset=utf8
[ sql ] [ SQL ] SHOW COLUMNS FROM `goods` [ RunTime:0.007265s ]

---------------------------------------------------------------
[ 2021-11-01T18:31:18+08:00 ] 127.0.0.1 127.0.0.1 GET /
[ log ] www.akali.com/ [运行时间：0.030751s][吞吐率：32.52req/s] [内存消耗：469.02kb] [文件加载：61]
[ info ] [ LANG ] D:\Web\www.akali.com\thinkphp\lang\zh-cn.php
[ info ] [ BIND ] 'wed'
[ info ] [ ROUTE ] array (
  'type' => 'module',
  'module' => 
  array (
    0 => 'wed',
    1 => NULL,
    2 => NULL,
  ),
)
[ info ] [ HEADER ] array (
  'host' => 'www.akali.com',
  'cache-control' => 'max-age=0',
  'upgrade-insecure-requests' => '1',
  'user-agent' => 'Mozilla/5.0 (Windows NT 10.0; Win64; x64) AppleWebKit/537.36 (KHTML, like Gecko) Chrome/95.0.4638.54 Safari/537.36',
  'accept' => 'text/html,application/xhtml+xml,application/xml;q=0.9,image/avif,image/webp,image/apng,*/*;q=0.8,application/signed-exchange;v=b3;q=0.9',
  'accept-encoding' => 'gzip, deflate',
  'accept-language' => 'zh-CN,zh;q=0.9',
  'cookie' => 'thinkphp_show_page_trace=0|0',
  'connection' => 'close',
)
[ info ] [ PARAM ] array (
)
[ info ] [ DB ] INIT mysql
[ info ] [ CACHE ] INIT File
[ info ] [ RUN ] app\wed\controller\Home->index[ D:\Web\www.akali.com\application\wed\controller\Home.php ]
[ info ] [ LOG ] INIT File

---------------------------------------------------------------
[ 2021-11-01T18:31:18+08:00 ] 127.0.0.1 127.0.0.1 POST /cart/ajaxgetcount.html
[ log ] www.akali.com/cart/ajaxgetcount.html [运行时间：0.085414s][吞吐率：11.71req/s] [内存消耗：459.25kb] [文件加载：62]
[ info ] [ LANG ] D:\Web\www.akali.com\thinkphp\lang\zh-cn.php
[ info ] [ BIND ] 'wed'
[ info ] [ ROUTE ] array (
  'type' => 'module',
  'module' => 
  array (
    0 => 'wed',
    1 => 'cart',
    2 => 'ajaxgetcount',
  ),
)
[ info ] [ HEADER ] array (
  'host' => 'www.akali.com',
  'content-length' => '0',
  'accept' => 'application/json, text/javascript, */*; q=0.01',
  'user-agent' => 'Mozilla/5.0 (Windows NT 10.0; Win64; x64) AppleWebKit/537.36 (KHTML, like Gecko) Chrome/95.0.4638.54 Safari/537.36',
  'x-requested-with' => 'XMLHttpRequest',
  'origin' => 'http://www.akali.com',
  'referer' => 'http://www.akali.com/',
  'accept-encoding' => 'gzip, deflate',
  'accept-language' => 'zh-CN,zh;q=0.9',
  'cookie' => 'thinkphp_show_page_trace=0|0',
  'connection' => 'close',
)
[ info ] [ PARAM ] array (
)
[ info ] [ DB ] INIT mysql
[ info ] [ CACHE ] INIT File
[ info ] [ RUN ] app\wed\controller\Cart->ajaxGetCount[ D:\Web\www.akali.com\application\wed\controller\Cart.php ]
[ info ] [ LOG ] INIT File

---------------------------------------------------------------
[ 2021-11-01T18:31:19+08:00 ] 127.0.0.1 127.0.0.1 POST /cart/ajaxgetcount.html
[ log ] www.akali.com/cart/ajaxgetcount.html [运行时间：0.008034s][吞吐率：124.47req/s] [内存消耗：457.91kb] [文件加载：62]
[ info ] [ LANG ] D:\Web\www.akali.com\thinkphp\lang\zh-cn.php
[ info ] [ BIND ] 'wed'
[ info ] [ ROUTE ] array (
  'type' => 'module',
  'module' => 
  array (
    0 => 'wed',
    1 => 'cart',
    2 => 'ajaxgetcount',
  ),
)
[ info ] [ HEADER ] array (
  'host' => 'www.akali.com',
  'content-length' => '0',
  'accept' => 'application/json, text/javascript, */*; q=0.01',
  'user-agent' => 'Mozilla/5.0 (Windows NT 10.0; Win64; x64) AppleWebKit/537.36 (KHTML, like Gecko) Chrome/95.0.4638.54 Safari/537.36',
  'x-requested-with' => 'XMLHttpRequest',
  'origin' => 'http://www.akali.com',
  'referer' => 'http://www.akali.com/',
  'accept-encoding' => 'gzip, deflate',
  'accept-language' => 'zh-CN,zh;q=0.9',
  'cookie' => 'thinkphp_show_page_trace=0|0',
  'connection' => 'close',
)
[ info ] [ PARAM ] array (
)
[ info ] [ DB ] INIT mysql
[ info ] [ CACHE ] INIT File
[ info ] [ RUN ] app\wed\controller\Cart->ajaxGetCount[ D:\Web\www.akali.com\application\wed\controller\Cart.php ]
[ info ] [ LOG ] INIT File

---------------------------------------------------------------
[ 2021-11-01T18:31:22+08:00 ] 127.0.0.1 127.0.0.1 GET /goods/index.html
[ log ] www.akali.com/goods/index.html [运行时间：0.276544s][吞吐率：3.62req/s] [内存消耗：740.95kb] [文件加载：67]
[ info ] [ LANG ] D:\Web\www.akali.com\thinkphp\lang\zh-cn.php
[ info ] [ BIND ] 'wed'
[ info ] [ ROUTE ] array (
  'type' => 'module',
  'module' => 
  array (
    0 => 'wed',
    1 => 'goods',
    2 => 'index',
  ),
)
[ info ] [ HEADER ] array (
  'host' => 'www.akali.com',
  'upgrade-insecure-requests' => '1',
  'user-agent' => 'Mozilla/5.0 (Windows NT 10.0; Win64; x64) AppleWebKit/537.36 (KHTML, like Gecko) Chrome/95.0.4638.54 Safari/537.36',
  'accept' => 'text/html,application/xhtml+xml,application/xml;q=0.9,image/avif,image/webp,image/apng,*/*;q=0.8,application/signed-exchange;v=b3;q=0.9',
  'referer' => 'http://www.akali.com/',
  'accept-encoding' => 'gzip, deflate',
  'accept-language' => 'zh-CN,zh;q=0.9',
  'cookie' => 'thinkphp_show_page_trace=0|0; cart=think%3A%5B%5D',
  'connection' => 'close',
)
[ info ] [ PARAM ] array (
)
[ info ] [ DB ] INIT mysql
[ info ] [ CACHE ] INIT File
[ info ] [ RUN ] app\wed\controller\Goods->index[ D:\Web\www.akali.com\application\wed\controller\Goods.php ]
[ info ] [ VIEW ] D:\Web\www.akali.com\public/../application/wed\view\goods\index.html [ array (
  0 => 'companyData',
  1 => 'headerNavHtml',
  2 => 'data',
  3 => 'categoryNav',
) ]
[ info ] [ LOG ] INIT File
[ sql ] [ DB ] CONNECT:[ UseTime:0.000974s ] mysql:dbname=www_akali_com;host=127.0.0.1;charset=utf8
[ sql ] [ SQL ] SHOW COLUMNS FROM `category` [ RunTime:0.004705s ]
[ sql ] [ SQL ] SELECT * FROM `category` [ RunTime:0.000841s ]
[ sql ] [ SQL ] SHOW COLUMNS FROM `goods` [ RunTime:0.002506s ]
[ sql ] [ SQL ] SELECT * FROM `goods` [ RunTime:0.000613s ]
[ sql ] [ SQL ] SELECT * FROM `category` WHERE  `pid` = 0 [ RunTime:0.000651s ]

---------------------------------------------------------------
[ 2021-11-01T18:31:22+08:00 ] 127.0.0.1 127.0.0.1 POST /cart/ajaxgetcount.html
[ log ] www.akali.com/cart/ajaxgetcount.html [运行时间：0.031999s][吞吐率：31.25req/s] [内存消耗：458.12kb] [文件加载：62]
[ info ] [ LANG ] D:\Web\www.akali.com\thinkphp\lang\zh-cn.php
[ info ] [ BIND ] 'wed'
[ info ] [ ROUTE ] array (
  'type' => 'module',
  'module' => 
  array (
    0 => 'wed',
    1 => 'cart',
    2 => 'ajaxgetcount',
  ),
)
[ info ] [ HEADER ] array (
  'host' => 'www.akali.com',
  'content-length' => '0',
  'accept' => 'application/json, text/javascript, */*; q=0.01',
  'user-agent' => 'Mozilla/5.0 (Windows NT 10.0; Win64; x64) AppleWebKit/537.36 (KHTML, like Gecko) Chrome/95.0.4638.54 Safari/537.36',
  'x-requested-with' => 'XMLHttpRequest',
  'origin' => 'http://www.akali.com',
  'referer' => 'http://www.akali.com/goods/index.html',
  'accept-encoding' => 'gzip, deflate',
  'accept-language' => 'zh-CN,zh;q=0.9',
  'cookie' => 'thinkphp_show_page_trace=0|0; cart=think%3A%5B%5D; seen=think%3A%5B%5D; like=think%3A%5B%5D',
  'connection' => 'close',
)
[ info ] [ PARAM ] array (
)
[ info ] [ DB ] INIT mysql
[ info ] [ CACHE ] INIT File
[ info ] [ RUN ] app\wed\controller\Cart->ajaxGetCount[ D:\Web\www.akali.com\application\wed\controller\Cart.php ]
[ info ] [ LOG ] INIT File

---------------------------------------------------------------
[ 2021-11-01T18:31:33+08:00 ] 127.0.0.1 127.0.0.1 GET /goods/16.html
[ log ] www.akali.com/goods/16.html [运行时间：0.454131s][吞吐率：2.20req/s] [内存消耗：824.34kb] [文件加载：77]
[ info ] [ LANG ] D:\Web\www.akali.com\thinkphp\lang\zh-cn.php
[ info ] [ BIND ] 'wed'
[ info ] [ ROUTE ] array (
  'type' => 'module',
  'module' => 
  array (
    0 => 'wed',
    1 => 'goods',
    2 => 'product_center',
  ),
  'convert' => false,
)
[ info ] [ HEADER ] array (
  'host' => 'www.akali.com',
  'upgrade-insecure-requests' => '1',
  'user-agent' => 'Mozilla/5.0 (Windows NT 10.0; Win64; x64) AppleWebKit/537.36 (KHTML, like Gecko) Chrome/95.0.4638.54 Safari/537.36',
  'accept' => 'text/html,application/xhtml+xml,application/xml;q=0.9,image/avif,image/webp,image/apng,*/*;q=0.8,application/signed-exchange;v=b3;q=0.9',
  'referer' => 'http://www.akali.com/goods/index.html',
  'accept-encoding' => 'gzip, deflate',
  'accept-language' => 'zh-CN,zh;q=0.9',
  'cookie' => 'thinkphp_show_page_trace=0|0; thinkphp_show_page_trace=0|0; cart=think%3A%5B%5D; seen=think%3A%5B%5D; like=think%3A%5B%5D',
  'connection' => 'close',
)
[ info ] [ PARAM ] array (
  'id' => '16',
)
[ info ] [ DB ] INIT mysql
[ info ] [ CACHE ] INIT File
[ info ] [ RUN ] app\wed\controller\Goods->product_center[ D:\Web\www.akali.com\application\wed\controller\Goods.php ]
[ info ] [ VIEW ] D:\Web\www.akali.com\public/../application/wed\view\goods\product_center.html [ array (
  0 => 'companyData',
  1 => 'goods',
  2 => 'categoryNav',
  3 => 'cateParent',
  4 => 'spec',
) ]
[ info ] [ LOG ] INIT File
[ sql ] [ DB ] CONNECT:[ UseTime:0.000768s ] mysql:dbname=www_akali_com;host=127.0.0.1;charset=utf8
[ sql ] [ SQL ] SHOW COLUMNS FROM `goods` [ RunTime:0.003295s ]
[ sql ] [ SQL ] SELECT * FROM `goods` WHERE  `id` = 16 LIMIT 1 [ RunTime:0.000315s ]
[ sql ] [ SQL ] SHOW COLUMNS FROM `category` [ RunTime:0.002316s ]
[ sql ] [ SQL ] SELECT * FROM `category` WHERE  `pid` = 0 [ RunTime:0.000266s ]
[ sql ] [ SQL ] SELECT * FROM `category` WHERE  `id` = 8 LIMIT 1 [ RunTime:0.000200s ]
[ sql ] [ SQL ] SELECT * FROM `category` [ RunTime:0.000147s ]
[ sql ] [ SQL ] SHOW COLUMNS FROM `goods_spec` [ RunTime:0.002663s ]
[ sql ] [ SQL ] SELECT * FROM `goods_spec` WHERE  `goods_id` = 16 [ RunTime:0.000725s ]
[ sql ] [ SQL ] SHOW COLUMNS FROM `spec_item` [ RunTime:0.002576s ]
[ sql ] [ SQL ] SELECT * FROM `spec_item` WHERE  `item_id` IN (19,20) [ RunTime:0.000366s ]
[ sql ] [ SQL ] SHOW COLUMNS FROM `goods_desc` [ RunTime:0.002516s ]
[ sql ] [ SQL ] SELECT * FROM `goods_desc` WHERE  `goods_id` = 16 LIMIT 1 [ RunTime:0.008026s ]
[ sql ] [ SQL ] SHOW COLUMNS FROM `goods_img` [ RunTime:0.002648s ]
[ sql ] [ SQL ] SELECT * FROM `goods_img` WHERE  `goods_id` = 16 [ RunTime:0.000411s ]

---------------------------------------------------------------
[ 2021-11-01T18:31:33+08:00 ] 127.0.0.1 127.0.0.1 POST /cart/ajaxgetcount.html
[ log ] www.akali.com/cart/ajaxgetcount.html [运行时间：0.007351s][吞吐率：136.04req/s] [内存消耗：458.15kb] [文件加载：62]
[ info ] [ LANG ] D:\Web\www.akali.com\thinkphp\lang\zh-cn.php
[ info ] [ BIND ] 'wed'
[ info ] [ ROUTE ] array (
  'type' => 'module',
  'module' => 
  array (
    0 => 'wed',
    1 => 'cart',
    2 => 'ajaxgetcount',
  ),
)
[ info ] [ HEADER ] array (
  'host' => 'www.akali.com',
  'content-length' => '0',
  'accept' => 'application/json, text/javascript, */*; q=0.01',
  'user-agent' => 'Mozilla/5.0 (Windows NT 10.0; Win64; x64) AppleWebKit/537.36 (KHTML, like Gecko) Chrome/95.0.4638.54 Safari/537.36',
  'x-requested-with' => 'XMLHttpRequest',
  'origin' => 'http://www.akali.com',
  'referer' => 'http://www.akali.com/goods/16.html',
  'accept-encoding' => 'gzip, deflate',
  'accept-language' => 'zh-CN,zh;q=0.9',
  'cookie' => 'thinkphp_show_page_trace=0|0; cart=think%3A%5B%5D; seen=think%3A%7B%2216%22%3A%2216%22%7D; like=think%3A%7B%2216%22%3A%221%22%7D',
  'connection' => 'close',
)
[ info ] [ PARAM ] array (
)
[ info ] [ DB ] INIT mysql
[ info ] [ CACHE ] INIT File
[ info ] [ RUN ] app\wed\controller\Cart->ajaxGetCount[ D:\Web\www.akali.com\application\wed\controller\Cart.php ]
[ info ] [ LOG ] INIT File

---------------------------------------------------------------
[ 2021-11-01T18:31:33+08:00 ] 127.0.0.1 127.0.0.1 POST /goods/ajaxgetspecprice.html
[ log ] www.akali.com/goods/ajaxgetspecprice.html [运行时间：0.013069s][吞吐率：76.52req/s] [内存消耗：479.86kb] [文件加载：63]
[ info ] [ LANG ] D:\Web\www.akali.com\thinkphp\lang\zh-cn.php
[ info ] [ BIND ] 'wed'
[ info ] [ ROUTE ] array (
  'type' => 'module',
  'module' => 
  array (
    0 => 'wed',
    1 => 'goods',
    2 => 'ajaxgetspecprice',
  ),
)
[ info ] [ HEADER ] array (
  'host' => 'www.akali.com',
  'content-length' => '20',
  'accept' => 'application/json, text/javascript, */*; q=0.01',
  'x-requested-with' => 'XMLHttpRequest',
  'user-agent' => 'Mozilla/5.0 (Windows NT 10.0; Win64; x64) AppleWebKit/537.36 (KHTML, like Gecko) Chrome/95.0.4638.54 Safari/537.36',
  'content-type' => 'application/x-www-form-urlencoded; charset=UTF-8',
  'origin' => 'http://www.akali.com',
  'referer' => 'http://www.akali.com/goods/16.html',
  'accept-encoding' => 'gzip, deflate',
  'accept-language' => 'zh-CN,zh;q=0.9',
  'cookie' => 'thinkphp_show_page_trace=0|0; thinkphp_show_page_trace=0|0; cart=think%3A%5B%5D; seen=think%3A%7B%2216%22%3A%2216%22%7D; like=think%3A%7B%2216%22%3A%221%22%7D',
  'connection' => 'close',
)
[ info ] [ PARAM ] array (
  'item_id' => '',
  'goods_id' => '16',
)
[ info ] [ DB ] INIT mysql
[ info ] [ CACHE ] INIT File
[ info ] [ RUN ] app\wed\controller\Goods->ajaxGetSpecPrice[ D:\Web\www.akali.com\application\wed\controller\Goods.php ]
[ info ] [ LOG ] INIT File

---------------------------------------------------------------
[ 2021-11-01T18:31:41+08:00 ] 127.0.0.1 127.0.0.1 GET /
[ log ] admin.akali.com/ [运行时间：0.108430s][吞吐率：9.22req/s] [内存消耗：465.01kb] [文件加载：61]
[ info ] [ LANG ] D:\Web\www.akali.com\thinkphp\lang\zh-cn.php
[ info ] [ BIND ] 'admin'
[ info ] [ ROUTE ] array (
  'type' => 'module',
  'module' => 
  array (
    0 => 'admin',
    1 => NULL,
    2 => NULL,
  ),
)
[ info ] [ HEADER ] array (
  'host' => 'admin.akali.com',
  'upgrade-insecure-requests' => '1',
  'user-agent' => 'Mozilla/5.0 (Windows NT 10.0; Win64; x64) AppleWebKit/537.36 (KHTML, like Gecko) Chrome/95.0.4638.54 Safari/537.36',
  'accept' => 'text/html,application/xhtml+xml,application/xml;q=0.9,image/avif,image/webp,image/apng,*/*;q=0.8,application/signed-exchange;v=b3;q=0.9',
  'accept-encoding' => 'gzip, deflate',
  'accept-language' => 'zh-CN,zh;q=0.9',
  'connection' => 'close',
)
[ info ] [ PARAM ] array (
)
[ info ] [ RUN ] app\admin\controller\Home->index[ D:\Web\www.akali.com\application\admin\controller\Home.php ]
[ info ] [ SESSION ] INIT array (
  'id' => '',
  'var_session_id' => '',
  'prefix' => 'think',
  'type' => '',
  'auto_start' => true,
  'httponly' => true,
  'secure' => true,
)
[ info ] [ DB ] INIT mysql
[ info ] [ LOG ] INIT File
[ sql ] [ DB ] CONNECT:[ UseTime:0.000939s ] mysql:dbname=www_akali_com;host=127.0.0.1;charset=utf8
[ sql ] [ SQL ] SHOW COLUMNS FROM `node` [ RunTime:0.002895s ]
[ error ] [10501]SQLSTATE[42S22]: Column not found: 1054 Unknown column 'show' in 'where clause'[D:\Web\www.akali.com\thinkphp\library\think\db\Connection.php:383]

---------------------------------------------------------------
[ 2021-11-01T18:32:03+08:00 ] 127.0.0.1 127.0.0.1 GET /
[ log ] www.akali.com/ [运行时间：0.010680s][吞吐率：93.63req/s] [内存消耗：468.85kb] [文件加载：61]
[ info ] [ LANG ] D:\Web\www.akali.com\thinkphp\lang\zh-cn.php
[ info ] [ BIND ] 'wed'
[ info ] [ ROUTE ] array (
  'type' => 'module',
  'module' => 
  array (
    0 => 'wed',
    1 => NULL,
    2 => NULL,
  ),
)
[ info ] [ HEADER ] array (
  'host' => 'www.akali.com',
  'upgrade-insecure-requests' => '1',
  'user-agent' => 'Mozilla/5.0 (Windows NT 10.0; Win64; x64) AppleWebKit/537.36 (KHTML, like Gecko) Chrome/95.0.4638.54 Safari/537.36',
  'accept' => 'text/html,application/xhtml+xml,application/xml;q=0.9,image/avif,image/webp,image/apng,*/*;q=0.8,application/signed-exchange;v=b3;q=0.9',
  'accept-encoding' => 'gzip, deflate',
  'accept-language' => 'zh-CN,zh;q=0.9',
  'cookie' => 'thinkphp_show_page_trace=0|0; cart=think%3A%5B%5D; seen=think%3A%7B%2216%22%3A%2216%22%7D; like=think%3A%7B%2216%22%3A%221%22%7D',
  'connection' => 'close',
)
[ info ] [ PARAM ] array (
)
[ info ] [ DB ] INIT mysql
[ info ] [ CACHE ] INIT File
[ info ] [ RUN ] app\wed\controller\Home->index[ D:\Web\www.akali.com\application\wed\controller\Home.php ]
[ info ] [ LOG ] INIT File

---------------------------------------------------------------
[ 2021-11-01T18:32:03+08:00 ] 127.0.0.1 127.0.0.1 POST /cart/ajaxgetcount.html
[ log ] www.akali.com/cart/ajaxgetcount.html [运行时间：0.014332s][吞吐率：69.77req/s] [内存消耗：458.13kb] [文件加载：62]
[ info ] [ LANG ] D:\Web\www.akali.com\thinkphp\lang\zh-cn.php
[ info ] [ BIND ] 'wed'
[ info ] [ ROUTE ] array (
  'type' => 'module',
  'module' => 
  array (
    0 => 'wed',
    1 => 'cart',
    2 => 'ajaxgetcount',
  ),
)
[ info ] [ HEADER ] array (
  'host' => 'www.akali.com',
  'content-length' => '0',
  'accept' => 'application/json, text/javascript, */*; q=0.01',
  'user-agent' => 'Mozilla/5.0 (Windows NT 10.0; Win64; x64) AppleWebKit/537.36 (KHTML, like Gecko) Chrome/95.0.4638.54 Safari/537.36',
  'x-requested-with' => 'XMLHttpRequest',
  'origin' => 'http://www.akali.com',
  'referer' => 'http://www.akali.com/',
  'accept-encoding' => 'gzip, deflate',
  'accept-language' => 'zh-CN,zh;q=0.9',
  'cookie' => 'thinkphp_show_page_trace=0|0; cart=think%3A%5B%5D; seen=think%3A%7B%2216%22%3A%2216%22%7D; like=think%3A%7B%2216%22%3A%221%22%7D',
  'connection' => 'close',
)
[ info ] [ PARAM ] array (
)
[ info ] [ DB ] INIT mysql
[ info ] [ CACHE ] INIT File
[ info ] [ RUN ] app\wed\controller\Cart->ajaxGetCount[ D:\Web\www.akali.com\application\wed\controller\Cart.php ]
[ info ] [ LOG ] INIT File

---------------------------------------------------------------
[ 2021-11-01T18:32:05+08:00 ] 127.0.0.1 127.0.0.1 GET /message/index.html
[ log ] www.akali.com/message/index.html [运行时间：0.168344s][吞吐率：5.94req/s] [内存消耗：568.52kb] [文件加载：61]
[ info ] [ LANG ] D:\Web\www.akali.com\thinkphp\lang\zh-cn.php
[ info ] [ BIND ] 'wed'
[ info ] [ ROUTE ] array (
  'type' => 'module',
  'module' => 
  array (
    0 => 'wed',
    1 => 'message',
    2 => 'index',
  ),
)
[ info ] [ HEADER ] array (
  'host' => 'www.akali.com',
  'upgrade-insecure-requests' => '1',
  'user-agent' => 'Mozilla/5.0 (Windows NT 10.0; Win64; x64) AppleWebKit/537.36 (KHTML, like Gecko) Chrome/95.0.4638.54 Safari/537.36',
  'accept' => 'text/html,application/xhtml+xml,application/xml;q=0.9,image/avif,image/webp,image/apng,*/*;q=0.8,application/signed-exchange;v=b3;q=0.9',
  'referer' => 'http://www.akali.com/',
  'accept-encoding' => 'gzip, deflate',
  'accept-language' => 'zh-CN,zh;q=0.9',
  'cookie' => 'thinkphp_show_page_trace=0|0; cart=think%3A%5B%5D; seen=think%3A%7B%2216%22%3A%2216%22%7D; like=think%3A%7B%2216%22%3A%221%22%7D',
  'connection' => 'close',
)
[ info ] [ PARAM ] array (
)
[ info ] [ DB ] INIT mysql
[ info ] [ CACHE ] INIT File
[ info ] [ RUN ] app\wed\controller\Message->index[ D:\Web\www.akali.com\application\wed\controller\Message.php ]
[ info ] [ DB ] INIT mysql
[ info ] [ VIEW ] D:\Web\www.akali.com\public/../application/wed\view\message\index.html [ array (
  0 => 'companyData',
  1 => 'company',
) ]
[ info ] [ LOG ] INIT File
[ sql ] [ DB ] CONNECT:[ UseTime:0.001237s ] mysql:dbname=www_akali_com;host=127.0.0.1;charset=utf8
[ sql ] [ SQL ] SHOW COLUMNS FROM `company` [ RunTime:0.003045s ]
[ sql ] [ SQL ] SELECT * FROM `company` ORDER BY `id`  desc LIMIT 1 [ RunTime:0.000286s ]

---------------------------------------------------------------
[ 2021-11-01T18:32:05+08:00 ] 127.0.0.1 127.0.0.1 POST /cart/ajaxgetcount.html
[ log ] www.akali.com/cart/ajaxgetcount.html [运行时间：0.026258s][吞吐率：38.08req/s] [内存消耗：458.07kb] [文件加载：62]
[ info ] [ LANG ] D:\Web\www.akali.com\thinkphp\lang\zh-cn.php
[ info ] [ BIND ] 'wed'
[ info ] [ ROUTE ] array (
  'type' => 'module',
  'module' => 
  array (
    0 => 'wed',
    1 => 'cart',
    2 => 'ajaxgetcount',
  ),
)
[ info ] [ HEADER ] array (
  'host' => 'www.akali.com',
  'content-length' => '0',
  'accept' => 'application/json, text/javascript, */*; q=0.01',
  'user-agent' => 'Mozilla/5.0 (Windows NT 10.0; Win64; x64) AppleWebKit/537.36 (KHTML, like Gecko) Chrome/95.0.4638.54 Safari/537.36',
  'x-requested-with' => 'XMLHttpRequest',
  'origin' => 'http://www.akali.com',
  'referer' => 'http://www.akali.com/message/index.html',
  'accept-encoding' => 'gzip, deflate',
  'accept-language' => 'zh-CN,zh;q=0.9',
  'cookie' => 'thinkphp_show_page_trace=0|0; cart=think%3A%5B%5D; seen=think%3A%7B%2216%22%3A%2216%22%7D; like=think%3A%7B%2216%22%3A%221%22%7D',
  'connection' => 'close',
)
[ info ] [ PARAM ] array (
)
[ info ] [ DB ] INIT mysql
[ info ] [ CACHE ] INIT File
[ info ] [ RUN ] app\wed\controller\Cart->ajaxGetCount[ D:\Web\www.akali.com\application\wed\controller\Cart.php ]
[ info ] [ LOG ] INIT File

---------------------------------------------------------------
[ 2021-11-01T18:32:07+08:00 ] 127.0.0.1 127.0.0.1 GET /goods/index.html
[ log ] www.akali.com/goods/index.html [运行时间：0.014922s][吞吐率：67.02req/s] [内存消耗：502.41kb] [文件加载：63]
[ info ] [ LANG ] D:\Web\www.akali.com\thinkphp\lang\zh-cn.php
[ info ] [ BIND ] 'wed'
[ info ] [ ROUTE ] array (
  'type' => 'module',
  'module' => 
  array (
    0 => 'wed',
    1 => 'goods',
    2 => 'index',
  ),
)
[ info ] [ HEADER ] array (
  'host' => 'www.akali.com',
  'upgrade-insecure-requests' => '1',
  'user-agent' => 'Mozilla/5.0 (Windows NT 10.0; Win64; x64) AppleWebKit/537.36 (KHTML, like Gecko) Chrome/95.0.4638.54 Safari/537.36',
  'accept' => 'text/html,application/xhtml+xml,application/xml;q=0.9,image/avif,image/webp,image/apng,*/*;q=0.8,application/signed-exchange;v=b3;q=0.9',
  'referer' => 'http://www.akali.com/message/index.html',
  'accept-encoding' => 'gzip, deflate',
  'accept-language' => 'zh-CN,zh;q=0.9',
  'cookie' => 'thinkphp_show_page_trace=0|0; thinkphp_show_page_trace=0|0; cart=think%3A%5B%5D; seen=think%3A%7B%2216%22%3A%2216%22%7D; like=think%3A%7B%2216%22%3A%221%22%7D',
  'connection' => 'close',
)
[ info ] [ PARAM ] array (
)
[ info ] [ DB ] INIT mysql
[ info ] [ CACHE ] INIT File
[ info ] [ RUN ] app\wed\controller\Goods->index[ D:\Web\www.akali.com\application\wed\controller\Goods.php ]
[ info ] [ LOG ] INIT File

---------------------------------------------------------------
[ 2021-11-01T18:32:07+08:00 ] 127.0.0.1 127.0.0.1 POST /cart/ajaxgetcount.html
[ log ] www.akali.com/cart/ajaxgetcount.html [运行时间：0.006818s][吞吐率：146.67req/s] [内存消耗：458.07kb] [文件加载：62]
[ info ] [ LANG ] D:\Web\www.akali.com\thinkphp\lang\zh-cn.php
[ info ] [ BIND ] 'wed'
[ info ] [ ROUTE ] array (
  'type' => 'module',
  'module' => 
  array (
    0 => 'wed',
    1 => 'cart',
    2 => 'ajaxgetcount',
  ),
)
[ info ] [ HEADER ] array (
  'host' => 'www.akali.com',
  'content-length' => '0',
  'accept' => 'application/json, text/javascript, */*; q=0.01',
  'user-agent' => 'Mozilla/5.0 (Windows NT 10.0; Win64; x64) AppleWebKit/537.36 (KHTML, like Gecko) Chrome/95.0.4638.54 Safari/537.36',
  'x-requested-with' => 'XMLHttpRequest',
  'origin' => 'http://www.akali.com',
  'referer' => 'http://www.akali.com/goods/index.html',
  'accept-encoding' => 'gzip, deflate',
  'accept-language' => 'zh-CN,zh;q=0.9',
  'cookie' => 'thinkphp_show_page_trace=0|0; cart=think%3A%5B%5D; seen=think%3A%7B%2216%22%3A%2216%22%7D; like=think%3A%7B%2216%22%3A%221%22%7D',
  'connection' => 'close',
)
[ info ] [ PARAM ] array (
)
[ info ] [ DB ] INIT mysql
[ info ] [ CACHE ] INIT File
[ info ] [ RUN ] app\wed\controller\Cart->ajaxGetCount[ D:\Web\www.akali.com\application\wed\controller\Cart.php ]
[ info ] [ LOG ] INIT File

---------------------------------------------------------------
[ 2021-11-01T18:32:07+08:00 ] 127.0.0.1 127.0.0.1 GET /goods/13.html
[ log ] www.akali.com/goods/13.html [运行时间：0.084058s][吞吐率：11.90req/s] [内存消耗：814.45kb] [文件加载：77]
[ info ] [ LANG ] D:\Web\www.akali.com\thinkphp\lang\zh-cn.php
[ info ] [ BIND ] 'wed'
[ info ] [ ROUTE ] array (
  'type' => 'module',
  'module' => 
  array (
    0 => 'wed',
    1 => 'goods',
    2 => 'product_center',
  ),
  'convert' => false,
)
[ info ] [ HEADER ] array (
  'host' => 'www.akali.com',
  'upgrade-insecure-requests' => '1',
  'user-agent' => 'Mozilla/5.0 (Windows NT 10.0; Win64; x64) AppleWebKit/537.36 (KHTML, like Gecko) Chrome/95.0.4638.54 Safari/537.36',
  'accept' => 'text/html,application/xhtml+xml,application/xml;q=0.9,image/avif,image/webp,image/apng,*/*;q=0.8,application/signed-exchange;v=b3;q=0.9',
  'referer' => 'http://www.akali.com/goods/index.html',
  'accept-encoding' => 'gzip, deflate',
  'accept-language' => 'zh-CN,zh;q=0.9',
  'cookie' => 'thinkphp_show_page_trace=0|0; thinkphp_show_page_trace=0|0; cart=think%3A%5B%5D; seen=think%3A%7B%2216%22%3A%2216%22%7D; like=think%3A%7B%2216%22%3A%221%22%7D',
  'connection' => 'close',
)
[ info ] [ PARAM ] array (
  'id' => '13',
)
[ info ] [ DB ] INIT mysql
[ info ] [ CACHE ] INIT File
[ info ] [ RUN ] app\wed\controller\Goods->product_center[ D:\Web\www.akali.com\application\wed\controller\Goods.php ]
[ info ] [ VIEW ] D:\Web\www.akali.com\public/../application/wed\view\goods\product_center.html [ array (
  0 => 'companyData',
  1 => 'goods',
  2 => 'categoryNav',
  3 => 'cateParent',
  4 => 'spec',
) ]
[ info ] [ LOG ] INIT File
[ sql ] [ DB ] CONNECT:[ UseTime:0.000574s ] mysql:dbname=www_akali_com;host=127.0.0.1;charset=utf8
[ sql ] [ SQL ] SHOW COLUMNS FROM `goods` [ RunTime:0.002665s ]
[ sql ] [ SQL ] SELECT * FROM `goods` WHERE  `id` = 13 LIMIT 1 [ RunTime:0.000241s ]
[ sql ] [ SQL ] SHOW COLUMNS FROM `category` [ RunTime:0.002302s ]
[ sql ] [ SQL ] SELECT * FROM `category` WHERE  `pid` = 0 [ RunTime:0.000195s ]
[ sql ] [ SQL ] SELECT * FROM `category` WHERE  `id` = 3 LIMIT 1 [ RunTime:0.000179s ]
[ sql ] [ SQL ] SELECT * FROM `category` [ RunTime:0.000142s ]
[ sql ] [ SQL ] SHOW COLUMNS FROM `goods_spec` [ RunTime:0.004472s ]
[ sql ] [ SQL ] SELECT * FROM `goods_spec` WHERE  `goods_id` = 13 [ RunTime:0.000317s ]
[ sql ] [ SQL ] SHOW COLUMNS FROM `spec_item` [ RunTime:0.002253s ]
[ sql ] [ SQL ] SELECT * FROM `spec_item` WHERE  `item_id` IN (2,3,12,14,15,4) [ RunTime:0.000226s ]
[ sql ] [ SQL ] SHOW COLUMNS FROM `spec` [ RunTime:0.002496s ]
[ sql ] [ SQL ] SELECT * FROM `spec` WHERE  `spec_id` = 7 LIMIT 1 [ RunTime:0.000458s ]
[ sql ] [ SQL ] SELECT * FROM `spec` WHERE  `spec_id` = 7 LIMIT 1 [ RunTime:0.000096s ]
[ sql ] [ SQL ] SHOW COLUMNS FROM `goods_desc` [ RunTime:0.003332s ]
[ sql ] [ SQL ] SELECT * FROM `goods_desc` WHERE  `goods_id` = 13 LIMIT 1 [ RunTime:0.000231s ]
[ sql ] [ SQL ] SHOW COLUMNS FROM `goods_img` [ RunTime:0.002234s ]
[ sql ] [ SQL ] SELECT * FROM `goods_img` WHERE  `goods_id` = 13 [ RunTime:0.000202s ]

---------------------------------------------------------------
[ 2021-11-01T18:32:08+08:00 ] 127.0.0.1 127.0.0.1 POST /cart/ajaxgetcount.html
[ log ] www.akali.com/cart/ajaxgetcount.html [运行时间：0.005806s][吞吐率：172.24req/s] [内存消耗：458.13kb] [文件加载：62]
[ info ] [ LANG ] D:\Web\www.akali.com\thinkphp\lang\zh-cn.php
[ info ] [ BIND ] 'wed'
[ info ] [ ROUTE ] array (
  'type' => 'module',
  'module' => 
  array (
    0 => 'wed',
    1 => 'cart',
    2 => 'ajaxgetcount',
  ),
)
[ info ] [ HEADER ] array (
  'host' => 'www.akali.com',
  'content-length' => '0',
  'accept' => 'application/json, text/javascript, */*; q=0.01',
  'user-agent' => 'Mozilla/5.0 (Windows NT 10.0; Win64; x64) AppleWebKit/537.36 (KHTML, like Gecko) Chrome/95.0.4638.54 Safari/537.36',
  'x-requested-with' => 'XMLHttpRequest',
  'origin' => 'http://www.akali.com',
  'referer' => 'http://www.akali.com/goods/13.html',
  'accept-encoding' => 'gzip, deflate',
  'accept-language' => 'zh-CN,zh;q=0.9',
  'cookie' => 'thinkphp_show_page_trace=0|0; cart=think%3A%5B%5D; seen=think%3A%7B%2216%22%3A%2216%22%2C%2213%22%3A%2213%22%7D; like=think%3A%7B%2216%22%3A%221%22%2C%2213%22%3A%221%22%7D',
  'connection' => 'close',
)
[ info ] [ PARAM ] array (
)
[ info ] [ DB ] INIT mysql
[ info ] [ CACHE ] INIT File
[ info ] [ RUN ] app\wed\controller\Cart->ajaxGetCount[ D:\Web\www.akali.com\application\wed\controller\Cart.php ]
[ info ] [ LOG ] INIT File

---------------------------------------------------------------
[ 2021-11-01T18:32:08+08:00 ] 127.0.0.1 127.0.0.1 POST /goods/ajaxgetspecprice.html
[ log ] www.akali.com/goods/ajaxgetspecprice.html [运行时间：0.018887s][吞吐率：52.95req/s] [内存消耗：586.95kb] [文件加载：64]
[ info ] [ LANG ] D:\Web\www.akali.com\thinkphp\lang\zh-cn.php
[ info ] [ BIND ] 'wed'
[ info ] [ ROUTE ] array (
  'type' => 'module',
  'module' => 
  array (
    0 => 'wed',
    1 => 'goods',
    2 => 'ajaxgetspecprice',
  ),
)
[ info ] [ HEADER ] array (
  'host' => 'www.akali.com',
  'content-length' => '21',
  'accept' => 'application/json, text/javascript, */*; q=0.01',
  'x-requested-with' => 'XMLHttpRequest',
  'user-agent' => 'Mozilla/5.0 (Windows NT 10.0; Win64; x64) AppleWebKit/537.36 (KHTML, like Gecko) Chrome/95.0.4638.54 Safari/537.36',
  'content-type' => 'application/x-www-form-urlencoded; charset=UTF-8',
  'origin' => 'http://www.akali.com',
  'referer' => 'http://www.akali.com/goods/13.html',
  'accept-encoding' => 'gzip, deflate',
  'accept-language' => 'zh-CN,zh;q=0.9',
  'cookie' => 'thinkphp_show_page_trace=0|0; thinkphp_show_page_trace=0|0; cart=think%3A%5B%5D; seen=think%3A%7B%2216%22%3A%2216%22%2C%2213%22%3A%2213%22%7D; like=think%3A%7B%2216%22%3A%221%22%2C%2213%22%3A%221%22%7D',
  'connection' => 'close',
)
[ info ] [ PARAM ] array (
  'item_id' => '3',
  'goods_id' => '13',
)
[ info ] [ DB ] INIT mysql
[ info ] [ CACHE ] INIT File
[ info ] [ RUN ] app\wed\controller\Goods->ajaxGetSpecPrice[ D:\Web\www.akali.com\application\wed\controller\Goods.php ]
[ info ] [ LOG ] INIT File
[ sql ] [ DB ] CONNECT:[ UseTime:0.001552s ] mysql:dbname=www_akali_com;host=127.0.0.1;charset=utf8
[ sql ] [ SQL ] SHOW COLUMNS FROM `goods_spec` [ RunTime:0.003138s ]
[ sql ] [ SQL ] SELECT `spec_price` FROM `goods_spec` WHERE  `key` = '3'  AND `goods_id` = 13 LIMIT 1 [ RunTime:0.000308s ]

---------------------------------------------------------------
[ 2021-11-01T18:32:55+08:00 ] 127.0.0.1 127.0.0.1 GET /
[ log ] admin.akali.com/ [运行时间：0.016454s][吞吐率：60.78req/s] [内存消耗：463.22kb] [文件加载：61]
[ info ] [ LANG ] D:\Web\www.akali.com\thinkphp\lang\zh-cn.php
[ info ] [ BIND ] 'admin'
[ info ] [ ROUTE ] array (
  'type' => 'module',
  'module' => 
  array (
    0 => 'admin',
    1 => NULL,
    2 => NULL,
  ),
)
[ info ] [ HEADER ] array (
  'host' => 'admin.akali.com',
  'upgrade-insecure-requests' => '1',
  'user-agent' => 'Mozilla/5.0 (Windows NT 10.0; Win64; x64) AppleWebKit/537.36 (KHTML, like Gecko) Chrome/95.0.4638.54 Safari/537.36',
  'accept' => 'text/html,application/xhtml+xml,application/xml;q=0.9,image/avif,image/webp,image/apng,*/*;q=0.8,application/signed-exchange;v=b3;q=0.9',
  'accept-encoding' => 'gzip, deflate',
  'accept-language' => 'zh-CN,zh;q=0.9',
  'cookie' => 'thinkphp_show_page_trace=0|0',
  'connection' => 'close',
)
[ info ] [ PARAM ] array (
)
[ info ] [ RUN ] app\admin\controller\Home->index[ D:\Web\www.akali.com\application\admin\controller\Home.php ]
[ info ] [ SESSION ] INIT array (
  'id' => '',
  'var_session_id' => '',
  'prefix' => 'think',
  'type' => '',
  'auto_start' => true,
  'httponly' => true,
  'secure' => true,
)
[ info ] [ DB ] INIT mysql
[ info ] [ LOG ] INIT File
[ sql ] [ DB ] CONNECT:[ UseTime:0.000569s ] mysql:dbname=www_akali_com;host=127.0.0.1;charset=utf8
[ sql ] [ SQL ] SHOW COLUMNS FROM `node` [ RunTime:0.003939s ]
[ error ] [10501]SQLSTATE[42S22]: Column not found: 1054 Unknown column 'show' in 'where clause'[D:\Web\www.akali.com\thinkphp\library\think\db\Connection.php:383]

---------------------------------------------------------------
[ 2021-11-01T18:32:58+08:00 ] 127.0.0.1 127.0.0.1 GET /
[ log ] www.akali.com/ [运行时间：0.019723s][吞吐率：50.70req/s] [内存消耗：467.35kb] [文件加载：61]
[ info ] [ LANG ] D:\Web\www.akali.com\thinkphp\lang\zh-cn.php
[ info ] [ ROUTE ] array (
  'type' => 'module',
  'module' => 
  array (
    0 => '',
    1 => NULL,
    2 => NULL,
  ),
)
[ info ] [ HEADER ] array (
  'host' => 'www.akali.com',
  'upgrade-insecure-requests' => '1',
  'user-agent' => 'Mozilla/5.0 (Windows NT 10.0; Win64; x64) AppleWebKit/537.36 (KHTML, like Gecko) Chrome/95.0.4638.54 Safari/537.36',
  'accept' => 'text/html,application/xhtml+xml,application/xml;q=0.9,image/avif,image/webp,image/apng,*/*;q=0.8,application/signed-exchange;v=b3;q=0.9',
  'accept-encoding' => 'gzip, deflate',
  'accept-language' => 'zh-CN,zh;q=0.9',
  'cookie' => 'thinkphp_show_page_trace=0|0; cart=think%3A%5B%5D; seen=think%3A%7B%2216%22%3A%2216%22%2C%2213%22%3A%2213%22%7D; like=think%3A%7B%2216%22%3A%221%22%2C%2213%22%3A%221%22%7D',
  'connection' => 'close',
)
[ info ] [ PARAM ] array (
)
[ info ] [ DB ] INIT mysql
[ info ] [ CACHE ] INIT File
[ info ] [ RUN ] app\wed\controller\Home->index[ D:\Web\www.akali.com\application\wed\controller\Home.php ]
[ info ] [ LOG ] INIT File

---------------------------------------------------------------
[ 2021-11-01T18:32:58+08:00 ] 127.0.0.1 127.0.0.1 POST /wed/cart/ajaxgetcount.html
[ log ] www.akali.com/wed/cart/ajaxgetcount.html [运行时间：0.010991s][吞吐率：90.98req/s] [内存消耗：456.70kb] [文件加载：62]
[ info ] [ LANG ] D:\Web\www.akali.com\thinkphp\lang\zh-cn.php
[ info ] [ ROUTE ] array (
  'type' => 'module',
  'module' => 
  array (
    0 => 'wed',
    1 => 'cart',
    2 => 'ajaxgetcount',
  ),
)
[ info ] [ HEADER ] array (
  'host' => 'www.akali.com',
  'content-length' => '0',
  'accept' => 'application/json, text/javascript, */*; q=0.01',
  'user-agent' => 'Mozilla/5.0 (Windows NT 10.0; Win64; x64) AppleWebKit/537.36 (KHTML, like Gecko) Chrome/95.0.4638.54 Safari/537.36',
  'x-requested-with' => 'XMLHttpRequest',
  'origin' => 'http://www.akali.com',
  'referer' => 'http://www.akali.com/',
  'accept-encoding' => 'gzip, deflate',
  'accept-language' => 'zh-CN,zh;q=0.9',
  'cookie' => 'thinkphp_show_page_trace=0|0; cart=think%3A%5B%5D; seen=think%3A%7B%2216%22%3A%2216%22%2C%2213%22%3A%2213%22%7D; like=think%3A%7B%2216%22%3A%221%22%2C%2213%22%3A%221%22%7D',
  'connection' => 'close',
)
[ info ] [ PARAM ] array (
)
[ info ] [ DB ] INIT mysql
[ info ] [ CACHE ] INIT File
[ info ] [ RUN ] app\wed\controller\Cart->ajaxGetCount[ D:\Web\www.akali.com\application\wed\controller\Cart.php ]
[ info ] [ LOG ] INIT File

---------------------------------------------------------------
[ 2021-11-01T18:33:00+08:00 ] 127.0.0.1 127.0.0.1 GET /wed/goods/index.html
[ log ] www.akali.com/wed/goods/index.html [运行时间：0.024455s][吞吐率：40.89req/s] [内存消耗：501.07kb] [文件加载：63]
[ info ] [ LANG ] D:\Web\www.akali.com\thinkphp\lang\zh-cn.php
[ info ] [ ROUTE ] array (
  'type' => 'module',
  'module' => 
  array (
    0 => 'wed',
    1 => 'goods',
    2 => 'index',
  ),
)
[ info ] [ HEADER ] array (
  'host' => 'www.akali.com',
  'upgrade-insecure-requests' => '1',
  'user-agent' => 'Mozilla/5.0 (Windows NT 10.0; Win64; x64) AppleWebKit/537.36 (KHTML, like Gecko) Chrome/95.0.4638.54 Safari/537.36',
  'accept' => 'text/html,application/xhtml+xml,application/xml;q=0.9,image/avif,image/webp,image/apng,*/*;q=0.8,application/signed-exchange;v=b3;q=0.9',
  'referer' => 'http://www.akali.com/',
  'accept-encoding' => 'gzip, deflate',
  'accept-language' => 'zh-CN,zh;q=0.9',
  'cookie' => 'thinkphp_show_page_trace=0|0; cart=think%3A%5B%5D; seen=think%3A%7B%2216%22%3A%2216%22%2C%2213%22%3A%2213%22%7D; like=think%3A%7B%2216%22%3A%221%22%2C%2213%22%3A%221%22%7D',
  'connection' => 'close',
)
[ info ] [ PARAM ] array (
)
[ info ] [ DB ] INIT mysql
[ info ] [ CACHE ] INIT File
[ info ] [ RUN ] app\wed\controller\Goods->index[ D:\Web\www.akali.com\application\wed\controller\Goods.php ]
[ info ] [ LOG ] INIT File

---------------------------------------------------------------
[ 2021-11-01T18:33:00+08:00 ] 127.0.0.1 127.0.0.1 POST /wed/cart/ajaxgetcount.html
[ log ] www.akali.com/wed/cart/ajaxgetcount.html [运行时间：0.006614s][吞吐率：151.20req/s] [内存消耗：456.73kb] [文件加载：62]
[ info ] [ LANG ] D:\Web\www.akali.com\thinkphp\lang\zh-cn.php
[ info ] [ ROUTE ] array (
  'type' => 'module',
  'module' => 
  array (
    0 => 'wed',
    1 => 'cart',
    2 => 'ajaxgetcount',
  ),
)
[ info ] [ HEADER ] array (
  'host' => 'www.akali.com',
  'content-length' => '0',
  'accept' => 'application/json, text/javascript, */*; q=0.01',
  'user-agent' => 'Mozilla/5.0 (Windows NT 10.0; Win64; x64) AppleWebKit/537.36 (KHTML, like Gecko) Chrome/95.0.4638.54 Safari/537.36',
  'x-requested-with' => 'XMLHttpRequest',
  'origin' => 'http://www.akali.com',
  'referer' => 'http://www.akali.com/wed/goods/index.html',
  'accept-encoding' => 'gzip, deflate',
  'accept-language' => 'zh-CN,zh;q=0.9',
  'cookie' => 'thinkphp_show_page_trace=0|0; cart=think%3A%5B%5D; seen=think%3A%7B%2216%22%3A%2216%22%2C%2213%22%3A%2213%22%7D; like=think%3A%7B%2216%22%3A%221%22%2C%2213%22%3A%221%22%7D',
  'connection' => 'close',
)
[ info ] [ PARAM ] array (
)
[ info ] [ DB ] INIT mysql
[ info ] [ CACHE ] INIT File
[ info ] [ RUN ] app\wed\controller\Cart->ajaxGetCount[ D:\Web\www.akali.com\application\wed\controller\Cart.php ]
[ info ] [ LOG ] INIT File

---------------------------------------------------------------
[ 2021-11-01T18:33:01+08:00 ] 127.0.0.1 127.0.0.1 POST /wed/goods/ajaxgoodsimge.html
[ log ] www.akali.com/wed/goods/ajaxgoodsimge.html [运行时间：0.026435s][吞吐率：37.83req/s] [内存消耗：637.09kb] [文件加载：66]
[ info ] [ LANG ] D:\Web\www.akali.com\thinkphp\lang\zh-cn.php
[ info ] [ ROUTE ] array (
  'type' => 'module',
  'module' => 
  array (
    0 => 'wed',
    1 => 'goods',
    2 => 'ajaxgoodsimge',
  ),
)
[ info ] [ HEADER ] array (
  'host' => 'www.akali.com',
  'content-length' => '10',
  'accept' => 'text/html, */*; q=0.01',
  'x-requested-with' => 'XMLHttpRequest',
  'user-agent' => 'Mozilla/5.0 (Windows NT 10.0; Win64; x64) AppleWebKit/537.36 (KHTML, like Gecko) Chrome/95.0.4638.54 Safari/537.36',
  'content-type' => 'application/x-www-form-urlencoded; charset=UTF-8',
  'origin' => 'http://www.akali.com',
  'referer' => 'http://www.akali.com/wed/goods/index.html',
  'accept-encoding' => 'gzip, deflate',
  'accept-language' => 'zh-CN,zh;q=0.9',
  'cookie' => 'thinkphp_show_page_trace=0|0; thinkphp_show_page_trace=0|0; cart=think%3A%5B%5D; seen=think%3A%7B%2216%22%3A%2216%22%2C%2213%22%3A%2213%22%7D; like=think%3A%7B%2216%22%3A%221%22%2C%2213%22%3A%221%22%7D',
  'connection' => 'close',
)
[ info ] [ PARAM ] array (
  'cate_id' => '22',
)
[ info ] [ DB ] INIT mysql
[ info ] [ CACHE ] INIT File
[ info ] [ RUN ] app\wed\controller\Goods->ajaxGoodsImge[ D:\Web\www.akali.com\application\wed\controller\Goods.php ]
[ info ] [ LOG ] INIT File
[ sql ] [ DB ] CONNECT:[ UseTime:0.000774s ] mysql:dbname=www_akali_com;host=127.0.0.1;charset=utf8
[ sql ] [ SQL ] SHOW COLUMNS FROM `category` [ RunTime:0.002919s ]
[ sql ] [ SQL ] SELECT * FROM `category` [ RunTime:0.000273s ]
[ sql ] [ SQL ] SHOW COLUMNS FROM `goods` [ RunTime:0.002262s ]
[ sql ] [ SQL ] SELECT * FROM `goods` WHERE  `category_id` IN (28,30,31,22) [ RunTime:0.000383s ]

---------------------------------------------------------------
[ 2021-11-01T18:33:02+08:00 ] 127.0.0.1 127.0.0.1 GET /goods/20.html
[ log ] www.akali.com/goods/20.html [运行时间：0.044306s][吞吐率：22.57req/s] [内存消耗：789.55kb] [文件加载：75]
[ info ] [ LANG ] D:\Web\www.akali.com\thinkphp\lang\zh-cn.php
[ info ] [ ROUTE ] array (
  'type' => 'module',
  'module' => 
  array (
    0 => 'wed',
    1 => 'goods',
    2 => 'product_center',
  ),
  'convert' => false,
)
[ info ] [ HEADER ] array (
  'host' => 'www.akali.com',
  'upgrade-insecure-requests' => '1',
  'user-agent' => 'Mozilla/5.0 (Windows NT 10.0; Win64; x64) AppleWebKit/537.36 (KHTML, like Gecko) Chrome/95.0.4638.54 Safari/537.36',
  'accept' => 'text/html,application/xhtml+xml,application/xml;q=0.9,image/avif,image/webp,image/apng,*/*;q=0.8,application/signed-exchange;v=b3;q=0.9',
  'referer' => 'http://www.akali.com/wed/goods/index.html',
  'accept-encoding' => 'gzip, deflate',
  'accept-language' => 'zh-CN,zh;q=0.9',
  'cookie' => 'thinkphp_show_page_trace=0|0; thinkphp_show_page_trace=0|0; cart=think%3A%5B%5D; seen=think%3A%7B%2216%22%3A%2216%22%2C%2213%22%3A%2213%22%7D; like=think%3A%7B%2216%22%3A%221%22%2C%2213%22%3A%221%22%7D',
  'connection' => 'close',
)
[ info ] [ PARAM ] array (
  'id' => '20',
)
[ info ] [ DB ] INIT mysql
[ info ] [ CACHE ] INIT File
[ info ] [ RUN ] app\wed\controller\Goods->product_center[ D:\Web\www.akali.com\application\wed\controller\Goods.php ]
[ info ] [ VIEW ] D:\Web\www.akali.com\public/../application/wed\view\goods\product_center.html [ array (
  0 => 'companyData',
  1 => 'goods',
  2 => 'categoryNav',
  3 => 'cateParent',
  4 => 'spec',
) ]
[ info ] [ LOG ] INIT File
[ sql ] [ DB ] CONNECT:[ UseTime:0.002177s ] mysql:dbname=www_akali_com;host=127.0.0.1;charset=utf8
[ sql ] [ SQL ] SHOW COLUMNS FROM `goods` [ RunTime:0.002993s ]
[ sql ] [ SQL ] SELECT * FROM `goods` WHERE  `id` = 20 LIMIT 1 [ RunTime:0.000228s ]
[ sql ] [ SQL ] SHOW COLUMNS FROM `category` [ RunTime:0.002262s ]
[ sql ] [ SQL ] SELECT * FROM `category` WHERE  `pid` = 0 [ RunTime:0.000209s ]
[ sql ] [ SQL ] SELECT * FROM `category` WHERE  `id` = 28 LIMIT 1 [ RunTime:0.000187s ]
[ sql ] [ SQL ] SELECT * FROM `category` [ RunTime:0.000180s ]
[ sql ] [ SQL ] SHOW COLUMNS FROM `goods_spec` [ RunTime:0.002296s ]
[ sql ] [ SQL ] SELECT * FROM `goods_spec` WHERE  `goods_id` = 20 [ RunTime:0.000398s ]
[ sql ] [ SQL ] SHOW COLUMNS FROM `spec_item` [ RunTime:0.002792s ]
[ sql ] [ SQL ] SELECT * FROM `spec_item` WHERE  `item_id` IN (19,20) [ RunTime:0.000274s ]
[ sql ] [ SQL ] SHOW COLUMNS FROM `goods_desc` [ RunTime:0.002355s ]
[ sql ] [ SQL ] SELECT * FROM `goods_desc` WHERE  `goods_id` = 20 LIMIT 1 [ RunTime:0.000221s ]
[ sql ] [ SQL ] SHOW COLUMNS FROM `goods_img` [ RunTime:0.002149s ]
[ sql ] [ SQL ] SELECT * FROM `goods_img` WHERE  `goods_id` = 20 [ RunTime:0.000214s ]

---------------------------------------------------------------
[ 2021-11-01T18:33:02+08:00 ] 127.0.0.1 127.0.0.1 POST /wed/cart/ajaxgetcount.html
[ log ] www.akali.com/wed/cart/ajaxgetcount.html [运行时间：0.012616s][吞吐率：79.26req/s] [内存消耗：456.88kb] [文件加载：62]
[ info ] [ LANG ] D:\Web\www.akali.com\thinkphp\lang\zh-cn.php
[ info ] [ ROUTE ] array (
  'type' => 'module',
  'module' => 
  array (
    0 => 'wed',
    1 => 'cart',
    2 => 'ajaxgetcount',
  ),
)
[ info ] [ HEADER ] array (
  'host' => 'www.akali.com',
  'content-length' => '0',
  'accept' => 'application/json, text/javascript, */*; q=0.01',
  'user-agent' => 'Mozilla/5.0 (Windows NT 10.0; Win64; x64) AppleWebKit/537.36 (KHTML, like Gecko) Chrome/95.0.4638.54 Safari/537.36',
  'x-requested-with' => 'XMLHttpRequest',
  'origin' => 'http://www.akali.com',
  'referer' => 'http://www.akali.com/goods/20.html',
  'accept-encoding' => 'gzip, deflate',
  'accept-language' => 'zh-CN,zh;q=0.9',
  'cookie' => 'thinkphp_show_page_trace=0|0; cart=think%3A%5B%5D; seen=think%3A%7B%2216%22%3A%2216%22%2C%2213%22%3A%2213%22%2C%2220%22%3A%2220%22%7D; like=think%3A%7B%2216%22%3A%221%22%2C%2213%22%3A%221%22%2C%2220%22%3A%221%22%7D',
  'connection' => 'close',
)
[ info ] [ PARAM ] array (
)
[ info ] [ DB ] INIT mysql
[ info ] [ CACHE ] INIT File
[ info ] [ RUN ] app\wed\controller\Cart->ajaxGetCount[ D:\Web\www.akali.com\application\wed\controller\Cart.php ]
[ info ] [ LOG ] INIT File

---------------------------------------------------------------
[ 2021-11-01T18:33:02+08:00 ] 127.0.0.1 127.0.0.1 POST /wed/goods/ajaxgetspecprice.html
[ log ] www.akali.com/wed/goods/ajaxgetspecprice.html [运行时间：0.012162s][吞吐率：82.22req/s] [内存消耗：478.55kb] [文件加载：63]
[ info ] [ LANG ] D:\Web\www.akali.com\thinkphp\lang\zh-cn.php
[ info ] [ ROUTE ] array (
  'type' => 'module',
  'module' => 
  array (
    0 => 'wed',
    1 => 'goods',
    2 => 'ajaxgetspecprice',
  ),
)
[ info ] [ HEADER ] array (
  'host' => 'www.akali.com',
  'content-length' => '20',
  'accept' => 'application/json, text/javascript, */*; q=0.01',
  'x-requested-with' => 'XMLHttpRequest',
  'user-agent' => 'Mozilla/5.0 (Windows NT 10.0; Win64; x64) AppleWebKit/537.36 (KHTML, like Gecko) Chrome/95.0.4638.54 Safari/537.36',
  'content-type' => 'application/x-www-form-urlencoded; charset=UTF-8',
  'origin' => 'http://www.akali.com',
  'referer' => 'http://www.akali.com/goods/20.html',
  'accept-encoding' => 'gzip, deflate',
  'accept-language' => 'zh-CN,zh;q=0.9',
  'cookie' => 'thinkphp_show_page_trace=0|0; thinkphp_show_page_trace=0|0; cart=think%3A%5B%5D; seen=think%3A%7B%2216%22%3A%2216%22%2C%2213%22%3A%2213%22%2C%2220%22%3A%2220%22%7D; like=think%3A%7B%2216%22%3A%221%22%2C%2213%22%3A%221%22%2C%2220%22%3A%221%22%7D',
  'connection' => 'close',
)
[ info ] [ PARAM ] array (
  'item_id' => '',
  'goods_id' => '20',
)
[ info ] [ DB ] INIT mysql
[ info ] [ CACHE ] INIT File
[ info ] [ RUN ] app\wed\controller\Goods->ajaxGetSpecPrice[ D:\Web\www.akali.com\application\wed\controller\Goods.php ]
[ info ] [ LOG ] INIT File

---------------------------------------------------------------
[ 2021-11-01T18:33:04+08:00 ] 127.0.0.1 127.0.0.1 POST /wed/cart/ajaxgetcount.html
[ log ] www.akali.com/wed/cart/ajaxgetcount.html [运行时间：0.007503s][吞吐率：133.28req/s] [内存消耗：456.89kb] [文件加载：62]
[ info ] [ LANG ] D:\Web\www.akali.com\thinkphp\lang\zh-cn.php
[ info ] [ ROUTE ] array (
  'type' => 'module',
  'module' => 
  array (
    0 => 'wed',
    1 => 'cart',
    2 => 'ajaxgetcount',
  ),
)
[ info ] [ HEADER ] array (
  'host' => 'www.akali.com',
  'content-length' => '0',
  'accept' => 'application/json, text/javascript, */*; q=0.01',
  'user-agent' => 'Mozilla/5.0 (Windows NT 10.0; Win64; x64) AppleWebKit/537.36 (KHTML, like Gecko) Chrome/95.0.4638.54 Safari/537.36',
  'x-requested-with' => 'XMLHttpRequest',
  'origin' => 'http://www.akali.com',
  'referer' => 'http://www.akali.com/wed/goods/index.html',
  'accept-encoding' => 'gzip, deflate',
  'accept-language' => 'zh-CN,zh;q=0.9',
  'cookie' => 'thinkphp_show_page_trace=0|0; cart=think%3A%5B%5D; seen=think%3A%7B%2216%22%3A%2216%22%2C%2213%22%3A%2213%22%2C%2220%22%3A%2220%22%7D; like=think%3A%7B%2216%22%3A%221%22%2C%2213%22%3A%221%22%2C%2220%22%3A%221%22%7D',
  'connection' => 'close',
)
[ info ] [ PARAM ] array (
)
[ info ] [ DB ] INIT mysql
[ info ] [ CACHE ] INIT File
[ info ] [ RUN ] app\wed\controller\Cart->ajaxGetCount[ D:\Web\www.akali.com\application\wed\controller\Cart.php ]
[ info ] [ LOG ] INIT File

---------------------------------------------------------------
[ 2021-11-01T18:33:08+08:00 ] 127.0.0.1 127.0.0.1 GET /wed/goods/index.html
[ log ] www.akali.com/wed/goods/index.html [运行时间：0.008904s][吞吐率：112.31req/s] [内存消耗：305.66kb] [文件加载：45]
[ info ] [ LANG ] D:\Web\www.akali.com\thinkphp\lang\zh-cn.php
[ info ] [ BIND ] 'wed'
[ info ] [ ROUTE ] array (
  'type' => 'module',
  'module' => 
  array (
    0 => 'wed',
    1 => 'wed',
    2 => 'goods',
  ),
)
[ info ] [ HEADER ] array (
  'host' => 'www.akali.com',
  'cache-control' => 'max-age=0',
  'upgrade-insecure-requests' => '1',
  'user-agent' => 'Mozilla/5.0 (Windows NT 10.0; Win64; x64) AppleWebKit/537.36 (KHTML, like Gecko) Chrome/95.0.4638.54 Safari/537.36',
  'accept' => 'text/html,application/xhtml+xml,application/xml;q=0.9,image/avif,image/webp,image/apng,*/*;q=0.8,application/signed-exchange;v=b3;q=0.9',
  'referer' => 'http://www.akali.com/',
  'accept-encoding' => 'gzip, deflate',
  'accept-language' => 'zh-CN,zh;q=0.9',
  'cookie' => 'thinkphp_show_page_trace=0|0; thinkphp_show_page_trace=0|0; cart=think%3A%5B%5D; seen=think%3A%7B%2216%22%3A%2216%22%2C%2213%22%3A%2213%22%2C%2220%22%3A%2220%22%7D; like=think%3A%7B%2216%22%3A%221%22%2C%2213%22%3A%221%22%2C%2220%22%3A%221%22%7D',
  'connection' => 'close',
)
[ info ] [ PARAM ] array (
)
[ info ] [ LOG ] INIT File

---------------------------------------------------------------
[ 2021-11-01T18:33:12+08:00 ] 127.0.0.1 127.0.0.1 GET /goods/index.html
[ log ] www.akali.com/goods/index.html [运行时间：0.011205s][吞吐率：89.25req/s] [内存消耗：502.73kb] [文件加载：63]
[ info ] [ LANG ] D:\Web\www.akali.com\thinkphp\lang\zh-cn.php
[ info ] [ BIND ] 'wed'
[ info ] [ ROUTE ] array (
  'type' => 'module',
  'module' => 
  array (
    0 => 'wed',
    1 => 'goods',
    2 => 'index',
  ),
)
[ info ] [ HEADER ] array (
  'host' => 'www.akali.com',
  'upgrade-insecure-requests' => '1',
  'user-agent' => 'Mozilla/5.0 (Windows NT 10.0; Win64; x64) AppleWebKit/537.36 (KHTML, like Gecko) Chrome/95.0.4638.54 Safari/537.36',
  'accept' => 'text/html,application/xhtml+xml,application/xml;q=0.9,image/avif,image/webp,image/apng,*/*;q=0.8,application/signed-exchange;v=b3;q=0.9',
  'accept-encoding' => 'gzip, deflate',
  'accept-language' => 'zh-CN,zh;q=0.9',
  'cookie' => 'thinkphp_show_page_trace=0|0; thinkphp_show_page_trace=0|0; cart=think%3A%5B%5D; seen=think%3A%7B%2216%22%3A%2216%22%2C%2213%22%3A%2213%22%2C%2220%22%3A%2220%22%7D; like=think%3A%7B%2216%22%3A%221%22%2C%2213%22%3A%221%22%2C%2220%22%3A%221%22%7D',
  'connection' => 'close',
)
[ info ] [ PARAM ] array (
)
[ info ] [ DB ] INIT mysql
[ info ] [ CACHE ] INIT File
[ info ] [ RUN ] app\wed\controller\Goods->index[ D:\Web\www.akali.com\application\wed\controller\Goods.php ]
[ info ] [ LOG ] INIT File

---------------------------------------------------------------
[ 2021-11-01T18:33:12+08:00 ] 127.0.0.1 127.0.0.1 POST /cart/ajaxgetcount.html
[ log ] www.akali.com/cart/ajaxgetcount.html [运行时间：0.009674s][吞吐率：103.37req/s] [内存消耗：458.29kb] [文件加载：62]
[ info ] [ LANG ] D:\Web\www.akali.com\thinkphp\lang\zh-cn.php
[ info ] [ BIND ] 'wed'
[ info ] [ ROUTE ] array (
  'type' => 'module',
  'module' => 
  array (
    0 => 'wed',
    1 => 'cart',
    2 => 'ajaxgetcount',
  ),
)
[ info ] [ HEADER ] array (
  'host' => 'www.akali.com',
  'content-length' => '0',
  'accept' => 'application/json, text/javascript, */*; q=0.01',
  'user-agent' => 'Mozilla/5.0 (Windows NT 10.0; Win64; x64) AppleWebKit/537.36 (KHTML, like Gecko) Chrome/95.0.4638.54 Safari/537.36',
  'x-requested-with' => 'XMLHttpRequest',
  'origin' => 'http://www.akali.com',
  'referer' => 'http://www.akali.com/goods/index.html',
  'accept-encoding' => 'gzip, deflate',
  'accept-language' => 'zh-CN,zh;q=0.9',
  'cookie' => 'thinkphp_show_page_trace=0|0; cart=think%3A%5B%5D; seen=think%3A%7B%2216%22%3A%2216%22%2C%2213%22%3A%2213%22%2C%2220%22%3A%2220%22%7D; like=think%3A%7B%2216%22%3A%221%22%2C%2213%22%3A%221%22%2C%2220%22%3A%221%22%7D',
  'connection' => 'close',
)
[ info ] [ PARAM ] array (
)
[ info ] [ DB ] INIT mysql
[ info ] [ CACHE ] INIT File
[ info ] [ RUN ] app\wed\controller\Cart->ajaxGetCount[ D:\Web\www.akali.com\application\wed\controller\Cart.php ]
[ info ] [ LOG ] INIT File

---------------------------------------------------------------
[ 2021-11-01T18:33:15+08:00 ] 127.0.0.1 127.0.0.1 GET /
[ log ] www.akali.com/ [运行时间：0.010986s][吞吐率：91.02req/s] [内存消耗：469.40kb] [文件加载：61]
[ info ] [ LANG ] D:\Web\www.akali.com\thinkphp\lang\zh-cn.php
[ info ] [ BIND ] 'wed'
[ info ] [ ROUTE ] array (
  'type' => 'module',
  'module' => 
  array (
    0 => 'wed',
    1 => NULL,
    2 => NULL,
  ),
)
[ info ] [ HEADER ] array (
  'host' => 'www.akali.com',
  'upgrade-insecure-requests' => '1',
  'user-agent' => 'Mozilla/5.0 (Windows NT 10.0; Win64; x64) AppleWebKit/537.36 (KHTML, like Gecko) Chrome/95.0.4638.54 Safari/537.36',
  'accept' => 'text/html,application/xhtml+xml,application/xml;q=0.9,image/avif,image/webp,image/apng,*/*;q=0.8,application/signed-exchange;v=b3;q=0.9',
  'referer' => 'http://www.akali.com/goods/index.html',
  'accept-encoding' => 'gzip, deflate',
  'accept-language' => 'zh-CN,zh;q=0.9',
  'cookie' => 'thinkphp_show_page_trace=0|0; cart=think%3A%5B%5D; seen=think%3A%7B%2216%22%3A%2216%22%2C%2213%22%3A%2213%22%2C%2220%22%3A%2220%22%7D; like=think%3A%7B%2216%22%3A%221%22%2C%2213%22%3A%221%22%2C%2220%22%3A%221%22%7D',
  'connection' => 'close',
)
[ info ] [ PARAM ] array (
)
[ info ] [ DB ] INIT mysql
[ info ] [ CACHE ] INIT File
[ info ] [ RUN ] app\wed\controller\Home->index[ D:\Web\www.akali.com\application\wed\controller\Home.php ]
[ info ] [ LOG ] INIT File

---------------------------------------------------------------
[ 2021-11-01T18:33:15+08:00 ] 127.0.0.1 127.0.0.1 POST /cart/ajaxgetcount.html
[ log ] www.akali.com/cart/ajaxgetcount.html [运行时间：0.010058s][吞吐率：99.42req/s] [内存消耗：458.15kb] [文件加载：62]
[ info ] [ LANG ] D:\Web\www.akali.com\thinkphp\lang\zh-cn.php
[ info ] [ BIND ] 'wed'
[ info ] [ ROUTE ] array (
  'type' => 'module',
  'module' => 
  array (
    0 => 'wed',
    1 => 'cart',
    2 => 'ajaxgetcount',
  ),
)
[ info ] [ HEADER ] array (
  'host' => 'www.akali.com',
  'content-length' => '0',
  'accept' => 'application/json, text/javascript, */*; q=0.01',
  'user-agent' => 'Mozilla/5.0 (Windows NT 10.0; Win64; x64) AppleWebKit/537.36 (KHTML, like Gecko) Chrome/95.0.4638.54 Safari/537.36',
  'x-requested-with' => 'XMLHttpRequest',
  'origin' => 'http://www.akali.com',
  'referer' => 'http://www.akali.com/',
  'accept-encoding' => 'gzip, deflate',
  'accept-language' => 'zh-CN,zh;q=0.9',
  'cookie' => 'thinkphp_show_page_trace=0|0; cart=think%3A%5B%5D; seen=think%3A%7B%2216%22%3A%2216%22%2C%2213%22%3A%2213%22%2C%2220%22%3A%2220%22%7D; like=think%3A%7B%2216%22%3A%221%22%2C%2213%22%3A%221%22%2C%2220%22%3A%221%22%7D',
  'connection' => 'close',
)
[ info ] [ PARAM ] array (
)
[ info ] [ DB ] INIT mysql
[ info ] [ CACHE ] INIT File
[ info ] [ RUN ] app\wed\controller\Cart->ajaxGetCount[ D:\Web\www.akali.com\application\wed\controller\Cart.php ]
[ info ] [ LOG ] INIT File

---------------------------------------------------------------
[ 2021-11-01T18:33:18+08:00 ] 127.0.0.1 127.0.0.1 GET /goods/index.html
[ log ] www.akali.com/goods/index.html [运行时间：0.009552s][吞吐率：104.69req/s] [内存消耗：502.74kb] [文件加载：63]
[ info ] [ LANG ] D:\Web\www.akali.com\thinkphp\lang\zh-cn.php
[ info ] [ BIND ] 'wed'
[ info ] [ ROUTE ] array (
  'type' => 'module',
  'module' => 
  array (
    0 => 'wed',
    1 => 'goods',
    2 => 'index',
  ),
)
[ info ] [ HEADER ] array (
  'host' => 'www.akali.com',
  'upgrade-insecure-requests' => '1',
  'user-agent' => 'Mozilla/5.0 (Windows NT 10.0; Win64; x64) AppleWebKit/537.36 (KHTML, like Gecko) Chrome/95.0.4638.54 Safari/537.36',
  'accept' => 'text/html,application/xhtml+xml,application/xml;q=0.9,image/avif,image/webp,image/apng,*/*;q=0.8,application/signed-exchange;v=b3;q=0.9',
  'referer' => 'http://www.akali.com/',
  'accept-encoding' => 'gzip, deflate',
  'accept-language' => 'zh-CN,zh;q=0.9',
  'cookie' => 'thinkphp_show_page_trace=0|0; thinkphp_show_page_trace=0|0; cart=think%3A%5B%5D; seen=think%3A%7B%2216%22%3A%2216%22%2C%2213%22%3A%2213%22%2C%2220%22%3A%2220%22%7D; like=think%3A%7B%2216%22%3A%221%22%2C%2213%22%3A%221%22%2C%2220%22%3A%221%22%7D',
  'connection' => 'close',
)
[ info ] [ PARAM ] array (
)
[ info ] [ DB ] INIT mysql
[ info ] [ CACHE ] INIT File
[ info ] [ RUN ] app\wed\controller\Goods->index[ D:\Web\www.akali.com\application\wed\controller\Goods.php ]
[ info ] [ LOG ] INIT File

---------------------------------------------------------------
[ 2021-11-01T18:33:18+08:00 ] 127.0.0.1 127.0.0.1 POST /cart/ajaxgetcount.html
[ log ] www.akali.com/cart/ajaxgetcount.html [运行时间：0.009621s][吞吐率：103.94req/s] [内存消耗：458.29kb] [文件加载：62]
[ info ] [ LANG ] D:\Web\www.akali.com\thinkphp\lang\zh-cn.php
[ info ] [ BIND ] 'wed'
[ info ] [ ROUTE ] array (
  'type' => 'module',
  'module' => 
  array (
    0 => 'wed',
    1 => 'cart',
    2 => 'ajaxgetcount',
  ),
)
[ info ] [ HEADER ] array (
  'host' => 'www.akali.com',
  'content-length' => '0',
  'accept' => 'application/json, text/javascript, */*; q=0.01',
  'user-agent' => 'Mozilla/5.0 (Windows NT 10.0; Win64; x64) AppleWebKit/537.36 (KHTML, like Gecko) Chrome/95.0.4638.54 Safari/537.36',
  'x-requested-with' => 'XMLHttpRequest',
  'origin' => 'http://www.akali.com',
  'referer' => 'http://www.akali.com/goods/index.html',
  'accept-encoding' => 'gzip, deflate',
  'accept-language' => 'zh-CN,zh;q=0.9',
  'cookie' => 'thinkphp_show_page_trace=0|0; cart=think%3A%5B%5D; seen=think%3A%7B%2216%22%3A%2216%22%2C%2213%22%3A%2213%22%2C%2220%22%3A%2220%22%7D; like=think%3A%7B%2216%22%3A%221%22%2C%2213%22%3A%221%22%2C%2220%22%3A%221%22%7D',
  'connection' => 'close',
)
[ info ] [ PARAM ] array (
)
[ info ] [ DB ] INIT mysql
[ info ] [ CACHE ] INIT File
[ info ] [ RUN ] app\wed\controller\Cart->ajaxGetCount[ D:\Web\www.akali.com\application\wed\controller\Cart.php ]
[ info ] [ LOG ] INIT File

---------------------------------------------------------------
[ 2021-11-01T18:33:30+08:00 ] 127.0.0.1 127.0.0.1 GET /goods/index.html
[ log ] www.akali.com/goods/index.html [运行时间：0.006404s][吞吐率：156.15req/s] [内存消耗：302.40kb] [文件加载：44]
[ info ] [ LANG ] D:\Web\www.akali.com\thinkphp\lang\zh-cn.php
[ info ] [ ROUTE ] array (
  'type' => 'module',
  'module' => 
  array (
    0 => 'goods',
    1 => 'index',
    2 => NULL,
  ),
)
[ info ] [ HEADER ] array (
  'host' => 'www.akali.com',
  'cache-control' => 'max-age=0',
  'upgrade-insecure-requests' => '1',
  'user-agent' => 'Mozilla/5.0 (Windows NT 10.0; Win64; x64) AppleWebKit/537.36 (KHTML, like Gecko) Chrome/95.0.4638.54 Safari/537.36',
  'accept' => 'text/html,application/xhtml+xml,application/xml;q=0.9,image/avif,image/webp,image/apng,*/*;q=0.8,application/signed-exchange;v=b3;q=0.9',
  'referer' => 'http://www.akali.com/',
  'accept-encoding' => 'gzip, deflate',
  'accept-language' => 'zh-CN,zh;q=0.9',
  'cookie' => 'thinkphp_show_page_trace=0|0; thinkphp_show_page_trace=0|0; cart=think%3A%5B%5D; seen=think%3A%7B%2216%22%3A%2216%22%2C%2213%22%3A%2213%22%2C%2220%22%3A%2220%22%7D; like=think%3A%7B%2216%22%3A%221%22%2C%2213%22%3A%221%22%2C%2220%22%3A%221%22%7D',
  'connection' => 'close',
)
[ info ] [ PARAM ] array (
)
[ info ] [ LOG ] INIT File

---------------------------------------------------------------
[ 2021-11-01T18:33:52+08:00 ] 127.0.0.1 127.0.0.1 GET /goods/index.html
[ log ] www.akali.com/goods/index.html [运行时间：0.008756s][吞吐率：114.21req/s] [内存消耗：503.20kb] [文件加载：63]
[ info ] [ LANG ] D:\Web\www.akali.com\thinkphp\lang\zh-cn.php
[ info ] [ BIND ] 'wed'
[ info ] [ ROUTE ] array (
  'type' => 'module',
  'module' => 
  array (
    0 => 'wed',
    1 => 'goods',
    2 => 'index',
  ),
)
[ info ] [ HEADER ] array (
  'host' => 'www.akali.com',
  'cache-control' => 'max-age=0',
  'upgrade-insecure-requests' => '1',
  'user-agent' => 'Mozilla/5.0 (Windows NT 10.0; Win64; x64) AppleWebKit/537.36 (KHTML, like Gecko) Chrome/95.0.4638.54 Safari/537.36',
  'accept' => 'text/html,application/xhtml+xml,application/xml;q=0.9,image/avif,image/webp,image/apng,*/*;q=0.8,application/signed-exchange;v=b3;q=0.9',
  'referer' => 'http://www.akali.com/',
  'accept-encoding' => 'gzip, deflate',
  'accept-language' => 'zh-CN,zh;q=0.9',
  'cookie' => 'thinkphp_show_page_trace=0|0; thinkphp_show_page_trace=0|0; cart=think%3A%5B%5D; seen=think%3A%7B%2216%22%3A%2216%22%2C%2213%22%3A%2213%22%2C%2220%22%3A%2220%22%7D; like=think%3A%7B%2216%22%3A%221%22%2C%2213%22%3A%221%22%2C%2220%22%3A%221%22%7D',
  'connection' => 'close',
)
[ info ] [ PARAM ] array (
)
[ info ] [ DB ] INIT mysql
[ info ] [ CACHE ] INIT File
[ info ] [ RUN ] app\wed\controller\Goods->index[ D:\Web\www.akali.com\application\wed\controller\Goods.php ]
[ info ] [ LOG ] INIT File

---------------------------------------------------------------
[ 2021-11-01T18:33:53+08:00 ] 127.0.0.1 127.0.0.1 POST /cart/ajaxgetcount.html
[ log ] www.akali.com/cart/ajaxgetcount.html [运行时间：0.006201s][吞吐率：161.26req/s] [内存消耗：458.29kb] [文件加载：62]
[ info ] [ LANG ] D:\Web\www.akali.com\thinkphp\lang\zh-cn.php
[ info ] [ BIND ] 'wed'
[ info ] [ ROUTE ] array (
  'type' => 'module',
  'module' => 
  array (
    0 => 'wed',
    1 => 'cart',
    2 => 'ajaxgetcount',
  ),
)
[ info ] [ HEADER ] array (
  'host' => 'www.akali.com',
  'content-length' => '0',
  'accept' => 'application/json, text/javascript, */*; q=0.01',
  'user-agent' => 'Mozilla/5.0 (Windows NT 10.0; Win64; x64) AppleWebKit/537.36 (KHTML, like Gecko) Chrome/95.0.4638.54 Safari/537.36',
  'x-requested-with' => 'XMLHttpRequest',
  'origin' => 'http://www.akali.com',
  'referer' => 'http://www.akali.com/goods/index.html',
  'accept-encoding' => 'gzip, deflate',
  'accept-language' => 'zh-CN,zh;q=0.9',
  'cookie' => 'thinkphp_show_page_trace=0|0; cart=think%3A%5B%5D; seen=think%3A%7B%2216%22%3A%2216%22%2C%2213%22%3A%2213%22%2C%2220%22%3A%2220%22%7D; like=think%3A%7B%2216%22%3A%221%22%2C%2213%22%3A%221%22%2C%2220%22%3A%221%22%7D',
  'connection' => 'close',
)
[ info ] [ PARAM ] array (
)
[ info ] [ DB ] INIT mysql
[ info ] [ CACHE ] INIT File
[ info ] [ RUN ] app\wed\controller\Cart->ajaxGetCount[ D:\Web\www.akali.com\application\wed\controller\Cart.php ]
[ info ] [ LOG ] INIT File

---------------------------------------------------------------
[ 2021-11-01T18:33:55+08:00 ] 127.0.0.1 127.0.0.1 GET /goods/13.html
[ log ] www.akali.com/goods/13.html [运行时间：0.009034s][吞吐率：110.69req/s] [内存消耗：500.07kb] [文件加载：63]
[ info ] [ LANG ] D:\Web\www.akali.com\thinkphp\lang\zh-cn.php
[ info ] [ BIND ] 'wed'
[ info ] [ ROUTE ] array (
  'type' => 'module',
  'module' => 
  array (
    0 => 'wed',
    1 => 'goods',
    2 => 'product_center',
  ),
  'convert' => false,
)
[ info ] [ HEADER ] array (
  'host' => 'www.akali.com',
  'upgrade-insecure-requests' => '1',
  'user-agent' => 'Mozilla/5.0 (Windows NT 10.0; Win64; x64) AppleWebKit/537.36 (KHTML, like Gecko) Chrome/95.0.4638.54 Safari/537.36',
  'accept' => 'text/html,application/xhtml+xml,application/xml;q=0.9,image/avif,image/webp,image/apng,*/*;q=0.8,application/signed-exchange;v=b3;q=0.9',
  'referer' => 'http://www.akali.com/goods/index.html',
  'accept-encoding' => 'gzip, deflate',
  'accept-language' => 'zh-CN,zh;q=0.9',
  'cookie' => 'thinkphp_show_page_trace=0|0; thinkphp_show_page_trace=0|0; cart=think%3A%5B%5D; seen=think%3A%7B%2216%22%3A%2216%22%2C%2213%22%3A%2213%22%2C%2220%22%3A%2220%22%7D; like=think%3A%7B%2216%22%3A%221%22%2C%2213%22%3A%221%22%2C%2220%22%3A%221%22%7D',
  'connection' => 'close',
)
[ info ] [ PARAM ] array (
  'id' => '13',
)
[ info ] [ DB ] INIT mysql
[ info ] [ CACHE ] INIT File
[ info ] [ RUN ] app\wed\controller\Goods->product_center[ D:\Web\www.akali.com\application\wed\controller\Goods.php ]
[ info ] [ LOG ] INIT File

---------------------------------------------------------------
[ 2021-11-01T18:33:55+08:00 ] 127.0.0.1 127.0.0.1 POST /cart/ajaxgetcount.html
[ log ] www.akali.com/cart/ajaxgetcount.html [运行时间：0.009691s][吞吐率：103.19req/s] [内存消耗：458.29kb] [文件加载：62]
[ info ] [ LANG ] D:\Web\www.akali.com\thinkphp\lang\zh-cn.php
[ info ] [ BIND ] 'wed'
[ info ] [ ROUTE ] array (
  'type' => 'module',
  'module' => 
  array (
    0 => 'wed',
    1 => 'cart',
    2 => 'ajaxgetcount',
  ),
)
[ info ] [ HEADER ] array (
  'host' => 'www.akali.com',
  'content-length' => '0',
  'accept' => 'application/json, text/javascript, */*; q=0.01',
  'user-agent' => 'Mozilla/5.0 (Windows NT 10.0; Win64; x64) AppleWebKit/537.36 (KHTML, like Gecko) Chrome/95.0.4638.54 Safari/537.36',
  'x-requested-with' => 'XMLHttpRequest',
  'origin' => 'http://www.akali.com',
  'referer' => 'http://www.akali.com/goods/13.html',
  'accept-encoding' => 'gzip, deflate',
  'accept-language' => 'zh-CN,zh;q=0.9',
  'cookie' => 'thinkphp_show_page_trace=0|0; cart=think%3A%5B%5D; seen=think%3A%7B%2216%22%3A%2216%22%2C%2213%22%3A%2213%22%2C%2220%22%3A%2220%22%7D; like=think%3A%7B%2216%22%3A%221%22%2C%2213%22%3A%221%22%2C%2220%22%3A%221%22%7D',
  'connection' => 'close',
)
[ info ] [ PARAM ] array (
)
[ info ] [ DB ] INIT mysql
[ info ] [ CACHE ] INIT File
[ info ] [ RUN ] app\wed\controller\Cart->ajaxGetCount[ D:\Web\www.akali.com\application\wed\controller\Cart.php ]
[ info ] [ LOG ] INIT File

---------------------------------------------------------------
[ 2021-11-01T18:33:55+08:00 ] 127.0.0.1 127.0.0.1 POST /goods/ajaxgetspecprice.html
[ log ] www.akali.com/goods/ajaxgetspecprice.html [运行时间：0.027570s][吞吐率：36.27req/s] [内存消耗：587.02kb] [文件加载：64]
[ info ] [ LANG ] D:\Web\www.akali.com\thinkphp\lang\zh-cn.php
[ info ] [ BIND ] 'wed'
[ info ] [ ROUTE ] array (
  'type' => 'module',
  'module' => 
  array (
    0 => 'wed',
    1 => 'goods',
    2 => 'ajaxgetspecprice',
  ),
)
[ info ] [ HEADER ] array (
  'host' => 'www.akali.com',
  'content-length' => '21',
  'accept' => 'application/json, text/javascript, */*; q=0.01',
  'x-requested-with' => 'XMLHttpRequest',
  'user-agent' => 'Mozilla/5.0 (Windows NT 10.0; Win64; x64) AppleWebKit/537.36 (KHTML, like Gecko) Chrome/95.0.4638.54 Safari/537.36',
  'content-type' => 'application/x-www-form-urlencoded; charset=UTF-8',
  'origin' => 'http://www.akali.com',
  'referer' => 'http://www.akali.com/goods/13.html',
  'accept-encoding' => 'gzip, deflate',
  'accept-language' => 'zh-CN,zh;q=0.9',
  'cookie' => 'thinkphp_show_page_trace=0|0; thinkphp_show_page_trace=0|0; cart=think%3A%5B%5D; seen=think%3A%7B%2216%22%3A%2216%22%2C%2213%22%3A%2213%22%2C%2220%22%3A%2220%22%7D; like=think%3A%7B%2216%22%3A%221%22%2C%2213%22%3A%221%22%2C%2220%22%3A%221%22%7D',
  'connection' => 'close',
)
[ info ] [ PARAM ] array (
  'item_id' => '3',
  'goods_id' => '13',
)
[ info ] [ DB ] INIT mysql
[ info ] [ CACHE ] INIT File
[ info ] [ RUN ] app\wed\controller\Goods->ajaxGetSpecPrice[ D:\Web\www.akali.com\application\wed\controller\Goods.php ]
[ info ] [ LOG ] INIT File
[ sql ] [ DB ] CONNECT:[ UseTime:0.000584s ] mysql:dbname=www_akali_com;host=127.0.0.1;charset=utf8
[ sql ] [ SQL ] SHOW COLUMNS FROM `goods_spec` [ RunTime:0.002759s ]
[ sql ] [ SQL ] SELECT `spec_price` FROM `goods_spec` WHERE  `key` = '3'  AND `goods_id` = 13 LIMIT 1 [ RunTime:0.000357s ]

---------------------------------------------------------------
[ 2021-11-01T18:36:22+08:00 ] 127.0.0.1 127.0.0.1 GET /
[ log ] admin.akali.com/ [运行时间：0.024644s][吞吐率：40.58req/s] [内存消耗：463.97kb] [文件加载：61]
[ info ] [ LANG ] D:\Web\www.akali.com\thinkphp\lang\zh-cn.php
[ info ] [ BIND ] 'admin'
[ info ] [ ROUTE ] array (
  'type' => 'module',
  'module' => 
  array (
    0 => 'admin',
    1 => NULL,
    2 => NULL,
  ),
)
[ info ] [ HEADER ] array (
  'host' => 'admin.akali.com',
  'cache-control' => 'max-age=0',
  'upgrade-insecure-requests' => '1',
  'user-agent' => 'Mozilla/5.0 (Windows NT 10.0; Win64; x64) AppleWebKit/537.36 (KHTML, like Gecko) Chrome/95.0.4638.54 Safari/537.36',
  'accept' => 'text/html,application/xhtml+xml,application/xml;q=0.9,image/avif,image/webp,image/apng,*/*;q=0.8,application/signed-exchange;v=b3;q=0.9',
  'accept-encoding' => 'gzip, deflate',
  'accept-language' => 'zh-CN,zh;q=0.9',
  'cookie' => 'thinkphp_show_page_trace=0|0',
  'connection' => 'close',
)
[ info ] [ PARAM ] array (
)
[ info ] [ RUN ] app\admin\controller\Home->index[ D:\Web\www.akali.com\application\admin\controller\Home.php ]
[ info ] [ SESSION ] INIT array (
  'id' => '',
  'var_session_id' => '',
  'prefix' => 'think',
  'type' => '',
  'auto_start' => true,
  'httponly' => true,
  'secure' => true,
)
[ info ] [ DB ] INIT mysql
[ info ] [ LOG ] INIT File
[ sql ] [ DB ] CONNECT:[ UseTime:0.003455s ] mysql:dbname=www_akali_com;host=127.0.0.1;charset=utf8
[ sql ] [ SQL ] SHOW COLUMNS FROM `node` [ RunTime:0.001104s ]
[ error ] [10501]SQLSTATE[42S22]: Column not found: 1054 Unknown column 'show' in 'where clause'[D:\Web\www.akali.com\thinkphp\library\think\db\Connection.php:383]

---------------------------------------------------------------
[ 2021-11-01T18:37:04+08:00 ] 127.0.0.1 127.0.0.1 GET /
[ log ] admin.akali.com/ [运行时间：0.013624s][吞吐率：73.40req/s] [内存消耗：463.97kb] [文件加载：61]
[ info ] [ LANG ] D:\Web\www.akali.com\thinkphp\lang\zh-cn.php
[ info ] [ BIND ] 'admin'
[ info ] [ ROUTE ] array (
  'type' => 'module',
  'module' => 
  array (
    0 => 'admin',
    1 => NULL,
    2 => NULL,
  ),
)
[ info ] [ HEADER ] array (
  'host' => 'admin.akali.com',
  'cache-control' => 'max-age=0',
  'upgrade-insecure-requests' => '1',
  'user-agent' => 'Mozilla/5.0 (Windows NT 10.0; Win64; x64) AppleWebKit/537.36 (KHTML, like Gecko) Chrome/95.0.4638.54 Safari/537.36',
  'accept' => 'text/html,application/xhtml+xml,application/xml;q=0.9,image/avif,image/webp,image/apng,*/*;q=0.8,application/signed-exchange;v=b3;q=0.9',
  'accept-encoding' => 'gzip, deflate',
  'accept-language' => 'zh-CN,zh;q=0.9',
  'cookie' => 'thinkphp_show_page_trace=0|0',
  'connection' => 'close',
)
[ info ] [ PARAM ] array (
)
[ info ] [ RUN ] app\admin\controller\Home->index[ D:\Web\www.akali.com\application\admin\controller\Home.php ]
[ info ] [ SESSION ] INIT array (
  'id' => '',
  'var_session_id' => '',
  'prefix' => 'think',
  'type' => '',
  'auto_start' => true,
  'httponly' => true,
  'secure' => true,
)
[ info ] [ DB ] INIT mysql
[ info ] [ LOG ] INIT File
[ sql ] [ DB ] CONNECT:[ UseTime:0.000484s ] mysql:dbname=www_akali_com;host=127.0.0.1;charset=utf8
[ sql ] [ SQL ] SHOW COLUMNS FROM `node` [ RunTime:0.002880s ]
[ error ] [10501]SQLSTATE[42S22]: Column not found: 1054 Unknown column 'show' in 'where clause'[D:\Web\www.akali.com\thinkphp\library\think\db\Connection.php:383]

---------------------------------------------------------------
