[ 2019-09-02T14:40:54+08:00 ] 127.0.0.1 127.0.0.1 GET /
[ log ] www.akali.com/ [运行时间：0.817126s][吞吐率：1.22req/s] [内存消耗：778.55kb] [文件加载：61]
[ info ] [ LANG ] D:\Web\www.akali.com\thinkphp\lang\zh-cn.php
[ info ] [ ROUTE ] array (
  'type' => 'module',
  'module' => 
  array (
    0 => NULL,
    1 => 'home',
    2 => 'index',
  ),
  'convert' => false,
)
[ info ] [ HEADER ] array (
  'host' => 'www.akali.com',
  'connection' => 'keep-alive',
  'upgrade-insecure-requests' => '1',
  'user-agent' => 'Mozilla/5.0 (Windows NT 10.0; WOW64) AppleWebKit/537.36 (KHTML, like Gecko) Chrome/55.0.2883.87 UBrowser/6.2.4098.3 Safari/537.36',
  'accept' => 'text/html,application/xhtml+xml,application/xml;q=0.9,image/webp,*/*;q=0.8',
  'accept-encoding' => 'gzip, deflate',
  'accept-language' => 'zh-CN,zh;q=0.8',
)
[ info ] [ PARAM ] array (
)
[ info ] [ DB ] INIT mysql
[ info ] [ CACHE ] INIT File
[ info ] [ RUN ] app\wed\controller\Home->index[ D:\Web\www.akali.com\application\wed\controller\Home.php ]
[ info ] [ LOG ] INIT File

---------------------------------------------------------------
[ 2019-09-02T14:40:54+08:00 ] 127.0.0.1 127.0.0.1 POST /wed/cart/ajaxgetcount.html
[ log ] www.akali.com/wed/cart/ajaxgetcount.html [运行时间：0.056270s][吞吐率：17.77req/s] [内存消耗：458.24kb] [文件加载：62]
[ info ] [ LANG ] D:\Web\www.akali.com\thinkphp\lang\zh-cn.php
[ info ] [ ROUTE ] array (
  'type' => 'module',
  'module' => 
  array (
    0 => 'wed',
    1 => 'cart',
    2 => 'ajaxgetcount',
  ),
)
[ info ] [ HEADER ] array (
  'host' => 'www.akali.com',
  'connection' => 'keep-alive',
  'content-length' => '0',
  'accept' => 'application/json, text/javascript, */*; q=0.01',
  'origin' => 'http://www.akali.com',
  'x-requested-with' => 'XMLHttpRequest',
  'user-agent' => 'Mozilla/5.0 (Windows NT 10.0; WOW64) AppleWebKit/537.36 (KHTML, like Gecko) Chrome/55.0.2883.87 UBrowser/6.2.4098.3 Safari/537.36',
  'referer' => 'http://www.akali.com/',
  'accept-encoding' => 'gzip, deflate',
  'accept-language' => 'zh-CN,zh;q=0.8',
  'cookie' => 'thinkphp_show_page_trace=0|0',
)
[ info ] [ PARAM ] array (
)
[ info ] [ DB ] INIT mysql
[ info ] [ CACHE ] INIT File
[ info ] [ RUN ] app\wed\controller\Cart->ajaxGetCount[ D:\Web\www.akali.com\application\wed\controller\Cart.php ]
[ info ] [ LOG ] INIT File

---------------------------------------------------------------
[ 2019-09-02T14:42:02+08:00 ] 127.0.0.1 127.0.0.1 GET /
[ log ] www.akali.com/ [运行时间：0.025322s][吞吐率：39.49req/s] [内存消耗：580.38kb] [文件加载：61]
[ info ] [ LANG ] D:\Web\www.akali.com\thinkphp\lang\zh-cn.php
[ info ] [ ROUTE ] array (
  'type' => 'module',
  'module' => 
  array (
    0 => NULL,
    1 => 'home',
    2 => 'index',
  ),
  'convert' => false,
)
[ info ] [ HEADER ] array (
  'host' => 'www.akali.com',
  'connection' => 'keep-alive',
  'cache-control' => 'max-age=0',
  'upgrade-insecure-requests' => '1',
  'user-agent' => 'Mozilla/5.0 (Windows NT 10.0; WOW64) AppleWebKit/537.36 (KHTML, like Gecko) Chrome/55.0.2883.87 UBrowser/6.2.4098.3 Safari/537.36',
  'accept' => 'text/html,application/xhtml+xml,application/xml;q=0.9,image/webp,*/*;q=0.8',
  'accept-encoding' => 'gzip, deflate',
  'accept-language' => 'zh-CN,zh;q=0.8',
  'cookie' => 'thinkphp_show_page_trace=0|0; cart=think%3A%5B%5D',
)
[ info ] [ PARAM ] array (
)
[ info ] [ DB ] INIT mysql
[ info ] [ CACHE ] INIT File
[ info ] [ RUN ] app\wed\controller\Home->index[ D:\Web\www.akali.com\application\wed\controller\Home.php ]
[ info ] [ LOG ] INIT File

---------------------------------------------------------------
[ 2019-09-02T14:42:02+08:00 ] 127.0.0.1 127.0.0.1 POST /wed/cart/ajaxgetcount.html
[ log ] www.akali.com/wed/cart/ajaxgetcount.html [运行时间：0.004403s][吞吐率：227.12req/s] [内存消耗：456.92kb] [文件加载：62]
[ info ] [ LANG ] D:\Web\www.akali.com\thinkphp\lang\zh-cn.php
[ info ] [ ROUTE ] array (
  'type' => 'module',
  'module' => 
  array (
    0 => 'wed',
    1 => 'cart',
    2 => 'ajaxgetcount',
  ),
)
[ info ] [ HEADER ] array (
  'host' => 'www.akali.com',
  'connection' => 'keep-alive',
  'content-length' => '0',
  'accept' => 'application/json, text/javascript, */*; q=0.01',
  'origin' => 'http://www.akali.com',
  'x-requested-with' => 'XMLHttpRequest',
  'user-agent' => 'Mozilla/5.0 (Windows NT 10.0; WOW64) AppleWebKit/537.36 (KHTML, like Gecko) Chrome/55.0.2883.87 UBrowser/6.2.4098.3 Safari/537.36',
  'referer' => 'http://www.akali.com/',
  'accept-encoding' => 'gzip, deflate',
  'accept-language' => 'zh-CN,zh;q=0.8',
  'cookie' => 'cart=think%3A%5B%5D; thinkphp_show_page_trace=0|0',
)
[ info ] [ PARAM ] array (
)
[ info ] [ DB ] INIT mysql
[ info ] [ CACHE ] INIT File
[ info ] [ RUN ] app\wed\controller\Cart->ajaxGetCount[ D:\Web\www.akali.com\application\wed\controller\Cart.php ]
[ info ] [ LOG ] INIT File

---------------------------------------------------------------
[ 2019-09-02T14:42:03+08:00 ] 127.0.0.1 127.0.0.1 GET /
[ log ] www.akali.com/ [运行时间：0.018434s][吞吐率：54.25req/s] [内存消耗：580.38kb] [文件加载：61]
[ info ] [ LANG ] D:\Web\www.akali.com\thinkphp\lang\zh-cn.php
[ info ] [ ROUTE ] array (
  'type' => 'module',
  'module' => 
  array (
    0 => NULL,
    1 => 'home',
    2 => 'index',
  ),
  'convert' => false,
)
[ info ] [ HEADER ] array (
  'host' => 'www.akali.com',
  'connection' => 'keep-alive',
  'cache-control' => 'max-age=0',
  'upgrade-insecure-requests' => '1',
  'user-agent' => 'Mozilla/5.0 (Windows NT 10.0; WOW64) AppleWebKit/537.36 (KHTML, like Gecko) Chrome/55.0.2883.87 UBrowser/6.2.4098.3 Safari/537.36',
  'accept' => 'text/html,application/xhtml+xml,application/xml;q=0.9,image/webp,*/*;q=0.8',
  'accept-encoding' => 'gzip, deflate',
  'accept-language' => 'zh-CN,zh;q=0.8',
  'cookie' => 'thinkphp_show_page_trace=0|0; cart=think%3A%5B%5D',
)
[ info ] [ PARAM ] array (
)
[ info ] [ DB ] INIT mysql
[ info ] [ CACHE ] INIT File
[ info ] [ RUN ] app\wed\controller\Home->index[ D:\Web\www.akali.com\application\wed\controller\Home.php ]
[ info ] [ LOG ] INIT File

---------------------------------------------------------------
[ 2019-09-02T14:42:03+08:00 ] 127.0.0.1 127.0.0.1 POST /wed/cart/ajaxgetcount.html
[ log ] www.akali.com/wed/cart/ajaxgetcount.html [运行时间：0.003359s][吞吐率：297.70req/s] [内存消耗：456.92kb] [文件加载：62]
[ info ] [ LANG ] D:\Web\www.akali.com\thinkphp\lang\zh-cn.php
[ info ] [ ROUTE ] array (
  'type' => 'module',
  'module' => 
  array (
    0 => 'wed',
    1 => 'cart',
    2 => 'ajaxgetcount',
  ),
)
[ info ] [ HEADER ] array (
  'host' => 'www.akali.com',
  'connection' => 'keep-alive',
  'content-length' => '0',
  'accept' => 'application/json, text/javascript, */*; q=0.01',
  'origin' => 'http://www.akali.com',
  'x-requested-with' => 'XMLHttpRequest',
  'user-agent' => 'Mozilla/5.0 (Windows NT 10.0; WOW64) AppleWebKit/537.36 (KHTML, like Gecko) Chrome/55.0.2883.87 UBrowser/6.2.4098.3 Safari/537.36',
  'referer' => 'http://www.akali.com/',
  'accept-encoding' => 'gzip, deflate',
  'accept-language' => 'zh-CN,zh;q=0.8',
  'cookie' => 'cart=think%3A%5B%5D; thinkphp_show_page_trace=0|0',
)
[ info ] [ PARAM ] array (
)
[ info ] [ DB ] INIT mysql
[ info ] [ CACHE ] INIT File
[ info ] [ RUN ] app\wed\controller\Cart->ajaxGetCount[ D:\Web\www.akali.com\application\wed\controller\Cart.php ]
[ info ] [ LOG ] INIT File

---------------------------------------------------------------
[ 2019-09-02T14:42:03+08:00 ] 127.0.0.1 127.0.0.1 GET /
[ log ] www.akali.com/ [运行时间：0.011174s][吞吐率：89.49req/s] [内存消耗：580.38kb] [文件加载：61]
[ info ] [ LANG ] D:\Web\www.akali.com\thinkphp\lang\zh-cn.php
[ info ] [ ROUTE ] array (
  'type' => 'module',
  'module' => 
  array (
    0 => NULL,
    1 => 'home',
    2 => 'index',
  ),
  'convert' => false,
)
[ info ] [ HEADER ] array (
  'host' => 'www.akali.com',
  'connection' => 'keep-alive',
  'cache-control' => 'max-age=0',
  'upgrade-insecure-requests' => '1',
  'user-agent' => 'Mozilla/5.0 (Windows NT 10.0; WOW64) AppleWebKit/537.36 (KHTML, like Gecko) Chrome/55.0.2883.87 UBrowser/6.2.4098.3 Safari/537.36',
  'accept' => 'text/html,application/xhtml+xml,application/xml;q=0.9,image/webp,*/*;q=0.8',
  'accept-encoding' => 'gzip, deflate',
  'accept-language' => 'zh-CN,zh;q=0.8',
  'cookie' => 'thinkphp_show_page_trace=0|0; cart=think%3A%5B%5D',
)
[ info ] [ PARAM ] array (
)
[ info ] [ DB ] INIT mysql
[ info ] [ CACHE ] INIT File
[ info ] [ RUN ] app\wed\controller\Home->index[ D:\Web\www.akali.com\application\wed\controller\Home.php ]
[ info ] [ LOG ] INIT File

---------------------------------------------------------------
[ 2019-09-02T14:42:03+08:00 ] 127.0.0.1 127.0.0.1 POST /wed/cart/ajaxgetcount.html
[ log ] www.akali.com/wed/cart/ajaxgetcount.html [运行时间：0.003180s][吞吐率：314.46req/s] [内存消耗：456.92kb] [文件加载：62]
[ info ] [ LANG ] D:\Web\www.akali.com\thinkphp\lang\zh-cn.php
[ info ] [ ROUTE ] array (
  'type' => 'module',
  'module' => 
  array (
    0 => 'wed',
    1 => 'cart',
    2 => 'ajaxgetcount',
  ),
)
[ info ] [ HEADER ] array (
  'host' => 'www.akali.com',
  'connection' => 'keep-alive',
  'content-length' => '0',
  'accept' => 'application/json, text/javascript, */*; q=0.01',
  'origin' => 'http://www.akali.com',
  'x-requested-with' => 'XMLHttpRequest',
  'user-agent' => 'Mozilla/5.0 (Windows NT 10.0; WOW64) AppleWebKit/537.36 (KHTML, like Gecko) Chrome/55.0.2883.87 UBrowser/6.2.4098.3 Safari/537.36',
  'referer' => 'http://www.akali.com/',
  'accept-encoding' => 'gzip, deflate',
  'accept-language' => 'zh-CN,zh;q=0.8',
  'cookie' => 'cart=think%3A%5B%5D; thinkphp_show_page_trace=0|0',
)
[ info ] [ PARAM ] array (
)
[ info ] [ DB ] INIT mysql
[ info ] [ CACHE ] INIT File
[ info ] [ RUN ] app\wed\controller\Cart->ajaxGetCount[ D:\Web\www.akali.com\application\wed\controller\Cart.php ]
[ info ] [ LOG ] INIT File

---------------------------------------------------------------
[ 2019-09-02T14:42:17+08:00 ] 127.0.0.1 127.0.0.1 GET /
[ log ] admin.akali.com/ [运行时间：0.114422s][吞吐率：8.74req/s] [内存消耗：350.52kb] [文件加载：53]
[ info ] [ LANG ] D:\Web\www.akali.com\thinkphp\lang\zh-cn.php
[ info ] [ BIND ] 'admin'
[ info ] [ ROUTE ] array (
  'type' => 'module',
  'module' => 
  array (
    0 => NULL,
    1 => 'home',
    2 => 'index',
  ),
  'convert' => false,
)
[ info ] [ HEADER ] array (
  'host' => 'admin.akali.com',
  'connection' => 'keep-alive',
  'upgrade-insecure-requests' => '1',
  'user-agent' => 'Mozilla/5.0 (Windows NT 10.0; WOW64) AppleWebKit/537.36 (KHTML, like Gecko) Chrome/55.0.2883.87 UBrowser/6.2.4098.3 Safari/537.36',
  'accept' => 'text/html,application/xhtml+xml,application/xml;q=0.9,image/webp,*/*;q=0.8',
  'accept-encoding' => 'gzip, deflate',
  'accept-language' => 'zh-CN,zh;q=0.8',
)
[ info ] [ PARAM ] array (
)
[ info ] [ SESSION ] INIT array (
  'id' => '',
  'var_session_id' => '',
  'prefix' => 'think',
  'type' => '',
  'auto_start' => true,
)
[ info ] [ VIEW ] D:\Web\www.akali.com\thinkphp\tpl\dispatch_jump.tpl [ array (
  0 => 'code',
  1 => 'msg',
  2 => 'data',
  3 => 'url',
  4 => 'wait',
) ]
[ info ] [ LOG ] INIT File

---------------------------------------------------------------
[ 2019-09-02T14:42:20+08:00 ] 127.0.0.1 127.0.0.1 GET /login/index.html
[ log ] admin.akali.com/login/index.html [运行时间：0.050501s][吞吐率：19.80req/s] [内存消耗：348.15kb] [文件加载：52]
[ info ] [ LANG ] D:\Web\www.akali.com\thinkphp\lang\zh-cn.php
[ info ] [ BIND ] 'admin'
[ info ] [ ROUTE ] array (
  'type' => 'module',
  'module' => 
  array (
    0 => 'admin',
    1 => 'login',
    2 => 'index',
  ),
)
[ info ] [ HEADER ] array (
  'host' => 'admin.akali.com',
  'connection' => 'keep-alive',
  'upgrade-insecure-requests' => '1',
  'user-agent' => 'Mozilla/5.0 (Windows NT 10.0; WOW64) AppleWebKit/537.36 (KHTML, like Gecko) Chrome/55.0.2883.87 UBrowser/6.2.4098.3 Safari/537.36',
  'accept' => 'text/html,application/xhtml+xml,application/xml;q=0.9,image/webp,*/*;q=0.8',
  'referer' => 'http://admin.akali.com/',
  'accept-encoding' => 'gzip, deflate',
  'accept-language' => 'zh-CN,zh;q=0.8',
  'cookie' => 'PHPSESSID=opva3h9iq0e6usnpqd3l1kosap; thinkphp_show_page_trace=0|0',
)
[ info ] [ PARAM ] array (
)
[ info ] [ RUN ] app\admin\controller\Login->index[ D:\Web\www.akali.com\application\admin\controller\Login.php ]
[ info ] [ VIEW ] D:\Web\www.akali.com\public/../application/admin\view\login\index.html [ array (
) ]
[ info ] [ LOG ] INIT File

---------------------------------------------------------------
[ 2019-09-02T14:42:20+08:00 ] 127.0.0.1 127.0.0.1 GET /captcha.html
[ log ] admin.akali.com/captcha.html [运行时间：0.070691s][吞吐率：14.15req/s] [内存消耗：254.43kb] [文件加载：40]
[ info ] [ LANG ] D:\Web\www.akali.com\thinkphp\lang\zh-cn.php
[ info ] [ BIND ] 'admin'
[ info ] [ ROUTE ] array (
  'type' => 'method',
  'method' => 
  array (
    0 => '\\think\\captcha\\CaptchaController',
    1 => 'index',
  ),
  'var' => 
  array (
  ),
)
[ info ] [ HEADER ] array (
  'host' => 'admin.akali.com',
  'connection' => 'keep-alive',
  'user-agent' => 'Mozilla/5.0 (Windows NT 10.0; WOW64) AppleWebKit/537.36 (KHTML, like Gecko) Chrome/55.0.2883.87 UBrowser/6.2.4098.3 Safari/537.36',
  'accept' => 'image/webp,image/*,*/*;q=0.8',
  'referer' => 'http://admin.akali.com/login/index.html',
  'accept-encoding' => 'gzip, deflate',
  'accept-language' => 'zh-CN,zh;q=0.8',
  'cookie' => 'PHPSESSID=opva3h9iq0e6usnpqd3l1kosap; thinkphp_show_page_trace=0|0',
)
[ info ] [ PARAM ] array (
  'id' => '',
)
[ info ] [ RUN ] think\captcha\CaptchaController->index[ D:\Web\www.akali.com\vendor\topthink\think-captcha\src\CaptchaController.php ]
[ info ] [ SESSION ] INIT array (
  'id' => '',
  'var_session_id' => '',
  'prefix' => 'think',
  'type' => '',
  'auto_start' => true,
)
[ info ] [ LOG ] INIT File

---------------------------------------------------------------
[ 2019-09-02T14:42:30+08:00 ] 127.0.0.1 127.0.0.1 GET /login/index.html
[ log ] admin.akali.com/login/index.html [运行时间：0.005337s][吞吐率：187.37req/s] [内存消耗：347.20kb] [文件加载：52]
[ info ] [ LANG ] D:\Web\www.akali.com\thinkphp\lang\zh-cn.php
[ info ] [ BIND ] 'admin'
[ info ] [ ROUTE ] array (
  'type' => 'module',
  'module' => 
  array (
    0 => 'admin',
    1 => 'login',
    2 => 'index',
  ),
)
[ info ] [ HEADER ] array (
  'host' => 'admin.akali.com',
  'connection' => 'keep-alive',
  'cache-control' => 'max-age=0',
  'upgrade-insecure-requests' => '1',
  'user-agent' => 'Mozilla/5.0 (Windows NT 10.0; WOW64) AppleWebKit/537.36 (KHTML, like Gecko) Chrome/55.0.2883.87 UBrowser/6.2.4098.3 Safari/537.36',
  'accept' => 'text/html,application/xhtml+xml,application/xml;q=0.9,image/webp,*/*;q=0.8',
  'referer' => 'http://admin.akali.com/',
  'accept-encoding' => 'gzip, deflate',
  'accept-language' => 'zh-CN,zh;q=0.8',
  'cookie' => 'thinkphp_show_page_trace=0|0; PHPSESSID=opva3h9iq0e6usnpqd3l1kosap; thinkphp_show_page_trace=0|0',
)
[ info ] [ PARAM ] array (
)
[ info ] [ RUN ] app\admin\controller\Login->index[ D:\Web\www.akali.com\application\admin\controller\Login.php ]
[ info ] [ VIEW ] D:\Web\www.akali.com\public/../application/admin\view\login\index.html [ array (
) ]
[ info ] [ LOG ] INIT File

---------------------------------------------------------------
[ 2019-09-02T14:42:30+08:00 ] 127.0.0.1 127.0.0.1 GET /captcha.html
[ log ] admin.akali.com/captcha.html [运行时间：0.023575s][吞吐率：42.42req/s] [内存消耗：253.38kb] [文件加载：40]
[ info ] [ LANG ] D:\Web\www.akali.com\thinkphp\lang\zh-cn.php
[ info ] [ BIND ] 'admin'
[ info ] [ ROUTE ] array (
  'type' => 'method',
  'method' => 
  array (
    0 => '\\think\\captcha\\CaptchaController',
    1 => 'index',
  ),
  'var' => 
  array (
  ),
)
[ info ] [ HEADER ] array (
  'host' => 'admin.akali.com',
  'connection' => 'keep-alive',
  'user-agent' => 'Mozilla/5.0 (Windows NT 10.0; WOW64) AppleWebKit/537.36 (KHTML, like Gecko) Chrome/55.0.2883.87 UBrowser/6.2.4098.3 Safari/537.36',
  'accept' => 'image/webp,image/*,*/*;q=0.8',
  'referer' => 'http://admin.akali.com/login/index.html',
  'accept-encoding' => 'gzip, deflate',
  'accept-language' => 'zh-CN,zh;q=0.8',
  'cookie' => 'PHPSESSID=opva3h9iq0e6usnpqd3l1kosap; thinkphp_show_page_trace=0|0',
)
[ info ] [ PARAM ] array (
  'id' => '',
)
[ info ] [ RUN ] think\captcha\CaptchaController->index[ D:\Web\www.akali.com\vendor\topthink\think-captcha\src\CaptchaController.php ]
[ info ] [ SESSION ] INIT array (
  'id' => '',
  'var_session_id' => '',
  'prefix' => 'think',
  'type' => '',
  'auto_start' => true,
)
[ info ] [ LOG ] INIT File

---------------------------------------------------------------
[ 2019-09-02T14:42:30+08:00 ] 127.0.0.1 127.0.0.1 GET /login/index.html
[ log ] admin.akali.com/login/index.html [运行时间：0.003761s][吞吐率：265.88req/s] [内存消耗：347.20kb] [文件加载：52]
[ info ] [ LANG ] D:\Web\www.akali.com\thinkphp\lang\zh-cn.php
[ info ] [ BIND ] 'admin'
[ info ] [ ROUTE ] array (
  'type' => 'module',
  'module' => 
  array (
    0 => 'admin',
    1 => 'login',
    2 => 'index',
  ),
)
[ info ] [ HEADER ] array (
  'host' => 'admin.akali.com',
  'connection' => 'keep-alive',
  'cache-control' => 'max-age=0',
  'upgrade-insecure-requests' => '1',
  'user-agent' => 'Mozilla/5.0 (Windows NT 10.0; WOW64) AppleWebKit/537.36 (KHTML, like Gecko) Chrome/55.0.2883.87 UBrowser/6.2.4098.3 Safari/537.36',
  'accept' => 'text/html,application/xhtml+xml,application/xml;q=0.9,image/webp,*/*;q=0.8',
  'referer' => 'http://admin.akali.com/',
  'accept-encoding' => 'gzip, deflate',
  'accept-language' => 'zh-CN,zh;q=0.8',
  'cookie' => 'thinkphp_show_page_trace=0|0; PHPSESSID=opva3h9iq0e6usnpqd3l1kosap; thinkphp_show_page_trace=0|0',
)
[ info ] [ PARAM ] array (
)
[ info ] [ RUN ] app\admin\controller\Login->index[ D:\Web\www.akali.com\application\admin\controller\Login.php ]
[ info ] [ VIEW ] D:\Web\www.akali.com\public/../application/admin\view\login\index.html [ array (
) ]
[ info ] [ LOG ] INIT File

---------------------------------------------------------------
[ 2019-09-02T14:42:30+08:00 ] 127.0.0.1 127.0.0.1 GET /captcha.html
[ log ] admin.akali.com/captcha.html [运行时间：0.008223s][吞吐率：121.61req/s] [内存消耗：253.38kb] [文件加载：40]
[ info ] [ LANG ] D:\Web\www.akali.com\thinkphp\lang\zh-cn.php
[ info ] [ BIND ] 'admin'
[ info ] [ ROUTE ] array (
  'type' => 'method',
  'method' => 
  array (
    0 => '\\think\\captcha\\CaptchaController',
    1 => 'index',
  ),
  'var' => 
  array (
  ),
)
[ info ] [ HEADER ] array (
  'host' => 'admin.akali.com',
  'connection' => 'keep-alive',
  'user-agent' => 'Mozilla/5.0 (Windows NT 10.0; WOW64) AppleWebKit/537.36 (KHTML, like Gecko) Chrome/55.0.2883.87 UBrowser/6.2.4098.3 Safari/537.36',
  'accept' => 'image/webp,image/*,*/*;q=0.8',
  'referer' => 'http://admin.akali.com/login/index.html',
  'accept-encoding' => 'gzip, deflate',
  'accept-language' => 'zh-CN,zh;q=0.8',
  'cookie' => 'PHPSESSID=opva3h9iq0e6usnpqd3l1kosap; thinkphp_show_page_trace=0|0',
)
[ info ] [ PARAM ] array (
  'id' => '',
)
[ info ] [ RUN ] think\captcha\CaptchaController->index[ D:\Web\www.akali.com\vendor\topthink\think-captcha\src\CaptchaController.php ]
[ info ] [ SESSION ] INIT array (
  'id' => '',
  'var_session_id' => '',
  'prefix' => 'think',
  'type' => '',
  'auto_start' => true,
)
[ info ] [ LOG ] INIT File

---------------------------------------------------------------
[ 2019-09-02T14:42:47+08:00 ] 127.0.0.1 127.0.0.1 GET /login/index.html
[ log ] admin.akali.com/login/index.html [运行时间：0.016278s][吞吐率：61.43req/s] [内存消耗：347.20kb] [文件加载：52]
[ info ] [ LANG ] D:\Web\www.akali.com\thinkphp\lang\zh-cn.php
[ info ] [ BIND ] 'admin'
[ info ] [ ROUTE ] array (
  'type' => 'module',
  'module' => 
  array (
    0 => 'admin',
    1 => 'login',
    2 => 'index',
  ),
)
[ info ] [ HEADER ] array (
  'host' => 'admin.akali.com',
  'connection' => 'keep-alive',
  'cache-control' => 'max-age=0',
  'upgrade-insecure-requests' => '1',
  'user-agent' => 'Mozilla/5.0 (Windows NT 10.0; WOW64) AppleWebKit/537.36 (KHTML, like Gecko) Chrome/55.0.2883.87 UBrowser/6.2.4098.3 Safari/537.36',
  'accept' => 'text/html,application/xhtml+xml,application/xml;q=0.9,image/webp,*/*;q=0.8',
  'referer' => 'http://admin.akali.com/',
  'accept-encoding' => 'gzip, deflate',
  'accept-language' => 'zh-CN,zh;q=0.8',
  'cookie' => 'thinkphp_show_page_trace=0|0; PHPSESSID=opva3h9iq0e6usnpqd3l1kosap; thinkphp_show_page_trace=0|0',
)
[ info ] [ PARAM ] array (
)
[ info ] [ RUN ] app\admin\controller\Login->index[ D:\Web\www.akali.com\application\admin\controller\Login.php ]
[ info ] [ VIEW ] D:\Web\www.akali.com\public/../application/admin\view\login\index.html [ array (
) ]
[ info ] [ LOG ] INIT File

---------------------------------------------------------------
[ 2019-09-02T14:42:47+08:00 ] 127.0.0.1 127.0.0.1 GET /captcha.html
[ log ] admin.akali.com/captcha.html [运行时间：0.005577s][吞吐率：179.31req/s] [内存消耗：253.38kb] [文件加载：40]
[ info ] [ LANG ] D:\Web\www.akali.com\thinkphp\lang\zh-cn.php
[ info ] [ BIND ] 'admin'
[ info ] [ ROUTE ] array (
  'type' => 'method',
  'method' => 
  array (
    0 => '\\think\\captcha\\CaptchaController',
    1 => 'index',
  ),
  'var' => 
  array (
  ),
)
[ info ] [ HEADER ] array (
  'host' => 'admin.akali.com',
  'connection' => 'keep-alive',
  'user-agent' => 'Mozilla/5.0 (Windows NT 10.0; WOW64) AppleWebKit/537.36 (KHTML, like Gecko) Chrome/55.0.2883.87 UBrowser/6.2.4098.3 Safari/537.36',
  'accept' => 'image/webp,image/*,*/*;q=0.8',
  'referer' => 'http://admin.akali.com/login/index.html',
  'accept-encoding' => 'gzip, deflate',
  'accept-language' => 'zh-CN,zh;q=0.8',
  'cookie' => 'PHPSESSID=opva3h9iq0e6usnpqd3l1kosap; thinkphp_show_page_trace=0|0',
)
[ info ] [ PARAM ] array (
  'id' => '',
)
[ info ] [ RUN ] think\captcha\CaptchaController->index[ D:\Web\www.akali.com\vendor\topthink\think-captcha\src\CaptchaController.php ]
[ info ] [ SESSION ] INIT array (
  'id' => '',
  'var_session_id' => '',
  'prefix' => 'think',
  'type' => '',
  'auto_start' => true,
)
[ info ] [ LOG ] INIT File

---------------------------------------------------------------
[ 2019-09-02T14:42:47+08:00 ] 127.0.0.1 127.0.0.1 GET /login/index.html
[ log ] admin.akali.com/login/index.html [运行时间：0.003607s][吞吐率：277.24req/s] [内存消耗：347.20kb] [文件加载：52]
[ info ] [ LANG ] D:\Web\www.akali.com\thinkphp\lang\zh-cn.php
[ info ] [ BIND ] 'admin'
[ info ] [ ROUTE ] array (
  'type' => 'module',
  'module' => 
  array (
    0 => 'admin',
    1 => 'login',
    2 => 'index',
  ),
)
[ info ] [ HEADER ] array (
  'host' => 'admin.akali.com',
  'connection' => 'keep-alive',
  'cache-control' => 'max-age=0',
  'upgrade-insecure-requests' => '1',
  'user-agent' => 'Mozilla/5.0 (Windows NT 10.0; WOW64) AppleWebKit/537.36 (KHTML, like Gecko) Chrome/55.0.2883.87 UBrowser/6.2.4098.3 Safari/537.36',
  'accept' => 'text/html,application/xhtml+xml,application/xml;q=0.9,image/webp,*/*;q=0.8',
  'referer' => 'http://admin.akali.com/',
  'accept-encoding' => 'gzip, deflate',
  'accept-language' => 'zh-CN,zh;q=0.8',
  'cookie' => 'thinkphp_show_page_trace=0|0; PHPSESSID=opva3h9iq0e6usnpqd3l1kosap; thinkphp_show_page_trace=0|0',
)
[ info ] [ PARAM ] array (
)
[ info ] [ RUN ] app\admin\controller\Login->index[ D:\Web\www.akali.com\application\admin\controller\Login.php ]
[ info ] [ VIEW ] D:\Web\www.akali.com\public/../application/admin\view\login\index.html [ array (
) ]
[ info ] [ LOG ] INIT File

---------------------------------------------------------------
[ 2019-09-02T14:42:47+08:00 ] 127.0.0.1 127.0.0.1 GET /captcha.html
[ log ] admin.akali.com/captcha.html [运行时间：0.003582s][吞吐率：279.17req/s] [内存消耗：253.38kb] [文件加载：40]
[ info ] [ LANG ] D:\Web\www.akali.com\thinkphp\lang\zh-cn.php
[ info ] [ BIND ] 'admin'
[ info ] [ ROUTE ] array (
  'type' => 'method',
  'method' => 
  array (
    0 => '\\think\\captcha\\CaptchaController',
    1 => 'index',
  ),
  'var' => 
  array (
  ),
)
[ info ] [ HEADER ] array (
  'host' => 'admin.akali.com',
  'connection' => 'keep-alive',
  'user-agent' => 'Mozilla/5.0 (Windows NT 10.0; WOW64) AppleWebKit/537.36 (KHTML, like Gecko) Chrome/55.0.2883.87 UBrowser/6.2.4098.3 Safari/537.36',
  'accept' => 'image/webp,image/*,*/*;q=0.8',
  'referer' => 'http://admin.akali.com/login/index.html',
  'accept-encoding' => 'gzip, deflate',
  'accept-language' => 'zh-CN,zh;q=0.8',
  'cookie' => 'PHPSESSID=opva3h9iq0e6usnpqd3l1kosap; thinkphp_show_page_trace=0|0',
)
[ info ] [ PARAM ] array (
  'id' => '',
)
[ info ] [ RUN ] think\captcha\CaptchaController->index[ D:\Web\www.akali.com\vendor\topthink\think-captcha\src\CaptchaController.php ]
[ info ] [ SESSION ] INIT array (
  'id' => '',
  'var_session_id' => '',
  'prefix' => 'think',
  'type' => '',
  'auto_start' => true,
)
[ info ] [ LOG ] INIT File

---------------------------------------------------------------
[ 2019-09-02T14:42:48+08:00 ] 127.0.0.1 127.0.0.1 GET /login/index.html
[ log ] admin.akali.com/login/index.html [运行时间：0.003686s][吞吐率：271.30req/s] [内存消耗：347.20kb] [文件加载：52]
[ info ] [ LANG ] D:\Web\www.akali.com\thinkphp\lang\zh-cn.php
[ info ] [ BIND ] 'admin'
[ info ] [ ROUTE ] array (
  'type' => 'module',
  'module' => 
  array (
    0 => 'admin',
    1 => 'login',
    2 => 'index',
  ),
)
[ info ] [ HEADER ] array (
  'host' => 'admin.akali.com',
  'connection' => 'keep-alive',
  'cache-control' => 'max-age=0',
  'upgrade-insecure-requests' => '1',
  'user-agent' => 'Mozilla/5.0 (Windows NT 10.0; WOW64) AppleWebKit/537.36 (KHTML, like Gecko) Chrome/55.0.2883.87 UBrowser/6.2.4098.3 Safari/537.36',
  'accept' => 'text/html,application/xhtml+xml,application/xml;q=0.9,image/webp,*/*;q=0.8',
  'referer' => 'http://admin.akali.com/',
  'accept-encoding' => 'gzip, deflate',
  'accept-language' => 'zh-CN,zh;q=0.8',
  'cookie' => 'thinkphp_show_page_trace=0|0; PHPSESSID=opva3h9iq0e6usnpqd3l1kosap; thinkphp_show_page_trace=0|0',
)
[ info ] [ PARAM ] array (
)
[ info ] [ RUN ] app\admin\controller\Login->index[ D:\Web\www.akali.com\application\admin\controller\Login.php ]
[ info ] [ VIEW ] D:\Web\www.akali.com\public/../application/admin\view\login\index.html [ array (
) ]
[ info ] [ LOG ] INIT File

---------------------------------------------------------------
[ 2019-09-02T14:42:48+08:00 ] 127.0.0.1 127.0.0.1 GET /captcha.html
[ log ] admin.akali.com/captcha.html [运行时间：0.009941s][吞吐率：100.59req/s] [内存消耗：253.38kb] [文件加载：40]
[ info ] [ LANG ] D:\Web\www.akali.com\thinkphp\lang\zh-cn.php
[ info ] [ BIND ] 'admin'
[ info ] [ ROUTE ] array (
  'type' => 'method',
  'method' => 
  array (
    0 => '\\think\\captcha\\CaptchaController',
    1 => 'index',
  ),
  'var' => 
  array (
  ),
)
[ info ] [ HEADER ] array (
  'host' => 'admin.akali.com',
  'connection' => 'keep-alive',
  'user-agent' => 'Mozilla/5.0 (Windows NT 10.0; WOW64) AppleWebKit/537.36 (KHTML, like Gecko) Chrome/55.0.2883.87 UBrowser/6.2.4098.3 Safari/537.36',
  'accept' => 'image/webp,image/*,*/*;q=0.8',
  'referer' => 'http://admin.akali.com/login/index.html',
  'accept-encoding' => 'gzip, deflate',
  'accept-language' => 'zh-CN,zh;q=0.8',
  'cookie' => 'PHPSESSID=opva3h9iq0e6usnpqd3l1kosap; thinkphp_show_page_trace=0|0',
)
[ info ] [ PARAM ] array (
  'id' => '',
)
[ info ] [ RUN ] think\captcha\CaptchaController->index[ D:\Web\www.akali.com\vendor\topthink\think-captcha\src\CaptchaController.php ]
[ info ] [ SESSION ] INIT array (
  'id' => '',
  'var_session_id' => '',
  'prefix' => 'think',
  'type' => '',
  'auto_start' => true,
)
[ info ] [ LOG ] INIT File

---------------------------------------------------------------
[ 2019-09-02T14:42:48+08:00 ] 127.0.0.1 127.0.0.1 GET /login/index.html
[ log ] admin.akali.com/login/index.html [运行时间：0.006138s][吞吐率：162.92req/s] [内存消耗：347.20kb] [文件加载：52]
[ info ] [ LANG ] D:\Web\www.akali.com\thinkphp\lang\zh-cn.php
[ info ] [ BIND ] 'admin'
[ info ] [ ROUTE ] array (
  'type' => 'module',
  'module' => 
  array (
    0 => 'admin',
    1 => 'login',
    2 => 'index',
  ),
)
[ info ] [ HEADER ] array (
  'host' => 'admin.akali.com',
  'connection' => 'keep-alive',
  'cache-control' => 'max-age=0',
  'upgrade-insecure-requests' => '1',
  'user-agent' => 'Mozilla/5.0 (Windows NT 10.0; WOW64) AppleWebKit/537.36 (KHTML, like Gecko) Chrome/55.0.2883.87 UBrowser/6.2.4098.3 Safari/537.36',
  'accept' => 'text/html,application/xhtml+xml,application/xml;q=0.9,image/webp,*/*;q=0.8',
  'referer' => 'http://admin.akali.com/',
  'accept-encoding' => 'gzip, deflate',
  'accept-language' => 'zh-CN,zh;q=0.8',
  'cookie' => 'thinkphp_show_page_trace=0|0; PHPSESSID=opva3h9iq0e6usnpqd3l1kosap; thinkphp_show_page_trace=0|0',
)
[ info ] [ PARAM ] array (
)
[ info ] [ RUN ] app\admin\controller\Login->index[ D:\Web\www.akali.com\application\admin\controller\Login.php ]
[ info ] [ VIEW ] D:\Web\www.akali.com\public/../application/admin\view\login\index.html [ array (
) ]
[ info ] [ LOG ] INIT File

---------------------------------------------------------------
[ 2019-09-02T14:42:48+08:00 ] 127.0.0.1 127.0.0.1 GET /captcha.html
[ log ] admin.akali.com/captcha.html [运行时间：0.003381s][吞吐率：295.77req/s] [内存消耗：253.38kb] [文件加载：40]
[ info ] [ LANG ] D:\Web\www.akali.com\thinkphp\lang\zh-cn.php
[ info ] [ BIND ] 'admin'
[ info ] [ ROUTE ] array (
  'type' => 'method',
  'method' => 
  array (
    0 => '\\think\\captcha\\CaptchaController',
    1 => 'index',
  ),
  'var' => 
  array (
  ),
)
[ info ] [ HEADER ] array (
  'host' => 'admin.akali.com',
  'connection' => 'keep-alive',
  'user-agent' => 'Mozilla/5.0 (Windows NT 10.0; WOW64) AppleWebKit/537.36 (KHTML, like Gecko) Chrome/55.0.2883.87 UBrowser/6.2.4098.3 Safari/537.36',
  'accept' => 'image/webp,image/*,*/*;q=0.8',
  'referer' => 'http://admin.akali.com/login/index.html',
  'accept-encoding' => 'gzip, deflate',
  'accept-language' => 'zh-CN,zh;q=0.8',
  'cookie' => 'PHPSESSID=opva3h9iq0e6usnpqd3l1kosap; thinkphp_show_page_trace=0|0',
)
[ info ] [ PARAM ] array (
  'id' => '',
)
[ info ] [ RUN ] think\captcha\CaptchaController->index[ D:\Web\www.akali.com\vendor\topthink\think-captcha\src\CaptchaController.php ]
[ info ] [ SESSION ] INIT array (
  'id' => '',
  'var_session_id' => '',
  'prefix' => 'think',
  'type' => '',
  'auto_start' => true,
)
[ info ] [ LOG ] INIT File

---------------------------------------------------------------
[ 2019-09-02T14:42:48+08:00 ] 127.0.0.1 127.0.0.1 GET /login/index.html
[ log ] admin.akali.com/login/index.html [运行时间：0.003693s][吞吐率：270.77req/s] [内存消耗：347.20kb] [文件加载：52]
[ info ] [ LANG ] D:\Web\www.akali.com\thinkphp\lang\zh-cn.php
[ info ] [ BIND ] 'admin'
[ info ] [ ROUTE ] array (
  'type' => 'module',
  'module' => 
  array (
    0 => 'admin',
    1 => 'login',
    2 => 'index',
  ),
)
[ info ] [ HEADER ] array (
  'host' => 'admin.akali.com',
  'connection' => 'keep-alive',
  'cache-control' => 'max-age=0',
  'upgrade-insecure-requests' => '1',
  'user-agent' => 'Mozilla/5.0 (Windows NT 10.0; WOW64) AppleWebKit/537.36 (KHTML, like Gecko) Chrome/55.0.2883.87 UBrowser/6.2.4098.3 Safari/537.36',
  'accept' => 'text/html,application/xhtml+xml,application/xml;q=0.9,image/webp,*/*;q=0.8',
  'referer' => 'http://admin.akali.com/',
  'accept-encoding' => 'gzip, deflate',
  'accept-language' => 'zh-CN,zh;q=0.8',
  'cookie' => 'thinkphp_show_page_trace=0|0; PHPSESSID=opva3h9iq0e6usnpqd3l1kosap; thinkphp_show_page_trace=0|0',
)
[ info ] [ PARAM ] array (
)
[ info ] [ RUN ] app\admin\controller\Login->index[ D:\Web\www.akali.com\application\admin\controller\Login.php ]
[ info ] [ VIEW ] D:\Web\www.akali.com\public/../application/admin\view\login\index.html [ array (
) ]
[ info ] [ LOG ] INIT File

---------------------------------------------------------------
[ 2019-09-02T14:42:48+08:00 ] 127.0.0.1 127.0.0.1 GET /captcha.html
[ log ] admin.akali.com/captcha.html [运行时间：0.003298s][吞吐率：303.21req/s] [内存消耗：253.38kb] [文件加载：40]
[ info ] [ LANG ] D:\Web\www.akali.com\thinkphp\lang\zh-cn.php
[ info ] [ BIND ] 'admin'
[ info ] [ ROUTE ] array (
  'type' => 'method',
  'method' => 
  array (
    0 => '\\think\\captcha\\CaptchaController',
    1 => 'index',
  ),
  'var' => 
  array (
  ),
)
[ info ] [ HEADER ] array (
  'host' => 'admin.akali.com',
  'connection' => 'keep-alive',
  'user-agent' => 'Mozilla/5.0 (Windows NT 10.0; WOW64) AppleWebKit/537.36 (KHTML, like Gecko) Chrome/55.0.2883.87 UBrowser/6.2.4098.3 Safari/537.36',
  'accept' => 'image/webp,image/*,*/*;q=0.8',
  'referer' => 'http://admin.akali.com/login/index.html',
  'accept-encoding' => 'gzip, deflate',
  'accept-language' => 'zh-CN,zh;q=0.8',
  'cookie' => 'PHPSESSID=opva3h9iq0e6usnpqd3l1kosap; thinkphp_show_page_trace=0|0',
)
[ info ] [ PARAM ] array (
  'id' => '',
)
[ info ] [ RUN ] think\captcha\CaptchaController->index[ D:\Web\www.akali.com\vendor\topthink\think-captcha\src\CaptchaController.php ]
[ info ] [ SESSION ] INIT array (
  'id' => '',
  'var_session_id' => '',
  'prefix' => 'think',
  'type' => '',
  'auto_start' => true,
)
[ info ] [ LOG ] INIT File

---------------------------------------------------------------
[ 2019-09-02T14:43:01+08:00 ] 127.0.0.1 127.0.0.1 GET /
[ log ] www.akali.com/ [运行时间：0.023710s][吞吐率：42.18req/s] [内存消耗：579.98kb] [文件加载：61]
[ info ] [ LANG ] D:\Web\www.akali.com\thinkphp\lang\zh-cn.php
[ info ] [ ROUTE ] array (
  'type' => 'module',
  'module' => 
  array (
    0 => NULL,
    1 => 'home',
    2 => 'index',
  ),
  'convert' => false,
)
[ info ] [ HEADER ] array (
  'host' => 'www.akali.com',
  'connection' => 'keep-alive',
  'upgrade-insecure-requests' => '1',
  'user-agent' => 'Mozilla/5.0 (Windows NT 10.0; WOW64) AppleWebKit/537.36 (KHTML, like Gecko) Chrome/55.0.2883.87 UBrowser/6.2.4098.3 Safari/537.36',
  'accept' => 'text/html,application/xhtml+xml,application/xml;q=0.9,image/webp,*/*;q=0.8',
  'accept-encoding' => 'gzip, deflate',
  'accept-language' => 'zh-CN,zh;q=0.8',
  'cookie' => 'thinkphp_show_page_trace=0|0; cart=think%3A%5B%5D',
)
[ info ] [ PARAM ] array (
)
[ info ] [ DB ] INIT mysql
[ info ] [ CACHE ] INIT File
[ info ] [ RUN ] app\wed\controller\Home->index[ D:\Web\www.akali.com\application\wed\controller\Home.php ]
[ info ] [ LOG ] INIT File

---------------------------------------------------------------
[ 2019-09-02T14:43:01+08:00 ] 127.0.0.1 127.0.0.1 POST /wed/cart/ajaxgetcount.html
[ log ] www.akali.com/wed/cart/ajaxgetcount.html [运行时间：0.004466s][吞吐率：223.91req/s] [内存消耗：456.92kb] [文件加载：62]
[ info ] [ LANG ] D:\Web\www.akali.com\thinkphp\lang\zh-cn.php
[ info ] [ ROUTE ] array (
  'type' => 'module',
  'module' => 
  array (
    0 => 'wed',
    1 => 'cart',
    2 => 'ajaxgetcount',
  ),
)
[ info ] [ HEADER ] array (
  'host' => 'www.akali.com',
  'connection' => 'keep-alive',
  'content-length' => '0',
  'accept' => 'application/json, text/javascript, */*; q=0.01',
  'origin' => 'http://www.akali.com',
  'x-requested-with' => 'XMLHttpRequest',
  'user-agent' => 'Mozilla/5.0 (Windows NT 10.0; WOW64) AppleWebKit/537.36 (KHTML, like Gecko) Chrome/55.0.2883.87 UBrowser/6.2.4098.3 Safari/537.36',
  'referer' => 'http://www.akali.com/',
  'accept-encoding' => 'gzip, deflate',
  'accept-language' => 'zh-CN,zh;q=0.8',
  'cookie' => 'cart=think%3A%5B%5D; thinkphp_show_page_trace=0|0',
)
[ info ] [ PARAM ] array (
)
[ info ] [ DB ] INIT mysql
[ info ] [ CACHE ] INIT File
[ info ] [ RUN ] app\wed\controller\Cart->ajaxGetCount[ D:\Web\www.akali.com\application\wed\controller\Cart.php ]
[ info ] [ LOG ] INIT File

---------------------------------------------------------------
[ 2019-09-02T14:43:07+08:00 ] 127.0.0.1 127.0.0.1 GET /
[ log ] www.akali.com/ [运行时间：0.023658s][吞吐率：42.27req/s] [内存消耗：580.38kb] [文件加载：61]
[ info ] [ LANG ] D:\Web\www.akali.com\thinkphp\lang\zh-cn.php
[ info ] [ ROUTE ] array (
  'type' => 'module',
  'module' => 
  array (
    0 => NULL,
    1 => 'home',
    2 => 'index',
  ),
  'convert' => false,
)
[ info ] [ HEADER ] array (
  'host' => 'www.akali.com',
  'connection' => 'keep-alive',
  'cache-control' => 'max-age=0',
  'upgrade-insecure-requests' => '1',
  'user-agent' => 'Mozilla/5.0 (Windows NT 10.0; WOW64) AppleWebKit/537.36 (KHTML, like Gecko) Chrome/55.0.2883.87 UBrowser/6.2.4098.3 Safari/537.36',
  'accept' => 'text/html,application/xhtml+xml,application/xml;q=0.9,image/webp,*/*;q=0.8',
  'accept-encoding' => 'gzip, deflate',
  'accept-language' => 'zh-CN,zh;q=0.8',
  'cookie' => 'thinkphp_show_page_trace=0|0; cart=think%3A%5B%5D',
)
[ info ] [ PARAM ] array (
)
[ info ] [ DB ] INIT mysql
[ info ] [ CACHE ] INIT File
[ info ] [ RUN ] app\wed\controller\Home->index[ D:\Web\www.akali.com\application\wed\controller\Home.php ]
[ info ] [ LOG ] INIT File

---------------------------------------------------------------
[ 2019-09-02T14:43:07+08:00 ] 127.0.0.1 127.0.0.1 POST /wed/cart/ajaxgetcount.html
[ log ] www.akali.com/wed/cart/ajaxgetcount.html [运行时间：0.004880s][吞吐率：204.91req/s] [内存消耗：456.92kb] [文件加载：62]
[ info ] [ LANG ] D:\Web\www.akali.com\thinkphp\lang\zh-cn.php
[ info ] [ ROUTE ] array (
  'type' => 'module',
  'module' => 
  array (
    0 => 'wed',
    1 => 'cart',
    2 => 'ajaxgetcount',
  ),
)
[ info ] [ HEADER ] array (
  'host' => 'www.akali.com',
  'connection' => 'keep-alive',
  'content-length' => '0',
  'accept' => 'application/json, text/javascript, */*; q=0.01',
  'origin' => 'http://www.akali.com',
  'x-requested-with' => 'XMLHttpRequest',
  'user-agent' => 'Mozilla/5.0 (Windows NT 10.0; WOW64) AppleWebKit/537.36 (KHTML, like Gecko) Chrome/55.0.2883.87 UBrowser/6.2.4098.3 Safari/537.36',
  'referer' => 'http://www.akali.com/',
  'accept-encoding' => 'gzip, deflate',
  'accept-language' => 'zh-CN,zh;q=0.8',
  'cookie' => 'cart=think%3A%5B%5D; thinkphp_show_page_trace=0|0',
)
[ info ] [ PARAM ] array (
)
[ info ] [ DB ] INIT mysql
[ info ] [ CACHE ] INIT File
[ info ] [ RUN ] app\wed\controller\Cart->ajaxGetCount[ D:\Web\www.akali.com\application\wed\controller\Cart.php ]
[ info ] [ LOG ] INIT File

---------------------------------------------------------------
[ 2019-09-02T14:43:07+08:00 ] 127.0.0.1 127.0.0.1 GET /
[ log ] www.akali.com/ [运行时间：0.010358s][吞吐率：96.54req/s] [内存消耗：580.38kb] [文件加载：61]
[ info ] [ LANG ] D:\Web\www.akali.com\thinkphp\lang\zh-cn.php
[ info ] [ ROUTE ] array (
  'type' => 'module',
  'module' => 
  array (
    0 => NULL,
    1 => 'home',
    2 => 'index',
  ),
  'convert' => false,
)
[ info ] [ HEADER ] array (
  'host' => 'www.akali.com',
  'connection' => 'keep-alive',
  'cache-control' => 'max-age=0',
  'upgrade-insecure-requests' => '1',
  'user-agent' => 'Mozilla/5.0 (Windows NT 10.0; WOW64) AppleWebKit/537.36 (KHTML, like Gecko) Chrome/55.0.2883.87 UBrowser/6.2.4098.3 Safari/537.36',
  'accept' => 'text/html,application/xhtml+xml,application/xml;q=0.9,image/webp,*/*;q=0.8',
  'accept-encoding' => 'gzip, deflate',
  'accept-language' => 'zh-CN,zh;q=0.8',
  'cookie' => 'thinkphp_show_page_trace=0|0; cart=think%3A%5B%5D',
)
[ info ] [ PARAM ] array (
)
[ info ] [ DB ] INIT mysql
[ info ] [ CACHE ] INIT File
[ info ] [ RUN ] app\wed\controller\Home->index[ D:\Web\www.akali.com\application\wed\controller\Home.php ]
[ info ] [ LOG ] INIT File

---------------------------------------------------------------
[ 2019-09-02T14:43:07+08:00 ] 127.0.0.1 127.0.0.1 POST /wed/cart/ajaxgetcount.html
[ log ] www.akali.com/wed/cart/ajaxgetcount.html [运行时间：0.003180s][吞吐率：314.46req/s] [内存消耗：456.92kb] [文件加载：62]
[ info ] [ LANG ] D:\Web\www.akali.com\thinkphp\lang\zh-cn.php
[ info ] [ ROUTE ] array (
  'type' => 'module',
  'module' => 
  array (
    0 => 'wed',
    1 => 'cart',
    2 => 'ajaxgetcount',
  ),
)
[ info ] [ HEADER ] array (
  'host' => 'www.akali.com',
  'connection' => 'keep-alive',
  'content-length' => '0',
  'accept' => 'application/json, text/javascript, */*; q=0.01',
  'origin' => 'http://www.akali.com',
  'x-requested-with' => 'XMLHttpRequest',
  'user-agent' => 'Mozilla/5.0 (Windows NT 10.0; WOW64) AppleWebKit/537.36 (KHTML, like Gecko) Chrome/55.0.2883.87 UBrowser/6.2.4098.3 Safari/537.36',
  'referer' => 'http://www.akali.com/',
  'accept-encoding' => 'gzip, deflate',
  'accept-language' => 'zh-CN,zh;q=0.8',
  'cookie' => 'cart=think%3A%5B%5D; thinkphp_show_page_trace=0|0',
)
[ info ] [ PARAM ] array (
)
[ info ] [ DB ] INIT mysql
[ info ] [ CACHE ] INIT File
[ info ] [ RUN ] app\wed\controller\Cart->ajaxGetCount[ D:\Web\www.akali.com\application\wed\controller\Cart.php ]
[ info ] [ LOG ] INIT File

---------------------------------------------------------------
[ 2019-09-02T14:43:08+08:00 ] 127.0.0.1 127.0.0.1 GET /
[ log ] www.akali.com/ [运行时间：0.010756s][吞吐率：92.97req/s] [内存消耗：580.38kb] [文件加载：61]
[ info ] [ LANG ] D:\Web\www.akali.com\thinkphp\lang\zh-cn.php
[ info ] [ ROUTE ] array (
  'type' => 'module',
  'module' => 
  array (
    0 => NULL,
    1 => 'home',
    2 => 'index',
  ),
  'convert' => false,
)
[ info ] [ HEADER ] array (
  'host' => 'www.akali.com',
  'connection' => 'keep-alive',
  'cache-control' => 'max-age=0',
  'upgrade-insecure-requests' => '1',
  'user-agent' => 'Mozilla/5.0 (Windows NT 10.0; WOW64) AppleWebKit/537.36 (KHTML, like Gecko) Chrome/55.0.2883.87 UBrowser/6.2.4098.3 Safari/537.36',
  'accept' => 'text/html,application/xhtml+xml,application/xml;q=0.9,image/webp,*/*;q=0.8',
  'accept-encoding' => 'gzip, deflate',
  'accept-language' => 'zh-CN,zh;q=0.8',
  'cookie' => 'thinkphp_show_page_trace=0|0; cart=think%3A%5B%5D',
)
[ info ] [ PARAM ] array (
)
[ info ] [ DB ] INIT mysql
[ info ] [ CACHE ] INIT File
[ info ] [ RUN ] app\wed\controller\Home->index[ D:\Web\www.akali.com\application\wed\controller\Home.php ]
[ info ] [ LOG ] INIT File

---------------------------------------------------------------
[ 2019-09-02T14:43:08+08:00 ] 127.0.0.1 127.0.0.1 POST /wed/cart/ajaxgetcount.html
[ log ] www.akali.com/wed/cart/ajaxgetcount.html [运行时间：0.003394s][吞吐率：294.65req/s] [内存消耗：456.92kb] [文件加载：62]
[ info ] [ LANG ] D:\Web\www.akali.com\thinkphp\lang\zh-cn.php
[ info ] [ ROUTE ] array (
  'type' => 'module',
  'module' => 
  array (
    0 => 'wed',
    1 => 'cart',
    2 => 'ajaxgetcount',
  ),
)
[ info ] [ HEADER ] array (
  'host' => 'www.akali.com',
  'connection' => 'keep-alive',
  'content-length' => '0',
  'accept' => 'application/json, text/javascript, */*; q=0.01',
  'origin' => 'http://www.akali.com',
  'x-requested-with' => 'XMLHttpRequest',
  'user-agent' => 'Mozilla/5.0 (Windows NT 10.0; WOW64) AppleWebKit/537.36 (KHTML, like Gecko) Chrome/55.0.2883.87 UBrowser/6.2.4098.3 Safari/537.36',
  'referer' => 'http://www.akali.com/',
  'accept-encoding' => 'gzip, deflate',
  'accept-language' => 'zh-CN,zh;q=0.8',
  'cookie' => 'cart=think%3A%5B%5D; thinkphp_show_page_trace=0|0',
)
[ info ] [ PARAM ] array (
)
[ info ] [ DB ] INIT mysql
[ info ] [ CACHE ] INIT File
[ info ] [ RUN ] app\wed\controller\Cart->ajaxGetCount[ D:\Web\www.akali.com\application\wed\controller\Cart.php ]
[ info ] [ LOG ] INIT File

---------------------------------------------------------------
[ 2019-09-02T14:43:21+08:00 ] 127.0.0.1 127.0.0.1 GET /
[ log ] www.akali.com/ [运行时间：0.010526s][吞吐率：95.00req/s] [内存消耗：580.38kb] [文件加载：61]
[ info ] [ LANG ] D:\Web\www.akali.com\thinkphp\lang\zh-cn.php
[ info ] [ ROUTE ] array (
  'type' => 'module',
  'module' => 
  array (
    0 => NULL,
    1 => 'home',
    2 => 'index',
  ),
  'convert' => false,
)
[ info ] [ HEADER ] array (
  'host' => 'www.akali.com',
  'connection' => 'keep-alive',
  'cache-control' => 'max-age=0',
  'upgrade-insecure-requests' => '1',
  'user-agent' => 'Mozilla/5.0 (Windows NT 10.0; WOW64) AppleWebKit/537.36 (KHTML, like Gecko) Chrome/55.0.2883.87 UBrowser/6.2.4098.3 Safari/537.36',
  'accept' => 'text/html,application/xhtml+xml,application/xml;q=0.9,image/webp,*/*;q=0.8',
  'accept-encoding' => 'gzip, deflate',
  'accept-language' => 'zh-CN,zh;q=0.8',
  'cookie' => 'thinkphp_show_page_trace=0|0; cart=think%3A%5B%5D',
)
[ info ] [ PARAM ] array (
)
[ info ] [ DB ] INIT mysql
[ info ] [ CACHE ] INIT File
[ info ] [ RUN ] app\wed\controller\Home->index[ D:\Web\www.akali.com\application\wed\controller\Home.php ]
[ info ] [ LOG ] INIT File

---------------------------------------------------------------
[ 2019-09-02T14:43:21+08:00 ] 127.0.0.1 127.0.0.1 POST /wed/cart/ajaxgetcount.html
[ log ] www.akali.com/wed/cart/ajaxgetcount.html [运行时间：0.003291s][吞吐率：303.85req/s] [内存消耗：456.92kb] [文件加载：62]
[ info ] [ LANG ] D:\Web\www.akali.com\thinkphp\lang\zh-cn.php
[ info ] [ ROUTE ] array (
  'type' => 'module',
  'module' => 
  array (
    0 => 'wed',
    1 => 'cart',
    2 => 'ajaxgetcount',
  ),
)
[ info ] [ HEADER ] array (
  'host' => 'www.akali.com',
  'connection' => 'keep-alive',
  'content-length' => '0',
  'accept' => 'application/json, text/javascript, */*; q=0.01',
  'origin' => 'http://www.akali.com',
  'x-requested-with' => 'XMLHttpRequest',
  'user-agent' => 'Mozilla/5.0 (Windows NT 10.0; WOW64) AppleWebKit/537.36 (KHTML, like Gecko) Chrome/55.0.2883.87 UBrowser/6.2.4098.3 Safari/537.36',
  'referer' => 'http://www.akali.com/',
  'accept-encoding' => 'gzip, deflate',
  'accept-language' => 'zh-CN,zh;q=0.8',
  'cookie' => 'cart=think%3A%5B%5D; thinkphp_show_page_trace=0|0',
)
[ info ] [ PARAM ] array (
)
[ info ] [ DB ] INIT mysql
[ info ] [ CACHE ] INIT File
[ info ] [ RUN ] app\wed\controller\Cart->ajaxGetCount[ D:\Web\www.akali.com\application\wed\controller\Cart.php ]
[ info ] [ LOG ] INIT File

---------------------------------------------------------------
[ 2019-09-02T14:53:12+08:00 ] 127.0.0.1 127.0.0.1 GET /wed/goods/index.html?keywords=2016%E5%A4%8F%E6%96%B0%E6%AC%BE%E7%94%B7%E8%A3%85%E9%9F%A9%E7%89%88%E7%BD%91%E7%BA%B1%E4%B8%83%E5%88%86%E8%A2%96%E7%9F%AD
[ log ] www.akali.com/wed/goods/index.html?keywords=2016%E5%A4%8F%E6%96%B0%E6%AC%BE%E7%94%B7%E8%A3%85%E9%9F%A9%E7%89%88%E7%BD%91%E7%BA%B1%E4%B8%83%E5%88%86%E8%A2%96%E7%9F%AD [运行时间：0.623941s][吞吐率：1.60req/s] [内存消耗：1,113.60kb] [文件加载：71]
[ info ] [ LANG ] D:\Web\www.akali.com\thinkphp\lang\zh-cn.php
[ info ] [ ROUTE ] array (
  'type' => 'module',
  'module' => 
  array (
    0 => 'wed',
    1 => 'goods',
    2 => 'index',
  ),
)
[ info ] [ HEADER ] array (
  'host' => 'www.akali.com',
  'connection' => 'keep-alive',
  'upgrade-insecure-requests' => '1',
  'user-agent' => 'Mozilla/5.0 (Windows NT 10.0; WOW64) AppleWebKit/537.36 (KHTML, like Gecko) Chrome/55.0.2883.87 UBrowser/6.2.4098.3 Safari/537.36',
  'accept' => 'text/html,application/xhtml+xml,application/xml;q=0.9,image/webp,*/*;q=0.8',
  'referer' => 'http://www.akali.com/',
  'accept-encoding' => 'gzip, deflate',
  'accept-language' => 'zh-CN,zh;q=0.8',
  'cookie' => 'thinkphp_show_page_trace=0|0; cart=think%3A%5B%5D',
)
[ info ] [ PARAM ] array (
  'keywords' => '2016夏新款男装韩版网纱七分袖短',
)
[ info ] [ DB ] INIT mysql
[ info ] [ CACHE ] INIT File
[ info ] [ RUN ] app\wed\controller\Goods->index[ D:\Web\www.akali.com\application\wed\controller\Goods.php ]
[ info ] [ VIEW ] D:\Web\www.akali.com\public/../application/wed\view\goods\index.html [ array (
  0 => 'companyData',
  1 => 'headerNavHtml',
  2 => 'delai_cate_id',
  3 => 'data',
  4 => 'categoryNav',
) ]
[ info ] [ LOG ] INIT File
[ sql ] [ DB ] CONNECT:[ UseTime:0.002314s ] mysql:dbname=www_ruiwen_com;host=127.0.0.1;charset=utf8
[ sql ] [ SQL ] SHOW COLUMNS FROM `category` [ RunTime:0.041461s ]
[ sql ] [ SQL ] SELECT * FROM `category` [ RunTime:0.000208s ]
[ sql ] [ SQL ] SHOW COLUMNS FROM `goods` [ RunTime:0.039908s ]
[ sql ] [ SQL ] SHOW COLUMNS FROM `brand` [ RunTime:0.037394s ]
[ sql ] [ SQL ] SELECT `id` FROM `brand` WHERE  `brand_name` LIKE '%2016夏新款男装韩版网纱七分袖短%' [ RunTime:0.000255s ]
[ sql ] [ SQL ] SHOW COLUMNS FROM `goods_attr` [ RunTime:0.007280s ]
[ sql ] [ SQL ] SELECT `goods_id` FROM `goods_attr` WHERE  `attr_values` LIKE '2016夏新款男装韩版网纱七分袖短' [ RunTime:0.005005s ]
[ sql ] [ SQL ] SELECT * FROM `goods` WHERE  (  `goods_name` LIKE '%2016夏新款男装韩版网纱七分袖短%' ) [ RunTime:0.000225s ]
[ sql ] [ SQL ] SELECT * FROM `category` WHERE  `pid` = 0 [ RunTime:0.000158s ]

---------------------------------------------------------------
[ 2019-09-02T14:53:12+08:00 ] 127.0.0.1 127.0.0.1 POST /wed/cart/ajaxgetcount.html
[ log ] www.akali.com/wed/cart/ajaxgetcount.html [运行时间：0.013658s][吞吐率：73.22req/s] [内存消耗：457.39kb] [文件加载：62]
[ info ] [ LANG ] D:\Web\www.akali.com\thinkphp\lang\zh-cn.php
[ info ] [ ROUTE ] array (
  'type' => 'module',
  'module' => 
  array (
    0 => 'wed',
    1 => 'cart',
    2 => 'ajaxgetcount',
  ),
)
[ info ] [ HEADER ] array (
  'host' => 'www.akali.com',
  'connection' => 'keep-alive',
  'content-length' => '0',
  'accept' => 'application/json, text/javascript, */*; q=0.01',
  'origin' => 'http://www.akali.com',
  'x-requested-with' => 'XMLHttpRequest',
  'user-agent' => 'Mozilla/5.0 (Windows NT 10.0; WOW64) AppleWebKit/537.36 (KHTML, like Gecko) Chrome/55.0.2883.87 UBrowser/6.2.4098.3 Safari/537.36',
  'referer' => 'http://www.akali.com/wed/goods/index.html?keywords=2016%E5%A4%8F%E6%96%B0%E6%AC%BE%E7%94%B7%E8%A3%85%E9%9F%A9%E7%89%88%E7%BD%91%E7%BA%B1%E4%B8%83%E5%88%86%E8%A2%96%E7%9F%AD',
  'accept-encoding' => 'gzip, deflate',
  'accept-language' => 'zh-CN,zh;q=0.8',
  'cookie' => 'thinkphp_show_page_trace=0|0; cart=think%3A%5B%5D; seen=think%3A%5B%5D; like=think%3A%5B%5D',
)
[ info ] [ PARAM ] array (
)
[ info ] [ DB ] INIT mysql
[ info ] [ CACHE ] INIT File
[ info ] [ RUN ] app\wed\controller\Cart->ajaxGetCount[ D:\Web\www.akali.com\application\wed\controller\Cart.php ]
[ info ] [ LOG ] INIT File

---------------------------------------------------------------
[ 2019-09-02T14:53:14+08:00 ] 127.0.0.1 127.0.0.1 GET /goods/1.html
[ log ] www.akali.com/goods/1.html [运行时间：0.053896s][吞吐率：18.55req/s] [内存消耗：610.75kb] [文件加载：63]
[ info ] [ LANG ] D:\Web\www.akali.com\thinkphp\lang\zh-cn.php
[ info ] [ ROUTE ] array (
  'type' => 'module',
  'module' => 
  array (
    0 => 'wed',
    1 => 'goods',
    2 => 'product_center',
  ),
  'convert' => false,
)
[ info ] [ HEADER ] array (
  'host' => 'www.akali.com',
  'connection' => 'keep-alive',
  'upgrade-insecure-requests' => '1',
  'user-agent' => 'Mozilla/5.0 (Windows NT 10.0; WOW64) AppleWebKit/537.36 (KHTML, like Gecko) Chrome/55.0.2883.87 UBrowser/6.2.4098.3 Safari/537.36',
  'accept' => 'text/html,application/xhtml+xml,application/xml;q=0.9,image/webp,*/*;q=0.8',
  'referer' => 'http://www.akali.com/wed/goods/index.html?keywords=2016%E5%A4%8F%E6%96%B0%E6%AC%BE%E7%94%B7%E8%A3%85%E9%9F%A9%E7%89%88%E7%BD%91%E7%BA%B1%E4%B8%83%E5%88%86%E8%A2%96%E7%9F%AD',
  'accept-encoding' => 'gzip, deflate',
  'accept-language' => 'zh-CN,zh;q=0.8',
  'cookie' => 'thinkphp_show_page_trace=0|0; seen=think%3A%5B%5D; like=think%3A%5B%5D; cart=think%3A%5B%5D',
)
[ info ] [ PARAM ] array (
  'id' => '1',
)
[ info ] [ DB ] INIT mysql
[ info ] [ CACHE ] INIT File
[ info ] [ RUN ] app\wed\controller\Goods->product_center[ D:\Web\www.akali.com\application\wed\controller\Goods.php ]
[ info ] [ LOG ] INIT File

---------------------------------------------------------------
[ 2019-09-02T14:53:14+08:00 ] 127.0.0.1 127.0.0.1 POST /wed/cart/ajaxgetcount.html
[ log ] www.akali.com/wed/cart/ajaxgetcount.html [运行时间：0.004314s][吞吐率：231.79req/s] [内存消耗：457.11kb] [文件加载：62]
[ info ] [ LANG ] D:\Web\www.akali.com\thinkphp\lang\zh-cn.php
[ info ] [ ROUTE ] array (
  'type' => 'module',
  'module' => 
  array (
    0 => 'wed',
    1 => 'cart',
    2 => 'ajaxgetcount',
  ),
)
[ info ] [ HEADER ] array (
  'host' => 'www.akali.com',
  'connection' => 'keep-alive',
  'content-length' => '0',
  'accept' => 'application/json, text/javascript, */*; q=0.01',
  'origin' => 'http://www.akali.com',
  'x-requested-with' => 'XMLHttpRequest',
  'user-agent' => 'Mozilla/5.0 (Windows NT 10.0; WOW64) AppleWebKit/537.36 (KHTML, like Gecko) Chrome/55.0.2883.87 UBrowser/6.2.4098.3 Safari/537.36',
  'referer' => 'http://www.akali.com/goods/1.html',
  'accept-encoding' => 'gzip, deflate',
  'accept-language' => 'zh-CN,zh;q=0.8',
  'cookie' => 'thinkphp_show_page_trace=0|0; cart=think%3A%5B%5D; seen=think%3A%5B%5D; like=think%3A%5B%5D',
)
[ info ] [ PARAM ] array (
)
[ info ] [ DB ] INIT mysql
[ info ] [ CACHE ] INIT File
[ info ] [ RUN ] app\wed\controller\Cart->ajaxGetCount[ D:\Web\www.akali.com\application\wed\controller\Cart.php ]
[ info ] [ LOG ] INIT File

---------------------------------------------------------------
[ 2019-09-02T14:53:14+08:00 ] 127.0.0.1 127.0.0.1 POST /wed/goods/ajaxgetspecprice.html
[ log ] www.akali.com/wed/goods/ajaxgetspecprice.html [运行时间：0.057974s][吞吐率：17.25req/s] [内存消耗：586.31kb] [文件加载：64]
[ info ] [ LANG ] D:\Web\www.akali.com\thinkphp\lang\zh-cn.php
[ info ] [ ROUTE ] array (
  'type' => 'module',
  'module' => 
  array (
    0 => 'wed',
    1 => 'goods',
    2 => 'ajaxgetspecprice',
  ),
)
[ info ] [ HEADER ] array (
  'host' => 'www.akali.com',
  'connection' => 'keep-alive',
  'content-length' => '20',
  'accept' => 'application/json, text/javascript, */*; q=0.01',
  'origin' => 'http://www.akali.com',
  'x-requested-with' => 'XMLHttpRequest',
  'user-agent' => 'Mozilla/5.0 (Windows NT 10.0; WOW64) AppleWebKit/537.36 (KHTML, like Gecko) Chrome/55.0.2883.87 UBrowser/6.2.4098.3 Safari/537.36',
  'content-type' => 'application/x-www-form-urlencoded; charset=UTF-8',
  'referer' => 'http://www.akali.com/goods/1.html',
  'accept-encoding' => 'gzip, deflate',
  'accept-language' => 'zh-CN,zh;q=0.8',
  'cookie' => 'thinkphp_show_page_trace=0|0; thinkphp_show_page_trace=0|0; cart=think%3A%5B%5D; seen=think%3A%5B%5D; like=think%3A%5B%5D',
)
[ info ] [ PARAM ] array (
  'item_id' => '3',
  'goods_id' => '1',
)
[ info ] [ DB ] INIT mysql
[ info ] [ CACHE ] INIT File
[ info ] [ RUN ] app\wed\controller\Goods->ajaxGetSpecPrice[ D:\Web\www.akali.com\application\wed\controller\Goods.php ]
[ info ] [ LOG ] INIT File
[ sql ] [ DB ] CONNECT:[ UseTime:0.001289s ] mysql:dbname=www_ruiwen_com;host=127.0.0.1;charset=utf8
[ sql ] [ SQL ] SHOW COLUMNS FROM `goods_spec` [ RunTime:0.034315s ]
[ sql ] [ SQL ] SELECT `spec_price` FROM `goods_spec` WHERE  `key` = '3'  AND `goods_id` = 1 LIMIT 1 [ RunTime:0.000470s ]

---------------------------------------------------------------
[ 2019-09-02T14:53:28+08:00 ] 127.0.0.1 127.0.0.1 GET /
[ log ] www.akali.com/ [运行时间：0.015901s][吞吐率：62.89req/s] [内存消耗：580.44kb] [文件加载：61]
[ info ] [ LANG ] D:\Web\www.akali.com\thinkphp\lang\zh-cn.php
[ info ] [ ROUTE ] array (
  'type' => 'module',
  'module' => 
  array (
    0 => NULL,
    1 => 'home',
    2 => 'index',
  ),
  'convert' => false,
)
[ info ] [ HEADER ] array (
  'host' => 'www.akali.com',
  'connection' => 'keep-alive',
  'upgrade-insecure-requests' => '1',
  'user-agent' => 'Mozilla/5.0 (Windows NT 10.0; WOW64) AppleWebKit/537.36 (KHTML, like Gecko) Chrome/55.0.2883.87 UBrowser/6.2.4098.3 Safari/537.36',
  'accept' => 'text/html,application/xhtml+xml,application/xml;q=0.9,image/webp,*/*;q=0.8',
  'referer' => 'http://www.akali.com/goods/1.html',
  'accept-encoding' => 'gzip, deflate',
  'accept-language' => 'zh-CN,zh;q=0.8',
  'cookie' => 'thinkphp_show_page_trace=0|0; cart=think%3A%5B%5D; seen=think%3A%5B%5D; like=think%3A%5B%5D',
)
[ info ] [ PARAM ] array (
)
[ info ] [ DB ] INIT mysql
[ info ] [ CACHE ] INIT File
[ info ] [ RUN ] app\wed\controller\Home->index[ D:\Web\www.akali.com\application\wed\controller\Home.php ]
[ info ] [ LOG ] INIT File

---------------------------------------------------------------
[ 2019-09-02T14:53:28+08:00 ] 127.0.0.1 127.0.0.1 POST /wed/cart/ajaxgetcount.html
[ log ] www.akali.com/wed/cart/ajaxgetcount.html [运行时间：0.004572s][吞吐率：218.72req/s] [内存消耗：457.09kb] [文件加载：62]
[ info ] [ LANG ] D:\Web\www.akali.com\thinkphp\lang\zh-cn.php
[ info ] [ ROUTE ] array (
  'type' => 'module',
  'module' => 
  array (
    0 => 'wed',
    1 => 'cart',
    2 => 'ajaxgetcount',
  ),
)
[ info ] [ HEADER ] array (
  'host' => 'www.akali.com',
  'connection' => 'keep-alive',
  'content-length' => '0',
  'accept' => 'application/json, text/javascript, */*; q=0.01',
  'origin' => 'http://www.akali.com',
  'x-requested-with' => 'XMLHttpRequest',
  'user-agent' => 'Mozilla/5.0 (Windows NT 10.0; WOW64) AppleWebKit/537.36 (KHTML, like Gecko) Chrome/55.0.2883.87 UBrowser/6.2.4098.3 Safari/537.36',
  'referer' => 'http://www.akali.com/',
  'accept-encoding' => 'gzip, deflate',
  'accept-language' => 'zh-CN,zh;q=0.8',
  'cookie' => 'cart=think%3A%5B%5D; seen=think%3A%5B%5D; like=think%3A%5B%5D; thinkphp_show_page_trace=0|0',
)
[ info ] [ PARAM ] array (
)
[ info ] [ DB ] INIT mysql
[ info ] [ CACHE ] INIT File
[ info ] [ RUN ] app\wed\controller\Cart->ajaxGetCount[ D:\Web\www.akali.com\application\wed\controller\Cart.php ]
[ info ] [ LOG ] INIT File

---------------------------------------------------------------
[ 2019-09-02T14:53:29+08:00 ] 127.0.0.1 127.0.0.1 GET /wed/message/index.html
[ log ] www.akali.com/wed/message/index.html [运行时间：0.286150s][吞吐率：3.49req/s] [内存消耗：921.69kb] [文件加载：63]
[ info ] [ LANG ] D:\Web\www.akali.com\thinkphp\lang\zh-cn.php
[ info ] [ ROUTE ] array (
  'type' => 'module',
  'module' => 
  array (
    0 => 'wed',
    1 => 'message',
    2 => 'index',
  ),
)
[ info ] [ HEADER ] array (
  'host' => 'www.akali.com',
  'connection' => 'keep-alive',
  'upgrade-insecure-requests' => '1',
  'user-agent' => 'Mozilla/5.0 (Windows NT 10.0; WOW64) AppleWebKit/537.36 (KHTML, like Gecko) Chrome/55.0.2883.87 UBrowser/6.2.4098.3 Safari/537.36',
  'accept' => 'text/html,application/xhtml+xml,application/xml;q=0.9,image/webp,*/*;q=0.8',
  'referer' => 'http://www.akali.com/',
  'accept-encoding' => 'gzip, deflate',
  'accept-language' => 'zh-CN,zh;q=0.8',
  'cookie' => 'seen=think%3A%5B%5D; like=think%3A%5B%5D; thinkphp_show_page_trace=0|0; cart=think%3A%5B%5D',
)
[ info ] [ PARAM ] array (
)
[ info ] [ DB ] INIT mysql
[ info ] [ CACHE ] INIT File
[ info ] [ RUN ] app\wed\controller\Message->index[ D:\Web\www.akali.com\application\wed\controller\Message.php ]
[ info ] [ DB ] INIT mysql
[ info ] [ VIEW ] D:\Web\www.akali.com\public/../application/wed\view\message\index.html [ array (
  0 => 'companyData',
  1 => 'company',
) ]
[ info ] [ LOG ] INIT File
[ sql ] [ DB ] CONNECT:[ UseTime:0.010651s ] mysql:dbname=www_ruiwen_com;host=127.0.0.1;charset=utf8
[ sql ] [ SQL ] SHOW COLUMNS FROM `company` [ RunTime:0.031403s ]
[ sql ] [ SQL ] SELECT * FROM `company` ORDER BY `id`  desc LIMIT 1 [ RunTime:0.000216s ]

---------------------------------------------------------------
[ 2019-09-02T14:53:29+08:00 ] 127.0.0.1 127.0.0.1 POST /wed/cart/ajaxgetcount.html
[ log ] www.akali.com/wed/cart/ajaxgetcount.html [运行时间：0.003320s][吞吐率：301.21req/s] [内存消耗：457.09kb] [文件加载：62]
[ info ] [ LANG ] D:\Web\www.akali.com\thinkphp\lang\zh-cn.php
[ info ] [ ROUTE ] array (
  'type' => 'module',
  'module' => 
  array (
    0 => 'wed',
    1 => 'cart',
    2 => 'ajaxgetcount',
  ),
)
[ info ] [ HEADER ] array (
  'host' => 'www.akali.com',
  'connection' => 'keep-alive',
  'content-length' => '0',
  'accept' => 'application/json, text/javascript, */*; q=0.01',
  'origin' => 'http://www.akali.com',
  'x-requested-with' => 'XMLHttpRequest',
  'user-agent' => 'Mozilla/5.0 (Windows NT 10.0; WOW64) AppleWebKit/537.36 (KHTML, like Gecko) Chrome/55.0.2883.87 UBrowser/6.2.4098.3 Safari/537.36',
  'referer' => 'http://www.akali.com/wed/message/index.html',
  'accept-encoding' => 'gzip, deflate',
  'accept-language' => 'zh-CN,zh;q=0.8',
  'cookie' => 'seen=think%3A%5B%5D; like=think%3A%5B%5D; thinkphp_show_page_trace=0|0; cart=think%3A%5B%5D',
)
[ info ] [ PARAM ] array (
)
[ info ] [ DB ] INIT mysql
[ info ] [ CACHE ] INIT File
[ info ] [ RUN ] app\wed\controller\Cart->ajaxGetCount[ D:\Web\www.akali.com\application\wed\controller\Cart.php ]
[ info ] [ LOG ] INIT File

---------------------------------------------------------------
[ 2019-09-02T14:53:30+08:00 ] 127.0.0.1 127.0.0.1 GET /wed/goods/index.html
[ log ] www.akali.com/wed/goods/index.html [运行时间：0.069856s][吞吐率：14.32req/s] [内存消耗：613.32kb] [文件加载：63]
[ info ] [ LANG ] D:\Web\www.akali.com\thinkphp\lang\zh-cn.php
[ info ] [ ROUTE ] array (
  'type' => 'module',
  'module' => 
  array (
    0 => 'wed',
    1 => 'goods',
    2 => 'index',
  ),
)
[ info ] [ HEADER ] array (
  'host' => 'www.akali.com',
  'connection' => 'keep-alive',
  'upgrade-insecure-requests' => '1',
  'user-agent' => 'Mozilla/5.0 (Windows NT 10.0; WOW64) AppleWebKit/537.36 (KHTML, like Gecko) Chrome/55.0.2883.87 UBrowser/6.2.4098.3 Safari/537.36',
  'accept' => 'text/html,application/xhtml+xml,application/xml;q=0.9,image/webp,*/*;q=0.8',
  'referer' => 'http://www.akali.com/wed/message/index.html',
  'accept-encoding' => 'gzip, deflate',
  'accept-language' => 'zh-CN,zh;q=0.8',
  'cookie' => 'thinkphp_show_page_trace=0|0; seen=think%3A%5B%5D; like=think%3A%5B%5D; thinkphp_show_page_trace=0|0; cart=think%3A%5B%5D',
)
[ info ] [ PARAM ] array (
)
[ info ] [ DB ] INIT mysql
[ info ] [ CACHE ] INIT File
[ info ] [ RUN ] app\wed\controller\Goods->index[ D:\Web\www.akali.com\application\wed\controller\Goods.php ]
[ info ] [ LOG ] INIT File

---------------------------------------------------------------
[ 2019-09-02T14:53:30+08:00 ] 127.0.0.1 127.0.0.1 POST /wed/cart/ajaxgetcount.html
[ log ] www.akali.com/wed/cart/ajaxgetcount.html [运行时间：0.003361s][吞吐率：297.53req/s] [内存消耗：457.09kb] [文件加载：62]
[ info ] [ LANG ] D:\Web\www.akali.com\thinkphp\lang\zh-cn.php
[ info ] [ ROUTE ] array (
  'type' => 'module',
  'module' => 
  array (
    0 => 'wed',
    1 => 'cart',
    2 => 'ajaxgetcount',
  ),
)
[ info ] [ HEADER ] array (
  'host' => 'www.akali.com',
  'connection' => 'keep-alive',
  'content-length' => '0',
  'accept' => 'application/json, text/javascript, */*; q=0.01',
  'origin' => 'http://www.akali.com',
  'x-requested-with' => 'XMLHttpRequest',
  'user-agent' => 'Mozilla/5.0 (Windows NT 10.0; WOW64) AppleWebKit/537.36 (KHTML, like Gecko) Chrome/55.0.2883.87 UBrowser/6.2.4098.3 Safari/537.36',
  'referer' => 'http://www.akali.com/wed/goods/index.html',
  'accept-encoding' => 'gzip, deflate',
  'accept-language' => 'zh-CN,zh;q=0.8',
  'cookie' => 'thinkphp_show_page_trace=0|0; cart=think%3A%5B%5D; seen=think%3A%5B%5D; like=think%3A%5B%5D',
)
[ info ] [ PARAM ] array (
)
[ info ] [ DB ] INIT mysql
[ info ] [ CACHE ] INIT File
[ info ] [ RUN ] app\wed\controller\Cart->ajaxGetCount[ D:\Web\www.akali.com\application\wed\controller\Cart.php ]
[ info ] [ LOG ] INIT File

---------------------------------------------------------------
[ 2019-09-02T14:53:30+08:00 ] 127.0.0.1 127.0.0.1 GET /
[ log ] www.akali.com/ [运行时间：0.013590s][吞吐率：73.58req/s] [内存消耗：580.42kb] [文件加载：61]
[ info ] [ LANG ] D:\Web\www.akali.com\thinkphp\lang\zh-cn.php
[ info ] [ ROUTE ] array (
  'type' => 'module',
  'module' => 
  array (
    0 => NULL,
    1 => 'home',
    2 => 'index',
  ),
  'convert' => false,
)
[ info ] [ HEADER ] array (
  'host' => 'www.akali.com',
  'connection' => 'keep-alive',
  'upgrade-insecure-requests' => '1',
  'user-agent' => 'Mozilla/5.0 (Windows NT 10.0; WOW64) AppleWebKit/537.36 (KHTML, like Gecko) Chrome/55.0.2883.87 UBrowser/6.2.4098.3 Safari/537.36',
  'accept' => 'text/html,application/xhtml+xml,application/xml;q=0.9,image/webp,*/*;q=0.8',
  'referer' => 'http://www.akali.com/wed/goods/index.html',
  'accept-encoding' => 'gzip, deflate',
  'accept-language' => 'zh-CN,zh;q=0.8',
  'cookie' => 'thinkphp_show_page_trace=0|0; seen=think%3A%5B%5D; like=think%3A%5B%5D; cart=think%3A%5B%5D',
)
[ info ] [ PARAM ] array (
)
[ info ] [ DB ] INIT mysql
[ info ] [ CACHE ] INIT File
[ info ] [ RUN ] app\wed\controller\Home->index[ D:\Web\www.akali.com\application\wed\controller\Home.php ]
[ info ] [ LOG ] INIT File

---------------------------------------------------------------
[ 2019-09-02T14:53:30+08:00 ] 127.0.0.1 127.0.0.1 POST /wed/cart/ajaxgetcount.html
[ log ] www.akali.com/wed/cart/ajaxgetcount.html [运行时间：0.003498s][吞吐率：285.89req/s] [内存消耗：457.06kb] [文件加载：62]
[ info ] [ LANG ] D:\Web\www.akali.com\thinkphp\lang\zh-cn.php
[ info ] [ ROUTE ] array (
  'type' => 'module',
  'module' => 
  array (
    0 => 'wed',
    1 => 'cart',
    2 => 'ajaxgetcount',
  ),
)
[ info ] [ HEADER ] array (
  'host' => 'www.akali.com',
  'connection' => 'keep-alive',
  'content-length' => '0',
  'accept' => 'application/json, text/javascript, */*; q=0.01',
  'origin' => 'http://www.akali.com',
  'x-requested-with' => 'XMLHttpRequest',
  'user-agent' => 'Mozilla/5.0 (Windows NT 10.0; WOW64) AppleWebKit/537.36 (KHTML, like Gecko) Chrome/55.0.2883.87 UBrowser/6.2.4098.3 Safari/537.36',
  'referer' => 'http://www.akali.com/',
  'accept-encoding' => 'gzip, deflate',
  'accept-language' => 'zh-CN,zh;q=0.8',
  'cookie' => 'seen=think%3A%5B%5D; like=think%3A%5B%5D; cart=think%3A%5B%5D; thinkphp_show_page_trace=0|0',
)
[ info ] [ PARAM ] array (
)
[ info ] [ DB ] INIT mysql
[ info ] [ CACHE ] INIT File
[ info ] [ RUN ] app\wed\controller\Cart->ajaxGetCount[ D:\Web\www.akali.com\application\wed\controller\Cart.php ]
[ info ] [ LOG ] INIT File

---------------------------------------------------------------
[ 2019-09-02T14:53:31+08:00 ] 127.0.0.1 127.0.0.1 GET /wed/about/index.html
[ log ] www.akali.com/wed/about/index.html [运行时间：0.039019s][吞吐率：25.63req/s] [内存消耗：580.91kb] [文件加载：60]
[ info ] [ LANG ] D:\Web\www.akali.com\thinkphp\lang\zh-cn.php
[ info ] [ ROUTE ] array (
  'type' => 'module',
  'module' => 
  array (
    0 => 'wed',
    1 => 'about',
    2 => 'index',
  ),
)
[ info ] [ HEADER ] array (
  'host' => 'www.akali.com',
  'connection' => 'keep-alive',
  'upgrade-insecure-requests' => '1',
  'user-agent' => 'Mozilla/5.0 (Windows NT 10.0; WOW64) AppleWebKit/537.36 (KHTML, like Gecko) Chrome/55.0.2883.87 UBrowser/6.2.4098.3 Safari/537.36',
  'accept' => 'text/html,application/xhtml+xml,application/xml;q=0.9,image/webp,*/*;q=0.8',
  'referer' => 'http://www.akali.com/',
  'accept-encoding' => 'gzip, deflate',
  'accept-language' => 'zh-CN,zh;q=0.8',
  'cookie' => 'seen=think%3A%5B%5D; like=think%3A%5B%5D; thinkphp_show_page_trace=0|0; cart=think%3A%5B%5D',
)
[ info ] [ PARAM ] array (
)
[ info ] [ DB ] INIT mysql
[ info ] [ CACHE ] INIT File
[ info ] [ RUN ] app\wed\controller\About->index[ D:\Web\www.akali.com\application\wed\controller\About.php ]
[ info ] [ LOG ] INIT File

---------------------------------------------------------------
[ 2019-09-02T14:53:31+08:00 ] 127.0.0.1 127.0.0.1 POST /wed/cart/ajaxgetcount.html
[ log ] www.akali.com/wed/cart/ajaxgetcount.html [运行时间：0.003947s][吞吐率：253.36req/s] [内存消耗：457.09kb] [文件加载：62]
[ info ] [ LANG ] D:\Web\www.akali.com\thinkphp\lang\zh-cn.php
[ info ] [ ROUTE ] array (
  'type' => 'module',
  'module' => 
  array (
    0 => 'wed',
    1 => 'cart',
    2 => 'ajaxgetcount',
  ),
)
[ info ] [ HEADER ] array (
  'host' => 'www.akali.com',
  'connection' => 'keep-alive',
  'content-length' => '0',
  'accept' => 'application/json, text/javascript, */*; q=0.01',
  'origin' => 'http://www.akali.com',
  'x-requested-with' => 'XMLHttpRequest',
  'user-agent' => 'Mozilla/5.0 (Windows NT 10.0; WOW64) AppleWebKit/537.36 (KHTML, like Gecko) Chrome/55.0.2883.87 UBrowser/6.2.4098.3 Safari/537.36',
  'referer' => 'http://www.akali.com/wed/about/index.html',
  'accept-encoding' => 'gzip, deflate',
  'accept-language' => 'zh-CN,zh;q=0.8',
  'cookie' => 'seen=think%3A%5B%5D; like=think%3A%5B%5D; thinkphp_show_page_trace=0|0; cart=think%3A%5B%5D',
)
[ info ] [ PARAM ] array (
)
[ info ] [ DB ] INIT mysql
[ info ] [ CACHE ] INIT File
[ info ] [ RUN ] app\wed\controller\Cart->ajaxGetCount[ D:\Web\www.akali.com\application\wed\controller\Cart.php ]
[ info ] [ LOG ] INIT File

---------------------------------------------------------------
