[ 2019-06-10T09:37:05+08:00 ] 127.0.0.1 127.0.0.1 GET /
[ log ] admin.akali.com/ [运行时间：0.227370s][吞吐率：4.40req/s] [内存消耗：350.24kb] [文件加载：53]
[ info ] [ LANG ] D:\Web\www.akali.com\thinkphp\lang\zh-cn.php
[ info ] [ BIND ] 'admin'
[ info ] [ ROUTE ] array (
  'type' => 'module',
  'module' => 
  array (
    0 => NULL,
    1 => 'home',
    2 => 'index',
  ),
  'convert' => false,
)
[ info ] [ HEADER ] array (
  'host' => 'admin.akali.com',
  'connection' => 'keep-alive',
  'upgrade-insecure-requests' => '1',
  'user-agent' => 'Mozilla/5.0 (Windows NT 10.0; WOW64) AppleWebKit/537.36 (KHTML, like Gecko) Chrome/55.0.2883.87 UBrowser/6.2.4098.3 Safari/537.36',
  'accept' => 'text/html,application/xhtml+xml,application/xml;q=0.9,image/webp,*/*;q=0.8',
  'accept-encoding' => 'gzip, deflate',
  'accept-language' => 'zh-CN,zh;q=0.8',
)
[ info ] [ PARAM ] array (
)
[ info ] [ SESSION ] INIT array (
  'id' => '',
  'var_session_id' => '',
  'prefix' => 'think',
  'type' => '',
  'auto_start' => true,
)
[ info ] [ VIEW ] D:\Web\www.akali.com\thinkphp\tpl\dispatch_jump.tpl [ array (
  0 => 'code',
  1 => 'msg',
  2 => 'data',
  3 => 'url',
  4 => 'wait',
) ]
[ info ] [ LOG ] INIT File

---------------------------------------------------------------
[ 2019-06-10T09:37:07+08:00 ] 127.0.0.1 127.0.0.1 GET /login/index.html
[ log ] admin.akali.com/login/index.html [运行时间：0.090599s][吞吐率：11.04req/s] [内存消耗：348.23kb] [文件加载：52]
[ info ] [ LANG ] D:\Web\www.akali.com\thinkphp\lang\zh-cn.php
[ info ] [ BIND ] 'admin'
[ info ] [ ROUTE ] array (
  'type' => 'module',
  'module' => 
  array (
    0 => 'admin',
    1 => 'login',
    2 => 'index',
  ),
)
[ info ] [ HEADER ] array (
  'host' => 'admin.akali.com',
  'connection' => 'keep-alive',
  'upgrade-insecure-requests' => '1',
  'user-agent' => 'Mozilla/5.0 (Windows NT 10.0; WOW64) AppleWebKit/537.36 (KHTML, like Gecko) Chrome/55.0.2883.87 UBrowser/6.2.4098.3 Safari/537.36',
  'accept' => 'text/html,application/xhtml+xml,application/xml;q=0.9,image/webp,*/*;q=0.8',
  'referer' => 'http://admin.akali.com/',
  'accept-encoding' => 'gzip, deflate',
  'accept-language' => 'zh-CN,zh;q=0.8',
  'cookie' => 'PHPSESSID=den6gds5oimmdnv28t9ekb67td; thinkphp_show_page_trace=0|0',
)
[ info ] [ PARAM ] array (
)
[ info ] [ RUN ] app\admin\controller\Login->index[ D:\Web\www.akali.com\application\admin\controller\Login.php ]
[ info ] [ VIEW ] D:\Web\www.akali.com\public/../application/admin\view\login\index.html [ array (
) ]
[ info ] [ LOG ] INIT File

---------------------------------------------------------------
[ 2019-06-10T09:37:08+08:00 ] 127.0.0.1 127.0.0.1 GET /captcha.html
[ log ] admin.akali.com/captcha.html [运行时间：0.353279s][吞吐率：2.83req/s] [内存消耗：254.43kb] [文件加载：40]
[ info ] [ LANG ] D:\Web\www.akali.com\thinkphp\lang\zh-cn.php
[ info ] [ BIND ] 'admin'
[ info ] [ ROUTE ] array (
  'type' => 'method',
  'method' => 
  array (
    0 => '\\think\\captcha\\CaptchaController',
    1 => 'index',
  ),
  'var' => 
  array (
  ),
)
[ info ] [ HEADER ] array (
  'host' => 'admin.akali.com',
  'connection' => 'keep-alive',
  'user-agent' => 'Mozilla/5.0 (Windows NT 10.0; WOW64) AppleWebKit/537.36 (KHTML, like Gecko) Chrome/55.0.2883.87 UBrowser/6.2.4098.3 Safari/537.36',
  'accept' => 'image/webp,image/*,*/*;q=0.8',
  'referer' => 'http://admin.akali.com/login/index.html',
  'accept-encoding' => 'gzip, deflate',
  'accept-language' => 'zh-CN,zh;q=0.8',
  'cookie' => 'PHPSESSID=den6gds5oimmdnv28t9ekb67td; thinkphp_show_page_trace=0|0',
)
[ info ] [ PARAM ] array (
  'id' => '',
)
[ info ] [ RUN ] think\captcha\CaptchaController->index[ D:\Web\www.akali.com\vendor\topthink\think-captcha\src\CaptchaController.php ]
[ info ] [ SESSION ] INIT array (
  'id' => '',
  'var_session_id' => '',
  'prefix' => 'think',
  'type' => '',
  'auto_start' => true,
)
[ info ] [ LOG ] INIT File

---------------------------------------------------------------
[ 2019-06-10T10:29:45+08:00 ] 127.0.0.1 127.0.0.1 GET /wed/number/index.html?key=c4ca4238a0b923820dcc509a6f75849b&action=number&kdid=17?key=c4ca4238a0b923820dcc509a6f75849b&action=number&kdid=17
[ log ] www.akali.com/wed/number/index.html?key=c4ca4238a0b923820dcc509a6f75849b&action=number&kdid=17?key=c4ca4238a0b923820dcc509a6f75849b&action=number&kdid=17 [运行时间：0.323480s][吞吐率：3.09req/s] [内存消耗：602.20kb] [文件加载：63]
[ info ] [ LANG ] D:\Web\www.akali.com\thinkphp\lang\zh-cn.php
[ info ] [ ROUTE ] array (
  'type' => 'module',
  'module' => 
  array (
    0 => 'wed',
    1 => 'number',
    2 => 'index',
  ),
)
[ info ] [ HEADER ] array (
  'host' => 'www.akali.com',
  'user-agent' => 'QQ_Mobile_V5.5',
  'accept' => '*/*',
)
[ info ] [ PARAM ] array (
  'key' => 'c4ca4238a0b923820dcc509a6f75849b',
  'action' => 'number',
  'kdid' => '17',
)
[ info ] [ DB ] INIT mysql
[ info ] [ CACHE ] INIT File
[ info ] [ RUN ] app\wed\controller\Number->index[ D:\Web\www.akali.com\application\wed\controller\Number.php ]
[ info ] [ LOG ] INIT File
[ sql ] [ DB ] CONNECT:[ UseTime:0.103215s ] mysql:dbname=www_ruiwen_com;host=127.0.0.1;charset=utf8
[ sql ] [ SQL ] SHOW COLUMNS FROM `jm_user` [ RunTime:0.103352s ]
[ sql ] [ SQL ] SELECT * FROM `jm_user` WHERE  `key` = 'c4ca4238a0b923820dcc509a6f75849b' LIMIT 1 [ RunTime:0.007462s ]
[ sql ] [ SQL ] SHOW COLUMNS FROM `number` [ RunTime:0.000867s ]
[ sql ] [ SQL ] SELECT `number` FROM `number` WHERE  `kdid` = 17  AND `type` = 1 LIMIT 1 [ RunTime:0.012228s ]
[ sql ] [ SQL ] SHOW COLUMNS FROM `jm_kd` [ RunTime:0.000764s ]
[ sql ] [ SQL ] SELECT `level2` FROM `jm_kd` WHERE  `kdid` = 17 LIMIT 1 [ RunTime:0.009440s ]

---------------------------------------------------------------
[ 2019-06-10T10:29:54+08:00 ] 127.0.0.1 127.0.0.1 GET /wed/number/index.html?key=c4ca4238a0b923820dcc509a6f75849b&action=number&kdid=17
[ log ] www.akali.com/wed/number/index.html?key=c4ca4238a0b923820dcc509a6f75849b&action=number&kdid=17 [运行时间：0.022509s][吞吐率：44.43req/s] [内存消耗：602.18kb] [文件加载：63]
[ info ] [ LANG ] D:\Web\www.akali.com\thinkphp\lang\zh-cn.php
[ info ] [ ROUTE ] array (
  'type' => 'module',
  'module' => 
  array (
    0 => 'wed',
    1 => 'number',
    2 => 'index',
  ),
)
[ info ] [ HEADER ] array (
  'host' => 'www.akali.com',
  'connection' => 'keep-alive',
  'upgrade-insecure-requests' => '1',
  'user-agent' => 'Mozilla/5.0 (Windows NT 10.0; WOW64) AppleWebKit/537.36 (KHTML, like Gecko) Chrome/55.0.2883.87 UBrowser/6.2.4098.3 Safari/537.36',
  'accept' => 'text/html,application/xhtml+xml,application/xml;q=0.9,image/webp,*/*;q=0.8',
  'accept-encoding' => 'gzip, deflate',
  'accept-language' => 'zh-CN,zh;q=0.8',
  'cookie' => 'seen=think%3A%7B%221%22%3A%221%22%7D; like=think%3A%7B%221%22%3A%221%22%7D; cart=think%3A%5B%5D',
)
[ info ] [ PARAM ] array (
  'key' => 'c4ca4238a0b923820dcc509a6f75849b',
  'action' => 'number',
  'kdid' => '17',
)
[ info ] [ DB ] INIT mysql
[ info ] [ CACHE ] INIT File
[ info ] [ RUN ] app\wed\controller\Number->index[ D:\Web\www.akali.com\application\wed\controller\Number.php ]
[ info ] [ LOG ] INIT File
[ sql ] [ DB ] CONNECT:[ UseTime:0.001673s ] mysql:dbname=www_ruiwen_com;host=127.0.0.1;charset=utf8
[ sql ] [ SQL ] SHOW COLUMNS FROM `jm_user` [ RunTime:0.001300s ]
[ sql ] [ SQL ] SELECT * FROM `jm_user` WHERE  `key` = 'c4ca4238a0b923820dcc509a6f75849b' LIMIT 1 [ RunTime:0.000276s ]
[ sql ] [ SQL ] SHOW COLUMNS FROM `number` [ RunTime:0.000755s ]
[ sql ] [ SQL ] SELECT `number` FROM `number` WHERE  `kdid` = 17  AND `type` = 1 LIMIT 1 [ RunTime:0.001354s ]
[ sql ] [ SQL ] SHOW COLUMNS FROM `jm_kd` [ RunTime:0.000723s ]
[ sql ] [ SQL ] SELECT `level2` FROM `jm_kd` WHERE  `kdid` = 17 LIMIT 1 [ RunTime:0.000175s ]

---------------------------------------------------------------
[ 2019-06-10T10:34:01+08:00 ] 127.0.0.1 127.0.0.1 GET /wed/number/index.html?key=c4ca4238a0b923820dcc509a6f75849b&action=number&kdid=17?key=c4ca4238a0b923820dcc509a6f75849b&action=number&kdid=17
[ log ] www.akali.com/wed/number/index.html?key=c4ca4238a0b923820dcc509a6f75849b&action=number&kdid=17?key=c4ca4238a0b923820dcc509a6f75849b&action=number&kdid=17 [运行时间：0.027877s][吞吐率：35.87req/s] [内存消耗：601.10kb] [文件加载：63]
[ info ] [ LANG ] D:\Web\www.akali.com\thinkphp\lang\zh-cn.php
[ info ] [ ROUTE ] array (
  'type' => 'module',
  'module' => 
  array (
    0 => 'wed',
    1 => 'number',
    2 => 'index',
  ),
)
[ info ] [ HEADER ] array (
  'host' => 'www.akali.com',
  'user-agent' => 'QQ_Mobile_V5.5',
  'accept' => '*/*',
)
[ info ] [ PARAM ] array (
  'key' => 'c4ca4238a0b923820dcc509a6f75849b',
  'action' => 'number',
  'kdid' => '17',
)
[ info ] [ DB ] INIT mysql
[ info ] [ CACHE ] INIT File
[ info ] [ RUN ] app\wed\controller\Number->index[ D:\Web\www.akali.com\application\wed\controller\Number.php ]
[ info ] [ LOG ] INIT File
[ sql ] [ DB ] CONNECT:[ UseTime:0.001436s ] mysql:dbname=www_ruiwen_com;host=127.0.0.1;charset=utf8
[ sql ] [ SQL ] SHOW COLUMNS FROM `jm_user` [ RunTime:0.000808s ]
[ sql ] [ SQL ] SELECT * FROM `jm_user` WHERE  `key` = 'c4ca4238a0b923820dcc509a6f75849b' LIMIT 1 [ RunTime:0.000176s ]
[ sql ] [ SQL ] SHOW COLUMNS FROM `number` [ RunTime:0.000474s ]
[ sql ] [ SQL ] SELECT `number` FROM `number` WHERE  `kdid` = 17  AND `type` = 1 LIMIT 1 [ RunTime:0.007529s ]
[ sql ] [ SQL ] SHOW COLUMNS FROM `jm_kd` [ RunTime:0.000832s ]
[ sql ] [ SQL ] SELECT `level2` FROM `jm_kd` WHERE  `kdid` = 17 LIMIT 1 [ RunTime:0.000155s ]

---------------------------------------------------------------
[ 2019-06-10T14:26:07+08:00 ] 127.0.0.1 127.0.0.1 GET /wed/number/index.html?key=c4ca4238a0b923820dcc509a6f75849b&action=number&kdid=17
[ log ] www.akali.com/wed/number/index.html?key=c4ca4238a0b923820dcc509a6f75849b&action=number&kdid=17 [运行时间：0.197122s][吞吐率：5.07req/s] [内存消耗：449.41kb] [文件加载：52]
[ info ] [ LANG ] D:\Web\www.akali.com\thinkphp\lang\zh-cn.php
[ info ] [ ROUTE ] array (
  'type' => 'module',
  'module' => 
  array (
    0 => 'wed',
    1 => 'number',
    2 => 'index',
  ),
)
[ info ] [ HEADER ] array (
  'host' => 'www.akali.com',
  'connection' => 'keep-alive',
  'cache-control' => 'max-age=0',
  'upgrade-insecure-requests' => '1',
  'user-agent' => 'Mozilla/5.0 (Windows NT 10.0; WOW64) AppleWebKit/537.36 (KHTML, like Gecko) Chrome/55.0.2883.87 UBrowser/6.2.4098.3 Safari/537.36',
  'accept' => 'text/html,application/xhtml+xml,application/xml;q=0.9,image/webp,*/*;q=0.8',
  'accept-encoding' => 'gzip, deflate',
  'accept-language' => 'zh-CN,zh;q=0.8',
  'cookie' => 'thinkphp_show_page_trace=0|0; seen=think%3A%7B%221%22%3A%221%22%7D; like=think%3A%7B%221%22%3A%221%22%7D; cart=think%3A%5B%5D',
)
[ info ] [ PARAM ] array (
  'key' => 'c4ca4238a0b923820dcc509a6f75849b',
  'action' => 'number',
  'kdid' => '17',
)
[ info ] [ RUN ] app\wed\controller\Number->index[ D:\Web\www.akali.com\application\wed\controller\Number.php ]
[ info ] [ LOG ] INIT File
[ error ] [0]致命错误: Call to a member function where() on null[D:\Web\www.akali.com\application\wed\controller\Number.php:27]

---------------------------------------------------------------
[ 2019-06-10T14:27:47+08:00 ] 127.0.0.1 127.0.0.1 GET /wed/number/index.html?key=c4ca4238a0b923820dcc509a6f75849b&action=number&kdid=17
[ log ] www.akali.com/wed/number/index.html?key=c4ca4238a0b923820dcc509a6f75849b&action=number&kdid=17 [运行时间：0.006023s][吞吐率：166.03req/s] [内存消耗：345.75kb] [文件加载：49]
[ info ] [ LANG ] D:\Web\www.akali.com\thinkphp\lang\zh-cn.php
[ info ] [ ROUTE ] array (
  'type' => 'module',
  'module' => 
  array (
    0 => 'wed',
    1 => 'number',
    2 => 'index',
  ),
)
[ info ] [ HEADER ] array (
  'host' => 'www.akali.com',
  'connection' => 'keep-alive',
  'cache-control' => 'max-age=0',
  'upgrade-insecure-requests' => '1',
  'user-agent' => 'Mozilla/5.0 (Windows NT 10.0; WOW64) AppleWebKit/537.36 (KHTML, like Gecko) Chrome/55.0.2883.87 UBrowser/6.2.4098.3 Safari/537.36',
  'accept' => 'text/html,application/xhtml+xml,application/xml;q=0.9,image/webp,*/*;q=0.8',
  'accept-encoding' => 'gzip, deflate',
  'accept-language' => 'zh-CN,zh;q=0.8',
  'cookie' => 'thinkphp_show_page_trace=0|0; seen=think%3A%7B%221%22%3A%221%22%7D; like=think%3A%7B%221%22%3A%221%22%7D; cart=think%3A%5B%5D',
)
[ info ] [ PARAM ] array (
  'key' => 'c4ca4238a0b923820dcc509a6f75849b',
  'action' => 'number',
  'kdid' => '17',
)
[ info ] [ RUN ] app\wed\controller\Number->index[ D:\Web\www.akali.com\application\wed\controller\Number.php ]
[ info ] [ LOG ] INIT File

---------------------------------------------------------------
[ 2019-06-10T14:28:00+08:00 ] 127.0.0.1 127.0.0.1 GET /wed/number/index.html?key=c4ca4238a0b923820dcc509a6f75849b&action=number&kdid=17
[ log ] www.akali.com/wed/number/index.html?key=c4ca4238a0b923820dcc509a6f75849b&action=number&kdid=17 [运行时间：0.008266s][吞吐率：120.98req/s] [内存消耗：327.69kb] [文件加载：52]
[ info ] [ LANG ] D:\Web\www.akali.com\thinkphp\lang\zh-cn.php
[ info ] [ ROUTE ] array (
  'type' => 'module',
  'module' => 
  array (
    0 => 'wed',
    1 => 'number',
    2 => 'index',
  ),
)
[ info ] [ HEADER ] array (
  'host' => 'www.akali.com',
  'connection' => 'keep-alive',
  'cache-control' => 'max-age=0',
  'upgrade-insecure-requests' => '1',
  'user-agent' => 'Mozilla/5.0 (Windows NT 10.0; WOW64) AppleWebKit/537.36 (KHTML, like Gecko) Chrome/55.0.2883.87 UBrowser/6.2.4098.3 Safari/537.36',
  'accept' => 'text/html,application/xhtml+xml,application/xml;q=0.9,image/webp,*/*;q=0.8',
  'accept-encoding' => 'gzip, deflate',
  'accept-language' => 'zh-CN,zh;q=0.8',
  'cookie' => 'thinkphp_show_page_trace=0|0; seen=think%3A%7B%221%22%3A%221%22%7D; like=think%3A%7B%221%22%3A%221%22%7D; cart=think%3A%5B%5D',
)
[ info ] [ PARAM ] array (
  'key' => 'c4ca4238a0b923820dcc509a6f75849b',
  'action' => 'number',
  'kdid' => '17',
)
[ info ] [ RUN ] app\wed\controller\Number->index[ D:\Web\www.akali.com\application\wed\controller\Number.php ]
[ info ] [ LOG ] INIT File
[ error ] [0]致命错误: Call to a member function where() on null[D:\Web\www.akali.com\application\wed\controller\Number.php:27]

---------------------------------------------------------------
[ 2019-06-10T14:33:24+08:00 ] 127.0.0.1 127.0.0.1 GET /wed/number/index.html?key=c4ca4238a0b923820dcc509a6f75849b&action=number&kdid=17
[ log ] www.akali.com/wed/number/index.html?key=c4ca4238a0b923820dcc509a6f75849b&action=number&kdid=17 [运行时间：0.228472s][吞吐率：4.38req/s] [内存消耗：616.94kb] [文件加载：58]
[ info ] [ LANG ] D:\Web\www.akali.com\thinkphp\lang\zh-cn.php
[ info ] [ ROUTE ] array (
  'type' => 'module',
  'module' => 
  array (
    0 => 'wed',
    1 => 'number',
    2 => 'index',
  ),
)
[ info ] [ HEADER ] array (
  'host' => 'www.akali.com',
  'connection' => 'keep-alive',
  'cache-control' => 'max-age=0',
  'upgrade-insecure-requests' => '1',
  'user-agent' => 'Mozilla/5.0 (Windows NT 10.0; WOW64) AppleWebKit/537.36 (KHTML, like Gecko) Chrome/55.0.2883.87 UBrowser/6.2.4098.3 Safari/537.36',
  'accept' => 'text/html,application/xhtml+xml,application/xml;q=0.9,image/webp,*/*;q=0.8',
  'accept-encoding' => 'gzip, deflate',
  'accept-language' => 'zh-CN,zh;q=0.8',
  'cookie' => 'thinkphp_show_page_trace=0|0; seen=think%3A%7B%221%22%3A%221%22%7D; like=think%3A%7B%221%22%3A%221%22%7D; cart=think%3A%5B%5D',
)
[ info ] [ PARAM ] array (
  'key' => 'c4ca4238a0b923820dcc509a6f75849b',
  'action' => 'number',
  'kdid' => '17',
)
[ info ] [ DB ] INIT mysql
[ info ] [ RUN ] app\wed\controller\Number->index[ D:\Web\www.akali.com\application\wed\controller\Number.php ]
[ info ] [ LOG ] INIT File
[ sql ] [ DB ] CONNECT:[ UseTime:0.002522s ] mysql:dbname=www_ruiwen_com;host=127.0.0.1;charset=utf8
[ sql ] [ SQL ] SHOW COLUMNS FROM `jm_user` [ RunTime:0.029329s ]
[ sql ] [ SQL ] SELECT * FROM `jm_user` WHERE  `key` = 'c4ca4238a0b923820dcc509a6f75849b' LIMIT 1 [ RunTime:0.000488s ]
[ sql ] [ SQL ] SHOW COLUMNS FROM `number` [ RunTime:0.031115s ]
[ sql ] [ SQL ] SELECT `number` FROM `number` WHERE  `kdid` = 17  AND `type` = 1 LIMIT 1 [ RunTime:0.001824s ]
[ sql ] [ SQL ] SHOW COLUMNS FROM `jm_kd` [ RunTime:0.030091s ]
[ sql ] [ SQL ] SELECT `level2` FROM `jm_kd` WHERE  `kdid` = 17 LIMIT 1 [ RunTime:0.000337s ]
[ sql ] [ SQL ] UPDATE `jm_user`  SET `money`=money-1.95  WHERE  `id` = 2 [ RunTime:0.055700s ]

---------------------------------------------------------------
[ 2019-06-10T14:33:42+08:00 ] 127.0.0.1 127.0.0.1 GET /wed/number/index.html?key=c4ca4238a0b923820dcc509a6f75849b&action=number&kdid=17
[ log ] www.akali.com/wed/number/index.html?key=c4ca4238a0b923820dcc509a6f75849b&action=number&kdid=17 [运行时间：0.029111s][吞吐率：34.35req/s] [内存消耗：550.75kb] [文件加载：58]
[ info ] [ LANG ] D:\Web\www.akali.com\thinkphp\lang\zh-cn.php
[ info ] [ ROUTE ] array (
  'type' => 'module',
  'module' => 
  array (
    0 => 'wed',
    1 => 'number',
    2 => 'index',
  ),
)
[ info ] [ HEADER ] array (
  'host' => 'www.akali.com',
  'connection' => 'keep-alive',
  'cache-control' => 'max-age=0',
  'upgrade-insecure-requests' => '1',
  'user-agent' => 'Mozilla/5.0 (Windows NT 10.0; WOW64) AppleWebKit/537.36 (KHTML, like Gecko) Chrome/55.0.2883.87 UBrowser/6.2.4098.3 Safari/537.36',
  'accept' => 'text/html,application/xhtml+xml,application/xml;q=0.9,image/webp,*/*;q=0.8',
  'accept-encoding' => 'gzip, deflate',
  'accept-language' => 'zh-CN,zh;q=0.8',
  'cookie' => 'thinkphp_show_page_trace=0|0; seen=think%3A%7B%221%22%3A%221%22%7D; like=think%3A%7B%221%22%3A%221%22%7D; cart=think%3A%5B%5D',
)
[ info ] [ PARAM ] array (
  'key' => 'c4ca4238a0b923820dcc509a6f75849b',
  'action' => 'number',
  'kdid' => '17',
)
[ info ] [ DB ] INIT mysql
[ info ] [ RUN ] app\wed\controller\Number->index[ D:\Web\www.akali.com\application\wed\controller\Number.php ]
[ info ] [ LOG ] INIT File
[ sql ] [ DB ] CONNECT:[ UseTime:0.002024s ] mysql:dbname=www_ruiwen_com;host=127.0.0.1;charset=utf8
[ sql ] [ SQL ] SHOW COLUMNS FROM `jm_user` [ RunTime:0.001254s ]
[ sql ] [ SQL ] SELECT * FROM `jm_user` WHERE  `key` = 'c4ca4238a0b923820dcc509a6f75849b' LIMIT 1 [ RunTime:0.000285s ]
[ sql ] [ SQL ] SHOW COLUMNS FROM `number` [ RunTime:0.000905s ]
[ sql ] [ SQL ] SELECT `number` FROM `number` WHERE  `kdid` = 17  AND `type` = 1 LIMIT 1 [ RunTime:0.001517s ]
[ sql ] [ SQL ] SHOW COLUMNS FROM `jm_kd` [ RunTime:0.000983s ]
[ sql ] [ SQL ] SELECT `level2` FROM `jm_kd` WHERE  `kdid` = 17 LIMIT 1 [ RunTime:0.000259s ]
[ sql ] [ SQL ] UPDATE `jm_user`  SET `money`=money-1.95  WHERE  `id` = 2 [ RunTime:0.000254s ]

---------------------------------------------------------------
[ 2019-06-10T16:06:52+08:00 ] 127.0.0.1 127.0.0.1 GET /wed/number/index.html?key=c4ca4238a0b923820dcc509a6f75849b&action=number&kdid=17
[ log ] www.akali.com/wed/number/index.html?key=c4ca4238a0b923820dcc509a6f75849b&action=number&kdid=17 [运行时间：1.146191s][吞吐率：0.87req/s] [内存消耗：749.22kb] [文件加载：58]
[ info ] [ LANG ] D:\Web\www.akali.com\thinkphp\lang\zh-cn.php
[ info ] [ ROUTE ] array (
  'type' => 'module',
  'module' => 
  array (
    0 => 'wed',
    1 => 'number',
    2 => 'index',
  ),
)
[ info ] [ HEADER ] array (
  'host' => 'www.akali.com',
  'connection' => 'keep-alive',
  'cache-control' => 'max-age=0',
  'upgrade-insecure-requests' => '1',
  'user-agent' => 'Mozilla/5.0 (Windows NT 10.0; WOW64) AppleWebKit/537.36 (KHTML, like Gecko) Chrome/55.0.2883.87 UBrowser/6.2.4098.3 Safari/537.36',
  'accept' => 'text/html,application/xhtml+xml,application/xml;q=0.9,image/webp,*/*;q=0.8',
  'accept-encoding' => 'gzip, deflate',
  'accept-language' => 'zh-CN,zh;q=0.8',
  'cookie' => 'thinkphp_show_page_trace=0|0; seen=think%3A%7B%221%22%3A%221%22%7D; like=think%3A%7B%221%22%3A%221%22%7D; cart=think%3A%5B%5D',
)
[ info ] [ PARAM ] array (
  'key' => 'c4ca4238a0b923820dcc509a6f75849b',
  'action' => 'number',
  'kdid' => '17',
)
[ info ] [ DB ] INIT mysql
[ info ] [ RUN ] app\wed\controller\Number->index[ D:\Web\www.akali.com\application\wed\controller\Number.php ]
[ info ] [ LOG ] INIT File
[ sql ] [ DB ] CONNECT:[ UseTime:0.077570s ] mysql:dbname=www_ruiwen_com;host=127.0.0.1;charset=utf8
[ sql ] [ SQL ] SHOW COLUMNS FROM `jm_user` [ RunTime:0.158390s ]
[ sql ] [ SQL ] SELECT * FROM `jm_user` WHERE  `key` = 'c4ca4238a0b923820dcc509a6f75849b' LIMIT 1 [ RunTime:0.008015s ]
[ sql ] [ SQL ] SHOW COLUMNS FROM `number` [ RunTime:0.092360s ]
[ sql ] [ SQL ] SELECT `number` FROM `number` WHERE  `kdid` = 17  AND `type` = 1 LIMIT 1 [ RunTime:0.039462s ]
[ sql ] [ SQL ] SHOW COLUMNS FROM `jm_kd` [ RunTime:0.041345s ]
[ sql ] [ SQL ] SELECT `level2` FROM `jm_kd` WHERE  `kdid` = 17 LIMIT 1 [ RunTime:0.000660s ]
[ sql ] [ SQL ] UPDATE `jm_user`  SET `money`=money-1.95  WHERE  `id` = 2 [ RunTime:0.008497s ]

---------------------------------------------------------------
