[ 2019-06-12T09:44:51+08:00 ] 127.0.0.1 127.0.0.1 GET /wed/number/index.html?key=c4ca4238a0b923820dcc509a6f75849b&action=number&kdid=17?key=c4ca4238a0b923820dcc509a6f75849b&action=number&kdid=17
[ log ] www.akali.com/wed/number/index.html?key=c4ca4238a0b923820dcc509a6f75849b&action=number&kdid=17?key=c4ca4238a0b923820dcc509a6f75849b&action=number&kdid=17 [运行时间：0.798539s][吞吐率：1.25req/s] [内存消耗：743.06kb] [文件加载：53]
[ info ] [ LANG ] D:\Web\www.akali.com\thinkphp\lang\zh-cn.php
[ info ] [ ROUTE ] array (
  'type' => 'module',
  'module' => 
  array (
    0 => 'wed',
    1 => 'number',
    2 => 'index',
  ),
)
[ info ] [ HEADER ] array (
  'host' => 'www.akali.com',
  'user-agent' => 'QQ_Mobile_V5.5',
  'accept' => '*/*',
)
[ info ] [ PARAM ] array (
  'key' => 'c4ca4238a0b923820dcc509a6f75849b',
  'action' => 'number',
  'kdid' => '17',
)
[ info ] [ DB ] INIT mysql
[ info ] [ RUN ] app\wed\controller\Number->index[ D:\Web\www.akali.com\application\wed\controller\Number.php ]
[ info ] [ LOG ] INIT File
[ sql ] [ DB ] CONNECT:[ UseTime:0.002697s ] mysql:dbname=www_ruiwen_com;host=127.0.0.1;charset=utf8
[ sql ] [ SQL ] SHOW COLUMNS FROM `jm_user` [ RunTime:0.042917s ]
[ sql ] [ SQL ] SELECT * FROM `jm_user` WHERE  `key` = 'c4ca4238a0b923820dcc509a6f75849b' LIMIT 1 [ RunTime:0.000386s ]
[ sql ] [ SQL ] SHOW COLUMNS FROM `number` [ RunTime:0.041146s ]
[ sql ] [ SQL ] SELECT `number` FROM `number` WHERE  `kdid` = 17  AND `type` = 1 LIMIT 1 [ RunTime:0.022562s ]
[ sql ] [ SQL ] SHOW COLUMNS FROM `jm_kd` [ RunTime:0.040927s ]
[ sql ] [ SQL ] SELECT `price` FROM `jm_kd` WHERE  `kdid` = 17 LIMIT 1 [ RunTime:0.000239s ]
[ sql ] [ SQL ] UPDATE `number`  SET `type`=2  WHERE  `number` = '225011368924' [ RunTime:0.002498s ]
[ sql ] [ SQL ] UPDATE `jm_user`  SET `money`=money-1.7  WHERE  `id` = 2 [ RunTime:0.014280s ]

---------------------------------------------------------------
[ 2019-06-12T09:48:45+08:00 ] 127.0.0.1 127.0.0.1 GET /wed/number/index.html?key=c4ca4238a0b923820dcc509a6f75849b&action=number&kdid=17?key=c4ca4238a0b923820dcc509a6f75849b&action=number&kdid=17
[ log ] www.akali.com/wed/number/index.html?key=c4ca4238a0b923820dcc509a6f75849b&action=number&kdid=17?key=c4ca4238a0b923820dcc509a6f75849b&action=number&kdid=17 [运行时间：0.026957s][吞吐率：37.10req/s] [内存消耗：545.02kb] [文件加载：53]
[ info ] [ LANG ] D:\Web\www.akali.com\thinkphp\lang\zh-cn.php
[ info ] [ ROUTE ] array (
  'type' => 'module',
  'module' => 
  array (
    0 => 'wed',
    1 => 'number',
    2 => 'index',
  ),
)
[ info ] [ HEADER ] array (
  'host' => 'www.akali.com',
  'user-agent' => 'QQ_Mobile_V5.5',
  'accept' => '*/*',
)
[ info ] [ PARAM ] array (
  'key' => 'c4ca4238a0b923820dcc509a6f75849b',
  'action' => 'number',
  'kdid' => '17',
)
[ info ] [ DB ] INIT mysql
[ info ] [ RUN ] app\wed\controller\Number->index[ D:\Web\www.akali.com\application\wed\controller\Number.php ]
[ info ] [ LOG ] INIT File
[ sql ] [ DB ] CONNECT:[ UseTime:0.001191s ] mysql:dbname=www_ruiwen_com;host=127.0.0.1;charset=utf8
[ sql ] [ SQL ] SHOW COLUMNS FROM `jm_user` [ RunTime:0.004913s ]
[ sql ] [ SQL ] SELECT * FROM `jm_user` WHERE  `key` = 'c4ca4238a0b923820dcc509a6f75849b' LIMIT 1 [ RunTime:0.000247s ]
[ sql ] [ SQL ] SHOW COLUMNS FROM `number` [ RunTime:0.004265s ]
[ sql ] [ SQL ] SELECT `number` FROM `number` WHERE  `kdid` = 17  AND `type` = 1 LIMIT 1 [ RunTime:0.001174s ]
[ sql ] [ SQL ] SHOW COLUMNS FROM `jm_kd` [ RunTime:0.000733s ]
[ sql ] [ SQL ] SELECT `price` FROM `jm_kd` WHERE  `kdid` = 17 LIMIT 1 [ RunTime:0.000151s ]
[ sql ] [ SQL ] UPDATE `number`  SET `type`=2  WHERE  `number` = '225011368925' [ RunTime:0.002446s ]
[ sql ] [ SQL ] UPDATE `jm_user`  SET `money`=money-1.7  WHERE  `id` = 2 [ RunTime:0.000246s ]

---------------------------------------------------------------
[ 2019-06-12T09:52:21+08:00 ] 127.0.0.1 127.0.0.1 GET /wed/number/index.html?key=c4ca4238a0b923820dcc509a6f75849b&amp;action=number&amp;kdid=17
[ log ] www.akali.com/wed/number/index.html?key=c4ca4238a0b923820dcc509a6f75849b&amp;action=number&amp;kdid=17 [运行时间：0.017218s][吞吐率：58.08req/s] [内存消耗：572.65kb] [文件加载：53]
[ info ] [ LANG ] D:\Web\www.akali.com\thinkphp\lang\zh-cn.php
[ info ] [ ROUTE ] array (
  'type' => 'module',
  'module' => 
  array (
    0 => 'wed',
    1 => 'number',
    2 => 'index',
  ),
)
[ info ] [ HEADER ] array (
  'host' => 'www.akali.com',
  'connection' => 'keep-alive',
  'upgrade-insecure-requests' => '1',
  'user-agent' => 'Mozilla/5.0 (Windows NT 10.0; WOW64) AppleWebKit/537.36 (KHTML, like Gecko) Chrome/55.0.2883.87 UBrowser/6.2.4098.3 Safari/537.36',
  'accept' => 'text/html,application/xhtml+xml,application/xml;q=0.9,image/webp,*/*;q=0.8',
  'accept-encoding' => 'gzip, deflate',
  'accept-language' => 'zh-CN,zh;q=0.8',
  'cookie' => 'seen=think%3A%7B%221%22%3A%221%22%7D; like=think%3A%7B%221%22%3A%221%22%7D; cart=think%3A%5B%5D',
)
[ info ] [ PARAM ] array (
  'key' => 'c4ca4238a0b923820dcc509a6f75849b',
  'amp;action' => 'number',
  'amp;kdid' => '17',
)
[ info ] [ DB ] INIT mysql
[ info ] [ RUN ] app\wed\controller\Number->index[ D:\Web\www.akali.com\application\wed\controller\Number.php ]
[ info ] [ LOG ] INIT File
[ sql ] [ DB ] CONNECT:[ UseTime:0.001509s ] mysql:dbname=www_ruiwen_com;host=127.0.0.1;charset=utf8
[ sql ] [ SQL ] SHOW COLUMNS FROM `jm_user` [ RunTime:0.003726s ]
[ sql ] [ SQL ] SELECT * FROM `jm_user` WHERE  `key` = 'c4ca4238a0b923820dcc509a6f75849b' LIMIT 1 [ RunTime:0.000281s ]

---------------------------------------------------------------
[ 2019-06-12T09:54:02+08:00 ] 127.0.0.1 127.0.0.1 GET /wed/number/index.html?key=c4ca4238a0b923820dcc509a6f75849b&action=number&amp;kdid=17
[ log ] www.akali.com/wed/number/index.html?key=c4ca4238a0b923820dcc509a6f75849b&action=number&amp;kdid=17 [运行时间：0.011383s][吞吐率：87.85req/s] [内存消耗：575.30kb] [文件加载：53]
[ info ] [ LANG ] D:\Web\www.akali.com\thinkphp\lang\zh-cn.php
[ info ] [ ROUTE ] array (
  'type' => 'module',
  'module' => 
  array (
    0 => 'wed',
    1 => 'number',
    2 => 'index',
  ),
)
[ info ] [ HEADER ] array (
  'host' => 'www.akali.com',
  'connection' => 'keep-alive',
  'upgrade-insecure-requests' => '1',
  'user-agent' => 'Mozilla/5.0 (Windows NT 10.0; WOW64) AppleWebKit/537.36 (KHTML, like Gecko) Chrome/55.0.2883.87 UBrowser/6.2.4098.3 Safari/537.36',
  'accept' => 'text/html,application/xhtml+xml,application/xml;q=0.9,image/webp,*/*;q=0.8',
  'accept-encoding' => 'gzip, deflate',
  'accept-language' => 'zh-CN,zh;q=0.8',
  'cookie' => 'seen=think%3A%7B%221%22%3A%221%22%7D; like=think%3A%7B%221%22%3A%221%22%7D; cart=think%3A%5B%5D',
)
[ info ] [ PARAM ] array (
  'key' => 'c4ca4238a0b923820dcc509a6f75849b',
  'action' => 'number',
  'amp;kdid' => '17',
)
[ info ] [ DB ] INIT mysql
[ info ] [ RUN ] app\wed\controller\Number->index[ D:\Web\www.akali.com\application\wed\controller\Number.php ]
[ info ] [ LOG ] INIT File
[ sql ] [ DB ] CONNECT:[ UseTime:0.001340s ] mysql:dbname=www_ruiwen_com;host=127.0.0.1;charset=utf8
[ sql ] [ SQL ] SHOW COLUMNS FROM `jm_user` [ RunTime:0.000798s ]
[ sql ] [ SQL ] SELECT * FROM `jm_user` WHERE  `key` = 'c4ca4238a0b923820dcc509a6f75849b' LIMIT 1 [ RunTime:0.000201s ]
[ sql ] [ SQL ] SHOW COLUMNS FROM `number` [ RunTime:0.003415s ]
[ sql ] [ SQL ] SELECT `number` FROM `number` WHERE  `kdid` = 0  AND `type` = 1 LIMIT 1 [ RunTime:0.002047s ]

---------------------------------------------------------------
[ 2019-06-12T09:54:28+08:00 ] 127.0.0.1 127.0.0.1 GET /wed/number/index.html?key=c4ca4238a0b923820dcc509a6f75849b&action=number&kdid=17?key=c4ca4238a0b923820dcc509a6f75849b&action=number&kdid=17
[ log ] www.akali.com/wed/number/index.html?key=c4ca4238a0b923820dcc509a6f75849b&action=number&kdid=17?key=c4ca4238a0b923820dcc509a6f75849b&action=number&kdid=17 [运行时间：0.024002s][吞吐率：41.66req/s] [内存消耗：545.02kb] [文件加载：53]
[ info ] [ LANG ] D:\Web\www.akali.com\thinkphp\lang\zh-cn.php
[ info ] [ ROUTE ] array (
  'type' => 'module',
  'module' => 
  array (
    0 => 'wed',
    1 => 'number',
    2 => 'index',
  ),
)
[ info ] [ HEADER ] array (
  'host' => 'www.akali.com',
  'user-agent' => 'QQ_Mobile_V5.5',
  'accept' => '*/*',
)
[ info ] [ PARAM ] array (
  'key' => 'c4ca4238a0b923820dcc509a6f75849b',
  'action' => 'number',
  'kdid' => '17',
)
[ info ] [ DB ] INIT mysql
[ info ] [ RUN ] app\wed\controller\Number->index[ D:\Web\www.akali.com\application\wed\controller\Number.php ]
[ info ] [ LOG ] INIT File
[ sql ] [ DB ] CONNECT:[ UseTime:0.001117s ] mysql:dbname=www_ruiwen_com;host=127.0.0.1;charset=utf8
[ sql ] [ SQL ] SHOW COLUMNS FROM `jm_user` [ RunTime:0.000658s ]
[ sql ] [ SQL ] SELECT * FROM `jm_user` WHERE  `key` = 'c4ca4238a0b923820dcc509a6f75849b' LIMIT 1 [ RunTime:0.000165s ]
[ sql ] [ SQL ] SHOW COLUMNS FROM `number` [ RunTime:0.000521s ]
[ sql ] [ SQL ] SELECT `number` FROM `number` WHERE  `kdid` = 17  AND `type` = 1 LIMIT 1 [ RunTime:0.006967s ]
[ sql ] [ SQL ] SHOW COLUMNS FROM `jm_kd` [ RunTime:0.000713s ]
[ sql ] [ SQL ] SELECT `price` FROM `jm_kd` WHERE  `kdid` = 17 LIMIT 1 [ RunTime:0.000151s ]
[ sql ] [ SQL ] UPDATE `number`  SET `type`=2  WHERE  `number` = '225011368926' [ RunTime:0.002557s ]
[ sql ] [ SQL ] UPDATE `jm_user`  SET `money`=money-1.7  WHERE  `id` = 2 [ RunTime:0.000237s ]

---------------------------------------------------------------
[ 2019-06-12T10:02:39+08:00 ] 127.0.0.1 127.0.0.1 GET /wed/number/index.html?key=c4ca4238a0b923820dcc509a6f75849b&action=number&kdid=17
[ log ] www.akali.com/wed/number/index.html?key=c4ca4238a0b923820dcc509a6f75849b&action=number&kdid=17 [运行时间：0.024396s][吞吐率：40.99req/s] [内存消耗：546.10kb] [文件加载：53]
[ info ] [ LANG ] D:\Web\www.akali.com\thinkphp\lang\zh-cn.php
[ info ] [ ROUTE ] array (
  'type' => 'module',
  'module' => 
  array (
    0 => 'wed',
    1 => 'number',
    2 => 'index',
  ),
)
[ info ] [ HEADER ] array (
  'host' => 'www.akali.com',
  'connection' => 'keep-alive',
  'upgrade-insecure-requests' => '1',
  'user-agent' => 'Mozilla/5.0 (Windows NT 10.0; WOW64) AppleWebKit/537.36 (KHTML, like Gecko) Chrome/55.0.2883.87 UBrowser/6.2.4098.3 Safari/537.36',
  'accept' => 'text/html,application/xhtml+xml,application/xml;q=0.9,image/webp,*/*;q=0.8',
  'accept-encoding' => 'gzip, deflate',
  'accept-language' => 'zh-CN,zh;q=0.8',
  'cookie' => 'seen=think%3A%7B%221%22%3A%221%22%7D; like=think%3A%7B%221%22%3A%221%22%7D; cart=think%3A%5B%5D',
)
[ info ] [ PARAM ] array (
  'key' => 'c4ca4238a0b923820dcc509a6f75849b',
  'action' => 'number',
  'kdid' => '17',
)
[ info ] [ DB ] INIT mysql
[ info ] [ RUN ] app\wed\controller\Number->index[ D:\Web\www.akali.com\application\wed\controller\Number.php ]
[ info ] [ LOG ] INIT File
[ sql ] [ DB ] CONNECT:[ UseTime:0.001458s ] mysql:dbname=www_ruiwen_com;host=127.0.0.1;charset=utf8
[ sql ] [ SQL ] SHOW COLUMNS FROM `jm_user` [ RunTime:0.003488s ]
[ sql ] [ SQL ] SELECT * FROM `jm_user` WHERE  `key` = 'c4ca4238a0b923820dcc509a6f75849b' LIMIT 1 [ RunTime:0.000211s ]
[ sql ] [ SQL ] SHOW COLUMNS FROM `number` [ RunTime:0.002723s ]
[ sql ] [ SQL ] SELECT `number` FROM `number` WHERE  `kdid` = 17  AND `type` = 1 LIMIT 1 [ RunTime:0.001185s ]
[ sql ] [ SQL ] SHOW COLUMNS FROM `jm_kd` [ RunTime:0.000653s ]
[ sql ] [ SQL ] SELECT `price` FROM `jm_kd` WHERE  `kdid` = 17 LIMIT 1 [ RunTime:0.000138s ]
[ sql ] [ SQL ] UPDATE `number`  SET `type`=2  WHERE  `number` = '225011368927' [ RunTime:0.002383s ]
[ sql ] [ SQL ] UPDATE `jm_user`  SET `money`=money-1.7  WHERE  `id` = 2 [ RunTime:0.000263s ]

---------------------------------------------------------------
[ 2019-06-12T10:52:38+08:00 ] 127.0.0.1 127.0.0.1 GET /wed/number/index.html?key=c4ca4238a0b923820dcc509a6f75849b&action=number&kdid=17?key=c4ca4238a0b923820dcc509a6f75849b&action=number&kdid=17
[ log ] www.akali.com/wed/number/index.html?key=c4ca4238a0b923820dcc509a6f75849b&action=number&kdid=17?key=c4ca4238a0b923820dcc509a6f75849b&action=number&kdid=17 [运行时间：0.029428s][吞吐率：33.98req/s] [内存消耗：545.02kb] [文件加载：53]
[ info ] [ LANG ] D:\Web\www.akali.com\thinkphp\lang\zh-cn.php
[ info ] [ ROUTE ] array (
  'type' => 'module',
  'module' => 
  array (
    0 => 'wed',
    1 => 'number',
    2 => 'index',
  ),
)
[ info ] [ HEADER ] array (
  'host' => 'www.akali.com',
  'user-agent' => 'QQ_Mobile_V5.5',
  'accept' => '*/*',
)
[ info ] [ PARAM ] array (
  'key' => 'c4ca4238a0b923820dcc509a6f75849b',
  'action' => 'number',
  'kdid' => '17',
)
[ info ] [ DB ] INIT mysql
[ info ] [ RUN ] app\wed\controller\Number->index[ D:\Web\www.akali.com\application\wed\controller\Number.php ]
[ info ] [ LOG ] INIT File
[ sql ] [ DB ] CONNECT:[ UseTime:0.001306s ] mysql:dbname=www_ruiwen_com;host=127.0.0.1;charset=utf8
[ sql ] [ SQL ] SHOW COLUMNS FROM `jm_user` [ RunTime:0.005059s ]
[ sql ] [ SQL ] SELECT * FROM `jm_user` WHERE  `key` = 'c4ca4238a0b923820dcc509a6f75849b' LIMIT 1 [ RunTime:0.000260s ]
[ sql ] [ SQL ] SHOW COLUMNS FROM `number` [ RunTime:0.004469s ]
[ sql ] [ SQL ] SELECT `number` FROM `number` WHERE  `kdid` = 17  AND `type` = 1 LIMIT 1 [ RunTime:0.001577s ]
[ sql ] [ SQL ] SHOW COLUMNS FROM `jm_kd` [ RunTime:0.001020s ]
[ sql ] [ SQL ] SELECT `price` FROM `jm_kd` WHERE  `kdid` = 17 LIMIT 1 [ RunTime:0.000224s ]
[ sql ] [ SQL ] UPDATE `number`  SET `type`=2  WHERE  `number` = '225011368928' [ RunTime:0.004148s ]
[ sql ] [ SQL ] UPDATE `jm_user`  SET `money`=money-1.7  WHERE  `id` = 2 [ RunTime:0.000331s ]

---------------------------------------------------------------
[ 2019-06-12T10:52:45+08:00 ] 127.0.0.1 127.0.0.1 GET /wed/number/index.html?key=c4ca4238a0b923820dcc509a6f75849b&action=number&kdid=17?key=c4ca4238a0b923820dcc509a6f75849b&action=number&kdid=17
[ log ] www.akali.com/wed/number/index.html?key=c4ca4238a0b923820dcc509a6f75849b&action=number&kdid=17?key=c4ca4238a0b923820dcc509a6f75849b&action=number&kdid=17 [运行时间：0.015550s][吞吐率：64.31req/s] [内存消耗：545.02kb] [文件加载：53]
[ info ] [ LANG ] D:\Web\www.akali.com\thinkphp\lang\zh-cn.php
[ info ] [ ROUTE ] array (
  'type' => 'module',
  'module' => 
  array (
    0 => 'wed',
    1 => 'number',
    2 => 'index',
  ),
)
[ info ] [ HEADER ] array (
  'host' => 'www.akali.com',
  'user-agent' => 'QQ_Mobile_V5.5',
  'accept' => '*/*',
)
[ info ] [ PARAM ] array (
  'key' => 'c4ca4238a0b923820dcc509a6f75849b',
  'action' => 'number',
  'kdid' => '17',
)
[ info ] [ DB ] INIT mysql
[ info ] [ RUN ] app\wed\controller\Number->index[ D:\Web\www.akali.com\application\wed\controller\Number.php ]
[ info ] [ LOG ] INIT File
[ sql ] [ DB ] CONNECT:[ UseTime:0.001208s ] mysql:dbname=www_ruiwen_com;host=127.0.0.1;charset=utf8
[ sql ] [ SQL ] SHOW COLUMNS FROM `jm_user` [ RunTime:0.003248s ]
[ sql ] [ SQL ] SELECT * FROM `jm_user` WHERE  `key` = 'c4ca4238a0b923820dcc509a6f75849b' LIMIT 1 [ RunTime:0.000176s ]
[ sql ] [ SQL ] SHOW COLUMNS FROM `number` [ RunTime:0.002507s ]
[ sql ] [ SQL ] SELECT `number` FROM `number` WHERE  `kdid` = 17  AND `type` = 1 LIMIT 1 [ RunTime:0.001163s ]
[ sql ] [ SQL ] SHOW COLUMNS FROM `jm_kd` [ RunTime:0.000664s ]
[ sql ] [ SQL ] SELECT `price` FROM `jm_kd` WHERE  `kdid` = 17 LIMIT 1 [ RunTime:0.000158s ]
[ sql ] [ SQL ] UPDATE `number`  SET `type`=2  WHERE  `number` = '225011368929' [ RunTime:0.002432s ]
[ sql ] [ SQL ] UPDATE `jm_user`  SET `money`=money-1.7  WHERE  `id` = 2 [ RunTime:0.000172s ]

---------------------------------------------------------------
[ 2019-06-12T11:21:12+08:00 ] 127.0.0.1 127.0.0.1 GET /wed/number/index.html?key=c4ca4238a0b923820dcc509a6f75849b&action=number&kdid=17
[ log ] www.akali.com/wed/number/index.html?key=c4ca4238a0b923820dcc509a6f75849b&action=number&kdid=17 [运行时间：0.024084s][吞吐率：41.52req/s] [内存消耗：546.49kb] [文件加载：53]
[ info ] [ LANG ] D:\Web\www.akali.com\thinkphp\lang\zh-cn.php
[ info ] [ ROUTE ] array (
  'type' => 'module',
  'module' => 
  array (
    0 => 'wed',
    1 => 'number',
    2 => 'index',
  ),
)
[ info ] [ HEADER ] array (
  'host' => 'www.akali.com',
  'connection' => 'keep-alive',
  'cache-control' => 'max-age=0',
  'upgrade-insecure-requests' => '1',
  'user-agent' => 'Mozilla/5.0 (Windows NT 10.0; WOW64) AppleWebKit/537.36 (KHTML, like Gecko) Chrome/55.0.2883.87 UBrowser/6.2.4098.3 Safari/537.36',
  'accept' => 'text/html,application/xhtml+xml,application/xml;q=0.9,image/webp,*/*;q=0.8',
  'accept-encoding' => 'gzip, deflate',
  'accept-language' => 'zh-CN,zh;q=0.8',
  'cookie' => 'seen=think%3A%7B%221%22%3A%221%22%7D; like=think%3A%7B%221%22%3A%221%22%7D; cart=think%3A%5B%5D',
)
[ info ] [ PARAM ] array (
  'key' => 'c4ca4238a0b923820dcc509a6f75849b',
  'action' => 'number',
  'kdid' => '17',
)
[ info ] [ DB ] INIT mysql
[ info ] [ RUN ] app\wed\controller\Number->index[ D:\Web\www.akali.com\application\wed\controller\Number.php ]
[ info ] [ LOG ] INIT File
[ sql ] [ DB ] CONNECT:[ UseTime:0.001295s ] mysql:dbname=www_ruiwen_com;host=127.0.0.1;charset=utf8
[ sql ] [ SQL ] SHOW COLUMNS FROM `jm_user` [ RunTime:0.003345s ]
[ sql ] [ SQL ] SELECT * FROM `jm_user` WHERE  `key` = 'c4ca4238a0b923820dcc509a6f75849b' LIMIT 1 [ RunTime:0.000202s ]
[ sql ] [ SQL ] SHOW COLUMNS FROM `number` [ RunTime:0.002655s ]
[ sql ] [ SQL ] SELECT `number` FROM `number` WHERE  `kdid` = 17  AND `type` = 1 LIMIT 1 [ RunTime:0.001217s ]
[ sql ] [ SQL ] SHOW COLUMNS FROM `jm_kd` [ RunTime:0.000714s ]
[ sql ] [ SQL ] SELECT `price` FROM `jm_kd` WHERE  `kdid` = 17 LIMIT 1 [ RunTime:0.000158s ]
[ sql ] [ SQL ] UPDATE `number`  SET `type`=2  WHERE  `number` = '225011368930' [ RunTime:0.002471s ]
[ sql ] [ SQL ] UPDATE `jm_user`  SET `money`=money-1.7  WHERE  `id` = 2 [ RunTime:0.000220s ]

---------------------------------------------------------------
[ 2019-06-12T11:21:27+08:00 ] 127.0.0.1 127.0.0.1 GET /wed/number/index.html?key=c4ca4238a0b923820dcc509a6f75849b&action=number&kdid=17?key=c4ca4238a0b923820dcc509a6f75849b&action=number&kdid=17
[ log ] www.akali.com/wed/number/index.html?key=c4ca4238a0b923820dcc509a6f75849b&action=number&kdid=17?key=c4ca4238a0b923820dcc509a6f75849b&action=number&kdid=17 [运行时间：0.018064s][吞吐率：55.36req/s] [内存消耗：545.02kb] [文件加载：53]
[ info ] [ LANG ] D:\Web\www.akali.com\thinkphp\lang\zh-cn.php
[ info ] [ ROUTE ] array (
  'type' => 'module',
  'module' => 
  array (
    0 => 'wed',
    1 => 'number',
    2 => 'index',
  ),
)
[ info ] [ HEADER ] array (
  'host' => 'www.akali.com',
  'user-agent' => 'QQ_Mobile_V5.5',
  'accept' => '*/*',
)
[ info ] [ PARAM ] array (
  'key' => 'c4ca4238a0b923820dcc509a6f75849b',
  'action' => 'number',
  'kdid' => '17',
)
[ info ] [ DB ] INIT mysql
[ info ] [ RUN ] app\wed\controller\Number->index[ D:\Web\www.akali.com\application\wed\controller\Number.php ]
[ info ] [ LOG ] INIT File
[ sql ] [ DB ] CONNECT:[ UseTime:0.001158s ] mysql:dbname=www_ruiwen_com;host=127.0.0.1;charset=utf8
[ sql ] [ SQL ] SHOW COLUMNS FROM `jm_user` [ RunTime:0.000562s ]
[ sql ] [ SQL ] SELECT * FROM `jm_user` WHERE  `key` = 'c4ca4238a0b923820dcc509a6f75849b' LIMIT 1 [ RunTime:0.000165s ]
[ sql ] [ SQL ] SHOW COLUMNS FROM `number` [ RunTime:0.000361s ]
[ sql ] [ SQL ] SELECT `number` FROM `number` WHERE  `kdid` = 17  AND `type` = 1 LIMIT 1 [ RunTime:0.001123s ]
[ sql ] [ SQL ] SHOW COLUMNS FROM `jm_kd` [ RunTime:0.000457s ]
[ sql ] [ SQL ] SELECT `price` FROM `jm_kd` WHERE  `kdid` = 17 LIMIT 1 [ RunTime:0.000153s ]
[ sql ] [ SQL ] UPDATE `number`  SET `type`=2  WHERE  `number` = '225011368931' [ RunTime:0.002459s ]
[ sql ] [ SQL ] UPDATE `jm_user`  SET `money`=money-1.7  WHERE  `id` = 2 [ RunTime:0.000193s ]

---------------------------------------------------------------
[ 2019-06-12T11:23:05+08:00 ] 127.0.0.1 127.0.0.1 GET /wed/number/index.html?key=c4ca4238a0b923820dcc509a6f75849b&action=number&kdid=17?key=c4ca4238a0b923820dcc509a6f75849b&action=number&kdid=17
[ log ] www.akali.com/wed/number/index.html?key=c4ca4238a0b923820dcc509a6f75849b&action=number&kdid=17?key=c4ca4238a0b923820dcc509a6f75849b&action=number&kdid=17 [运行时间：0.010259s][吞吐率：97.48req/s] [内存消耗：545.02kb] [文件加载：53]
[ info ] [ LANG ] D:\Web\www.akali.com\thinkphp\lang\zh-cn.php
[ info ] [ ROUTE ] array (
  'type' => 'module',
  'module' => 
  array (
    0 => 'wed',
    1 => 'number',
    2 => 'index',
  ),
)
[ info ] [ HEADER ] array (
  'host' => 'www.akali.com',
  'user-agent' => 'QQ_Mobile_V5.5',
  'accept' => '*/*',
)
[ info ] [ PARAM ] array (
  'key' => 'c4ca4238a0b923820dcc509a6f75849b',
  'action' => 'number',
  'kdid' => '17',
)
[ info ] [ DB ] INIT mysql
[ info ] [ RUN ] app\wed\controller\Number->index[ D:\Web\www.akali.com\application\wed\controller\Number.php ]
[ info ] [ LOG ] INIT File
[ sql ] [ DB ] CONNECT:[ UseTime:0.001205s ] mysql:dbname=www_ruiwen_com;host=127.0.0.1;charset=utf8
[ sql ] [ SQL ] SHOW COLUMNS FROM `jm_user` [ RunTime:0.000548s ]
[ sql ] [ SQL ] SELECT * FROM `jm_user` WHERE  `key` = 'c4ca4238a0b923820dcc509a6f75849b' LIMIT 1 [ RunTime:0.000163s ]
[ sql ] [ SQL ] SHOW COLUMNS FROM `number` [ RunTime:0.000351s ]
[ sql ] [ SQL ] SELECT `number` FROM `number` WHERE  `kdid` = 17  AND `type` = 1 LIMIT 1 [ RunTime:0.001175s ]
[ sql ] [ SQL ] SHOW COLUMNS FROM `jm_kd` [ RunTime:0.000488s ]
[ sql ] [ SQL ] SELECT `price` FROM `jm_kd` WHERE  `kdid` = 17 LIMIT 1 [ RunTime:0.000138s ]
[ sql ] [ SQL ] UPDATE `number`  SET `type`=2  WHERE  `number` = '225011368932' [ RunTime:0.002351s ]
[ sql ] [ SQL ] UPDATE `jm_user`  SET `money`=money-1.7  WHERE  `id` = 2 [ RunTime:0.000162s ]

---------------------------------------------------------------
[ 2019-06-12T11:23:52+08:00 ] 127.0.0.1 127.0.0.1 GET /wed/number/index.html?key=c4ca4238a0b923820dcc509a6f75849b&action=number&kdid=17?key=c4ca4238a0b923820dcc509a6f75849b&action=number&kdid=17
[ log ] www.akali.com/wed/number/index.html?key=c4ca4238a0b923820dcc509a6f75849b&action=number&kdid=17?key=c4ca4238a0b923820dcc509a6f75849b&action=number&kdid=17 [运行时间：0.019541s][吞吐率：51.17req/s] [内存消耗：545.02kb] [文件加载：53]
[ info ] [ LANG ] D:\Web\www.akali.com\thinkphp\lang\zh-cn.php
[ info ] [ ROUTE ] array (
  'type' => 'module',
  'module' => 
  array (
    0 => 'wed',
    1 => 'number',
    2 => 'index',
  ),
)
[ info ] [ HEADER ] array (
  'host' => 'www.akali.com',
  'user-agent' => 'QQ_Mobile_V5.5',
  'accept' => '*/*',
)
[ info ] [ PARAM ] array (
  'key' => 'c4ca4238a0b923820dcc509a6f75849b',
  'action' => 'number',
  'kdid' => '17',
)
[ info ] [ DB ] INIT mysql
[ info ] [ RUN ] app\wed\controller\Number->index[ D:\Web\www.akali.com\application\wed\controller\Number.php ]
[ info ] [ LOG ] INIT File
[ sql ] [ DB ] CONNECT:[ UseTime:0.001162s ] mysql:dbname=www_ruiwen_com;host=127.0.0.1;charset=utf8
[ sql ] [ SQL ] SHOW COLUMNS FROM `jm_user` [ RunTime:0.000556s ]
[ sql ] [ SQL ] SELECT * FROM `jm_user` WHERE  `key` = 'c4ca4238a0b923820dcc509a6f75849b' LIMIT 1 [ RunTime:0.000311s ]
[ sql ] [ SQL ] SHOW COLUMNS FROM `number` [ RunTime:0.000456s ]
[ sql ] [ SQL ] SELECT `number` FROM `number` WHERE  `kdid` = 17  AND `type` = 1 LIMIT 1 [ RunTime:0.001598s ]
[ sql ] [ SQL ] SHOW COLUMNS FROM `jm_kd` [ RunTime:0.001019s ]
[ sql ] [ SQL ] SELECT `price` FROM `jm_kd` WHERE  `kdid` = 17 LIMIT 1 [ RunTime:0.000200s ]
[ sql ] [ SQL ] UPDATE `number`  SET `type`=2  WHERE  `number` = '225011368933' [ RunTime:0.002351s ]
[ sql ] [ SQL ] UPDATE `jm_user`  SET `money`=money-1.7  WHERE  `id` = 2 [ RunTime:0.000192s ]

---------------------------------------------------------------
[ 2019-06-12T11:24:06+08:00 ] 127.0.0.1 127.0.0.1 GET /wed/number/index.html?key=c4ca4238a0b923820dcc509a6f75849b&action=number&kdid=17?key=c4ca4238a0b923820dcc509a6f75849b&action=number&kdid=17
[ log ] www.akali.com/wed/number/index.html?key=c4ca4238a0b923820dcc509a6f75849b&action=number&kdid=17?key=c4ca4238a0b923820dcc509a6f75849b&action=number&kdid=17 [运行时间：0.010299s][吞吐率：97.10req/s] [内存消耗：545.02kb] [文件加载：53]
[ info ] [ LANG ] D:\Web\www.akali.com\thinkphp\lang\zh-cn.php
[ info ] [ ROUTE ] array (
  'type' => 'module',
  'module' => 
  array (
    0 => 'wed',
    1 => 'number',
    2 => 'index',
  ),
)
[ info ] [ HEADER ] array (
  'host' => 'www.akali.com',
  'user-agent' => 'QQ_Mobile_V5.5',
  'accept' => '*/*',
)
[ info ] [ PARAM ] array (
  'key' => 'c4ca4238a0b923820dcc509a6f75849b',
  'action' => 'number',
  'kdid' => '17',
)
[ info ] [ DB ] INIT mysql
[ info ] [ RUN ] app\wed\controller\Number->index[ D:\Web\www.akali.com\application\wed\controller\Number.php ]
[ info ] [ LOG ] INIT File
[ sql ] [ DB ] CONNECT:[ UseTime:0.001128s ] mysql:dbname=www_ruiwen_com;host=127.0.0.1;charset=utf8
[ sql ] [ SQL ] SHOW COLUMNS FROM `jm_user` [ RunTime:0.000539s ]
[ sql ] [ SQL ] SELECT * FROM `jm_user` WHERE  `key` = 'c4ca4238a0b923820dcc509a6f75849b' LIMIT 1 [ RunTime:0.000164s ]
[ sql ] [ SQL ] SHOW COLUMNS FROM `number` [ RunTime:0.000348s ]
[ sql ] [ SQL ] SELECT `number` FROM `number` WHERE  `kdid` = 17  AND `type` = 1 LIMIT 1 [ RunTime:0.001156s ]
[ sql ] [ SQL ] SHOW COLUMNS FROM `jm_kd` [ RunTime:0.000443s ]
[ sql ] [ SQL ] SELECT `price` FROM `jm_kd` WHERE  `kdid` = 17 LIMIT 1 [ RunTime:0.000127s ]
[ sql ] [ SQL ] UPDATE `number`  SET `type`=2  WHERE  `number` = '225011368934' [ RunTime:0.002538s ]
[ sql ] [ SQL ] UPDATE `jm_user`  SET `money`=money-1.7  WHERE  `id` = 2 [ RunTime:0.000214s ]

---------------------------------------------------------------
[ 2019-06-12T11:25:39+08:00 ] 127.0.0.1 127.0.0.1 GET /wed/number/index.html?key=c4ca4238a0b923820dcc509a6f75849b&action=number&kdid=17?key=c4ca4238a0b923820dcc509a6f75849b&action=number&kdid=17
[ log ] www.akali.com/wed/number/index.html?key=c4ca4238a0b923820dcc509a6f75849b&action=number&kdid=17?key=c4ca4238a0b923820dcc509a6f75849b&action=number&kdid=17 [运行时间：0.022117s][吞吐率：45.21req/s] [内存消耗：545.02kb] [文件加载：53]
[ info ] [ LANG ] D:\Web\www.akali.com\thinkphp\lang\zh-cn.php
[ info ] [ ROUTE ] array (
  'type' => 'module',
  'module' => 
  array (
    0 => 'wed',
    1 => 'number',
    2 => 'index',
  ),
)
[ info ] [ HEADER ] array (
  'host' => 'www.akali.com',
  'user-agent' => 'QQ_Mobile_V5.5',
  'accept' => '*/*',
)
[ info ] [ PARAM ] array (
  'key' => 'c4ca4238a0b923820dcc509a6f75849b',
  'action' => 'number',
  'kdid' => '17',
)
[ info ] [ DB ] INIT mysql
[ info ] [ RUN ] app\wed\controller\Number->index[ D:\Web\www.akali.com\application\wed\controller\Number.php ]
[ info ] [ LOG ] INIT File
[ sql ] [ DB ] CONNECT:[ UseTime:0.001144s ] mysql:dbname=www_ruiwen_com;host=127.0.0.1;charset=utf8
[ sql ] [ SQL ] SHOW COLUMNS FROM `jm_user` [ RunTime:0.008239s ]
[ sql ] [ SQL ] SELECT * FROM `jm_user` WHERE  `key` = 'c4ca4238a0b923820dcc509a6f75849b' LIMIT 1 [ RunTime:0.000189s ]
[ sql ] [ SQL ] SHOW COLUMNS FROM `number` [ RunTime:0.004454s ]
[ sql ] [ SQL ] SELECT `number` FROM `number` WHERE  `kdid` = 17  AND `type` = 1 LIMIT 1 [ RunTime:0.001133s ]
[ sql ] [ SQL ] SHOW COLUMNS FROM `jm_kd` [ RunTime:0.000624s ]
[ sql ] [ SQL ] SELECT `price` FROM `jm_kd` WHERE  `kdid` = 17 LIMIT 1 [ RunTime:0.000133s ]
[ sql ] [ SQL ] UPDATE `number`  SET `type`=2  WHERE  `number` = '225011368935' [ RunTime:0.002349s ]
[ sql ] [ SQL ] UPDATE `jm_user`  SET `money`=money-1.7  WHERE  `id` = 2 [ RunTime:0.000166s ]

---------------------------------------------------------------
[ 2019-06-12T11:26:23+08:00 ] 127.0.0.1 127.0.0.1 GET /wed/number/index.html?key=c4ca4238a0b923820dcc509a6f75849b&action=number&kdid=17?key=c4ca4238a0b923820dcc509a6f75849b&action=number&kdid=17
[ log ] www.akali.com/wed/number/index.html?key=c4ca4238a0b923820dcc509a6f75849b&action=number&kdid=17?key=c4ca4238a0b923820dcc509a6f75849b&action=number&kdid=17 [运行时间：0.017905s][吞吐率：55.85req/s] [内存消耗：545.02kb] [文件加载：53]
[ info ] [ LANG ] D:\Web\www.akali.com\thinkphp\lang\zh-cn.php
[ info ] [ ROUTE ] array (
  'type' => 'module',
  'module' => 
  array (
    0 => 'wed',
    1 => 'number',
    2 => 'index',
  ),
)
[ info ] [ HEADER ] array (
  'host' => 'www.akali.com',
  'user-agent' => 'QQ_Mobile_V5.5',
  'accept' => '*/*',
)
[ info ] [ PARAM ] array (
  'key' => 'c4ca4238a0b923820dcc509a6f75849b',
  'action' => 'number',
  'kdid' => '17',
)
[ info ] [ DB ] INIT mysql
[ info ] [ RUN ] app\wed\controller\Number->index[ D:\Web\www.akali.com\application\wed\controller\Number.php ]
[ info ] [ LOG ] INIT File
[ sql ] [ DB ] CONNECT:[ UseTime:0.001397s ] mysql:dbname=www_ruiwen_com;host=127.0.0.1;charset=utf8
[ sql ] [ SQL ] SHOW COLUMNS FROM `jm_user` [ RunTime:0.000593s ]
[ sql ] [ SQL ] SELECT * FROM `jm_user` WHERE  `key` = 'c4ca4238a0b923820dcc509a6f75849b' LIMIT 1 [ RunTime:0.000181s ]
[ sql ] [ SQL ] SHOW COLUMNS FROM `number` [ RunTime:0.000376s ]
[ sql ] [ SQL ] SELECT `number` FROM `number` WHERE  `kdid` = 17  AND `type` = 1 LIMIT 1 [ RunTime:0.001278s ]
[ sql ] [ SQL ] SHOW COLUMNS FROM `jm_kd` [ RunTime:0.000521s ]
[ sql ] [ SQL ] SELECT `price` FROM `jm_kd` WHERE  `kdid` = 17 LIMIT 1 [ RunTime:0.000143s ]
[ sql ] [ SQL ] UPDATE `number`  SET `type`=2  WHERE  `number` = '225011368936' [ RunTime:0.002278s ]
[ sql ] [ SQL ] UPDATE `jm_user`  SET `money`=money-1.7  WHERE  `id` = 2 [ RunTime:0.000171s ]

---------------------------------------------------------------
[ 2019-06-12T11:27:15+08:00 ] 127.0.0.1 127.0.0.1 GET /wed/number/index.html?key=c4ca4238a0b923820dcc509a6f75849b&action=number&kdid=17?key=c4ca4238a0b923820dcc509a6f75849b&action=number&kdid=17
[ log ] www.akali.com/wed/number/index.html?key=c4ca4238a0b923820dcc509a6f75849b&action=number&kdid=17?key=c4ca4238a0b923820dcc509a6f75849b&action=number&kdid=17 [运行时间：0.021312s][吞吐率：46.92req/s] [内存消耗：545.02kb] [文件加载：53]
[ info ] [ LANG ] D:\Web\www.akali.com\thinkphp\lang\zh-cn.php
[ info ] [ ROUTE ] array (
  'type' => 'module',
  'module' => 
  array (
    0 => 'wed',
    1 => 'number',
    2 => 'index',
  ),
)
[ info ] [ HEADER ] array (
  'host' => 'www.akali.com',
  'user-agent' => 'QQ_Mobile_V5.5',
  'accept' => '*/*',
)
[ info ] [ PARAM ] array (
  'key' => 'c4ca4238a0b923820dcc509a6f75849b',
  'action' => 'number',
  'kdid' => '17',
)
[ info ] [ DB ] INIT mysql
[ info ] [ RUN ] app\wed\controller\Number->index[ D:\Web\www.akali.com\application\wed\controller\Number.php ]
[ info ] [ LOG ] INIT File
[ sql ] [ DB ] CONNECT:[ UseTime:0.001156s ] mysql:dbname=www_ruiwen_com;host=127.0.0.1;charset=utf8
[ sql ] [ SQL ] SHOW COLUMNS FROM `jm_user` [ RunTime:0.000552s ]
[ sql ] [ SQL ] SELECT * FROM `jm_user` WHERE  `key` = 'c4ca4238a0b923820dcc509a6f75849b' LIMIT 1 [ RunTime:0.000179s ]
[ sql ] [ SQL ] SHOW COLUMNS FROM `number` [ RunTime:0.000375s ]
[ sql ] [ SQL ] SELECT `number` FROM `number` WHERE  `kdid` = 17  AND `type` = 1 LIMIT 1 [ RunTime:0.011977s ]
[ sql ] [ SQL ] SHOW COLUMNS FROM `jm_kd` [ RunTime:0.000544s ]
[ sql ] [ SQL ] SELECT `price` FROM `jm_kd` WHERE  `kdid` = 17 LIMIT 1 [ RunTime:0.000146s ]
[ sql ] [ SQL ] UPDATE `number`  SET `type`=2  WHERE  `number` = '225011368937' [ RunTime:0.002366s ]
[ sql ] [ SQL ] UPDATE `jm_user`  SET `money`=money-1.7  WHERE  `id` = 2 [ RunTime:0.000298s ]

---------------------------------------------------------------
[ 2019-06-12T11:31:06+08:00 ] 127.0.0.1 127.0.0.1 GET /wed/number/index.html?key=c4ca4238a0b923820dcc509a6f75849b&action=number&kdid=17?key=c4ca4238a0b923820dcc509a6f75849b&action=number&kdid=17
[ log ] www.akali.com/wed/number/index.html?key=c4ca4238a0b923820dcc509a6f75849b&action=number&kdid=17?key=c4ca4238a0b923820dcc509a6f75849b&action=number&kdid=17 [运行时间：0.026542s][吞吐率：37.68req/s] [内存消耗：545.02kb] [文件加载：53]
[ info ] [ LANG ] D:\Web\www.akali.com\thinkphp\lang\zh-cn.php
[ info ] [ ROUTE ] array (
  'type' => 'module',
  'module' => 
  array (
    0 => 'wed',
    1 => 'number',
    2 => 'index',
  ),
)
[ info ] [ HEADER ] array (
  'host' => 'www.akali.com',
  'user-agent' => 'QQ_Mobile_V5.5',
  'accept' => '*/*',
)
[ info ] [ PARAM ] array (
  'key' => 'c4ca4238a0b923820dcc509a6f75849b',
  'action' => 'number',
  'kdid' => '17',
)
[ info ] [ DB ] INIT mysql
[ info ] [ RUN ] app\wed\controller\Number->index[ D:\Web\www.akali.com\application\wed\controller\Number.php ]
[ info ] [ LOG ] INIT File
[ sql ] [ DB ] CONNECT:[ UseTime:0.001231s ] mysql:dbname=www_ruiwen_com;host=127.0.0.1;charset=utf8
[ sql ] [ SQL ] SHOW COLUMNS FROM `jm_user` [ RunTime:0.003364s ]
[ sql ] [ SQL ] SELECT * FROM `jm_user` WHERE  `key` = 'c4ca4238a0b923820dcc509a6f75849b' LIMIT 1 [ RunTime:0.000210s ]
[ sql ] [ SQL ] SHOW COLUMNS FROM `number` [ RunTime:0.003187s ]
[ sql ] [ SQL ] SELECT `number` FROM `number` WHERE  `kdid` = 17  AND `type` = 1 LIMIT 1 [ RunTime:0.001617s ]
[ sql ] [ SQL ] SHOW COLUMNS FROM `jm_kd` [ RunTime:0.000970s ]
[ sql ] [ SQL ] SELECT `price` FROM `jm_kd` WHERE  `kdid` = 17 LIMIT 1 [ RunTime:0.000208s ]
[ sql ] [ SQL ] UPDATE `number`  SET `type`=2  WHERE  `number` = '225011368938' [ RunTime:0.004058s ]
[ sql ] [ SQL ] UPDATE `jm_user`  SET `money`=money-1.7  WHERE  `id` = 2 [ RunTime:0.000229s ]

---------------------------------------------------------------
[ 2019-06-12T11:33:05+08:00 ] 127.0.0.1 127.0.0.1 GET /wed/number/index.html?key=c4ca4238a0b923820dcc509a6f75849b&action=number&kdid=17?key=c4ca4238a0b923820dcc509a6f75849b&action=number&kdid=17
[ log ] www.akali.com/wed/number/index.html?key=c4ca4238a0b923820dcc509a6f75849b&action=number&kdid=17?key=c4ca4238a0b923820dcc509a6f75849b&action=number&kdid=17 [运行时间：0.016711s][吞吐率：59.84req/s] [内存消耗：545.02kb] [文件加载：53]
[ info ] [ LANG ] D:\Web\www.akali.com\thinkphp\lang\zh-cn.php
[ info ] [ ROUTE ] array (
  'type' => 'module',
  'module' => 
  array (
    0 => 'wed',
    1 => 'number',
    2 => 'index',
  ),
)
[ info ] [ HEADER ] array (
  'host' => 'www.akali.com',
  'user-agent' => 'QQ_Mobile_V5.5',
  'accept' => '*/*',
)
[ info ] [ PARAM ] array (
  'key' => 'c4ca4238a0b923820dcc509a6f75849b',
  'action' => 'number',
  'kdid' => '17',
)
[ info ] [ DB ] INIT mysql
[ info ] [ RUN ] app\wed\controller\Number->index[ D:\Web\www.akali.com\application\wed\controller\Number.php ]
[ info ] [ LOG ] INIT File
[ sql ] [ DB ] CONNECT:[ UseTime:0.001190s ] mysql:dbname=www_ruiwen_com;host=127.0.0.1;charset=utf8
[ sql ] [ SQL ] SHOW COLUMNS FROM `jm_user` [ RunTime:0.003475s ]
[ sql ] [ SQL ] SELECT * FROM `jm_user` WHERE  `key` = 'c4ca4238a0b923820dcc509a6f75849b' LIMIT 1 [ RunTime:0.000195s ]
[ sql ] [ SQL ] SHOW COLUMNS FROM `number` [ RunTime:0.003226s ]
[ sql ] [ SQL ] SELECT `number` FROM `number` WHERE  `kdid` = 17  AND `type` = 1 LIMIT 1 [ RunTime:0.001193s ]
[ sql ] [ SQL ] SHOW COLUMNS FROM `jm_kd` [ RunTime:0.000707s ]
[ sql ] [ SQL ] SELECT `price` FROM `jm_kd` WHERE  `kdid` = 17 LIMIT 1 [ RunTime:0.000176s ]
[ sql ] [ SQL ] UPDATE `number`  SET `type`=2  WHERE  `number` = '225011368939' [ RunTime:0.002433s ]
[ sql ] [ SQL ] UPDATE `jm_user`  SET `money`=money-1.7  WHERE  `id` = 2 [ RunTime:0.000205s ]

---------------------------------------------------------------
[ 2019-06-12T11:34:17+08:00 ] 127.0.0.1 127.0.0.1 GET /wed/number/index.html?key=c4ca4238a0b923820dcc509a6f75849b&action=number&kdid=17?key=c4ca4238a0b923820dcc509a6f75849b&action=number&kdid=17
[ log ] www.akali.com/wed/number/index.html?key=c4ca4238a0b923820dcc509a6f75849b&action=number&kdid=17?key=c4ca4238a0b923820dcc509a6f75849b&action=number&kdid=17 [运行时间：0.020841s][吞吐率：47.98req/s] [内存消耗：545.02kb] [文件加载：53]
[ info ] [ LANG ] D:\Web\www.akali.com\thinkphp\lang\zh-cn.php
[ info ] [ ROUTE ] array (
  'type' => 'module',
  'module' => 
  array (
    0 => 'wed',
    1 => 'number',
    2 => 'index',
  ),
)
[ info ] [ HEADER ] array (
  'host' => 'www.akali.com',
  'user-agent' => 'QQ_Mobile_V5.5',
  'accept' => '*/*',
)
[ info ] [ PARAM ] array (
  'key' => 'c4ca4238a0b923820dcc509a6f75849b',
  'action' => 'number',
  'kdid' => '17',
)
[ info ] [ DB ] INIT mysql
[ info ] [ RUN ] app\wed\controller\Number->index[ D:\Web\www.akali.com\application\wed\controller\Number.php ]
[ info ] [ LOG ] INIT File
[ sql ] [ DB ] CONNECT:[ UseTime:0.001323s ] mysql:dbname=www_ruiwen_com;host=127.0.0.1;charset=utf8
[ sql ] [ SQL ] SHOW COLUMNS FROM `jm_user` [ RunTime:0.000848s ]
[ sql ] [ SQL ] SELECT * FROM `jm_user` WHERE  `key` = 'c4ca4238a0b923820dcc509a6f75849b' LIMIT 1 [ RunTime:0.000234s ]
[ sql ] [ SQL ] SHOW COLUMNS FROM `number` [ RunTime:0.000615s ]
[ sql ] [ SQL ] SELECT `number` FROM `number` WHERE  `kdid` = 17  AND `type` = 1 LIMIT 1 [ RunTime:0.001618s ]
[ sql ] [ SQL ] SHOW COLUMNS FROM `jm_kd` [ RunTime:0.000694s ]
[ sql ] [ SQL ] SELECT `price` FROM `jm_kd` WHERE  `kdid` = 17 LIMIT 1 [ RunTime:0.000342s ]
[ sql ] [ SQL ] UPDATE `number`  SET `type`=2  WHERE  `number` = '225011368940' [ RunTime:0.003865s ]
[ sql ] [ SQL ] UPDATE `jm_user`  SET `money`=money-1.7  WHERE  `id` = 2 [ RunTime:0.000269s ]

---------------------------------------------------------------
[ 2019-06-12T14:55:21+08:00 ] 127.0.0.1 127.0.0.1 GET /wed/number/index.html?key=c4ca4238a0b923820dcc509a6f75849b&action=number&kdid=17?key=c4ca4238a0b923820dcc509a6f75849b&action=number&kdid=17
[ log ] www.akali.com/wed/number/index.html?key=c4ca4238a0b923820dcc509a6f75849b&action=number&kdid=17?key=c4ca4238a0b923820dcc509a6f75849b&action=number&kdid=17 [运行时间：0.038656s][吞吐率：25.87req/s] [内存消耗：545.02kb] [文件加载：53]
[ info ] [ LANG ] D:\Web\www.akali.com\thinkphp\lang\zh-cn.php
[ info ] [ ROUTE ] array (
  'type' => 'module',
  'module' => 
  array (
    0 => 'wed',
    1 => 'number',
    2 => 'index',
  ),
)
[ info ] [ HEADER ] array (
  'host' => 'www.akali.com',
  'user-agent' => 'QQ_Mobile_V5.5',
  'accept' => '*/*',
)
[ info ] [ PARAM ] array (
  'key' => 'c4ca4238a0b923820dcc509a6f75849b',
  'action' => 'number',
  'kdid' => '17',
)
[ info ] [ DB ] INIT mysql
[ info ] [ RUN ] app\wed\controller\Number->index[ D:\Web\www.akali.com\application\wed\controller\Number.php ]
[ info ] [ LOG ] INIT File
[ sql ] [ DB ] CONNECT:[ UseTime:0.001421s ] mysql:dbname=www_ruiwen_com;host=127.0.0.1;charset=utf8
[ sql ] [ SQL ] SHOW COLUMNS FROM `jm_user` [ RunTime:0.009034s ]
[ sql ] [ SQL ] SELECT * FROM `jm_user` WHERE  `key` = 'c4ca4238a0b923820dcc509a6f75849b' LIMIT 1 [ RunTime:0.000310s ]
[ sql ] [ SQL ] SHOW COLUMNS FROM `number` [ RunTime:0.004986s ]
[ sql ] [ SQL ] SELECT `number` FROM `number` WHERE  `kdid` = 17  AND `type` = 1 LIMIT 1 [ RunTime:0.006940s ]
[ sql ] [ SQL ] SHOW COLUMNS FROM `jm_kd` [ RunTime:0.001009s ]
[ sql ] [ SQL ] SELECT `price` FROM `jm_kd` WHERE  `kdid` = 17 LIMIT 1 [ RunTime:0.000158s ]
[ sql ] [ SQL ] UPDATE `number`  SET `type`=2  WHERE  `number` = '225011368941' [ RunTime:0.002311s ]
[ sql ] [ SQL ] UPDATE `jm_user`  SET `money`=money-1.7  WHERE  `id` = 2 [ RunTime:0.000213s ]

---------------------------------------------------------------
[ 2019-06-12T14:55:32+08:00 ] 127.0.0.1 127.0.0.1 GET /wed/number/index.html?key=c4ca4238a0b923820dcc509a6f75849b&action=number&kdid=17?key=c4ca4238a0b923820dcc509a6f75849b&action=number&kdid=17
[ log ] www.akali.com/wed/number/index.html?key=c4ca4238a0b923820dcc509a6f75849b&action=number&kdid=17?key=c4ca4238a0b923820dcc509a6f75849b&action=number&kdid=17 [运行时间：0.023611s][吞吐率：42.35req/s] [内存消耗：545.02kb] [文件加载：53]
[ info ] [ LANG ] D:\Web\www.akali.com\thinkphp\lang\zh-cn.php
[ info ] [ ROUTE ] array (
  'type' => 'module',
  'module' => 
  array (
    0 => 'wed',
    1 => 'number',
    2 => 'index',
  ),
)
[ info ] [ HEADER ] array (
  'host' => 'www.akali.com',
  'user-agent' => 'QQ_Mobile_V5.5',
  'accept' => '*/*',
)
[ info ] [ PARAM ] array (
  'key' => 'c4ca4238a0b923820dcc509a6f75849b',
  'action' => 'number',
  'kdid' => '17',
)
[ info ] [ DB ] INIT mysql
[ info ] [ RUN ] app\wed\controller\Number->index[ D:\Web\www.akali.com\application\wed\controller\Number.php ]
[ info ] [ LOG ] INIT File
[ sql ] [ DB ] CONNECT:[ UseTime:0.010299s ] mysql:dbname=www_ruiwen_com;host=127.0.0.1;charset=utf8
[ sql ] [ SQL ] SHOW COLUMNS FROM `jm_user` [ RunTime:0.000631s ]
[ sql ] [ SQL ] SELECT * FROM `jm_user` WHERE  `key` = 'c4ca4238a0b923820dcc509a6f75849b' LIMIT 1 [ RunTime:0.000172s ]
[ sql ] [ SQL ] SHOW COLUMNS FROM `number` [ RunTime:0.003284s ]
[ sql ] [ SQL ] SELECT `number` FROM `number` WHERE  `kdid` = 17  AND `type` = 1 LIMIT 1 [ RunTime:0.001391s ]
[ sql ] [ SQL ] SHOW COLUMNS FROM `jm_kd` [ RunTime:0.000856s ]
[ sql ] [ SQL ] SELECT `price` FROM `jm_kd` WHERE  `kdid` = 17 LIMIT 1 [ RunTime:0.000189s ]
[ sql ] [ SQL ] UPDATE `number`  SET `type`=2  WHERE  `number` = '225011368942' [ RunTime:0.002480s ]
[ sql ] [ SQL ] UPDATE `jm_user`  SET `money`=money-1.7  WHERE  `id` = 2 [ RunTime:0.000222s ]

---------------------------------------------------------------
[ 2019-06-12T14:55:35+08:00 ] 127.0.0.1 127.0.0.1 GET /wed/number/index.html?key=c4ca4238a0b923820dcc509a6f75849b&action=number&kdid=17?key=c4ca4238a0b923820dcc509a6f75849b&action=number&kdid=17
[ log ] www.akali.com/wed/number/index.html?key=c4ca4238a0b923820dcc509a6f75849b&action=number&kdid=17?key=c4ca4238a0b923820dcc509a6f75849b&action=number&kdid=17 [运行时间：0.017567s][吞吐率：56.93req/s] [内存消耗：545.02kb] [文件加载：53]
[ info ] [ LANG ] D:\Web\www.akali.com\thinkphp\lang\zh-cn.php
[ info ] [ ROUTE ] array (
  'type' => 'module',
  'module' => 
  array (
    0 => 'wed',
    1 => 'number',
    2 => 'index',
  ),
)
[ info ] [ HEADER ] array (
  'host' => 'www.akali.com',
  'user-agent' => 'QQ_Mobile_V5.5',
  'accept' => '*/*',
)
[ info ] [ PARAM ] array (
  'key' => 'c4ca4238a0b923820dcc509a6f75849b',
  'action' => 'number',
  'kdid' => '17',
)
[ info ] [ DB ] INIT mysql
[ info ] [ RUN ] app\wed\controller\Number->index[ D:\Web\www.akali.com\application\wed\controller\Number.php ]
[ info ] [ LOG ] INIT File
[ sql ] [ DB ] CONNECT:[ UseTime:0.001177s ] mysql:dbname=www_ruiwen_com;host=127.0.0.1;charset=utf8
[ sql ] [ SQL ] SHOW COLUMNS FROM `jm_user` [ RunTime:0.004093s ]
[ sql ] [ SQL ] SELECT * FROM `jm_user` WHERE  `key` = 'c4ca4238a0b923820dcc509a6f75849b' LIMIT 1 [ RunTime:0.000227s ]
[ sql ] [ SQL ] SHOW COLUMNS FROM `number` [ RunTime:0.003199s ]
[ sql ] [ SQL ] SELECT `number` FROM `number` WHERE  `kdid` = 17  AND `type` = 1 LIMIT 1 [ RunTime:0.001195s ]
[ sql ] [ SQL ] SHOW COLUMNS FROM `jm_kd` [ RunTime:0.000639s ]
[ sql ] [ SQL ] SELECT `price` FROM `jm_kd` WHERE  `kdid` = 17 LIMIT 1 [ RunTime:0.000149s ]
[ sql ] [ SQL ] UPDATE `number`  SET `type`=2  WHERE  `number` = '225011368943' [ RunTime:0.002614s ]
[ sql ] [ SQL ] UPDATE `jm_user`  SET `money`=money-1.7  WHERE  `id` = 2 [ RunTime:0.000302s ]

---------------------------------------------------------------
[ 2019-06-12T15:00:01+08:00 ] 127.0.0.1 127.0.0.1 GET /wed/number/index.html?key=c4ca4238a0b923820dcc509a6f75849b&action=number&kdid=17?key=c4ca4238a0b923820dcc509a6f75849b&action=number&kdid=17
[ log ] www.akali.com/wed/number/index.html?key=c4ca4238a0b923820dcc509a6f75849b&action=number&kdid=17?key=c4ca4238a0b923820dcc509a6f75849b&action=number&kdid=17 [运行时间：0.021774s][吞吐率：45.93req/s] [内存消耗：545.02kb] [文件加载：53]
[ info ] [ LANG ] D:\Web\www.akali.com\thinkphp\lang\zh-cn.php
[ info ] [ ROUTE ] array (
  'type' => 'module',
  'module' => 
  array (
    0 => 'wed',
    1 => 'number',
    2 => 'index',
  ),
)
[ info ] [ HEADER ] array (
  'host' => 'www.akali.com',
  'user-agent' => 'QQ_Mobile_V5.5',
  'accept' => '*/*',
)
[ info ] [ PARAM ] array (
  'key' => 'c4ca4238a0b923820dcc509a6f75849b',
  'action' => 'number',
  'kdid' => '17',
)
[ info ] [ DB ] INIT mysql
[ info ] [ RUN ] app\wed\controller\Number->index[ D:\Web\www.akali.com\application\wed\controller\Number.php ]
[ info ] [ LOG ] INIT File
[ sql ] [ DB ] CONNECT:[ UseTime:0.001396s ] mysql:dbname=www_ruiwen_com;host=127.0.0.1;charset=utf8
[ sql ] [ SQL ] SHOW COLUMNS FROM `jm_user` [ RunTime:0.000845s ]
[ sql ] [ SQL ] SELECT * FROM `jm_user` WHERE  `key` = 'c4ca4238a0b923820dcc509a6f75849b' LIMIT 1 [ RunTime:0.000232s ]
[ sql ] [ SQL ] SHOW COLUMNS FROM `number` [ RunTime:0.000613s ]
[ sql ] [ SQL ] SELECT `number` FROM `number` WHERE  `kdid` = 17  AND `type` = 1 LIMIT 1 [ RunTime:0.001644s ]
[ sql ] [ SQL ] SHOW COLUMNS FROM `jm_kd` [ RunTime:0.000686s ]
[ sql ] [ SQL ] SELECT `price` FROM `jm_kd` WHERE  `kdid` = 17 LIMIT 1 [ RunTime:0.000180s ]
[ sql ] [ SQL ] UPDATE `number`  SET `type`=2  WHERE  `number` = '225011368944' [ RunTime:0.004064s ]
[ sql ] [ SQL ] UPDATE `jm_user`  SET `money`=money-1.7  WHERE  `id` = 2 [ RunTime:0.000342s ]

---------------------------------------------------------------
[ 2019-06-12T15:00:23+08:00 ] 127.0.0.1 127.0.0.1 GET /wed/number/index.html?key=c4ca4238a0b923820dcc509a6f75849b&action=number&kdid=17?key=c4ca4238a0b923820dcc509a6f75849b&action=number&kdid=17
[ log ] www.akali.com/wed/number/index.html?key=c4ca4238a0b923820dcc509a6f75849b&action=number&kdid=17?key=c4ca4238a0b923820dcc509a6f75849b&action=number&kdid=17 [运行时间：0.010255s][吞吐率：97.51req/s] [内存消耗：545.02kb] [文件加载：53]
[ info ] [ LANG ] D:\Web\www.akali.com\thinkphp\lang\zh-cn.php
[ info ] [ ROUTE ] array (
  'type' => 'module',
  'module' => 
  array (
    0 => 'wed',
    1 => 'number',
    2 => 'index',
  ),
)
[ info ] [ HEADER ] array (
  'host' => 'www.akali.com',
  'user-agent' => 'QQ_Mobile_V5.5',
  'accept' => '*/*',
)
[ info ] [ PARAM ] array (
  'key' => 'c4ca4238a0b923820dcc509a6f75849b',
  'action' => 'number',
  'kdid' => '17',
)
[ info ] [ DB ] INIT mysql
[ info ] [ RUN ] app\wed\controller\Number->index[ D:\Web\www.akali.com\application\wed\controller\Number.php ]
[ info ] [ LOG ] INIT File
[ sql ] [ DB ] CONNECT:[ UseTime:0.001202s ] mysql:dbname=www_ruiwen_com;host=127.0.0.1;charset=utf8
[ sql ] [ SQL ] SHOW COLUMNS FROM `jm_user` [ RunTime:0.000587s ]
[ sql ] [ SQL ] SELECT * FROM `jm_user` WHERE  `key` = 'c4ca4238a0b923820dcc509a6f75849b' LIMIT 1 [ RunTime:0.000213s ]
[ sql ] [ SQL ] SHOW COLUMNS FROM `number` [ RunTime:0.000377s ]
[ sql ] [ SQL ] SELECT `number` FROM `number` WHERE  `kdid` = 17  AND `type` = 1 LIMIT 1 [ RunTime:0.001152s ]
[ sql ] [ SQL ] SHOW COLUMNS FROM `jm_kd` [ RunTime:0.000423s ]
[ sql ] [ SQL ] SELECT `price` FROM `jm_kd` WHERE  `kdid` = 17 LIMIT 1 [ RunTime:0.000137s ]
[ sql ] [ SQL ] UPDATE `number`  SET `type`=2  WHERE  `number` = '225011368945' [ RunTime:0.002363s ]
[ sql ] [ SQL ] UPDATE `jm_user`  SET `money`=money-1.7  WHERE  `id` = 2 [ RunTime:0.000207s ]

---------------------------------------------------------------
[ 2019-06-12T15:00:50+08:00 ] 127.0.0.1 127.0.0.1 GET /wed/number/index.html?key=c4ca4238a0b923820dcc509a6f75849b&action=number&kdid=17?key=c4ca4238a0b923820dcc509a6f75849b&action=number&kdid=17
[ log ] www.akali.com/wed/number/index.html?key=c4ca4238a0b923820dcc509a6f75849b&action=number&kdid=17?key=c4ca4238a0b923820dcc509a6f75849b&action=number&kdid=17 [运行时间：0.021534s][吞吐率：46.44req/s] [内存消耗：545.02kb] [文件加载：53]
[ info ] [ LANG ] D:\Web\www.akali.com\thinkphp\lang\zh-cn.php
[ info ] [ ROUTE ] array (
  'type' => 'module',
  'module' => 
  array (
    0 => 'wed',
    1 => 'number',
    2 => 'index',
  ),
)
[ info ] [ HEADER ] array (
  'host' => 'www.akali.com',
  'user-agent' => 'QQ_Mobile_V5.5',
  'accept' => '*/*',
)
[ info ] [ PARAM ] array (
  'key' => 'c4ca4238a0b923820dcc509a6f75849b',
  'action' => 'number',
  'kdid' => '17',
)
[ info ] [ DB ] INIT mysql
[ info ] [ RUN ] app\wed\controller\Number->index[ D:\Web\www.akali.com\application\wed\controller\Number.php ]
[ info ] [ LOG ] INIT File
[ sql ] [ DB ] CONNECT:[ UseTime:0.001195s ] mysql:dbname=www_ruiwen_com;host=127.0.0.1;charset=utf8
[ sql ] [ SQL ] SHOW COLUMNS FROM `jm_user` [ RunTime:0.000555s ]
[ sql ] [ SQL ] SELECT * FROM `jm_user` WHERE  `key` = 'c4ca4238a0b923820dcc509a6f75849b' LIMIT 1 [ RunTime:0.000169s ]
[ sql ] [ SQL ] SHOW COLUMNS FROM `number` [ RunTime:0.000360s ]
[ sql ] [ SQL ] SELECT `number` FROM `number` WHERE  `kdid` = 17  AND `type` = 1 LIMIT 1 [ RunTime:0.001180s ]
[ sql ] [ SQL ] SHOW COLUMNS FROM `jm_kd` [ RunTime:0.000499s ]
[ sql ] [ SQL ] SELECT `price` FROM `jm_kd` WHERE  `kdid` = 17 LIMIT 1 [ RunTime:0.000151s ]
[ sql ] [ SQL ] UPDATE `number`  SET `type`=2  WHERE  `number` = '225011368946' [ RunTime:0.013224s ]
[ sql ] [ SQL ] UPDATE `jm_user`  SET `money`=money-1.7  WHERE  `id` = 2 [ RunTime:0.000222s ]

---------------------------------------------------------------
[ 2019-06-12T15:01:00+08:00 ] 127.0.0.1 127.0.0.1 GET /wed/number/index.html?key=c4ca4238a0b923820dcc509a6f75849b&action=number&kdid=17?key=c4ca4238a0b923820dcc509a6f75849b&action=number&kdid=17
[ log ] www.akali.com/wed/number/index.html?key=c4ca4238a0b923820dcc509a6f75849b&action=number&kdid=17?key=c4ca4238a0b923820dcc509a6f75849b&action=number&kdid=17 [运行时间：0.010799s][吞吐率：92.60req/s] [内存消耗：545.02kb] [文件加载：53]
[ info ] [ LANG ] D:\Web\www.akali.com\thinkphp\lang\zh-cn.php
[ info ] [ ROUTE ] array (
  'type' => 'module',
  'module' => 
  array (
    0 => 'wed',
    1 => 'number',
    2 => 'index',
  ),
)
[ info ] [ HEADER ] array (
  'host' => 'www.akali.com',
  'user-agent' => 'QQ_Mobile_V5.5',
  'accept' => '*/*',
)
[ info ] [ PARAM ] array (
  'key' => 'c4ca4238a0b923820dcc509a6f75849b',
  'action' => 'number',
  'kdid' => '17',
)
[ info ] [ DB ] INIT mysql
[ info ] [ RUN ] app\wed\controller\Number->index[ D:\Web\www.akali.com\application\wed\controller\Number.php ]
[ info ] [ LOG ] INIT File
[ sql ] [ DB ] CONNECT:[ UseTime:0.001171s ] mysql:dbname=www_ruiwen_com;host=127.0.0.1;charset=utf8
[ sql ] [ SQL ] SHOW COLUMNS FROM `jm_user` [ RunTime:0.000565s ]
[ sql ] [ SQL ] SELECT * FROM `jm_user` WHERE  `key` = 'c4ca4238a0b923820dcc509a6f75849b' LIMIT 1 [ RunTime:0.000178s ]
[ sql ] [ SQL ] SHOW COLUMNS FROM `number` [ RunTime:0.000366s ]
[ sql ] [ SQL ] SELECT `number` FROM `number` WHERE  `kdid` = 17  AND `type` = 1 LIMIT 1 [ RunTime:0.001308s ]
[ sql ] [ SQL ] SHOW COLUMNS FROM `jm_kd` [ RunTime:0.000518s ]
[ sql ] [ SQL ] SELECT `price` FROM `jm_kd` WHERE  `kdid` = 17 LIMIT 1 [ RunTime:0.000224s ]
[ sql ] [ SQL ] UPDATE `number`  SET `type`=2  WHERE  `number` = '225011368947' [ RunTime:0.002531s ]
[ sql ] [ SQL ] UPDATE `jm_user`  SET `money`=money-1.7  WHERE  `id` = 2 [ RunTime:0.000239s ]

---------------------------------------------------------------
[ 2019-06-12T15:05:37+08:00 ] 127.0.0.1 127.0.0.1 GET /wed/number/index.html?key=c4ca4238a0b923820dcc509a6f75849b&action=number&kdid=17?key=c4ca4238a0b923820dcc509a6f75849b&action=number&kdid=17
[ log ] www.akali.com/wed/number/index.html?key=c4ca4238a0b923820dcc509a6f75849b&action=number&kdid=17?key=c4ca4238a0b923820dcc509a6f75849b&action=number&kdid=17 [运行时间：0.027415s][吞吐率：36.48req/s] [内存消耗：545.02kb] [文件加载：53]
[ info ] [ LANG ] D:\Web\www.akali.com\thinkphp\lang\zh-cn.php
[ info ] [ ROUTE ] array (
  'type' => 'module',
  'module' => 
  array (
    0 => 'wed',
    1 => 'number',
    2 => 'index',
  ),
)
[ info ] [ HEADER ] array (
  'host' => 'www.akali.com',
  'user-agent' => 'QQ_Mobile_V5.5',
  'accept' => '*/*',
)
[ info ] [ PARAM ] array (
  'key' => 'c4ca4238a0b923820dcc509a6f75849b',
  'action' => 'number',
  'kdid' => '17',
)
[ info ] [ DB ] INIT mysql
[ info ] [ RUN ] app\wed\controller\Number->index[ D:\Web\www.akali.com\application\wed\controller\Number.php ]
[ info ] [ LOG ] INIT File
[ sql ] [ DB ] CONNECT:[ UseTime:0.001179s ] mysql:dbname=www_ruiwen_com;host=127.0.0.1;charset=utf8
[ sql ] [ SQL ] SHOW COLUMNS FROM `jm_user` [ RunTime:0.003614s ]
[ sql ] [ SQL ] SELECT * FROM `jm_user` WHERE  `key` = 'c4ca4238a0b923820dcc509a6f75849b' LIMIT 1 [ RunTime:0.000233s ]
[ sql ] [ SQL ] SHOW COLUMNS FROM `number` [ RunTime:0.003323s ]
[ sql ] [ SQL ] SELECT `number` FROM `number` WHERE  `kdid` = 17  AND `type` = 1 LIMIT 1 [ RunTime:0.001748s ]
[ sql ] [ SQL ] SHOW COLUMNS FROM `jm_kd` [ RunTime:0.001038s ]
[ sql ] [ SQL ] SELECT `price` FROM `jm_kd` WHERE  `kdid` = 17 LIMIT 1 [ RunTime:0.000231s ]
[ sql ] [ SQL ] UPDATE `number`  SET `type`=2  WHERE  `number` = '225011368948' [ RunTime:0.004150s ]
[ sql ] [ SQL ] UPDATE `jm_user`  SET `money`=money-1.7  WHERE  `id` = 2 [ RunTime:0.000262s ]

---------------------------------------------------------------
[ 2019-06-12T16:46:15+08:00 ] 127.0.0.1 127.0.0.1 GET /wed/number/index.html?key=c4ca4238a0b923820dcc509a6f75849b&action=number&kdid=17?key=c4ca4238a0b923820dcc509a6f75849b&action=number&kdid=17
[ log ] www.akali.com/wed/number/index.html?key=c4ca4238a0b923820dcc509a6f75849b&action=number&kdid=17?key=c4ca4238a0b923820dcc509a6f75849b&action=number&kdid=17 [运行时间：0.019383s][吞吐率：51.59req/s] [内存消耗：546.12kb] [文件加载：53]
[ info ] [ LANG ] D:\Web\www.akali.com\thinkphp\lang\zh-cn.php
[ info ] [ ROUTE ] array (
  'type' => 'module',
  'module' => 
  array (
    0 => 'wed',
    1 => 'number',
    2 => 'index',
  ),
)
[ info ] [ HEADER ] array (
  'host' => 'www.akali.com',
  'user-agent' => 'QQ_Mobile_V5.5',
  'accept' => '*/*',
)
[ info ] [ PARAM ] array (
  'key' => 'c4ca4238a0b923820dcc509a6f75849b',
  'action' => 'number',
  'kdid' => '17',
)
[ info ] [ DB ] INIT mysql
[ info ] [ RUN ] app\wed\controller\Number->index[ D:\Web\www.akali.com\application\wed\controller\Number.php ]
[ info ] [ LOG ] INIT File
[ sql ] [ DB ] CONNECT:[ UseTime:0.001437s ] mysql:dbname=www_ruiwen_com;host=127.0.0.1;charset=utf8
[ sql ] [ SQL ] SHOW COLUMNS FROM `jm_user` [ RunTime:0.000670s ]
[ sql ] [ SQL ] SELECT * FROM `jm_user` WHERE  `key` = 'c4ca4238a0b923820dcc509a6f75849b' LIMIT 1 [ RunTime:0.000214s ]
[ sql ] [ SQL ] SHOW COLUMNS FROM `number` [ RunTime:0.000400s ]
[ sql ] [ SQL ] SELECT `number` FROM `number` WHERE  `kdid` = 17  AND `type` = 1 LIMIT 1 [ RunTime:0.001179s ]
[ sql ] [ SQL ] SHOW COLUMNS FROM `jm_kd` [ RunTime:0.000433s ]
[ sql ] [ SQL ] SELECT `price` FROM `jm_kd` WHERE  `kdid` = 17 LIMIT 1 [ RunTime:0.000174s ]
[ sql ] [ SQL ] UPDATE `number`  SET `type`=2  WHERE  `number` = '225011368949' [ RunTime:0.002485s ]
[ sql ] [ SQL ] UPDATE `jm_user`  SET `money`=money-1.7  WHERE  `id` = 2 [ RunTime:0.000207s ]

---------------------------------------------------------------
[ 2019-06-12T16:48:29+08:00 ] 127.0.0.1 127.0.0.1 GET /wed/number/index.html?key=c4ca4238a0b923820dcc509a6f75849b&action=number&kdid=17?key=c4ca4238a0b923820dcc509a6f75849b&action=number&kdid=17
[ log ] www.akali.com/wed/number/index.html?key=c4ca4238a0b923820dcc509a6f75849b&action=number&kdid=17?key=c4ca4238a0b923820dcc509a6f75849b&action=number&kdid=17 [运行时间：0.024432s][吞吐率：40.93req/s] [内存消耗：545.02kb] [文件加载：53]
[ info ] [ LANG ] D:\Web\www.akali.com\thinkphp\lang\zh-cn.php
[ info ] [ ROUTE ] array (
  'type' => 'module',
  'module' => 
  array (
    0 => 'wed',
    1 => 'number',
    2 => 'index',
  ),
)
[ info ] [ HEADER ] array (
  'host' => 'www.akali.com',
  'user-agent' => 'QQ_Mobile_V5.5',
  'accept' => '*/*',
)
[ info ] [ PARAM ] array (
  'key' => 'c4ca4238a0b923820dcc509a6f75849b',
  'action' => 'number',
  'kdid' => '17',
)
[ info ] [ DB ] INIT mysql
[ info ] [ RUN ] app\wed\controller\Number->index[ D:\Web\www.akali.com\application\wed\controller\Number.php ]
[ info ] [ LOG ] INIT File
[ sql ] [ DB ] CONNECT:[ UseTime:0.001270s ] mysql:dbname=www_ruiwen_com;host=127.0.0.1;charset=utf8
[ sql ] [ SQL ] SHOW COLUMNS FROM `jm_user` [ RunTime:0.003471s ]
[ sql ] [ SQL ] SELECT * FROM `jm_user` WHERE  `key` = 'c4ca4238a0b923820dcc509a6f75849b' LIMIT 1 [ RunTime:0.000215s ]
[ sql ] [ SQL ] SHOW COLUMNS FROM `number` [ RunTime:0.003248s ]
[ sql ] [ SQL ] SELECT `number` FROM `number` WHERE  `kdid` = 17  AND `type` = 1 LIMIT 1 [ RunTime:0.001199s ]
[ sql ] [ SQL ] SHOW COLUMNS FROM `jm_kd` [ RunTime:0.000675s ]
[ sql ] [ SQL ] SELECT `price` FROM `jm_kd` WHERE  `kdid` = 17 LIMIT 1 [ RunTime:0.000143s ]
[ sql ] [ SQL ] UPDATE `number`  SET `type`=2  WHERE  `number` = '225011368950' [ RunTime:0.002465s ]
[ sql ] [ SQL ] UPDATE `jm_user`  SET `money`=money-1.7  WHERE  `id` = 2 [ RunTime:0.000227s ]

---------------------------------------------------------------
[ 2019-06-12T16:48:59+08:00 ] 127.0.0.1 127.0.0.1 GET /wed/number/index.html?key=c4ca4238a0b923820dcc509a6f75849b&action=number&kdid=17?key=c4ca4238a0b923820dcc509a6f75849b&action=number&kdid=17
[ log ] www.akali.com/wed/number/index.html?key=c4ca4238a0b923820dcc509a6f75849b&action=number&kdid=17?key=c4ca4238a0b923820dcc509a6f75849b&action=number&kdid=17 [运行时间：0.010243s][吞吐率：97.63req/s] [内存消耗：545.02kb] [文件加载：53]
[ info ] [ LANG ] D:\Web\www.akali.com\thinkphp\lang\zh-cn.php
[ info ] [ ROUTE ] array (
  'type' => 'module',
  'module' => 
  array (
    0 => 'wed',
    1 => 'number',
    2 => 'index',
  ),
)
[ info ] [ HEADER ] array (
  'host' => 'www.akali.com',
  'user-agent' => 'QQ_Mobile_V5.5',
  'accept' => '*/*',
)
[ info ] [ PARAM ] array (
  'key' => 'c4ca4238a0b923820dcc509a6f75849b',
  'action' => 'number',
  'kdid' => '17',
)
[ info ] [ DB ] INIT mysql
[ info ] [ RUN ] app\wed\controller\Number->index[ D:\Web\www.akali.com\application\wed\controller\Number.php ]
[ info ] [ LOG ] INIT File
[ sql ] [ DB ] CONNECT:[ UseTime:0.001143s ] mysql:dbname=www_ruiwen_com;host=127.0.0.1;charset=utf8
[ sql ] [ SQL ] SHOW COLUMNS FROM `jm_user` [ RunTime:0.000554s ]
[ sql ] [ SQL ] SELECT * FROM `jm_user` WHERE  `key` = 'c4ca4238a0b923820dcc509a6f75849b' LIMIT 1 [ RunTime:0.000159s ]
[ sql ] [ SQL ] SHOW COLUMNS FROM `number` [ RunTime:0.000361s ]
[ sql ] [ SQL ] SELECT `number` FROM `number` WHERE  `kdid` = 17  AND `type` = 1 LIMIT 1 [ RunTime:0.001145s ]
[ sql ] [ SQL ] SHOW COLUMNS FROM `jm_kd` [ RunTime:0.000454s ]
[ sql ] [ SQL ] SELECT `price` FROM `jm_kd` WHERE  `kdid` = 17 LIMIT 1 [ RunTime:0.000145s ]
[ sql ] [ SQL ] UPDATE `number`  SET `type`=2  WHERE  `number` = '225011368951' [ RunTime:0.002449s ]
[ sql ] [ SQL ] UPDATE `jm_user`  SET `money`=money-1.7  WHERE  `id` = 2 [ RunTime:0.000208s ]

---------------------------------------------------------------
[ 2019-06-12T16:50:29+08:00 ] 127.0.0.1 127.0.0.1 GET /wed/number/index.html?key=c4ca4238a0b923820dcc509a6f75849b&action=number&kdid=17?key=c4ca4238a0b923820dcc509a6f75849b&action=number&kdid=17
[ log ] www.akali.com/wed/number/index.html?key=c4ca4238a0b923820dcc509a6f75849b&action=number&kdid=17?key=c4ca4238a0b923820dcc509a6f75849b&action=number&kdid=17 [运行时间：0.012201s][吞吐率：81.96req/s] [内存消耗：545.02kb] [文件加载：53]
[ info ] [ LANG ] D:\Web\www.akali.com\thinkphp\lang\zh-cn.php
[ info ] [ ROUTE ] array (
  'type' => 'module',
  'module' => 
  array (
    0 => 'wed',
    1 => 'number',
    2 => 'index',
  ),
)
[ info ] [ HEADER ] array (
  'host' => 'www.akali.com',
  'user-agent' => 'QQ_Mobile_V5.5',
  'accept' => '*/*',
)
[ info ] [ PARAM ] array (
  'key' => 'c4ca4238a0b923820dcc509a6f75849b',
  'action' => 'number',
  'kdid' => '17',
)
[ info ] [ DB ] INIT mysql
[ info ] [ RUN ] app\wed\controller\Number->index[ D:\Web\www.akali.com\application\wed\controller\Number.php ]
[ info ] [ LOG ] INIT File
[ sql ] [ DB ] CONNECT:[ UseTime:0.001775s ] mysql:dbname=www_ruiwen_com;host=127.0.0.1;charset=utf8
[ sql ] [ SQL ] SHOW COLUMNS FROM `jm_user` [ RunTime:0.000623s ]
[ sql ] [ SQL ] SELECT * FROM `jm_user` WHERE  `key` = 'c4ca4238a0b923820dcc509a6f75849b' LIMIT 1 [ RunTime:0.000200s ]
[ sql ] [ SQL ] SHOW COLUMNS FROM `number` [ RunTime:0.000369s ]
[ sql ] [ SQL ] SELECT `number` FROM `number` WHERE  `kdid` = 17  AND `type` = 1 LIMIT 1 [ RunTime:0.001245s ]
[ sql ] [ SQL ] SHOW COLUMNS FROM `jm_kd` [ RunTime:0.000477s ]
[ sql ] [ SQL ] SELECT `price` FROM `jm_kd` WHERE  `kdid` = 17 LIMIT 1 [ RunTime:0.000146s ]
[ sql ] [ SQL ] UPDATE `number`  SET `type`=2  WHERE  `number` = '225011368952' [ RunTime:0.002602s ]
[ sql ] [ SQL ] UPDATE `jm_user`  SET `money`=money-1.7  WHERE  `id` = 2 [ RunTime:0.000204s ]

---------------------------------------------------------------
