[ 2019-06-24T17:26:29+08:00 ] 127.0.0.1 127.0.0.1 GET /wed/number/index.html?key=c4ca4238a0b923820dcc509a6f75849b&action=number&kdid=2?key=c4ca4238a0b923820dcc509a6f75849b&action=number&kdid=2
[ log ] www.akali.com/wed/number/index.html?key=c4ca4238a0b923820dcc509a6f75849b&action=number&kdid=2?key=c4ca4238a0b923820dcc509a6f75849b&action=number&kdid=2 [运行时间：0.668461s][吞吐率：1.50req/s] [内存消耗：772.27kb] [文件加载：53]
[ info ] [ LANG ] D:\Web\www.akali.com\thinkphp\lang\zh-cn.php
[ info ] [ ROUTE ] array (
  'type' => 'module',
  'module' => 
  array (
    0 => 'wed',
    1 => 'number',
    2 => 'index',
  ),
)
[ info ] [ HEADER ] array (
  'host' => 'www.akali.com',
  'user-agent' => 'QQ_Mobile_V5.5',
  'accept' => '*/*',
)
[ info ] [ PARAM ] array (
  'key' => 'c4ca4238a0b923820dcc509a6f75849b',
  'action' => 'number',
  'kdid' => '2',
)
[ info ] [ DB ] INIT mysql
[ info ] [ RUN ] app\wed\controller\Number->index[ D:\Web\www.akali.com\application\wed\controller\Number.php ]
[ info ] [ LOG ] INIT File
[ sql ] [ DB ] CONNECT:[ UseTime:0.001273s ] mysql:dbname=www_ruiwen_com;host=127.0.0.1;charset=utf8
[ sql ] [ SQL ] SHOW COLUMNS FROM `jm_user` [ RunTime:0.019324s ]
[ sql ] [ SQL ] SELECT * FROM `jm_user` WHERE  `key` = 'c4ca4238a0b923820dcc509a6f75849b' LIMIT 1 [ RunTime:0.000245s ]
[ sql ] [ SQL ] SHOW COLUMNS FROM `number` [ RunTime:0.077974s ]
[ sql ] [ SQL ] SELECT `number` FROM `number` WHERE  `kdid` = 2  AND `type` = 1 LIMIT 1 [ RunTime:0.013528s ]

---------------------------------------------------------------
[ 2019-06-24T17:29:17+08:00 ] 127.0.0.1 127.0.0.1 GET /wed/number/index.html?key=c4ca4238a0b923820dcc509a6f75849b&action=number&kdid=2?key=c4ca4238a0b923820dcc509a6f75849b&action=number&kdid=2
[ log ] www.akali.com/wed/number/index.html?key=c4ca4238a0b923820dcc509a6f75849b&action=number&kdid=2?key=c4ca4238a0b923820dcc509a6f75849b&action=number&kdid=2 [运行时间：0.227768s][吞吐率：4.39req/s] [内存消耗：579.98kb] [文件加载：63]
[ info ] [ LANG ] D:\Web\www.akali.com\thinkphp\lang\zh-cn.php
[ info ] [ ROUTE ] array (
  'type' => 'module',
  'module' => 
  array (
    0 => 'wed',
    1 => 'number',
    2 => 'index',
  ),
)
[ info ] [ HEADER ] array (
  'host' => 'www.akali.com',
  'user-agent' => 'QQ_Mobile_V5.5',
  'accept' => '*/*',
)
[ info ] [ PARAM ] array (
  'key' => 'c4ca4238a0b923820dcc509a6f75849b',
  'action' => 'number',
  'kdid' => '2',
)
[ info ] [ DB ] INIT mysql
[ info ] [ RUN ] app\wed\controller\Number->index[ D:\Web\www.akali.com\application\wed\controller\Number.php ]
[ info ] [ LOG ] INIT File
[ sql ] [ DB ] CONNECT:[ UseTime:0.001128s ] mysql:dbname=www_ruiwen_com;host=127.0.0.1;charset=utf8
[ sql ] [ SQL ] SHOW COLUMNS FROM `jm_user` [ RunTime:0.000755s ]
[ sql ] [ SQL ] SELECT * FROM `jm_user` WHERE  `key` = 'c4ca4238a0b923820dcc509a6f75849b' LIMIT 1 [ RunTime:0.000183s ]
[ sql ] [ SQL ] SHOW COLUMNS FROM `number` [ RunTime:0.003515s ]
[ sql ] [ SQL ] SELECT `number` FROM `number` WHERE  `kdid` = 2  AND `type` = 1 LIMIT 1 [ RunTime:0.001080s ]
[ sql ] [ SQL ] SHOW COLUMNS FROM `jm_kd` [ RunTime:0.032161s ]
[ sql ] [ SQL ] SELECT `price` FROM `jm_kd` WHERE  `kdid` = 2 LIMIT 1 [ RunTime:0.000213s ]
[ sql ] [ SQL ] UPDATE `number`  SET `type`=2  WHERE  `number` = 'B00115806061' [ RunTime:0.001916s ]
[ error ] [10501]SQLSTATE[42000]: Syntax error or access violation: 1064 Erreur de syntaxe près de 'WHERE  `id` = ?' à la ligne 1[D:\Web\www.akali.com\thinkphp\library\think\db\Connection.php:438]

---------------------------------------------------------------
[ 2019-06-24T17:31:11+08:00 ] 127.0.0.1 127.0.0.1 GET /
[ log ] admin.akali.com/ [运行时间：0.118681s][吞吐率：8.43req/s] [内存消耗：350.59kb] [文件加载：53]
[ info ] [ LANG ] D:\Web\www.akali.com\thinkphp\lang\zh-cn.php
[ info ] [ BIND ] 'admin'
[ info ] [ ROUTE ] array (
  'type' => 'module',
  'module' => 
  array (
    0 => NULL,
    1 => 'home',
    2 => 'index',
  ),
  'convert' => false,
)
[ info ] [ HEADER ] array (
  'host' => 'admin.akali.com',
  'connection' => 'keep-alive',
  'upgrade-insecure-requests' => '1',
  'user-agent' => 'Mozilla/5.0 (Windows NT 10.0; WOW64) AppleWebKit/537.36 (KHTML, like Gecko) Chrome/55.0.2883.87 UBrowser/6.2.4098.3 Safari/537.36',
  'accept' => 'text/html,application/xhtml+xml,application/xml;q=0.9,image/webp,*/*;q=0.8',
  'accept-encoding' => 'gzip, deflate',
  'accept-language' => 'zh-CN,zh;q=0.8',
)
[ info ] [ PARAM ] array (
)
[ info ] [ SESSION ] INIT array (
  'id' => '',
  'var_session_id' => '',
  'prefix' => 'think',
  'type' => '',
  'auto_start' => true,
)
[ info ] [ VIEW ] D:\Web\www.akali.com\thinkphp\tpl\dispatch_jump.tpl [ array (
  0 => 'code',
  1 => 'msg',
  2 => 'data',
  3 => 'url',
  4 => 'wait',
) ]
[ info ] [ LOG ] INIT File

---------------------------------------------------------------
[ 2019-06-24T17:31:13+08:00 ] 127.0.0.1 127.0.0.1 GET /login/index.html
[ log ] admin.akali.com/login/index.html [运行时间：0.055954s][吞吐率：17.87req/s] [内存消耗：348.23kb] [文件加载：52]
[ info ] [ LANG ] D:\Web\www.akali.com\thinkphp\lang\zh-cn.php
[ info ] [ BIND ] 'admin'
[ info ] [ ROUTE ] array (
  'type' => 'module',
  'module' => 
  array (
    0 => 'admin',
    1 => 'login',
    2 => 'index',
  ),
)
[ info ] [ HEADER ] array (
  'host' => 'admin.akali.com',
  'connection' => 'keep-alive',
  'upgrade-insecure-requests' => '1',
  'user-agent' => 'Mozilla/5.0 (Windows NT 10.0; WOW64) AppleWebKit/537.36 (KHTML, like Gecko) Chrome/55.0.2883.87 UBrowser/6.2.4098.3 Safari/537.36',
  'accept' => 'text/html,application/xhtml+xml,application/xml;q=0.9,image/webp,*/*;q=0.8',
  'referer' => 'http://admin.akali.com/',
  'accept-encoding' => 'gzip, deflate',
  'accept-language' => 'zh-CN,zh;q=0.8',
  'cookie' => 'PHPSESSID=b5f5encdbchom1k6g2kvnu3vmo; thinkphp_show_page_trace=0|0',
)
[ info ] [ PARAM ] array (
)
[ info ] [ RUN ] app\admin\controller\Login->index[ D:\Web\www.akali.com\application\admin\controller\Login.php ]
[ info ] [ VIEW ] D:\Web\www.akali.com\public/../application/admin\view\login\index.html [ array (
) ]
[ info ] [ LOG ] INIT File

---------------------------------------------------------------
[ 2019-06-24T17:31:13+08:00 ] 127.0.0.1 127.0.0.1 GET /captcha.html
[ log ] admin.akali.com/captcha.html [运行时间：0.067872s][吞吐率：14.73req/s] [内存消耗：254.43kb] [文件加载：40]
[ info ] [ LANG ] D:\Web\www.akali.com\thinkphp\lang\zh-cn.php
[ info ] [ BIND ] 'admin'
[ info ] [ ROUTE ] array (
  'type' => 'method',
  'method' => 
  array (
    0 => '\\think\\captcha\\CaptchaController',
    1 => 'index',
  ),
  'var' => 
  array (
  ),
)
[ info ] [ HEADER ] array (
  'host' => 'admin.akali.com',
  'connection' => 'keep-alive',
  'user-agent' => 'Mozilla/5.0 (Windows NT 10.0; WOW64) AppleWebKit/537.36 (KHTML, like Gecko) Chrome/55.0.2883.87 UBrowser/6.2.4098.3 Safari/537.36',
  'accept' => 'image/webp,image/*,*/*;q=0.8',
  'referer' => 'http://admin.akali.com/login/index.html',
  'accept-encoding' => 'gzip, deflate',
  'accept-language' => 'zh-CN,zh;q=0.8',
  'cookie' => 'PHPSESSID=b5f5encdbchom1k6g2kvnu3vmo; thinkphp_show_page_trace=0|0',
)
[ info ] [ PARAM ] array (
  'id' => '',
)
[ info ] [ RUN ] think\captcha\CaptchaController->index[ D:\Web\www.akali.com\vendor\topthink\think-captcha\src\CaptchaController.php ]
[ info ] [ SESSION ] INIT array (
  'id' => '',
  'var_session_id' => '',
  'prefix' => 'think',
  'type' => '',
  'auto_start' => true,
)
[ info ] [ LOG ] INIT File

---------------------------------------------------------------
[ 2019-06-24T17:31:15+08:00 ] 127.0.0.1 127.0.0.1 POST /login/index.html
[ log ] admin.akali.com/login/index.html [运行时间：0.093319s][吞吐率：10.72req/s] [内存消耗：834.80kb] [文件加载：59]
[ info ] [ LANG ] D:\Web\www.akali.com\thinkphp\lang\zh-cn.php
[ info ] [ BIND ] 'admin'
[ info ] [ ROUTE ] array (
  'type' => 'module',
  'module' => 
  array (
    0 => 'admin',
    1 => 'login',
    2 => 'index',
  ),
)
[ info ] [ HEADER ] array (
  'host' => 'admin.akali.com',
  'connection' => 'keep-alive',
  'content-length' => '42',
  'cache-control' => 'max-age=0',
  'origin' => 'http://admin.akali.com',
  'upgrade-insecure-requests' => '1',
  'user-agent' => 'Mozilla/5.0 (Windows NT 10.0; WOW64) AppleWebKit/537.36 (KHTML, like Gecko) Chrome/55.0.2883.87 UBrowser/6.2.4098.3 Safari/537.36',
  'content-type' => 'application/x-www-form-urlencoded',
  'accept' => 'text/html,application/xhtml+xml,application/xml;q=0.9,image/webp,*/*;q=0.8',
  'referer' => 'http://admin.akali.com/login/index.html',
  'accept-encoding' => 'gzip, deflate',
  'accept-language' => 'zh-CN,zh;q=0.8',
  'cookie' => 'thinkphp_show_page_trace=0|0; PHPSESSID=b5f5encdbchom1k6g2kvnu3vmo; thinkphp_show_page_trace=0|0',
)
[ info ] [ PARAM ] array (
  'username' => 'akali',
  'password' => '123',
  'vcode' => 'q',
  'reme' => '1',
)
[ info ] [ RUN ] app\admin\controller\Login->index[ D:\Web\www.akali.com\application\admin\controller\Login.php ]
[ info ] [ SESSION ] INIT array (
  'id' => '',
  'var_session_id' => '',
  'prefix' => 'think',
  'type' => '',
  'auto_start' => true,
)
[ info ] [ DB ] INIT mysql
[ info ] [ DB ] INIT mysql
[ info ] [ DB ] INIT mysql
[ info ] [ DB ] INIT mysql
[ info ] [ LOG ] INIT File
[ sql ] [ DB ] CONNECT:[ UseTime:0.001136s ] mysql:dbname=www_ruiwen_com;host=127.0.0.1;charset=utf8
[ sql ] [ SQL ] SHOW COLUMNS FROM `admin` [ RunTime:0.018876s ]
[ sql ] [ SQL ] SELECT * FROM `admin` WHERE  `username` = 'akali' LIMIT 1 [ RunTime:0.000198s ]
[ sql ] [ DB ] CONNECT:[ UseTime:0.001161s ] mysql:dbname=www_ruiwen_com;host=127.0.0.1;charset=utf8
[ sql ] [ SQL ] SHOW COLUMNS FROM `admin_role` [ RunTime:0.002907s ]
[ sql ] [ SQL ] SELECT `role_id` FROM `admin_role` WHERE  `admin_id` = 1 [ RunTime:0.007930s ]
[ sql ] [ DB ] CONNECT:[ UseTime:0.001091s ] mysql:dbname=www_ruiwen_com;host=127.0.0.1;charset=utf8
[ sql ] [ SQL ] SHOW COLUMNS FROM `role_node` [ RunTime:0.002942s ]
[ sql ] [ SQL ] SELECT `node_id` FROM `role_node` WHERE  `role_id` IN (9) [ RunTime:0.009619s ]
[ sql ] [ DB ] CONNECT:[ UseTime:0.001099s ] mysql:dbname=www_ruiwen_com;host=127.0.0.1;charset=utf8
[ sql ] [ SQL ] SHOW COLUMNS FROM `node` [ RunTime:0.002952s ]
[ sql ] [ SQL ] SELECT * FROM `node` WHERE  `id` IN (17,21,22,23,24,25,26,27,28,29,30,31,32,33,34) [ RunTime:0.000229s ]

---------------------------------------------------------------
[ 2019-06-24T17:31:15+08:00 ] 127.0.0.1 127.0.0.1 GET /
[ log ] admin.akali.com/ [运行时间：0.046541s][吞吐率：21.49req/s] [内存消耗：675.89kb] [文件加载：58]
[ info ] [ LANG ] D:\Web\www.akali.com\thinkphp\lang\zh-cn.php
[ info ] [ BIND ] 'admin'
[ info ] [ ROUTE ] array (
  'type' => 'module',
  'module' => 
  array (
    0 => NULL,
    1 => 'home',
    2 => 'index',
  ),
  'convert' => false,
)
[ info ] [ HEADER ] array (
  'host' => 'admin.akali.com',
  'connection' => 'keep-alive',
  'cache-control' => 'max-age=0',
  'upgrade-insecure-requests' => '1',
  'user-agent' => 'Mozilla/5.0 (Windows NT 10.0; WOW64) AppleWebKit/537.36 (KHTML, like Gecko) Chrome/55.0.2883.87 UBrowser/6.2.4098.3 Safari/537.36',
  'accept' => 'text/html,application/xhtml+xml,application/xml;q=0.9,image/webp,*/*;q=0.8',
  'referer' => 'http://admin.akali.com/login/index.html',
  'accept-encoding' => 'gzip, deflate',
  'accept-language' => 'zh-CN,zh;q=0.8',
  'cookie' => 'PHPSESSID=b5f5encdbchom1k6g2kvnu3vmo; thinkphp_show_page_trace=0|0; admin=think%3A%7B%22username%22%3A%2216B64SDS781tcYdnFw%22%2C%22password%22%3A%223qF3tyDX788%252BKtRoHFLr0kf5lbxdqXy9nInmmMp8ZbowtI4Bq%252BJSCg%22%7D',
)
[ info ] [ PARAM ] array (
)
[ info ] [ SESSION ] INIT array (
  'id' => '',
  'var_session_id' => '',
  'prefix' => 'think',
  'type' => '',
  'auto_start' => true,
)
[ info ] [ RUN ] app\admin\controller\Home->index[ D:\Web\www.akali.com\application\admin\controller\Home.php ]
[ info ] [ DB ] INIT mysql
[ info ] [ VIEW ] D:\Web\www.akali.com\public/../application/admin\view\home\index_auth.html [ array (
  0 => 'showNode',
) ]
[ info ] [ LOG ] INIT File
[ sql ] [ DB ] CONNECT:[ UseTime:0.001127s ] mysql:dbname=www_ruiwen_com;host=127.0.0.1;charset=utf8
[ sql ] [ SQL ] SHOW COLUMNS FROM `node` [ RunTime:0.002670s ]
[ sql ] [ SQL ] SELECT * FROM `node` WHERE  `show` = 1 ORDER BY `local` [ RunTime:0.000214s ]

---------------------------------------------------------------
[ 2019-06-24T17:31:15+08:00 ] 127.0.0.1 127.0.0.1 GET /home/welcome.html
[ log ] admin.akali.com/home/welcome.html [运行时间：0.033277s][吞吐率：30.05req/s] [内存消耗：374.95kb] [文件加载：52]
[ info ] [ LANG ] D:\Web\www.akali.com\thinkphp\lang\zh-cn.php
[ info ] [ BIND ] 'admin'
[ info ] [ ROUTE ] array (
  'type' => 'module',
  'module' => 
  array (
    0 => 'admin',
    1 => 'home',
    2 => 'welcome',
  ),
)
[ info ] [ HEADER ] array (
  'host' => 'admin.akali.com',
  'connection' => 'keep-alive',
  'upgrade-insecure-requests' => '1',
  'user-agent' => 'Mozilla/5.0 (Windows NT 10.0; WOW64) AppleWebKit/537.36 (KHTML, like Gecko) Chrome/55.0.2883.87 UBrowser/6.2.4098.3 Safari/537.36',
  'accept' => 'text/html,application/xhtml+xml,application/xml;q=0.9,image/webp,*/*;q=0.8',
  'referer' => 'http://admin.akali.com/',
  'accept-encoding' => 'gzip, deflate',
  'accept-language' => 'zh-CN,zh;q=0.8',
  'cookie' => 'PHPSESSID=b5f5encdbchom1k6g2kvnu3vmo; thinkphp_show_page_trace=0|0; admin=think%3A%7B%22username%22%3A%2216B64SDS781tcYdnFw%22%2C%22password%22%3A%223qF3tyDX788%252BKtRoHFLr0kf5lbxdqXy9nInmmMp8ZbowtI4Bq%252BJSCg%22%7D',
)
[ info ] [ PARAM ] array (
)
[ info ] [ SESSION ] INIT array (
  'id' => '',
  'var_session_id' => '',
  'prefix' => 'think',
  'type' => '',
  'auto_start' => true,
)
[ info ] [ RUN ] app\admin\controller\Home->welcome[ D:\Web\www.akali.com\application\admin\controller\Home.php ]
[ info ] [ VIEW ] D:\Web\www.akali.com\public/../application/admin\view\home\welcome.html [ array (
) ]
[ info ] [ LOG ] INIT File

---------------------------------------------------------------
[ 2019-06-24T17:31:32+08:00 ] 127.0.0.1 127.0.0.1 GET /wed/number/index.html?key=c4ca4238a0b923820dcc509a6f75849b&action=number&kdid=2?key=c4ca4238a0b923820dcc509a6f75849b&action=number&kdid=2
[ log ] www.akali.com/wed/number/index.html?key=c4ca4238a0b923820dcc509a6f75849b&action=number&kdid=2?key=c4ca4238a0b923820dcc509a6f75849b&action=number&kdid=2 [运行时间：0.018775s][吞吐率：53.26req/s] [内存消耗：513.79kb] [文件加载：63]
[ info ] [ LANG ] D:\Web\www.akali.com\thinkphp\lang\zh-cn.php
[ info ] [ ROUTE ] array (
  'type' => 'module',
  'module' => 
  array (
    0 => 'wed',
    1 => 'number',
    2 => 'index',
  ),
)
[ info ] [ HEADER ] array (
  'host' => 'www.akali.com',
  'user-agent' => 'QQ_Mobile_V5.5',
  'accept' => '*/*',
)
[ info ] [ PARAM ] array (
  'key' => 'c4ca4238a0b923820dcc509a6f75849b',
  'action' => 'number',
  'kdid' => '2',
)
[ info ] [ DB ] INIT mysql
[ info ] [ RUN ] app\wed\controller\Number->index[ D:\Web\www.akali.com\application\wed\controller\Number.php ]
[ info ] [ LOG ] INIT File
[ sql ] [ DB ] CONNECT:[ UseTime:0.001236s ] mysql:dbname=www_ruiwen_com;host=127.0.0.1;charset=utf8
[ sql ] [ SQL ] SHOW COLUMNS FROM `jm_user` [ RunTime:0.000871s ]
[ sql ] [ SQL ] SELECT * FROM `jm_user` WHERE  `key` = 'c4ca4238a0b923820dcc509a6f75849b' LIMIT 1 [ RunTime:0.000187s ]
[ sql ] [ SQL ] SHOW COLUMNS FROM `number` [ RunTime:0.000387s ]
[ sql ] [ SQL ] SELECT `number` FROM `number` WHERE  `kdid` = 2  AND `type` = 1 LIMIT 1 [ RunTime:0.001152s ]
[ sql ] [ SQL ] SHOW COLUMNS FROM `jm_kd` [ RunTime:0.000661s ]
[ sql ] [ SQL ] SELECT `price` FROM `jm_kd` WHERE  `kdid` = 2 LIMIT 1 [ RunTime:0.000138s ]
[ sql ] [ SQL ] UPDATE `number`  SET `type`=2  WHERE  `number` = 'B00115154383' [ RunTime:0.002323s ]
[ error ] [10501]SQLSTATE[42000]: Syntax error or access violation: 1064 Erreur de syntaxe près de 'WHERE  `id` = ?' à la ligne 1[D:\Web\www.akali.com\thinkphp\library\think\db\Connection.php:438]

---------------------------------------------------------------
[ 2019-06-24T17:36:18+08:00 ] 127.0.0.1 127.0.0.1 GET /wed/number/index.html?key=c4ca4238a0b923820dcc509a6f75849b&action=number&kdid=2
[ log ] www.akali.com/wed/number/index.html?key=c4ca4238a0b923820dcc509a6f75849b&action=number&kdid=2 [运行时间：0.027051s][吞吐率：36.97req/s] [内存消耗：583.20kb] [文件加载：58]
[ info ] [ LANG ] D:\Web\www.akali.com\thinkphp\lang\zh-cn.php
[ info ] [ ROUTE ] array (
  'type' => 'module',
  'module' => 
  array (
    0 => 'wed',
    1 => 'number',
    2 => 'index',
  ),
)
[ info ] [ HEADER ] array (
  'host' => 'www.akali.com',
  'connection' => 'keep-alive',
  'upgrade-insecure-requests' => '1',
  'user-agent' => 'Mozilla/5.0 (Windows NT 10.0; WOW64) AppleWebKit/537.36 (KHTML, like Gecko) Chrome/55.0.2883.87 UBrowser/6.2.4098.3 Safari/537.36',
  'accept' => 'text/html,application/xhtml+xml,application/xml;q=0.9,image/webp,*/*;q=0.8',
  'accept-encoding' => 'gzip, deflate',
  'accept-language' => 'zh-CN,zh;q=0.8',
  'cookie' => 'seen=think%3A%7B%221%22%3A%221%22%7D; like=think%3A%7B%221%22%3A%221%22%7D; cart=think%3A%5B%5D',
)
[ info ] [ PARAM ] array (
  'key' => 'c4ca4238a0b923820dcc509a6f75849b',
  'action' => 'number',
  'kdid' => '2',
)
[ info ] [ DB ] INIT mysql
[ info ] [ RUN ] app\wed\controller\Number->index[ D:\Web\www.akali.com\application\wed\controller\Number.php ]
[ info ] [ LOG ] INIT File
[ sql ] [ DB ] CONNECT:[ UseTime:0.001326s ] mysql:dbname=www_ruiwen_com;host=127.0.0.1;charset=utf8
[ sql ] [ SQL ] SHOW COLUMNS FROM `jm_user` [ RunTime:0.000749s ]
[ sql ] [ SQL ] SELECT * FROM `jm_user` WHERE  `key` = 'c4ca4238a0b923820dcc509a6f75849b' LIMIT 1 [ RunTime:0.000176s ]
[ sql ] [ SQL ] SHOW COLUMNS FROM `number` [ RunTime:0.003525s ]
[ sql ] [ SQL ] SELECT `number` FROM `number` WHERE  `kdid` = 2  AND `type` = 1 LIMIT 1 [ RunTime:0.001285s ]
[ sql ] [ SQL ] SHOW COLUMNS FROM `jm_kd` [ RunTime:0.000684s ]
[ sql ] [ SQL ] SELECT `price` FROM `jm_kd` WHERE  `kdid` = 2 LIMIT 1 [ RunTime:0.000140s ]

---------------------------------------------------------------
[ 2019-06-24T17:37:23+08:00 ] 127.0.0.1 127.0.0.1 GET /wed/number/index.html?key=c4ca4238a0b923820dcc509a6f75849b&action=number&kdid=2
[ log ] www.akali.com/wed/number/index.html?key=c4ca4238a0b923820dcc509a6f75849b&action=number&kdid=2 [运行时间：0.024786s][吞吐率：40.35req/s] [内存消耗：582.65kb] [文件加载：58]
[ info ] [ LANG ] D:\Web\www.akali.com\thinkphp\lang\zh-cn.php
[ info ] [ ROUTE ] array (
  'type' => 'module',
  'module' => 
  array (
    0 => 'wed',
    1 => 'number',
    2 => 'index',
  ),
)
[ info ] [ HEADER ] array (
  'host' => 'www.akali.com',
  'connection' => 'keep-alive',
  'cache-control' => 'max-age=0',
  'upgrade-insecure-requests' => '1',
  'user-agent' => 'Mozilla/5.0 (Windows NT 10.0; WOW64) AppleWebKit/537.36 (KHTML, like Gecko) Chrome/55.0.2883.87 UBrowser/6.2.4098.3 Safari/537.36',
  'accept' => 'text/html,application/xhtml+xml,application/xml;q=0.9,image/webp,*/*;q=0.8',
  'accept-encoding' => 'gzip, deflate',
  'accept-language' => 'zh-CN,zh;q=0.8',
  'cookie' => 'thinkphp_show_page_trace=0|0; seen=think%3A%7B%221%22%3A%221%22%7D; like=think%3A%7B%221%22%3A%221%22%7D; cart=think%3A%5B%5D',
)
[ info ] [ PARAM ] array (
  'key' => 'c4ca4238a0b923820dcc509a6f75849b',
  'action' => 'number',
  'kdid' => '2',
)
[ info ] [ DB ] INIT mysql
[ info ] [ RUN ] app\wed\controller\Number->index[ D:\Web\www.akali.com\application\wed\controller\Number.php ]
[ info ] [ LOG ] INIT File
[ sql ] [ DB ] CONNECT:[ UseTime:0.001121s ] mysql:dbname=www_ruiwen_com;host=127.0.0.1;charset=utf8
[ sql ] [ SQL ] SHOW COLUMNS FROM `jm_user` [ RunTime:0.000725s ]
[ sql ] [ SQL ] SELECT * FROM `jm_user` WHERE  `key` = 'c4ca4238a0b923820dcc509a6f75849b' LIMIT 1 [ RunTime:0.000198s ]
[ sql ] [ SQL ] SHOW COLUMNS FROM `number` [ RunTime:0.003341s ]
[ sql ] [ SQL ] SELECT `number` FROM `number` WHERE  `kdid` = 2  AND `type` = 1 LIMIT 1 [ RunTime:0.001040s ]
[ sql ] [ SQL ] SHOW COLUMNS FROM `jm_kd` [ RunTime:0.000717s ]
[ sql ] [ SQL ] SELECT `price` FROM `jm_kd` WHERE  `kdid` = 2 LIMIT 1 [ RunTime:0.000148s ]

---------------------------------------------------------------
[ 2019-06-24T17:38:20+08:00 ] 127.0.0.1 127.0.0.1 GET /wed/number/index.html?key=c4ca4238a0b923820dcc509a6f75849b&action=number&kdid=2
[ log ] www.akali.com/wed/number/index.html?key=c4ca4238a0b923820dcc509a6f75849b&action=number&kdid=2 [运行时间：0.024171s][吞吐率：41.37req/s] [内存消耗：552.50kb] [文件加载：58]
[ info ] [ LANG ] D:\Web\www.akali.com\thinkphp\lang\zh-cn.php
[ info ] [ ROUTE ] array (
  'type' => 'module',
  'module' => 
  array (
    0 => 'wed',
    1 => 'number',
    2 => 'index',
  ),
)
[ info ] [ HEADER ] array (
  'host' => 'www.akali.com',
  'connection' => 'keep-alive',
  'cache-control' => 'max-age=0',
  'upgrade-insecure-requests' => '1',
  'user-agent' => 'Mozilla/5.0 (Windows NT 10.0; WOW64) AppleWebKit/537.36 (KHTML, like Gecko) Chrome/55.0.2883.87 UBrowser/6.2.4098.3 Safari/537.36',
  'accept' => 'text/html,application/xhtml+xml,application/xml;q=0.9,image/webp,*/*;q=0.8',
  'accept-encoding' => 'gzip, deflate',
  'accept-language' => 'zh-CN,zh;q=0.8',
  'cookie' => 'thinkphp_show_page_trace=0|0; seen=think%3A%7B%221%22%3A%221%22%7D; like=think%3A%7B%221%22%3A%221%22%7D; cart=think%3A%5B%5D',
)
[ info ] [ PARAM ] array (
  'key' => 'c4ca4238a0b923820dcc509a6f75849b',
  'action' => 'number',
  'kdid' => '2',
)
[ info ] [ DB ] INIT mysql
[ info ] [ RUN ] app\wed\controller\Number->index[ D:\Web\www.akali.com\application\wed\controller\Number.php ]
[ info ] [ LOG ] INIT File
[ sql ] [ DB ] CONNECT:[ UseTime:0.001136s ] mysql:dbname=www_ruiwen_com;host=127.0.0.1;charset=utf8
[ sql ] [ SQL ] SHOW COLUMNS FROM `jm_user` [ RunTime:0.000764s ]
[ sql ] [ SQL ] SELECT * FROM `jm_user` WHERE  `key` = 'c4ca4238a0b923820dcc509a6f75849b' LIMIT 1 [ RunTime:0.000176s ]
[ sql ] [ SQL ] SHOW COLUMNS FROM `number` [ RunTime:0.000533s ]
[ sql ] [ SQL ] SELECT `number` FROM `number` WHERE  `kdid` = 2  AND `type` = 1 LIMIT 1 [ RunTime:0.001068s ]
[ sql ] [ SQL ] SHOW COLUMNS FROM `jm_kd` [ RunTime:0.000690s ]
[ sql ] [ SQL ] SELECT `price` FROM `jm_kd` WHERE  `kdid` = 2 LIMIT 1 [ RunTime:0.000138s ]
[ sql ] [ SQL ] UPDATE `number`  SET `type`=2  WHERE  `number` = 'B00115806061' [ RunTime:0.001769s ]

---------------------------------------------------------------
[ 2019-06-24T17:38:48+08:00 ] 127.0.0.1 127.0.0.1 GET /wed/number/index.html?key=c4ca4238a0b923820dcc509a6f75849b&action=number&kdid=2
[ log ] www.akali.com/wed/number/index.html?key=c4ca4238a0b923820dcc509a6f75849b&action=number&kdid=2 [运行时间：0.034749s][吞吐率：28.78req/s] [内存消耗：516.51kb] [文件加载：63]
[ info ] [ LANG ] D:\Web\www.akali.com\thinkphp\lang\zh-cn.php
[ info ] [ ROUTE ] array (
  'type' => 'module',
  'module' => 
  array (
    0 => 'wed',
    1 => 'number',
    2 => 'index',
  ),
)
[ info ] [ HEADER ] array (
  'host' => 'www.akali.com',
  'connection' => 'keep-alive',
  'cache-control' => 'max-age=0',
  'upgrade-insecure-requests' => '1',
  'user-agent' => 'Mozilla/5.0 (Windows NT 10.0; WOW64) AppleWebKit/537.36 (KHTML, like Gecko) Chrome/55.0.2883.87 UBrowser/6.2.4098.3 Safari/537.36',
  'accept' => 'text/html,application/xhtml+xml,application/xml;q=0.9,image/webp,*/*;q=0.8',
  'accept-encoding' => 'gzip, deflate',
  'accept-language' => 'zh-CN,zh;q=0.8',
  'cookie' => 'thinkphp_show_page_trace=0|0; seen=think%3A%7B%221%22%3A%221%22%7D; like=think%3A%7B%221%22%3A%221%22%7D; cart=think%3A%5B%5D',
)
[ info ] [ PARAM ] array (
  'key' => 'c4ca4238a0b923820dcc509a6f75849b',
  'action' => 'number',
  'kdid' => '2',
)
[ info ] [ DB ] INIT mysql
[ info ] [ RUN ] app\wed\controller\Number->index[ D:\Web\www.akali.com\application\wed\controller\Number.php ]
[ info ] [ LOG ] INIT File
[ sql ] [ DB ] CONNECT:[ UseTime:0.001287s ] mysql:dbname=www_ruiwen_com;host=127.0.0.1;charset=utf8
[ sql ] [ SQL ] SHOW COLUMNS FROM `jm_user` [ RunTime:0.000752s ]
[ sql ] [ SQL ] SELECT * FROM `jm_user` WHERE  `key` = 'c4ca4238a0b923820dcc509a6f75849b' LIMIT 1 [ RunTime:0.000211s ]
[ sql ] [ SQL ] SHOW COLUMNS FROM `number` [ RunTime:0.005105s ]
[ sql ] [ SQL ] SELECT `number` FROM `number` WHERE  `kdid` = 2  AND `type` = 1 LIMIT 1 [ RunTime:0.001130s ]
[ sql ] [ SQL ] SHOW COLUMNS FROM `jm_kd` [ RunTime:0.000660s ]
[ sql ] [ SQL ] SELECT `price` FROM `jm_kd` WHERE  `kdid` = 2 LIMIT 1 [ RunTime:0.000131s ]
[ sql ] [ SQL ] UPDATE `number`  SET `type`=2  WHERE  `number` = 'B00115154383' [ RunTime:0.001842s ]
[ error ] [10501]SQLSTATE[42000]: Syntax error or access violation: 1064 Erreur de syntaxe près de 'WHERE  `id` = ?' à la ligne 1[D:\Web\www.akali.com\thinkphp\library\think\db\Connection.php:438]

---------------------------------------------------------------
[ 2019-06-24T17:39:12+08:00 ] 127.0.0.1 127.0.0.1 GET /wed/number/index.html?key=c4ca4238a0b923820dcc509a6f75849b&action=number&kdid=2
[ log ] www.akali.com/wed/number/index.html?key=c4ca4238a0b923820dcc509a6f75849b&action=number&kdid=2 [运行时间：0.021371s][吞吐率：46.79req/s] [内存消耗：516.51kb] [文件加载：63]
[ info ] [ LANG ] D:\Web\www.akali.com\thinkphp\lang\zh-cn.php
[ info ] [ ROUTE ] array (
  'type' => 'module',
  'module' => 
  array (
    0 => 'wed',
    1 => 'number',
    2 => 'index',
  ),
)
[ info ] [ HEADER ] array (
  'host' => 'www.akali.com',
  'connection' => 'keep-alive',
  'cache-control' => 'max-age=0',
  'upgrade-insecure-requests' => '1',
  'user-agent' => 'Mozilla/5.0 (Windows NT 10.0; WOW64) AppleWebKit/537.36 (KHTML, like Gecko) Chrome/55.0.2883.87 UBrowser/6.2.4098.3 Safari/537.36',
  'accept' => 'text/html,application/xhtml+xml,application/xml;q=0.9,image/webp,*/*;q=0.8',
  'accept-encoding' => 'gzip, deflate',
  'accept-language' => 'zh-CN,zh;q=0.8',
  'cookie' => 'thinkphp_show_page_trace=0|0; seen=think%3A%7B%221%22%3A%221%22%7D; like=think%3A%7B%221%22%3A%221%22%7D; cart=think%3A%5B%5D',
)
[ info ] [ PARAM ] array (
  'key' => 'c4ca4238a0b923820dcc509a6f75849b',
  'action' => 'number',
  'kdid' => '2',
)
[ info ] [ DB ] INIT mysql
[ info ] [ RUN ] app\wed\controller\Number->index[ D:\Web\www.akali.com\application\wed\controller\Number.php ]
[ info ] [ LOG ] INIT File
[ sql ] [ DB ] CONNECT:[ UseTime:0.001226s ] mysql:dbname=www_ruiwen_com;host=127.0.0.1;charset=utf8
[ sql ] [ SQL ] SHOW COLUMNS FROM `jm_user` [ RunTime:0.000755s ]
[ sql ] [ SQL ] SELECT * FROM `jm_user` WHERE  `key` = 'c4ca4238a0b923820dcc509a6f75849b' LIMIT 1 [ RunTime:0.000173s ]
[ sql ] [ SQL ] SHOW COLUMNS FROM `number` [ RunTime:0.005070s ]
[ sql ] [ SQL ] SELECT `number` FROM `number` WHERE  `kdid` = 2  AND `type` = 1 LIMIT 1 [ RunTime:0.001184s ]
[ sql ] [ SQL ] SHOW COLUMNS FROM `jm_kd` [ RunTime:0.000668s ]
[ sql ] [ SQL ] SELECT `price` FROM `jm_kd` WHERE  `kdid` = 2 LIMIT 1 [ RunTime:0.000210s ]
[ sql ] [ SQL ] UPDATE `number`  SET `type`=2  WHERE  `number` = 'B00115252066' [ RunTime:0.002663s ]
[ error ] [10501]SQLSTATE[42000]: Syntax error or access violation: 1064 Erreur de syntaxe près de 'WHERE  `id` = ?' à la ligne 1[D:\Web\www.akali.com\thinkphp\library\think\db\Connection.php:438]

---------------------------------------------------------------
[ 2019-06-24T17:39:17+08:00 ] 127.0.0.1 127.0.0.1 GET /wed/number/index.html?key=c4ca4238a0b923820dcc509a6f75849b&action=number&kdid=2
[ log ] www.akali.com/wed/number/index.html?key=c4ca4238a0b923820dcc509a6f75849b&action=number&kdid=2 [运行时间：0.019763s][吞吐率：50.60req/s] [内存消耗：515.41kb] [文件加载：63]
[ info ] [ LANG ] D:\Web\www.akali.com\thinkphp\lang\zh-cn.php
[ info ] [ ROUTE ] array (
  'type' => 'module',
  'module' => 
  array (
    0 => 'wed',
    1 => 'number',
    2 => 'index',
  ),
)
[ info ] [ HEADER ] array (
  'host' => 'www.akali.com',
  'connection' => 'keep-alive',
  'cache-control' => 'max-age=0',
  'upgrade-insecure-requests' => '1',
  'user-agent' => 'Mozilla/5.0 (Windows NT 10.0; WOW64) AppleWebKit/537.36 (KHTML, like Gecko) Chrome/55.0.2883.87 UBrowser/6.2.4098.3 Safari/537.36',
  'accept' => 'text/html,application/xhtml+xml,application/xml;q=0.9,image/webp,*/*;q=0.8',
  'accept-encoding' => 'gzip, deflate',
  'accept-language' => 'zh-CN,zh;q=0.8',
  'cookie' => 'thinkphp_show_page_trace=0|0; seen=think%3A%7B%221%22%3A%221%22%7D; like=think%3A%7B%221%22%3A%221%22%7D; cart=think%3A%5B%5D',
)
[ info ] [ PARAM ] array (
  'key' => 'c4ca4238a0b923820dcc509a6f75849b',
  'action' => 'number',
  'kdid' => '2',
)
[ info ] [ DB ] INIT mysql
[ info ] [ RUN ] app\wed\controller\Number->index[ D:\Web\www.akali.com\application\wed\controller\Number.php ]
[ info ] [ LOG ] INIT File
[ sql ] [ DB ] CONNECT:[ UseTime:0.001517s ] mysql:dbname=www_ruiwen_com;host=127.0.0.1;charset=utf8
[ sql ] [ SQL ] SHOW COLUMNS FROM `jm_user` [ RunTime:0.000737s ]
[ sql ] [ SQL ] SELECT * FROM `jm_user` WHERE  `key` = 'c4ca4238a0b923820dcc509a6f75849b' LIMIT 1 [ RunTime:0.000169s ]
[ sql ] [ SQL ] SHOW COLUMNS FROM `number` [ RunTime:0.003394s ]
[ sql ] [ SQL ] SELECT `number` FROM `number` WHERE  `kdid` = 2  AND `type` = 1 LIMIT 1 [ RunTime:0.001192s ]
[ sql ] [ SQL ] SHOW COLUMNS FROM `jm_kd` [ RunTime:0.000751s ]
[ sql ] [ SQL ] SELECT `price` FROM `jm_kd` WHERE  `kdid` = 2 LIMIT 1 [ RunTime:0.000157s ]
[ sql ] [ SQL ] UPDATE `number`  SET `type`=2  WHERE  `number` = 'B00115426926' [ RunTime:0.001827s ]
[ error ] [10501]SQLSTATE[42000]: Syntax error or access violation: 1064 Erreur de syntaxe près de 'WHERE  `id` = ?' à la ligne 1[D:\Web\www.akali.com\thinkphp\library\think\db\Connection.php:438]

---------------------------------------------------------------
[ 2019-06-24T17:40:07+08:00 ] 127.0.0.1 127.0.0.1 GET /wed/number/index.html?key=c4ca4238a0b923820dcc509a6f75849b&action=number&kdid=2
[ log ] www.akali.com/wed/number/index.html?key=c4ca4238a0b923820dcc509a6f75849b&action=number&kdid=2 [运行时间：0.016866s][吞吐率：59.29req/s] [内存消耗：552.50kb] [文件加载：58]
[ info ] [ LANG ] D:\Web\www.akali.com\thinkphp\lang\zh-cn.php
[ info ] [ ROUTE ] array (
  'type' => 'module',
  'module' => 
  array (
    0 => 'wed',
    1 => 'number',
    2 => 'index',
  ),
)
[ info ] [ HEADER ] array (
  'host' => 'www.akali.com',
  'connection' => 'keep-alive',
  'cache-control' => 'max-age=0',
  'upgrade-insecure-requests' => '1',
  'user-agent' => 'Mozilla/5.0 (Windows NT 10.0; WOW64) AppleWebKit/537.36 (KHTML, like Gecko) Chrome/55.0.2883.87 UBrowser/6.2.4098.3 Safari/537.36',
  'accept' => 'text/html,application/xhtml+xml,application/xml;q=0.9,image/webp,*/*;q=0.8',
  'accept-encoding' => 'gzip, deflate',
  'accept-language' => 'zh-CN,zh;q=0.8',
  'cookie' => 'thinkphp_show_page_trace=0|0; seen=think%3A%7B%221%22%3A%221%22%7D; like=think%3A%7B%221%22%3A%221%22%7D; cart=think%3A%5B%5D',
)
[ info ] [ PARAM ] array (
  'key' => 'c4ca4238a0b923820dcc509a6f75849b',
  'action' => 'number',
  'kdid' => '2',
)
[ info ] [ DB ] INIT mysql
[ info ] [ RUN ] app\wed\controller\Number->index[ D:\Web\www.akali.com\application\wed\controller\Number.php ]
[ info ] [ LOG ] INIT File
[ sql ] [ DB ] CONNECT:[ UseTime:0.001134s ] mysql:dbname=www_ruiwen_com;host=127.0.0.1;charset=utf8
[ sql ] [ SQL ] SHOW COLUMNS FROM `jm_user` [ RunTime:0.000778s ]
[ sql ] [ SQL ] SELECT * FROM `jm_user` WHERE  `key` = 'c4ca4238a0b923820dcc509a6f75849b' LIMIT 1 [ RunTime:0.000175s ]
[ sql ] [ SQL ] SHOW COLUMNS FROM `number` [ RunTime:0.004205s ]
[ sql ] [ SQL ] SELECT `number` FROM `number` WHERE  `kdid` = 2  AND `type` = 1 LIMIT 1 [ RunTime:0.001238s ]
[ sql ] [ SQL ] SHOW COLUMNS FROM `jm_kd` [ RunTime:0.000694s ]
[ sql ] [ SQL ] SELECT `price` FROM `jm_kd` WHERE  `kdid` = 2 LIMIT 1 [ RunTime:0.000139s ]
[ sql ] [ SQL ] UPDATE `number`  SET `type`=2  WHERE  `number` = 'B00115806061' [ RunTime:0.001929s ]

---------------------------------------------------------------
[ 2019-06-24T17:41:04+08:00 ] 127.0.0.1 127.0.0.1 GET /wed/number/index.html?key=c4ca4238a0b923820dcc509a6f75849b&action=number&kdid=2
[ log ] www.akali.com/wed/number/index.html?key=c4ca4238a0b923820dcc509a6f75849b&action=number&kdid=2 [运行时间：0.031772s][吞吐率：31.47req/s] [内存消耗：528.92kb] [文件加载：63]
[ info ] [ LANG ] D:\Web\www.akali.com\thinkphp\lang\zh-cn.php
[ info ] [ ROUTE ] array (
  'type' => 'module',
  'module' => 
  array (
    0 => 'wed',
    1 => 'number',
    2 => 'index',
  ),
)
[ info ] [ HEADER ] array (
  'host' => 'www.akali.com',
  'connection' => 'keep-alive',
  'cache-control' => 'max-age=0',
  'upgrade-insecure-requests' => '1',
  'user-agent' => 'Mozilla/5.0 (Windows NT 10.0; WOW64) AppleWebKit/537.36 (KHTML, like Gecko) Chrome/55.0.2883.87 UBrowser/6.2.4098.3 Safari/537.36',
  'accept' => 'text/html,application/xhtml+xml,application/xml;q=0.9,image/webp,*/*;q=0.8',
  'accept-encoding' => 'gzip, deflate',
  'accept-language' => 'zh-CN,zh;q=0.8',
  'cookie' => 'thinkphp_show_page_trace=0|0; seen=think%3A%7B%221%22%3A%221%22%7D; like=think%3A%7B%221%22%3A%221%22%7D; cart=think%3A%5B%5D',
)
[ info ] [ PARAM ] array (
  'key' => 'c4ca4238a0b923820dcc509a6f75849b',
  'action' => 'number',
  'kdid' => '2',
)
[ info ] [ DB ] INIT mysql
[ info ] [ RUN ] app\wed\controller\Number->index[ D:\Web\www.akali.com\application\wed\controller\Number.php ]
[ info ] [ LOG ] INIT File
[ sql ] [ DB ] CONNECT:[ UseTime:0.001085s ] mysql:dbname=www_ruiwen_com;host=127.0.0.1;charset=utf8
[ sql ] [ SQL ] SHOW COLUMNS FROM `jm_user` [ RunTime:0.000727s ]
[ sql ] [ SQL ] SELECT * FROM `jm_user` WHERE  `key` = 'c4ca4238a0b923820dcc509a6f75849b' LIMIT 1 [ RunTime:0.000169s ]
[ sql ] [ SQL ] SHOW COLUMNS FROM `number` [ RunTime:0.004929s ]
[ sql ] [ SQL ] SELECT `number` FROM `number` WHERE  `kdid` = 2  AND `type` = 1 LIMIT 1 [ RunTime:0.001210s ]
[ sql ] [ SQL ] SHOW COLUMNS FROM `jm_kd` [ RunTime:0.000689s ]
[ sql ] [ SQL ] SELECT `price` FROM `jm_kd` WHERE  `kdid` = 2 LIMIT 1 [ RunTime:0.000138s ]
[ sql ] [ SQL ] UPDATE `number`  SET `type`=2  WHERE  `number` = 'B00115154383' [ RunTime:0.001880s ]
[ error ] [10501]SQLSTATE[42000]: Syntax error or access violation: 1064 Erreur de syntaxe près de 'WHERE   = 'id'  AND  = 2' à la ligne 1[D:\Web\www.akali.com\thinkphp\library\think\db\Connection.php:438]

---------------------------------------------------------------
[ 2019-06-24T17:42:42+08:00 ] 127.0.0.1 127.0.0.1 GET /wed/number/index.html?key=c4ca4238a0b923820dcc509a6f75849b&action=number&kdid=2
[ log ] www.akali.com/wed/number/index.html?key=c4ca4238a0b923820dcc509a6f75849b&action=number&kdid=2 [运行时间：0.024759s][吞吐率：40.39req/s] [内存消耗：552.50kb] [文件加载：58]
[ info ] [ LANG ] D:\Web\www.akali.com\thinkphp\lang\zh-cn.php
[ info ] [ ROUTE ] array (
  'type' => 'module',
  'module' => 
  array (
    0 => 'wed',
    1 => 'number',
    2 => 'index',
  ),
)
[ info ] [ HEADER ] array (
  'host' => 'www.akali.com',
  'connection' => 'keep-alive',
  'cache-control' => 'max-age=0',
  'upgrade-insecure-requests' => '1',
  'user-agent' => 'Mozilla/5.0 (Windows NT 10.0; WOW64) AppleWebKit/537.36 (KHTML, like Gecko) Chrome/55.0.2883.87 UBrowser/6.2.4098.3 Safari/537.36',
  'accept' => 'text/html,application/xhtml+xml,application/xml;q=0.9,image/webp,*/*;q=0.8',
  'accept-encoding' => 'gzip, deflate',
  'accept-language' => 'zh-CN,zh;q=0.8',
  'cookie' => 'thinkphp_show_page_trace=0|0; seen=think%3A%7B%221%22%3A%221%22%7D; like=think%3A%7B%221%22%3A%221%22%7D; cart=think%3A%5B%5D',
)
[ info ] [ PARAM ] array (
  'key' => 'c4ca4238a0b923820dcc509a6f75849b',
  'action' => 'number',
  'kdid' => '2',
)
[ info ] [ DB ] INIT mysql
[ info ] [ RUN ] app\wed\controller\Number->index[ D:\Web\www.akali.com\application\wed\controller\Number.php ]
[ info ] [ LOG ] INIT File
[ sql ] [ DB ] CONNECT:[ UseTime:0.001075s ] mysql:dbname=www_ruiwen_com;host=127.0.0.1;charset=utf8
[ sql ] [ SQL ] SHOW COLUMNS FROM `jm_user` [ RunTime:0.000569s ]
[ sql ] [ SQL ] SELECT * FROM `jm_user` WHERE  `key` = 'c4ca4238a0b923820dcc509a6f75849b' LIMIT 1 [ RunTime:0.000164s ]
[ sql ] [ SQL ] SHOW COLUMNS FROM `number` [ RunTime:0.000378s ]
[ sql ] [ SQL ] SELECT `number` FROM `number` WHERE  `kdid` = 2  AND `type` = 1 LIMIT 1 [ RunTime:0.001473s ]
[ sql ] [ SQL ] SHOW COLUMNS FROM `jm_kd` [ RunTime:0.000699s ]
[ sql ] [ SQL ] SELECT `price` FROM `jm_kd` WHERE  `kdid` = 2 LIMIT 1 [ RunTime:0.000175s ]
[ sql ] [ SQL ] UPDATE `number`  SET `type`=2  WHERE  `number` = 'B00115252066' [ RunTime:0.002555s ]

---------------------------------------------------------------
[ 2019-06-24T17:42:56+08:00 ] 127.0.0.1 127.0.0.1 GET /wed/number/index.html?key=c4ca4238a0b923820dcc509a6f75849b&action=number&kdid=2
[ log ] www.akali.com/wed/number/index.html?key=c4ca4238a0b923820dcc509a6f75849b&action=number&kdid=2 [运行时间：0.018995s][吞吐率：52.65req/s] [内存消耗：516.51kb] [文件加载：63]
[ info ] [ LANG ] D:\Web\www.akali.com\thinkphp\lang\zh-cn.php
[ info ] [ ROUTE ] array (
  'type' => 'module',
  'module' => 
  array (
    0 => 'wed',
    1 => 'number',
    2 => 'index',
  ),
)
[ info ] [ HEADER ] array (
  'host' => 'www.akali.com',
  'connection' => 'keep-alive',
  'cache-control' => 'max-age=0',
  'upgrade-insecure-requests' => '1',
  'user-agent' => 'Mozilla/5.0 (Windows NT 10.0; WOW64) AppleWebKit/537.36 (KHTML, like Gecko) Chrome/55.0.2883.87 UBrowser/6.2.4098.3 Safari/537.36',
  'accept' => 'text/html,application/xhtml+xml,application/xml;q=0.9,image/webp,*/*;q=0.8',
  'accept-encoding' => 'gzip, deflate',
  'accept-language' => 'zh-CN,zh;q=0.8',
  'cookie' => 'thinkphp_show_page_trace=0|0; seen=think%3A%7B%221%22%3A%221%22%7D; like=think%3A%7B%221%22%3A%221%22%7D; cart=think%3A%5B%5D',
)
[ info ] [ PARAM ] array (
  'key' => 'c4ca4238a0b923820dcc509a6f75849b',
  'action' => 'number',
  'kdid' => '2',
)
[ info ] [ DB ] INIT mysql
[ info ] [ RUN ] app\wed\controller\Number->index[ D:\Web\www.akali.com\application\wed\controller\Number.php ]
[ info ] [ LOG ] INIT File
[ sql ] [ DB ] CONNECT:[ UseTime:0.001383s ] mysql:dbname=www_ruiwen_com;host=127.0.0.1;charset=utf8
[ sql ] [ SQL ] SHOW COLUMNS FROM `jm_user` [ RunTime:0.001146s ]
[ sql ] [ SQL ] SELECT * FROM `jm_user` WHERE  `key` = 'c4ca4238a0b923820dcc509a6f75849b' LIMIT 1 [ RunTime:0.000273s ]
[ sql ] [ SQL ] SHOW COLUMNS FROM `number` [ RunTime:0.000687s ]
[ sql ] [ SQL ] SELECT `number` FROM `number` WHERE  `kdid` = 2  AND `type` = 1 LIMIT 1 [ RunTime:0.001596s ]
[ sql ] [ SQL ] SHOW COLUMNS FROM `jm_kd` [ RunTime:0.001165s ]
[ sql ] [ SQL ] SELECT `price` FROM `jm_kd` WHERE  `kdid` = 2 LIMIT 1 [ RunTime:0.000212s ]
[ sql ] [ SQL ] UPDATE `number`  SET `type`=2  WHERE  `number` = 'B00115426926' [ RunTime:0.003229s ]
[ error ] [10501]SQLSTATE[42000]: Syntax error or access violation: 1064 Erreur de syntaxe près de 'WHERE  `id` = ?' à la ligne 1[D:\Web\www.akali.com\thinkphp\library\think\db\Connection.php:438]

---------------------------------------------------------------
[ 2019-06-24T17:44:53+08:00 ] 127.0.0.1 127.0.0.1 GET /wed/number/index.html?key=c4ca4238a0b923820dcc509a6f75849b&action=number&kdid=17?key=c4ca4238a0b923820dcc509a6f75849b&action=number&kdid=17
[ log ] www.akali.com/wed/number/index.html?key=c4ca4238a0b923820dcc509a6f75849b&action=number&kdid=17?key=c4ca4238a0b923820dcc509a6f75849b&action=number&kdid=17 [运行时间：0.020805s][吞吐率：48.07req/s] [内存消耗：546.12kb] [文件加载：53]
[ info ] [ LANG ] D:\Web\www.akali.com\thinkphp\lang\zh-cn.php
[ info ] [ ROUTE ] array (
  'type' => 'module',
  'module' => 
  array (
    0 => 'wed',
    1 => 'number',
    2 => 'index',
  ),
)
[ info ] [ HEADER ] array (
  'host' => 'www.akali.com',
  'user-agent' => 'QQ_Mobile_V5.5',
  'accept' => '*/*',
)
[ info ] [ PARAM ] array (
  'key' => 'c4ca4238a0b923820dcc509a6f75849b',
  'action' => 'number',
  'kdid' => '17',
)
[ info ] [ DB ] INIT mysql
[ info ] [ RUN ] app\wed\controller\Number->index[ D:\Web\www.akali.com\application\wed\controller\Number.php ]
[ info ] [ LOG ] INIT File
[ sql ] [ DB ] CONNECT:[ UseTime:0.001233s ] mysql:dbname=www_ruiwen_com;host=127.0.0.1;charset=utf8
[ sql ] [ SQL ] SHOW COLUMNS FROM `jm_user` [ RunTime:0.000561s ]
[ sql ] [ SQL ] SELECT * FROM `jm_user` WHERE  `key` = 'c4ca4238a0b923820dcc509a6f75849b' LIMIT 1 [ RunTime:0.000169s ]
[ sql ] [ SQL ] SHOW COLUMNS FROM `number` [ RunTime:0.000380s ]
[ sql ] [ SQL ] SELECT `number` FROM `number` WHERE  `kdid` = 17  AND `type` = 1 LIMIT 1 [ RunTime:0.001187s ]
[ sql ] [ SQL ] SHOW COLUMNS FROM `jm_kd` [ RunTime:0.000456s ]
[ sql ] [ SQL ] SELECT `price` FROM `jm_kd` WHERE  `kdid` = 17 LIMIT 1 [ RunTime:0.000128s ]
[ sql ] [ SQL ] UPDATE `number`  SET `type`=2  WHERE  `number` = '225011368958' [ RunTime:0.002306s ]
[ sql ] [ SQL ] UPDATE `jm_user`  SET `money`=money-1.7  WHERE  `id` = 2 [ RunTime:0.000257s ]

---------------------------------------------------------------
[ 2019-06-24T17:45:05+08:00 ] 127.0.0.1 127.0.0.1 GET /wed/number/index.html?key=c4ca4238a0b923820dcc509a6f75849b&action=number&kdid=46?key=c4ca4238a0b923820dcc509a6f75849b&action=number&kdid=46
[ log ] www.akali.com/wed/number/index.html?key=c4ca4238a0b923820dcc509a6f75849b&action=number&kdid=46?key=c4ca4238a0b923820dcc509a6f75849b&action=number&kdid=46 [运行时间：0.019506s][吞吐率：51.27req/s] [内存消耗：545.02kb] [文件加载：53]
[ info ] [ LANG ] D:\Web\www.akali.com\thinkphp\lang\zh-cn.php
[ info ] [ ROUTE ] array (
  'type' => 'module',
  'module' => 
  array (
    0 => 'wed',
    1 => 'number',
    2 => 'index',
  ),
)
[ info ] [ HEADER ] array (
  'host' => 'www.akali.com',
  'user-agent' => 'QQ_Mobile_V5.5',
  'accept' => '*/*',
)
[ info ] [ PARAM ] array (
  'key' => 'c4ca4238a0b923820dcc509a6f75849b',
  'action' => 'number',
  'kdid' => '46',
)
[ info ] [ DB ] INIT mysql
[ info ] [ RUN ] app\wed\controller\Number->index[ D:\Web\www.akali.com\application\wed\controller\Number.php ]
[ info ] [ LOG ] INIT File
[ sql ] [ DB ] CONNECT:[ UseTime:0.001212s ] mysql:dbname=www_ruiwen_com;host=127.0.0.1;charset=utf8
[ sql ] [ SQL ] SHOW COLUMNS FROM `jm_user` [ RunTime:0.000569s ]
[ sql ] [ SQL ] SELECT * FROM `jm_user` WHERE  `key` = 'c4ca4238a0b923820dcc509a6f75849b' LIMIT 1 [ RunTime:0.000167s ]
[ sql ] [ SQL ] SHOW COLUMNS FROM `number` [ RunTime:0.000370s ]
[ sql ] [ SQL ] SELECT `number` FROM `number` WHERE  `kdid` = 46  AND `type` = 1 LIMIT 1 [ RunTime:0.001169s ]
[ sql ] [ SQL ] SHOW COLUMNS FROM `jm_kd` [ RunTime:0.000464s ]
[ sql ] [ SQL ] SELECT `price` FROM `jm_kd` WHERE  `kdid` = 46 LIMIT 1 [ RunTime:0.000142s ]
[ sql ] [ SQL ] UPDATE `number`  SET `type`=2  WHERE  `number` = '336069930000' [ RunTime:0.001866s ]
[ sql ] [ SQL ] UPDATE `jm_user`  SET `money`=money-1.6  WHERE  `id` = 2 [ RunTime:0.000164s ]

---------------------------------------------------------------
[ 2019-06-24T17:54:23+08:00 ] 127.0.0.1 127.0.0.1 GET /wed/number/index.html?key=c4ca4238a0b923820dcc509a6f75849b&action=number&kdid=2?key=c4ca4238a0b923820dcc509a6f75849b&action=number&kdid=2
[ log ] www.akali.com/wed/number/index.html?key=c4ca4238a0b923820dcc509a6f75849b&action=number&kdid=2?key=c4ca4238a0b923820dcc509a6f75849b&action=number&kdid=2 [运行时间：0.025457s][吞吐率：39.28req/s] [内存消耗：545.02kb] [文件加载：53]
[ info ] [ LANG ] D:\Web\www.akali.com\thinkphp\lang\zh-cn.php
[ info ] [ ROUTE ] array (
  'type' => 'module',
  'module' => 
  array (
    0 => 'wed',
    1 => 'number',
    2 => 'index',
  ),
)
[ info ] [ HEADER ] array (
  'host' => 'www.akali.com',
  'user-agent' => 'QQ_Mobile_V5.5',
  'accept' => '*/*',
)
[ info ] [ PARAM ] array (
  'key' => 'c4ca4238a0b923820dcc509a6f75849b',
  'action' => 'number',
  'kdid' => '2',
)
[ info ] [ DB ] INIT mysql
[ info ] [ RUN ] app\wed\controller\Number->index[ D:\Web\www.akali.com\application\wed\controller\Number.php ]
[ info ] [ LOG ] INIT File
[ sql ] [ DB ] CONNECT:[ UseTime:0.001166s ] mysql:dbname=www_ruiwen_com;host=127.0.0.1;charset=utf8
[ sql ] [ SQL ] SHOW COLUMNS FROM `jm_user` [ RunTime:0.003534s ]
[ sql ] [ SQL ] SELECT * FROM `jm_user` WHERE  `key` = 'c4ca4238a0b923820dcc509a6f75849b' LIMIT 1 [ RunTime:0.000203s ]
[ sql ] [ SQL ] SHOW COLUMNS FROM `number` [ RunTime:0.000405s ]
[ sql ] [ SQL ] SELECT `number` FROM `number` WHERE  `kdid` = 2  AND `type` = 1 LIMIT 1 [ RunTime:0.001124s ]
[ sql ] [ SQL ] SHOW COLUMNS FROM `jm_kd` [ RunTime:0.003564s ]
[ sql ] [ SQL ] SELECT `price` FROM `jm_kd` WHERE  `kdid` = 2 LIMIT 1 [ RunTime:0.000188s ]
[ sql ] [ SQL ] UPDATE `number`  SET `type`=2  WHERE  `number` = 'B00115806061' [ RunTime:0.002176s ]
[ sql ] [ SQL ] UPDATE `jm_user`  SET `money`=money-1.7  WHERE  `id` = 2 [ RunTime:0.000269s ]

---------------------------------------------------------------
