[ 2019-05-07T10:08:56+08:00 ] 127.0.0.1 127.0.0.1 GET /
[ log ] admin.akali.com/ [运行时间：0.748413s][吞吐率：1.34req/s] [内存消耗：492.05kb] [文件加载：55]
[ info ] [ LANG ] D:\Web\www.akali.com\thinkphp\lang\zh-cn.php
[ info ] [ BIND ] 'admin'
[ info ] [ ROUTE ] array (
  'type' => 'module',
  'module' => 
  array (
    0 => NULL,
    1 => 'home',
    2 => 'index',
  ),
  'convert' => false,
)
[ info ] [ HEADER ] array (
  'host' => 'admin.akali.com',
  'connection' => 'keep-alive',
  'upgrade-insecure-requests' => '1',
  'user-agent' => 'Mozilla/5.0 (Windows NT 10.0; WOW64) AppleWebKit/537.36 (KHTML, like Gecko) Chrome/55.0.2883.87 UBrowser/6.2.4098.3 Safari/537.36',
  'accept' => 'text/html,application/xhtml+xml,application/xml;q=0.9,image/webp,*/*;q=0.8',
  'accept-encoding' => 'gzip, deflate',
  'accept-language' => 'zh-CN,zh;q=0.8',
)
[ info ] [ PARAM ] array (
)
[ info ] [ SESSION ] INIT array (
  'id' => '',
  'var_session_id' => '',
  'prefix' => 'think',
  'type' => '',
  'auto_start' => true,
)
[ info ] [ VIEW ] D:\Web\www.akali.com\thinkphp\tpl\dispatch_jump.tpl [ array (
  0 => 'code',
  1 => 'msg',
  2 => 'data',
  3 => 'url',
  4 => 'wait',
) ]
[ info ] [ LOG ] INIT File

---------------------------------------------------------------
[ 2019-05-07T10:08:59+08:00 ] 127.0.0.1 127.0.0.1 GET /login/index.html
[ log ] admin.akali.com/login/index.html [运行时间：0.098157s][吞吐率：10.19req/s] [内存消耗：358.37kb] [文件加载：54]
[ info ] [ LANG ] D:\Web\www.akali.com\thinkphp\lang\zh-cn.php
[ info ] [ BIND ] 'admin'
[ info ] [ ROUTE ] array (
  'type' => 'module',
  'module' => 
  array (
    0 => 'admin',
    1 => 'login',
    2 => 'index',
  ),
)
[ info ] [ HEADER ] array (
  'host' => 'admin.akali.com',
  'connection' => 'keep-alive',
  'upgrade-insecure-requests' => '1',
  'user-agent' => 'Mozilla/5.0 (Windows NT 10.0; WOW64) AppleWebKit/537.36 (KHTML, like Gecko) Chrome/55.0.2883.87 UBrowser/6.2.4098.3 Safari/537.36',
  'accept' => 'text/html,application/xhtml+xml,application/xml;q=0.9,image/webp,*/*;q=0.8',
  'referer' => 'http://admin.akali.com/',
  'accept-encoding' => 'gzip, deflate',
  'accept-language' => 'zh-CN,zh;q=0.8',
  'cookie' => 'PHPSESSID=6tcp8sjp9cgivgtcotspjhns8v; thinkphp_show_page_trace=0|0',
)
[ info ] [ PARAM ] array (
)
[ info ] [ RUN ] app\admin\controller\Login->index[ D:\Web\www.akali.com\application\admin\controller\Login.php ]
[ info ] [ VIEW ] D:\Web\www.akali.com\public/../application/admin\view\login\index.html [ array (
) ]
[ info ] [ LOG ] INIT File

---------------------------------------------------------------
[ 2019-05-07T10:08:59+08:00 ] 127.0.0.1 127.0.0.1 GET /captcha.html
[ log ] admin.akali.com/captcha.html [运行时间：0.087054s][吞吐率：11.49req/s] [内存消耗：254.43kb] [文件加载：40]
[ info ] [ LANG ] D:\Web\www.akali.com\thinkphp\lang\zh-cn.php
[ info ] [ BIND ] 'admin'
[ info ] [ ROUTE ] array (
  'type' => 'method',
  'method' => 
  array (
    0 => '\\think\\captcha\\CaptchaController',
    1 => 'index',
  ),
  'var' => 
  array (
  ),
)
[ info ] [ HEADER ] array (
  'host' => 'admin.akali.com',
  'connection' => 'keep-alive',
  'user-agent' => 'Mozilla/5.0 (Windows NT 10.0; WOW64) AppleWebKit/537.36 (KHTML, like Gecko) Chrome/55.0.2883.87 UBrowser/6.2.4098.3 Safari/537.36',
  'accept' => 'image/webp,image/*,*/*;q=0.8',
  'referer' => 'http://admin.akali.com/login/index.html',
  'accept-encoding' => 'gzip, deflate',
  'accept-language' => 'zh-CN,zh;q=0.8',
  'cookie' => 'PHPSESSID=6tcp8sjp9cgivgtcotspjhns8v; thinkphp_show_page_trace=0|0',
)
[ info ] [ PARAM ] array (
  'id' => '',
)
[ info ] [ RUN ] think\captcha\CaptchaController->index[ D:\Web\www.akali.com\vendor\topthink\think-captcha\src\CaptchaController.php ]
[ info ] [ SESSION ] INIT array (
  'id' => '',
  'var_session_id' => '',
  'prefix' => 'think',
  'type' => '',
  'auto_start' => true,
)
[ info ] [ LOG ] INIT File

---------------------------------------------------------------
[ 2019-05-07T10:09:15+08:00 ] 127.0.0.1 127.0.0.1 POST /login/index.html
[ log ] admin.akali.com/login/index.html [运行时间：0.316107s][吞吐率：3.16req/s] [内存消耗：899.23kb] [文件加载：59]
[ info ] [ LANG ] D:\Web\www.akali.com\thinkphp\lang\zh-cn.php
[ info ] [ BIND ] 'admin'
[ info ] [ ROUTE ] array (
  'type' => 'module',
  'module' => 
  array (
    0 => 'admin',
    1 => 'login',
    2 => 'index',
  ),
)
[ info ] [ HEADER ] array (
  'host' => 'admin.akali.com',
  'connection' => 'keep-alive',
  'content-length' => '42',
  'cache-control' => 'max-age=0',
  'origin' => 'http://admin.akali.com',
  'upgrade-insecure-requests' => '1',
  'user-agent' => 'Mozilla/5.0 (Windows NT 10.0; WOW64) AppleWebKit/537.36 (KHTML, like Gecko) Chrome/55.0.2883.87 UBrowser/6.2.4098.3 Safari/537.36',
  'content-type' => 'application/x-www-form-urlencoded',
  'accept' => 'text/html,application/xhtml+xml,application/xml;q=0.9,image/webp,*/*;q=0.8',
  'referer' => 'http://admin.akali.com/login/index.html',
  'accept-encoding' => 'gzip, deflate',
  'accept-language' => 'zh-CN,zh;q=0.8',
  'cookie' => 'thinkphp_show_page_trace=0|0; PHPSESSID=6tcp8sjp9cgivgtcotspjhns8v; thinkphp_show_page_trace=0|0',
)
[ info ] [ PARAM ] array (
  'username' => 'akali',
  'password' => '123',
  'vcode' => 'R',
  'reme' => '1',
)
[ info ] [ RUN ] app\admin\controller\Login->index[ D:\Web\www.akali.com\application\admin\controller\Login.php ]
[ info ] [ SESSION ] INIT array (
  'id' => '',
  'var_session_id' => '',
  'prefix' => 'think',
  'type' => '',
  'auto_start' => true,
)
[ info ] [ DB ] INIT mysql
[ info ] [ DB ] INIT mysql
[ info ] [ DB ] INIT mysql
[ info ] [ DB ] INIT mysql
[ info ] [ LOG ] INIT File
[ sql ] [ DB ] CONNECT:[ UseTime:0.013123s ] mysql:dbname=www_ruiwen_com;host=127.0.0.1;charset=utf8
[ sql ] [ SQL ] SHOW COLUMNS FROM `admin` [ RunTime:0.104890s ]
[ sql ] [ SQL ] SELECT * FROM `admin` WHERE  `username` = 'akali' LIMIT 1 [ RunTime:0.014189s ]
[ sql ] [ DB ] CONNECT:[ UseTime:0.001971s ] mysql:dbname=www_ruiwen_com;host=127.0.0.1;charset=utf8
[ sql ] [ SQL ] SHOW COLUMNS FROM `admin_role` [ RunTime:0.010849s ]
[ sql ] [ SQL ] SELECT `role_id` FROM `admin_role` WHERE  `admin_id` = 1 [ RunTime:0.004807s ]
[ sql ] [ DB ] CONNECT:[ UseTime:0.001878s ] mysql:dbname=www_ruiwen_com;host=127.0.0.1;charset=utf8
[ sql ] [ SQL ] SHOW COLUMNS FROM `role_node` [ RunTime:0.020912s ]
[ sql ] [ SQL ] SELECT `node_id` FROM `role_node` WHERE  `role_id` IN (9) [ RunTime:0.000368s ]
[ sql ] [ DB ] CONNECT:[ UseTime:0.001915s ] mysql:dbname=www_ruiwen_com;host=127.0.0.1;charset=utf8
[ sql ] [ SQL ] SHOW COLUMNS FROM `node` [ RunTime:0.018773s ]
[ sql ] [ SQL ] SELECT * FROM `node` WHERE  `id` IN (17,21,22,23,24,25,26,27,28,29,30,31,32,33,34) [ RunTime:0.000778s ]

---------------------------------------------------------------
[ 2019-05-07T10:09:15+08:00 ] 127.0.0.1 127.0.0.1 GET /
[ log ] admin.akali.com/ [运行时间：0.126625s][吞吐率：7.90req/s] [内存消耗：922.48kb] [文件加载：60]
[ info ] [ LANG ] D:\Web\www.akali.com\thinkphp\lang\zh-cn.php
[ info ] [ BIND ] 'admin'
[ info ] [ ROUTE ] array (
  'type' => 'module',
  'module' => 
  array (
    0 => NULL,
    1 => 'home',
    2 => 'index',
  ),
  'convert' => false,
)
[ info ] [ HEADER ] array (
  'host' => 'admin.akali.com',
  'connection' => 'keep-alive',
  'cache-control' => 'max-age=0',
  'upgrade-insecure-requests' => '1',
  'user-agent' => 'Mozilla/5.0 (Windows NT 10.0; WOW64) AppleWebKit/537.36 (KHTML, like Gecko) Chrome/55.0.2883.87 UBrowser/6.2.4098.3 Safari/537.36',
  'accept' => 'text/html,application/xhtml+xml,application/xml;q=0.9,image/webp,*/*;q=0.8',
  'referer' => 'http://admin.akali.com/login/index.html',
  'accept-encoding' => 'gzip, deflate',
  'accept-language' => 'zh-CN,zh;q=0.8',
  'cookie' => 'PHPSESSID=6tcp8sjp9cgivgtcotspjhns8v; thinkphp_show_page_trace=0|0; admin=think%3A%7B%22username%22%3A%2216B64SDS781tcYdnFw%22%2C%22password%22%3A%223qF3tyDX788%252BKtRoHFLr0kf5lbxdqXy9nInmmMp8ZbowtI4Bq%252BJSCg%22%7D',
)
[ info ] [ PARAM ] array (
)
[ info ] [ SESSION ] INIT array (
  'id' => '',
  'var_session_id' => '',
  'prefix' => 'think',
  'type' => '',
  'auto_start' => true,
)
[ info ] [ RUN ] app\admin\controller\Home->index[ D:\Web\www.akali.com\application\admin\controller\Home.php ]
[ info ] [ DB ] INIT mysql
[ info ] [ VIEW ] D:\Web\www.akali.com\public/../application/admin\view\home\index_auth.html [ array (
  0 => 'showNode',
) ]
[ info ] [ LOG ] INIT File
[ sql ] [ DB ] CONNECT:[ UseTime:0.001695s ] mysql:dbname=www_ruiwen_com;host=127.0.0.1;charset=utf8
[ sql ] [ SQL ] SHOW COLUMNS FROM `node` [ RunTime:0.004025s ]
[ sql ] [ SQL ] SELECT * FROM `node` WHERE  `show` = 1 ORDER BY `local` [ RunTime:0.000412s ]

---------------------------------------------------------------
[ 2019-05-07T10:09:15+08:00 ] 127.0.0.1 127.0.0.1 GET /home/welcome.html
[ log ] admin.akali.com/home/welcome.html [运行时间：0.054094s][吞吐率：18.49req/s] [内存消耗：395.09kb] [文件加载：54]
[ info ] [ LANG ] D:\Web\www.akali.com\thinkphp\lang\zh-cn.php
[ info ] [ BIND ] 'admin'
[ info ] [ ROUTE ] array (
  'type' => 'module',
  'module' => 
  array (
    0 => 'admin',
    1 => 'home',
    2 => 'welcome',
  ),
)
[ info ] [ HEADER ] array (
  'host' => 'admin.akali.com',
  'connection' => 'keep-alive',
  'upgrade-insecure-requests' => '1',
  'user-agent' => 'Mozilla/5.0 (Windows NT 10.0; WOW64) AppleWebKit/537.36 (KHTML, like Gecko) Chrome/55.0.2883.87 UBrowser/6.2.4098.3 Safari/537.36',
  'accept' => 'text/html,application/xhtml+xml,application/xml;q=0.9,image/webp,*/*;q=0.8',
  'referer' => 'http://admin.akali.com/',
  'accept-encoding' => 'gzip, deflate',
  'accept-language' => 'zh-CN,zh;q=0.8',
  'cookie' => 'PHPSESSID=6tcp8sjp9cgivgtcotspjhns8v; thinkphp_show_page_trace=0|0; admin=think%3A%7B%22username%22%3A%2216B64SDS781tcYdnFw%22%2C%22password%22%3A%223qF3tyDX788%252BKtRoHFLr0kf5lbxdqXy9nInmmMp8ZbowtI4Bq%252BJSCg%22%7D',
)
[ info ] [ PARAM ] array (
)
[ info ] [ SESSION ] INIT array (
  'id' => '',
  'var_session_id' => '',
  'prefix' => 'think',
  'type' => '',
  'auto_start' => true,
)
[ info ] [ RUN ] app\admin\controller\Home->welcome[ D:\Web\www.akali.com\application\admin\controller\Home.php ]
[ info ] [ VIEW ] D:\Web\www.akali.com\public/../application/admin\view\home\welcome.html [ array (
) ]
[ info ] [ LOG ] INIT File

---------------------------------------------------------------
[ 2019-05-07T10:11:22+08:00 ] 127.0.0.1 127.0.0.1 GET /home/logout.html
[ log ] admin.akali.com/home/logout.html [运行时间：0.016719s][吞吐率：59.81req/s] [内存消耗：350.42kb] [文件加载：53]
[ info ] [ LANG ] D:\Web\www.akali.com\thinkphp\lang\zh-cn.php
[ info ] [ BIND ] 'admin'
[ info ] [ ROUTE ] array (
  'type' => 'module',
  'module' => 
  array (
    0 => 'admin',
    1 => 'home',
    2 => 'logout',
  ),
)
[ info ] [ HEADER ] array (
  'host' => 'admin.akali.com',
  'connection' => 'keep-alive',
  'upgrade-insecure-requests' => '1',
  'user-agent' => 'Mozilla/5.0 (Windows NT 10.0; WOW64) AppleWebKit/537.36 (KHTML, like Gecko) Chrome/55.0.2883.87 UBrowser/6.2.4098.3 Safari/537.36',
  'accept' => 'text/html,application/xhtml+xml,application/xml;q=0.9,image/webp,*/*;q=0.8',
  'referer' => 'http://admin.akali.com/',
  'accept-encoding' => 'gzip, deflate',
  'accept-language' => 'zh-CN,zh;q=0.8',
  'cookie' => 'thinkphp_show_page_trace=0|0; PHPSESSID=6tcp8sjp9cgivgtcotspjhns8v; admin=think%3A%7B%22username%22%3A%2216B64SDS781tcYdnFw%22%2C%22password%22%3A%223qF3tyDX788%252BKtRoHFLr0kf5lbxdqXy9nInmmMp8ZbowtI4Bq%252BJSCg%22%7D; thinkphp_show_page_trace=0|0',
)
[ info ] [ PARAM ] array (
)
[ info ] [ SESSION ] INIT array (
  'id' => '',
  'var_session_id' => '',
  'prefix' => 'think',
  'type' => '',
  'auto_start' => true,
)
[ info ] [ VIEW ] D:\Web\www.akali.com\thinkphp\tpl\dispatch_jump.tpl [ array (
  0 => 'code',
  1 => 'msg',
  2 => 'data',
  3 => 'url',
  4 => 'wait',
) ]
[ info ] [ LOG ] INIT File

---------------------------------------------------------------
[ 2019-05-07T10:11:23+08:00 ] 127.0.0.1 127.0.0.1 GET /login/index.html
[ log ] admin.akali.com/login/index.html [运行时间：0.030979s][吞吐率：32.28req/s] [内存消耗：521.15kb] [文件加载：56]
[ info ] [ LANG ] D:\Web\www.akali.com\thinkphp\lang\zh-cn.php
[ info ] [ BIND ] 'admin'
[ info ] [ ROUTE ] array (
  'type' => 'module',
  'module' => 
  array (
    0 => 'admin',
    1 => 'login',
    2 => 'index',
  ),
)
[ info ] [ HEADER ] array (
  'host' => 'admin.akali.com',
  'connection' => 'keep-alive',
  'upgrade-insecure-requests' => '1',
  'user-agent' => 'Mozilla/5.0 (Windows NT 10.0; WOW64) AppleWebKit/537.36 (KHTML, like Gecko) Chrome/55.0.2883.87 UBrowser/6.2.4098.3 Safari/537.36',
  'accept' => 'text/html,application/xhtml+xml,application/xml;q=0.9,image/webp,*/*;q=0.8',
  'referer' => 'http://admin.akali.com/home/logout.html',
  'accept-encoding' => 'gzip, deflate',
  'accept-language' => 'zh-CN,zh;q=0.8',
  'cookie' => 'thinkphp_show_page_trace=0|0; PHPSESSID=6tcp8sjp9cgivgtcotspjhns8v; admin=think%3A%7B%22username%22%3A%2216B64SDS781tcYdnFw%22%2C%22password%22%3A%223qF3tyDX788%252BKtRoHFLr0kf5lbxdqXy9nInmmMp8ZbowtI4Bq%252BJSCg%22%7D; thinkphp_show_page_trace=0|0',
)
[ info ] [ PARAM ] array (
)
[ info ] [ DB ] INIT mysql
[ info ] [ SESSION ] INIT array (
  'id' => '',
  'var_session_id' => '',
  'prefix' => 'think',
  'type' => '',
  'auto_start' => true,
)
[ info ] [ LOG ] INIT File
[ sql ] [ DB ] CONNECT:[ UseTime:0.001359s ] mysql:dbname=www_ruiwen_com;host=127.0.0.1;charset=utf8
[ sql ] [ SQL ] SHOW COLUMNS FROM `admin` [ RunTime:0.002957s ]
[ sql ] [ SQL ] SELECT * FROM `admin` WHERE  `username` = 'akali'  AND `password` = '202cb962ac59075b964b07152d234b70' LIMIT 1 [ RunTime:0.021577s ]

---------------------------------------------------------------
[ 2019-05-07T10:11:23+08:00 ] 127.0.0.1 127.0.0.1 GET /home/index.html
[ log ] admin.akali.com/home/index.html [运行时间：0.090956s][吞吐率：10.99req/s] [内存消耗：302.09kb] [文件加载：44]
[ info ] [ LANG ] D:\Web\www.akali.com\thinkphp\lang\zh-cn.php
[ info ] [ BIND ] 'admin'
[ info ] [ LOG ] INIT File

---------------------------------------------------------------
[ 2019-05-07T10:11:27+08:00 ] 127.0.0.1 127.0.0.1 GET /
[ log ] admin.akali.com/ [运行时间：0.016818s][吞吐率：59.46req/s] [内存消耗：673.16kb] [文件加载：58]
[ info ] [ LANG ] D:\Web\www.akali.com\thinkphp\lang\zh-cn.php
[ info ] [ BIND ] 'admin'
[ info ] [ ROUTE ] array (
  'type' => 'module',
  'module' => 
  array (
    0 => NULL,
    1 => 'home',
    2 => 'index',
  ),
  'convert' => false,
)
[ info ] [ HEADER ] array (
  'host' => 'admin.akali.com',
  'connection' => 'keep-alive',
  'upgrade-insecure-requests' => '1',
  'user-agent' => 'Mozilla/5.0 (Windows NT 10.0; WOW64) AppleWebKit/537.36 (KHTML, like Gecko) Chrome/55.0.2883.87 UBrowser/6.2.4098.3 Safari/537.36',
  'accept' => 'text/html,application/xhtml+xml,application/xml;q=0.9,image/webp,*/*;q=0.8',
  'accept-encoding' => 'gzip, deflate',
  'accept-language' => 'zh-CN,zh;q=0.8',
  'cookie' => 'PHPSESSID=6tcp8sjp9cgivgtcotspjhns8v; admin=think%3A%7B%22username%22%3A%2216B64SDS781tcYdnFw%22%2C%22password%22%3A%223qF3tyDX788%252BKtRoHFLr0kf5lbxdqXy9nInmmMp8ZbowtI4Bq%252BJSCg%22%7D; thinkphp_show_page_trace=0|0',
)
[ info ] [ PARAM ] array (
)
[ info ] [ SESSION ] INIT array (
  'id' => '',
  'var_session_id' => '',
  'prefix' => 'think',
  'type' => '',
  'auto_start' => true,
)
[ info ] [ RUN ] app\admin\controller\Home->index[ D:\Web\www.akali.com\application\admin\controller\Home.php ]
[ info ] [ DB ] INIT mysql
[ info ] [ VIEW ] D:\Web\www.akali.com\public/../application/admin\view\home\index_auth.html [ array (
  0 => 'showNode',
) ]
[ info ] [ LOG ] INIT File
[ sql ] [ DB ] CONNECT:[ UseTime:0.001300s ] mysql:dbname=www_ruiwen_com;host=127.0.0.1;charset=utf8
[ sql ] [ SQL ] SHOW COLUMNS FROM `node` [ RunTime:0.002698s ]
[ sql ] [ SQL ] SELECT * FROM `node` WHERE  `show` = 1 ORDER BY `local` [ RunTime:0.000414s ]

---------------------------------------------------------------
[ 2019-05-07T10:11:27+08:00 ] 127.0.0.1 127.0.0.1 GET /home/welcome.html
[ log ] admin.akali.com/home/welcome.html [运行时间：0.006673s][吞吐率：149.86req/s] [内存消耗：373.29kb] [文件加载：52]
[ info ] [ LANG ] D:\Web\www.akali.com\thinkphp\lang\zh-cn.php
[ info ] [ BIND ] 'admin'
[ info ] [ ROUTE ] array (
  'type' => 'module',
  'module' => 
  array (
    0 => 'admin',
    1 => 'home',
    2 => 'welcome',
  ),
)
[ info ] [ HEADER ] array (
  'host' => 'admin.akali.com',
  'connection' => 'keep-alive',
  'upgrade-insecure-requests' => '1',
  'user-agent' => 'Mozilla/5.0 (Windows NT 10.0; WOW64) AppleWebKit/537.36 (KHTML, like Gecko) Chrome/55.0.2883.87 UBrowser/6.2.4098.3 Safari/537.36',
  'accept' => 'text/html,application/xhtml+xml,application/xml;q=0.9,image/webp,*/*;q=0.8',
  'referer' => 'http://admin.akali.com/',
  'accept-encoding' => 'gzip, deflate',
  'accept-language' => 'zh-CN,zh;q=0.8',
  'cookie' => 'thinkphp_show_page_trace=0|0; PHPSESSID=6tcp8sjp9cgivgtcotspjhns8v; admin=think%3A%7B%22username%22%3A%2216B64SDS781tcYdnFw%22%2C%22password%22%3A%223qF3tyDX788%252BKtRoHFLr0kf5lbxdqXy9nInmmMp8ZbowtI4Bq%252BJSCg%22%7D; thinkphp_show_page_trace=0|0',
)
[ info ] [ PARAM ] array (
)
[ info ] [ SESSION ] INIT array (
  'id' => '',
  'var_session_id' => '',
  'prefix' => 'think',
  'type' => '',
  'auto_start' => true,
)
[ info ] [ RUN ] app\admin\controller\Home->welcome[ D:\Web\www.akali.com\application\admin\controller\Home.php ]
[ info ] [ VIEW ] D:\Web\www.akali.com\public/../application/admin\view\home\welcome.html [ array (
) ]
[ info ] [ LOG ] INIT File

---------------------------------------------------------------
[ 2019-05-07T10:11:33+08:00 ] 127.0.0.1 127.0.0.1 GET /home/logout.html
[ log ] admin.akali.com/home/logout.html [运行时间：0.002923s][吞吐率：342.11req/s] [内存消耗：345.25kb] [文件加载：52]
[ info ] [ LANG ] D:\Web\www.akali.com\thinkphp\lang\zh-cn.php
[ info ] [ BIND ] 'admin'
[ info ] [ ROUTE ] array (
  'type' => 'module',
  'module' => 
  array (
    0 => 'admin',
    1 => 'home',
    2 => 'logout',
  ),
)
[ info ] [ HEADER ] array (
  'host' => 'admin.akali.com',
  'connection' => 'keep-alive',
  'upgrade-insecure-requests' => '1',
  'user-agent' => 'Mozilla/5.0 (Windows NT 10.0; WOW64) AppleWebKit/537.36 (KHTML, like Gecko) Chrome/55.0.2883.87 UBrowser/6.2.4098.3 Safari/537.36',
  'accept' => 'text/html,application/xhtml+xml,application/xml;q=0.9,image/webp,*/*;q=0.8',
  'referer' => 'http://admin.akali.com/',
  'accept-encoding' => 'gzip, deflate',
  'accept-language' => 'zh-CN,zh;q=0.8',
  'cookie' => 'thinkphp_show_page_trace=0|0; PHPSESSID=6tcp8sjp9cgivgtcotspjhns8v; admin=think%3A%7B%22username%22%3A%2216B64SDS781tcYdnFw%22%2C%22password%22%3A%223qF3tyDX788%252BKtRoHFLr0kf5lbxdqXy9nInmmMp8ZbowtI4Bq%252BJSCg%22%7D; thinkphp_show_page_trace=0|0',
)
[ info ] [ PARAM ] array (
)
[ info ] [ SESSION ] INIT array (
  'id' => '',
  'var_session_id' => '',
  'prefix' => 'think',
  'type' => '',
  'auto_start' => true,
)
[ info ] [ RUN ] app\admin\controller\Home->logout[ D:\Web\www.akali.com\application\admin\controller\Home.php ]
[ info ] [ LOG ] INIT File

---------------------------------------------------------------
[ 2019-05-07T10:11:33+08:00 ] 127.0.0.1 127.0.0.1 GET /login/index.html
[ log ] admin.akali.com/login/index.html [运行时间：0.009402s][吞吐率：106.36req/s] [内存消耗：347.40kb] [文件加载：52]
[ info ] [ LANG ] D:\Web\www.akali.com\thinkphp\lang\zh-cn.php
[ info ] [ BIND ] 'admin'
[ info ] [ ROUTE ] array (
  'type' => 'module',
  'module' => 
  array (
    0 => 'admin',
    1 => 'login',
    2 => 'index',
  ),
)
[ info ] [ HEADER ] array (
  'host' => 'admin.akali.com',
  'connection' => 'keep-alive',
  'upgrade-insecure-requests' => '1',
  'user-agent' => 'Mozilla/5.0 (Windows NT 10.0; WOW64) AppleWebKit/537.36 (KHTML, like Gecko) Chrome/55.0.2883.87 UBrowser/6.2.4098.3 Safari/537.36',
  'accept' => 'text/html,application/xhtml+xml,application/xml;q=0.9,image/webp,*/*;q=0.8',
  'referer' => 'http://admin.akali.com/',
  'accept-encoding' => 'gzip, deflate',
  'accept-language' => 'zh-CN,zh;q=0.8',
  'cookie' => 'thinkphp_show_page_trace=0|0; PHPSESSID=6tcp8sjp9cgivgtcotspjhns8v; thinkphp_show_page_trace=0|0',
)
[ info ] [ PARAM ] array (
)
[ info ] [ RUN ] app\admin\controller\Login->index[ D:\Web\www.akali.com\application\admin\controller\Login.php ]
[ info ] [ VIEW ] D:\Web\www.akali.com\public/../application/admin\view\login\index.html [ array (
) ]
[ info ] [ LOG ] INIT File

---------------------------------------------------------------
[ 2019-05-07T10:11:33+08:00 ] 127.0.0.1 127.0.0.1 GET /captcha.html
[ log ] admin.akali.com/captcha.html [运行时间：0.026611s][吞吐率：37.58req/s] [内存消耗：253.30kb] [文件加载：40]
[ info ] [ LANG ] D:\Web\www.akali.com\thinkphp\lang\zh-cn.php
[ info ] [ BIND ] 'admin'
[ info ] [ ROUTE ] array (
  'type' => 'method',
  'method' => 
  array (
    0 => '\\think\\captcha\\CaptchaController',
    1 => 'index',
  ),
  'var' => 
  array (
  ),
)
[ info ] [ HEADER ] array (
  'host' => 'admin.akali.com',
  'connection' => 'keep-alive',
  'user-agent' => 'Mozilla/5.0 (Windows NT 10.0; WOW64) AppleWebKit/537.36 (KHTML, like Gecko) Chrome/55.0.2883.87 UBrowser/6.2.4098.3 Safari/537.36',
  'accept' => 'image/webp,image/*,*/*;q=0.8',
  'referer' => 'http://admin.akali.com/login/index.html',
  'accept-encoding' => 'gzip, deflate',
  'accept-language' => 'zh-CN,zh;q=0.8',
  'cookie' => 'PHPSESSID=6tcp8sjp9cgivgtcotspjhns8v; thinkphp_show_page_trace=0|0',
)
[ info ] [ PARAM ] array (
  'id' => '',
)
[ info ] [ RUN ] think\captcha\CaptchaController->index[ D:\Web\www.akali.com\vendor\topthink\think-captcha\src\CaptchaController.php ]
[ info ] [ SESSION ] INIT array (
  'id' => '',
  'var_session_id' => '',
  'prefix' => 'think',
  'type' => '',
  'auto_start' => true,
)
[ info ] [ LOG ] INIT File

---------------------------------------------------------------
[ 2019-05-07T10:11:47+08:00 ] 127.0.0.1 127.0.0.1 POST /login/index.html
[ log ] admin.akali.com/login/index.html [运行时间：0.028881s][吞吐率：34.62req/s] [内存消耗：833.55kb] [文件加载：59]
[ info ] [ LANG ] D:\Web\www.akali.com\thinkphp\lang\zh-cn.php
[ info ] [ BIND ] 'admin'
[ info ] [ ROUTE ] array (
  'type' => 'module',
  'module' => 
  array (
    0 => 'admin',
    1 => 'login',
    2 => 'index',
  ),
)
[ info ] [ HEADER ] array (
  'host' => 'admin.akali.com',
  'connection' => 'keep-alive',
  'content-length' => '42',
  'cache-control' => 'max-age=0',
  'origin' => 'http://admin.akali.com',
  'upgrade-insecure-requests' => '1',
  'user-agent' => 'Mozilla/5.0 (Windows NT 10.0; WOW64) AppleWebKit/537.36 (KHTML, like Gecko) Chrome/55.0.2883.87 UBrowser/6.2.4098.3 Safari/537.36',
  'content-type' => 'application/x-www-form-urlencoded',
  'accept' => 'text/html,application/xhtml+xml,application/xml;q=0.9,image/webp,*/*;q=0.8',
  'referer' => 'http://admin.akali.com/login/index.html',
  'accept-encoding' => 'gzip, deflate',
  'accept-language' => 'zh-CN,zh;q=0.8',
  'cookie' => 'thinkphp_show_page_trace=0|0; PHPSESSID=6tcp8sjp9cgivgtcotspjhns8v; thinkphp_show_page_trace=0|0',
)
[ info ] [ PARAM ] array (
  'username' => 'akali',
  'password' => '123',
  'vcode' => 'k',
  'reme' => '1',
)
[ info ] [ RUN ] app\admin\controller\Login->index[ D:\Web\www.akali.com\application\admin\controller\Login.php ]
[ info ] [ SESSION ] INIT array (
  'id' => '',
  'var_session_id' => '',
  'prefix' => 'think',
  'type' => '',
  'auto_start' => true,
)
[ info ] [ DB ] INIT mysql
[ info ] [ DB ] INIT mysql
[ info ] [ DB ] INIT mysql
[ info ] [ DB ] INIT mysql
[ info ] [ LOG ] INIT File
[ sql ] [ DB ] CONNECT:[ UseTime:0.001309s ] mysql:dbname=www_ruiwen_com;host=127.0.0.1;charset=utf8
[ sql ] [ SQL ] SHOW COLUMNS FROM `admin` [ RunTime:0.002605s ]
[ sql ] [ SQL ] SELECT * FROM `admin` WHERE  `username` = 'akali' LIMIT 1 [ RunTime:0.000161s ]
[ sql ] [ DB ] CONNECT:[ UseTime:0.001072s ] mysql:dbname=www_ruiwen_com;host=127.0.0.1;charset=utf8
[ sql ] [ SQL ] SHOW COLUMNS FROM `admin_role` [ RunTime:0.002516s ]
[ sql ] [ SQL ] SELECT `role_id` FROM `admin_role` WHERE  `admin_id` = 1 [ RunTime:0.000201s ]
[ sql ] [ DB ] CONNECT:[ UseTime:0.001026s ] mysql:dbname=www_ruiwen_com;host=127.0.0.1;charset=utf8
[ sql ] [ SQL ] SHOW COLUMNS FROM `role_node` [ RunTime:0.002297s ]
[ sql ] [ SQL ] SELECT `node_id` FROM `role_node` WHERE  `role_id` IN (9) [ RunTime:0.000257s ]
[ sql ] [ DB ] CONNECT:[ UseTime:0.001354s ] mysql:dbname=www_ruiwen_com;host=127.0.0.1;charset=utf8
[ sql ] [ SQL ] SHOW COLUMNS FROM `node` [ RunTime:0.002484s ]
[ sql ] [ SQL ] SELECT * FROM `node` WHERE  `id` IN (17,21,22,23,24,25,26,27,28,29,30,31,32,33,34) [ RunTime:0.000246s ]

---------------------------------------------------------------
[ 2019-05-07T10:11:47+08:00 ] 127.0.0.1 127.0.0.1 GET /
[ log ] admin.akali.com/ [运行时间：0.015918s][吞吐率：62.82req/s] [内存消耗：674.80kb] [文件加载：58]
[ info ] [ LANG ] D:\Web\www.akali.com\thinkphp\lang\zh-cn.php
[ info ] [ BIND ] 'admin'
[ info ] [ ROUTE ] array (
  'type' => 'module',
  'module' => 
  array (
    0 => NULL,
    1 => 'home',
    2 => 'index',
  ),
  'convert' => false,
)
[ info ] [ HEADER ] array (
  'host' => 'admin.akali.com',
  'connection' => 'keep-alive',
  'cache-control' => 'max-age=0',
  'upgrade-insecure-requests' => '1',
  'user-agent' => 'Mozilla/5.0 (Windows NT 10.0; WOW64) AppleWebKit/537.36 (KHTML, like Gecko) Chrome/55.0.2883.87 UBrowser/6.2.4098.3 Safari/537.36',
  'accept' => 'text/html,application/xhtml+xml,application/xml;q=0.9,image/webp,*/*;q=0.8',
  'referer' => 'http://admin.akali.com/login/index.html',
  'accept-encoding' => 'gzip, deflate',
  'accept-language' => 'zh-CN,zh;q=0.8',
  'cookie' => 'PHPSESSID=6tcp8sjp9cgivgtcotspjhns8v; thinkphp_show_page_trace=0|0; admin=think%3A%7B%22username%22%3A%2216B64SDS781tcYdnFw%22%2C%22password%22%3A%223qF3tyDX788%252BKtRoHFLr0kf5lbxdqXy9nInmmMp8ZbowtI4Bq%252BJSCg%22%7D',
)
[ info ] [ PARAM ] array (
)
[ info ] [ SESSION ] INIT array (
  'id' => '',
  'var_session_id' => '',
  'prefix' => 'think',
  'type' => '',
  'auto_start' => true,
)
[ info ] [ RUN ] app\admin\controller\Home->index[ D:\Web\www.akali.com\application\admin\controller\Home.php ]
[ info ] [ DB ] INIT mysql
[ info ] [ VIEW ] D:\Web\www.akali.com\public/../application/admin\view\home\index_auth.html [ array (
  0 => 'showNode',
) ]
[ info ] [ LOG ] INIT File
[ sql ] [ DB ] CONNECT:[ UseTime:0.001120s ] mysql:dbname=www_ruiwen_com;host=127.0.0.1;charset=utf8
[ sql ] [ SQL ] SHOW COLUMNS FROM `node` [ RunTime:0.002296s ]
[ sql ] [ SQL ] SELECT * FROM `node` WHERE  `show` = 1 ORDER BY `local` [ RunTime:0.000206s ]

---------------------------------------------------------------
[ 2019-05-07T10:11:48+08:00 ] 127.0.0.1 127.0.0.1 GET /home/welcome.html
[ log ] admin.akali.com/home/welcome.html [运行时间：0.006310s][吞吐率：158.48req/s] [内存消耗：374.73kb] [文件加载：52]
[ info ] [ LANG ] D:\Web\www.akali.com\thinkphp\lang\zh-cn.php
[ info ] [ BIND ] 'admin'
[ info ] [ ROUTE ] array (
  'type' => 'module',
  'module' => 
  array (
    0 => 'admin',
    1 => 'home',
    2 => 'welcome',
  ),
)
[ info ] [ HEADER ] array (
  'host' => 'admin.akali.com',
  'connection' => 'keep-alive',
  'upgrade-insecure-requests' => '1',
  'user-agent' => 'Mozilla/5.0 (Windows NT 10.0; WOW64) AppleWebKit/537.36 (KHTML, like Gecko) Chrome/55.0.2883.87 UBrowser/6.2.4098.3 Safari/537.36',
  'accept' => 'text/html,application/xhtml+xml,application/xml;q=0.9,image/webp,*/*;q=0.8',
  'referer' => 'http://admin.akali.com/',
  'accept-encoding' => 'gzip, deflate',
  'accept-language' => 'zh-CN,zh;q=0.8',
  'cookie' => 'thinkphp_show_page_trace=0|0; PHPSESSID=6tcp8sjp9cgivgtcotspjhns8v; thinkphp_show_page_trace=0|0; admin=think%3A%7B%22username%22%3A%2216B64SDS781tcYdnFw%22%2C%22password%22%3A%223qF3tyDX788%252BKtRoHFLr0kf5lbxdqXy9nInmmMp8ZbowtI4Bq%252BJSCg%22%7D',
)
[ info ] [ PARAM ] array (
)
[ info ] [ SESSION ] INIT array (
  'id' => '',
  'var_session_id' => '',
  'prefix' => 'think',
  'type' => '',
  'auto_start' => true,
)
[ info ] [ RUN ] app\admin\controller\Home->welcome[ D:\Web\www.akali.com\application\admin\controller\Home.php ]
[ info ] [ VIEW ] D:\Web\www.akali.com\public/../application/admin\view\home\welcome.html [ array (
) ]
[ info ] [ LOG ] INIT File

---------------------------------------------------------------
[ 2019-05-07T10:17:07+08:00 ] 127.0.0.1 127.0.0.1 GET /home/welcome.html
[ log ] admin.akali.com/home/welcome.html [运行时间：0.023716s][吞吐率：42.17req/s] [内存消耗：375.90kb] [文件加载：52]
[ info ] [ LANG ] D:\Web\www.akali.com\thinkphp\lang\zh-cn.php
[ info ] [ BIND ] 'admin'
[ info ] [ ROUTE ] array (
  'type' => 'module',
  'module' => 
  array (
    0 => 'admin',
    1 => 'home',
    2 => 'welcome',
  ),
)
[ info ] [ HEADER ] array (
  'host' => 'admin.akali.com',
  'connection' => 'keep-alive',
  'cache-control' => 'max-age=0',
  'upgrade-insecure-requests' => '1',
  'user-agent' => 'Mozilla/5.0 (Windows NT 10.0; WOW64) AppleWebKit/537.36 (KHTML, like Gecko) Chrome/55.0.2883.87 UBrowser/6.2.4098.3 Safari/537.36',
  'accept' => 'text/html,application/xhtml+xml,application/xml;q=0.9,image/webp,*/*;q=0.8',
  'referer' => 'http://admin.akali.com/',
  'accept-encoding' => 'gzip, deflate',
  'accept-language' => 'zh-CN,zh;q=0.8',
  'cookie' => 'thinkphp_show_page_trace=0|0; PHPSESSID=6tcp8sjp9cgivgtcotspjhns8v; admin=think%3A%7B%22username%22%3A%2216B64SDS781tcYdnFw%22%2C%22password%22%3A%223qF3tyDX788%252BKtRoHFLr0kf5lbxdqXy9nInmmMp8ZbowtI4Bq%252BJSCg%22%7D; thinkphp_show_page_trace=0|0',
)
[ info ] [ PARAM ] array (
)
[ info ] [ SESSION ] INIT array (
  'id' => '',
  'var_session_id' => '',
  'prefix' => 'think',
  'type' => '',
  'auto_start' => true,
)
[ info ] [ RUN ] app\admin\controller\Home->welcome[ D:\Web\www.akali.com\application\admin\controller\Home.php ]
[ info ] [ VIEW ] D:\Web\www.akali.com\public/../application/admin\view\home\welcome.html [ array (
) ]
[ info ] [ LOG ] INIT File

---------------------------------------------------------------
[ 2019-05-07T10:17:29+08:00 ] 127.0.0.1 127.0.0.1 GET /home/welcome.html
[ log ] admin.akali.com/home/welcome.html [运行时间：0.022803s][吞吐率：43.85req/s] [内存消耗：384.82kb] [文件加载：51]
[ info ] [ LANG ] D:\Web\www.akali.com\thinkphp\lang\zh-cn.php
[ info ] [ BIND ] 'admin'
[ info ] [ ROUTE ] array (
  'type' => 'module',
  'module' => 
  array (
    0 => 'admin',
    1 => 'home',
    2 => 'welcome',
  ),
)
[ info ] [ HEADER ] array (
  'host' => 'admin.akali.com',
  'connection' => 'keep-alive',
  'cache-control' => 'max-age=0',
  'upgrade-insecure-requests' => '1',
  'user-agent' => 'Mozilla/5.0 (Windows NT 10.0; WOW64) AppleWebKit/537.36 (KHTML, like Gecko) Chrome/55.0.2883.87 UBrowser/6.2.4098.3 Safari/537.36',
  'accept' => 'text/html,application/xhtml+xml,application/xml;q=0.9,image/webp,*/*;q=0.8',
  'referer' => 'http://admin.akali.com/',
  'accept-encoding' => 'gzip, deflate',
  'accept-language' => 'zh-CN,zh;q=0.8',
  'cookie' => 'thinkphp_show_page_trace=0|0; PHPSESSID=6tcp8sjp9cgivgtcotspjhns8v; admin=think%3A%7B%22username%22%3A%2216B64SDS781tcYdnFw%22%2C%22password%22%3A%223qF3tyDX788%252BKtRoHFLr0kf5lbxdqXy9nInmmMp8ZbowtI4Bq%252BJSCg%22%7D; thinkphp_show_page_trace=0|0',
)
[ info ] [ PARAM ] array (
)
[ info ] [ SESSION ] INIT array (
  'id' => '',
  'var_session_id' => '',
  'prefix' => 'think',
  'type' => '',
  'auto_start' => true,
)
[ info ] [ RUN ] app\admin\controller\Home->welcome[ D:\Web\www.akali.com\application\admin\controller\Home.php ]
[ info ] [ LOG ] INIT File

---------------------------------------------------------------
[ 2019-05-07T10:18:26+08:00 ] 127.0.0.1 127.0.0.1 GET /home/welcome.html
[ log ] admin.akali.com/home/welcome.html [运行时间：0.003766s][吞吐率：265.55req/s] [内存消耗：375.04kb] [文件加载：51]
[ info ] [ LANG ] D:\Web\www.akali.com\thinkphp\lang\zh-cn.php
[ info ] [ BIND ] 'admin'
[ info ] [ ROUTE ] array (
  'type' => 'module',
  'module' => 
  array (
    0 => 'admin',
    1 => 'home',
    2 => 'welcome',
  ),
)
[ info ] [ HEADER ] array (
  'host' => 'admin.akali.com',
  'connection' => 'keep-alive',
  'cache-control' => 'max-age=0',
  'upgrade-insecure-requests' => '1',
  'user-agent' => 'Mozilla/5.0 (Windows NT 10.0; WOW64) AppleWebKit/537.36 (KHTML, like Gecko) Chrome/55.0.2883.87 UBrowser/6.2.4098.3 Safari/537.36',
  'accept' => 'text/html,application/xhtml+xml,application/xml;q=0.9,image/webp,*/*;q=0.8',
  'referer' => 'http://admin.akali.com/',
  'accept-encoding' => 'gzip, deflate',
  'accept-language' => 'zh-CN,zh;q=0.8',
  'cookie' => 'thinkphp_show_page_trace=0|0; PHPSESSID=6tcp8sjp9cgivgtcotspjhns8v; admin=think%3A%7B%22username%22%3A%2216B64SDS781tcYdnFw%22%2C%22password%22%3A%223qF3tyDX788%252BKtRoHFLr0kf5lbxdqXy9nInmmMp8ZbowtI4Bq%252BJSCg%22%7D; thinkphp_show_page_trace=0|0',
)
[ info ] [ PARAM ] array (
)
[ info ] [ SESSION ] INIT array (
  'id' => '',
  'var_session_id' => '',
  'prefix' => 'think',
  'type' => '',
  'auto_start' => true,
)
[ info ] [ RUN ] app\admin\controller\Home->welcome[ D:\Web\www.akali.com\application\admin\controller\Home.php ]
[ info ] [ LOG ] INIT File

---------------------------------------------------------------
[ 2019-05-07T12:17:10+08:00 ] 127.0.0.1 127.0.0.1 GET /
[ log ] admin.akali.com/ [运行时间：0.026854s][吞吐率：37.24req/s] [内存消耗：683.59kb] [文件加载：58]
[ info ] [ LANG ] D:\Web\www.akali.com\thinkphp\lang\zh-cn.php
[ info ] [ BIND ] 'admin'
[ info ] [ ROUTE ] array (
  'type' => 'module',
  'module' => 
  array (
    0 => NULL,
    1 => 'home',
    2 => 'index',
  ),
  'convert' => false,
)
[ info ] [ HEADER ] array (
  'host' => 'admin.akali.com',
  'connection' => 'keep-alive',
  'cache-control' => 'max-age=0',
  'upgrade-insecure-requests' => '1',
  'user-agent' => 'Mozilla/5.0 (Windows NT 10.0; WOW64) AppleWebKit/537.36 (KHTML, like Gecko) Chrome/55.0.2883.87 UBrowser/6.2.4098.3 Safari/537.36',
  'accept' => 'text/html,application/xhtml+xml,application/xml;q=0.9,image/webp,*/*;q=0.8',
  'referer' => 'http://admin.akali.com/login/index.html',
  'accept-encoding' => 'gzip, deflate',
  'accept-language' => 'zh-CN,zh;q=0.8',
  'cookie' => 'PHPSESSID=6tcp8sjp9cgivgtcotspjhns8v; admin=think%3A%7B%22username%22%3A%2216B64SDS781tcYdnFw%22%2C%22password%22%3A%223qF3tyDX788%252BKtRoHFLr0kf5lbxdqXy9nInmmMp8ZbowtI4Bq%252BJSCg%22%7D; thinkphp_show_page_trace=0|0',
)
[ info ] [ PARAM ] array (
)
[ info ] [ SESSION ] INIT array (
  'id' => '',
  'var_session_id' => '',
  'prefix' => 'think',
  'type' => '',
  'auto_start' => true,
)
[ info ] [ RUN ] app\admin\controller\Home->index[ D:\Web\www.akali.com\application\admin\controller\Home.php ]
[ info ] [ DB ] INIT mysql
[ info ] [ VIEW ] D:\Web\www.akali.com\public/../application/admin\view\home\index_auth.html [ array (
  0 => 'showNode',
) ]
[ info ] [ LOG ] INIT File
[ sql ] [ DB ] CONNECT:[ UseTime:0.002547s ] mysql:dbname=www_ruiwen_com;host=127.0.0.1;charset=utf8
[ sql ] [ SQL ] SHOW COLUMNS FROM `node` [ RunTime:0.002520s ]
[ sql ] [ SQL ] SELECT * FROM `node` WHERE  `show` = 1 ORDER BY `local` [ RunTime:0.000226s ]

---------------------------------------------------------------
[ 2019-05-07T12:17:10+08:00 ] 127.0.0.1 127.0.0.1 GET /home/welcome.html
[ log ] admin.akali.com/home/welcome.html [运行时间：0.006478s][吞吐率：154.37req/s] [内存消耗：374.80kb] [文件加载：52]
[ info ] [ LANG ] D:\Web\www.akali.com\thinkphp\lang\zh-cn.php
[ info ] [ BIND ] 'admin'
[ info ] [ ROUTE ] array (
  'type' => 'module',
  'module' => 
  array (
    0 => 'admin',
    1 => 'home',
    2 => 'welcome',
  ),
)
[ info ] [ HEADER ] array (
  'host' => 'admin.akali.com',
  'connection' => 'keep-alive',
  'upgrade-insecure-requests' => '1',
  'user-agent' => 'Mozilla/5.0 (Windows NT 10.0; WOW64) AppleWebKit/537.36 (KHTML, like Gecko) Chrome/55.0.2883.87 UBrowser/6.2.4098.3 Safari/537.36',
  'accept' => 'text/html,application/xhtml+xml,application/xml;q=0.9,image/webp,*/*;q=0.8',
  'referer' => 'http://admin.akali.com/',
  'accept-encoding' => 'gzip, deflate',
  'accept-language' => 'zh-CN,zh;q=0.8',
  'cookie' => 'thinkphp_show_page_trace=0|0; PHPSESSID=6tcp8sjp9cgivgtcotspjhns8v; admin=think%3A%7B%22username%22%3A%2216B64SDS781tcYdnFw%22%2C%22password%22%3A%223qF3tyDX788%252BKtRoHFLr0kf5lbxdqXy9nInmmMp8ZbowtI4Bq%252BJSCg%22%7D; thinkphp_show_page_trace=0|0',
)
[ info ] [ PARAM ] array (
)
[ info ] [ SESSION ] INIT array (
  'id' => '',
  'var_session_id' => '',
  'prefix' => 'think',
  'type' => '',
  'auto_start' => true,
)
[ info ] [ RUN ] app\admin\controller\Home->welcome[ D:\Web\www.akali.com\application\admin\controller\Home.php ]
[ info ] [ VIEW ] D:\Web\www.akali.com\public/../application/admin\view\home\welcome.html [ array (
) ]
[ info ] [ LOG ] INIT File

---------------------------------------------------------------
