[ 2021-04-19T15:55:41+08:00 ] 127.0.0.1 127.0.0.1 GET /
[ log ] www.akali.com/ [运行时间：0.875371s][吞吐率：1.14req/s] [内存消耗：650.68kb] [文件加载：64]
[ info ] [ LANG ] D:\Web\www.akali.com\thinkphp\lang\zh-cn.php
[ info ] [ ROUTE ] array (
  'type' => 'module',
  'module' => 
  array (
    0 => NULL,
    1 => 'home',
    2 => 'index',
  ),
  'convert' => false,
)
[ info ] [ HEADER ] array (
  'host' => 'www.akali.com',
  'connection' => 'keep-alive',
  'upgrade-insecure-requests' => '1',
  'user-agent' => 'Mozilla/5.0 (Windows NT 10.0; Win64; x64) AppleWebKit/537.36 (KHTML, like Gecko) Chrome/90.0.4430.72 Safari/537.36',
  'accept' => 'text/html,application/xhtml+xml,application/xml;q=0.9,image/avif,image/webp,image/apng,*/*;q=0.8,application/signed-exchange;v=b3;q=0.9',
  'accept-encoding' => 'gzip, deflate',
  'accept-language' => 'zh-CN,zh;q=0.9',
)
[ info ] [ PARAM ] array (
)
[ info ] [ DB ] INIT mysql
[ info ] [ CACHE ] INIT File
[ info ] [ RUN ] app\wed\controller\Home->index[ D:\Web\www.akali.com\application\wed\controller\Home.php ]
[ info ] [ LOG ] INIT File
[ error ] [1049]SQLSTATE[HY000] [1049] Unknown database 'www_akali_com'[D:\Web\www.akali.com\thinkphp\library\think\db\Connection.php:287]

---------------------------------------------------------------
[ 2021-04-19T15:56:37+08:00 ] 127.0.0.1 127.0.0.1 GET /
[ log ] www.akali.com/ [运行时间：0.356666s][吞吐率：2.80req/s] [内存消耗：565.38kb] [文件加载：65]
[ info ] [ LANG ] D:\Web\www.akali.com\thinkphp\lang\zh-cn.php
[ info ] [ ROUTE ] array (
  'type' => 'module',
  'module' => 
  array (
    0 => NULL,
    1 => 'home',
    2 => 'index',
  ),
  'convert' => false,
)
[ info ] [ HEADER ] array (
  'host' => 'www.akali.com',
  'connection' => 'keep-alive',
  'cache-control' => 'max-age=0',
  'upgrade-insecure-requests' => '1',
  'user-agent' => 'Mozilla/5.0 (Windows NT 10.0; Win64; x64) AppleWebKit/537.36 (KHTML, like Gecko) Chrome/90.0.4430.72 Safari/537.36',
  'accept' => 'text/html,application/xhtml+xml,application/xml;q=0.9,image/avif,image/webp,image/apng,*/*;q=0.8,application/signed-exchange;v=b3;q=0.9',
  'accept-encoding' => 'gzip, deflate',
  'accept-language' => 'zh-CN,zh;q=0.9',
  'cookie' => 'thinkphp_show_page_trace=0|0',
)
[ info ] [ PARAM ] array (
)
[ info ] [ DB ] INIT mysql
[ info ] [ CACHE ] INIT File
[ info ] [ RUN ] app\wed\controller\Home->index[ D:\Web\www.akali.com\application\wed\controller\Home.php ]
[ info ] [ VIEW ] D:\Web\www.akali.com\public/../application/wed\view\home\index.html [ array (
  0 => 'companyData',
  1 => 'brand_name',
) ]
[ info ] [ LOG ] INIT File
[ sql ] [ DB ] CONNECT:[ UseTime:0.000398s ] mysql:dbname=www_akali_com;host=127.0.0.1;charset=utf8
[ sql ] [ SQL ] SHOW COLUMNS FROM `goods` [ RunTime:0.001290s ]

---------------------------------------------------------------
[ 2021-04-19T15:56:38+08:00 ] 127.0.0.1 127.0.0.1 POST /wed/cart/ajaxgetcount.html
[ log ] www.akali.com/wed/cart/ajaxgetcount.html [运行时间：0.059097s][吞吐率：16.92req/s] [内存消耗：458.98kb] [文件加载：62]
[ info ] [ LANG ] D:\Web\www.akali.com\thinkphp\lang\zh-cn.php
[ info ] [ ROUTE ] array (
  'type' => 'module',
  'module' => 
  array (
    0 => 'wed',
    1 => 'cart',
    2 => 'ajaxgetcount',
  ),
)
[ info ] [ HEADER ] array (
  'host' => 'www.akali.com',
  'connection' => 'keep-alive',
  'content-length' => '0',
  'accept' => 'application/json, text/javascript, */*; q=0.01',
  'user-agent' => 'Mozilla/5.0 (Windows NT 10.0; Win64; x64) AppleWebKit/537.36 (KHTML, like Gecko) Chrome/90.0.4430.72 Safari/537.36',
  'x-requested-with' => 'XMLHttpRequest',
  'origin' => 'http://www.akali.com',
  'referer' => 'http://www.akali.com/',
  'accept-encoding' => 'gzip, deflate',
  'accept-language' => 'zh-CN,zh;q=0.9',
  'cookie' => 'thinkphp_show_page_trace=0|0',
)
[ info ] [ PARAM ] array (
)
[ info ] [ DB ] INIT mysql
[ info ] [ CACHE ] INIT File
[ info ] [ RUN ] app\wed\controller\Cart->ajaxGetCount[ D:\Web\www.akali.com\application\wed\controller\Cart.php ]
[ info ] [ LOG ] INIT File

---------------------------------------------------------------
[ 2021-04-19T15:56:58+08:00 ] 127.0.0.1 127.0.0.1 GET /home/index
[ log ] www.akali.com/home/index [运行时间：0.022938s][吞吐率：43.60req/s] [内存消耗：303.22kb] [文件加载：44]
[ info ] [ LANG ] D:\Web\www.akali.com\thinkphp\lang\zh-cn.php
[ info ] [ ROUTE ] array (
  'type' => 'module',
  'module' => 
  array (
    0 => 'home',
    1 => 'index',
    2 => NULL,
  ),
)
[ info ] [ HEADER ] array (
  'host' => 'www.akali.com',
  'connection' => 'keep-alive',
  'upgrade-insecure-requests' => '1',
  'user-agent' => 'Mozilla/5.0 (Windows NT 10.0; Win64; x64) AppleWebKit/537.36 (KHTML, like Gecko) Chrome/90.0.4430.72 Safari/537.36',
  'accept' => 'text/html,application/xhtml+xml,application/xml;q=0.9,image/avif,image/webp,image/apng,*/*;q=0.8,application/signed-exchange;v=b3;q=0.9',
  'accept-encoding' => 'gzip, deflate',
  'accept-language' => 'zh-CN,zh;q=0.9',
  'cookie' => 'thinkphp_show_page_trace=0|0; cart=think%3A%5B%5D',
)
[ info ] [ PARAM ] array (
)
[ info ] [ LOG ] INIT File

---------------------------------------------------------------
[ 2021-04-19T15:57:07+08:00 ] 127.0.0.1 127.0.0.1 POST /wed/cart/ajaxgetcount.html
[ log ] www.akali.com/wed/cart/ajaxgetcount.html [运行时间：0.010779s][吞吐率：92.77req/s] [内存消耗：457.66kb] [文件加载：62]
[ info ] [ LANG ] D:\Web\www.akali.com\thinkphp\lang\zh-cn.php
[ info ] [ ROUTE ] array (
  'type' => 'module',
  'module' => 
  array (
    0 => 'wed',
    1 => 'cart',
    2 => 'ajaxgetcount',
  ),
)
[ info ] [ HEADER ] array (
  'host' => 'www.akali.com',
  'connection' => 'keep-alive',
  'content-length' => '0',
  'accept' => 'application/json, text/javascript, */*; q=0.01',
  'user-agent' => 'Mozilla/5.0 (Windows NT 10.0; Win64; x64) AppleWebKit/537.36 (KHTML, like Gecko) Chrome/90.0.4430.72 Safari/537.36',
  'x-requested-with' => 'XMLHttpRequest',
  'origin' => 'http://www.akali.com',
  'referer' => 'http://www.akali.com/',
  'accept-encoding' => 'gzip, deflate',
  'accept-language' => 'zh-CN,zh;q=0.9',
  'cookie' => 'thinkphp_show_page_trace=0|0; cart=think%3A%5B%5D',
)
[ info ] [ PARAM ] array (
)
[ info ] [ DB ] INIT mysql
[ info ] [ CACHE ] INIT File
[ info ] [ RUN ] app\wed\controller\Cart->ajaxGetCount[ D:\Web\www.akali.com\application\wed\controller\Cart.php ]
[ info ] [ LOG ] INIT File

---------------------------------------------------------------
[ 2021-04-19T15:57:18+08:00 ] 127.0.0.1 127.0.0.1 GET /id/3/we/4
[ log ] www.akali.com/id/3/we/4 [运行时间：0.006400s][吞吐率：156.25req/s] [内存消耗：302.12kb] [文件加载：44]
[ info ] [ LANG ] D:\Web\www.akali.com\thinkphp\lang\zh-cn.php
[ info ] [ ROUTE ] array (
  'type' => 'module',
  'module' => 
  array (
    0 => 'id',
    1 => '3',
    2 => 'we',
  ),
)
[ info ] [ HEADER ] array (
  'host' => 'www.akali.com',
  'connection' => 'keep-alive',
  'upgrade-insecure-requests' => '1',
  'user-agent' => 'Mozilla/5.0 (Windows NT 10.0; Win64; x64) AppleWebKit/537.36 (KHTML, like Gecko) Chrome/90.0.4430.72 Safari/537.36',
  'accept' => 'text/html,application/xhtml+xml,application/xml;q=0.9,image/avif,image/webp,image/apng,*/*;q=0.8,application/signed-exchange;v=b3;q=0.9',
  'accept-encoding' => 'gzip, deflate',
  'accept-language' => 'zh-CN,zh;q=0.9',
  'cookie' => 'thinkphp_show_page_trace=0|0; cart=think%3A%5B%5D',
)
[ info ] [ PARAM ] array (
)
[ info ] [ LOG ] INIT File

---------------------------------------------------------------
[ 2021-04-19T15:57:24+08:00 ] 127.0.0.1 127.0.0.1 POST /wed/cart/ajaxgetcount.html
[ log ] www.akali.com/wed/cart/ajaxgetcount.html [运行时间：0.006567s][吞吐率：152.28req/s] [内存消耗：457.66kb] [文件加载：62]
[ info ] [ LANG ] D:\Web\www.akali.com\thinkphp\lang\zh-cn.php
[ info ] [ ROUTE ] array (
  'type' => 'module',
  'module' => 
  array (
    0 => 'wed',
    1 => 'cart',
    2 => 'ajaxgetcount',
  ),
)
[ info ] [ HEADER ] array (
  'host' => 'www.akali.com',
  'connection' => 'keep-alive',
  'content-length' => '0',
  'accept' => 'application/json, text/javascript, */*; q=0.01',
  'user-agent' => 'Mozilla/5.0 (Windows NT 10.0; Win64; x64) AppleWebKit/537.36 (KHTML, like Gecko) Chrome/90.0.4430.72 Safari/537.36',
  'x-requested-with' => 'XMLHttpRequest',
  'origin' => 'http://www.akali.com',
  'referer' => 'http://www.akali.com/',
  'accept-encoding' => 'gzip, deflate',
  'accept-language' => 'zh-CN,zh;q=0.9',
  'cookie' => 'thinkphp_show_page_trace=0|0; cart=think%3A%5B%5D',
)
[ info ] [ PARAM ] array (
)
[ info ] [ DB ] INIT mysql
[ info ] [ CACHE ] INIT File
[ info ] [ RUN ] app\wed\controller\Cart->ajaxGetCount[ D:\Web\www.akali.com\application\wed\controller\Cart.php ]
[ info ] [ LOG ] INIT File

---------------------------------------------------------------
[ 2021-04-19T15:58:12+08:00 ] 127.0.0.1 127.0.0.1 GET /
[ log ] admin.akali.com/ [运行时间：0.074794s][吞吐率：13.37req/s] [内存消耗：351.50kb] [文件加载：53]
[ info ] [ LANG ] D:\Web\www.akali.com\thinkphp\lang\zh-cn.php
[ info ] [ BIND ] 'admin'
[ info ] [ ROUTE ] array (
  'type' => 'module',
  'module' => 
  array (
    0 => NULL,
    1 => 'home',
    2 => 'index',
  ),
  'convert' => false,
)
[ info ] [ HEADER ] array (
  'host' => 'admin.akali.com',
  'connection' => 'keep-alive',
  'upgrade-insecure-requests' => '1',
  'user-agent' => 'Mozilla/5.0 (Windows NT 10.0; Win64; x64) AppleWebKit/537.36 (KHTML, like Gecko) Chrome/90.0.4430.72 Safari/537.36',
  'accept' => 'text/html,application/xhtml+xml,application/xml;q=0.9,image/avif,image/webp,image/apng,*/*;q=0.8,application/signed-exchange;v=b3;q=0.9',
  'accept-encoding' => 'gzip, deflate',
  'accept-language' => 'zh-CN,zh;q=0.9',
)
[ info ] [ PARAM ] array (
)
[ info ] [ SESSION ] INIT array (
  'id' => '',
  'var_session_id' => '',
  'prefix' => 'think',
  'type' => '',
  'auto_start' => true,
  'httponly' => true,
  'secure' => true,
)
[ info ] [ VIEW ] D:\Web\www.akali.com\thinkphp\tpl\dispatch_jump.tpl [ array (
  0 => 'code',
  1 => 'msg',
  2 => 'data',
  3 => 'url',
  4 => 'wait',
) ]
[ info ] [ LOG ] INIT File

---------------------------------------------------------------
[ 2021-04-19T15:58:13+08:00 ] 127.0.0.1 127.0.0.1 GET /login/index.html
[ log ] admin.akali.com/login/index.html [运行时间：0.036123s][吞吐率：27.68req/s] [内存消耗：348.89kb] [文件加载：52]
[ info ] [ LANG ] D:\Web\www.akali.com\thinkphp\lang\zh-cn.php
[ info ] [ BIND ] 'admin'
[ info ] [ ROUTE ] array (
  'type' => 'module',
  'module' => 
  array (
    0 => 'admin',
    1 => 'login',
    2 => 'index',
  ),
)
[ info ] [ HEADER ] array (
  'host' => 'admin.akali.com',
  'connection' => 'keep-alive',
  'upgrade-insecure-requests' => '1',
  'user-agent' => 'Mozilla/5.0 (Windows NT 10.0; Win64; x64) AppleWebKit/537.36 (KHTML, like Gecko) Chrome/90.0.4430.72 Safari/537.36',
  'accept' => 'text/html,application/xhtml+xml,application/xml;q=0.9,image/avif,image/webp,image/apng,*/*;q=0.8,application/signed-exchange;v=b3;q=0.9',
  'referer' => 'http://admin.akali.com/',
  'accept-encoding' => 'gzip, deflate',
  'accept-language' => 'zh-CN,zh;q=0.9',
  'cookie' => 'thinkphp_show_page_trace=0|0',
)
[ info ] [ PARAM ] array (
)
[ info ] [ RUN ] app\admin\controller\Login->index[ D:\Web\www.akali.com\application\admin\controller\Login.php ]
[ info ] [ VIEW ] D:\Web\www.akali.com\public/../application/admin\view\login\index.html [ array (
) ]
[ info ] [ LOG ] INIT File

---------------------------------------------------------------
[ 2021-04-19T15:58:14+08:00 ] 127.0.0.1 127.0.0.1 GET /captcha.html
[ log ] admin.akali.com/captcha.html [运行时间：0.058637s][吞吐率：17.05req/s] [内存消耗：255.22kb] [文件加载：40]
[ info ] [ LANG ] D:\Web\www.akali.com\thinkphp\lang\zh-cn.php
[ info ] [ BIND ] 'admin'
[ info ] [ ROUTE ] array (
  'type' => 'method',
  'method' => 
  array (
    0 => '\\think\\captcha\\CaptchaController',
    1 => 'index',
  ),
  'var' => 
  array (
  ),
)
[ info ] [ HEADER ] array (
  'host' => 'admin.akali.com',
  'connection' => 'keep-alive',
  'user-agent' => 'Mozilla/5.0 (Windows NT 10.0; Win64; x64) AppleWebKit/537.36 (KHTML, like Gecko) Chrome/90.0.4430.72 Safari/537.36',
  'accept' => 'image/avif,image/webp,image/apng,image/svg+xml,image/*,*/*;q=0.8',
  'referer' => 'http://admin.akali.com/login/index.html',
  'accept-encoding' => 'gzip, deflate',
  'accept-language' => 'zh-CN,zh;q=0.9',
  'cookie' => 'thinkphp_show_page_trace=0|0',
)
[ info ] [ PARAM ] array (
  'id' => '',
)
[ info ] [ RUN ] think\captcha\CaptchaController->index[ D:\Web\www.akali.com\vendor\topthink\think-captcha\src\CaptchaController.php ]
[ info ] [ SESSION ] INIT array (
  'id' => '',
  'var_session_id' => '',
  'prefix' => 'think',
  'type' => '',
  'auto_start' => true,
  'httponly' => true,
  'secure' => true,
)
[ info ] [ LOG ] INIT File

---------------------------------------------------------------
[ 2021-04-19T15:58:36+08:00 ] 127.0.0.1 127.0.0.1 POST /login/index.html
[ log ] admin.akali.com/login/index.html [运行时间：0.025310s][吞吐率：39.51req/s] [内存消耗：354.34kb] [文件加载：54]
[ info ] [ LANG ] D:\Web\www.akali.com\thinkphp\lang\zh-cn.php
[ info ] [ BIND ] 'admin'
[ info ] [ ROUTE ] array (
  'type' => 'module',
  'module' => 
  array (
    0 => 'admin',
    1 => 'login',
    2 => 'index',
  ),
)
[ info ] [ HEADER ] array (
  'host' => 'admin.akali.com',
  'connection' => 'keep-alive',
  'content-length' => '45',
  'cache-control' => 'max-age=0',
  'upgrade-insecure-requests' => '1',
  'origin' => 'http://admin.akali.com',
  'content-type' => 'application/x-www-form-urlencoded',
  'user-agent' => 'Mozilla/5.0 (Windows NT 10.0; Win64; x64) AppleWebKit/537.36 (KHTML, like Gecko) Chrome/90.0.4430.72 Safari/537.36',
  'accept' => 'text/html,application/xhtml+xml,application/xml;q=0.9,image/avif,image/webp,image/apng,*/*;q=0.8,application/signed-exchange;v=b3;q=0.9',
  'referer' => 'http://admin.akali.com/login/index.html',
  'accept-encoding' => 'gzip, deflate',
  'accept-language' => 'zh-CN,zh;q=0.9',
  'cookie' => 'thinkphp_show_page_trace=0|0; thinkphp_show_page_trace=0|0',
)
[ info ] [ PARAM ] array (
  'username' => 'akali',
  'password' => '123456',
  'vcode' => '2',
  'reme' => '1',
)
[ info ] [ RUN ] app\admin\controller\Login->index[ D:\Web\www.akali.com\application\admin\controller\Login.php ]
[ info ] [ SESSION ] INIT array (
  'id' => '',
  'var_session_id' => '',
  'prefix' => 'think',
  'type' => '',
  'auto_start' => true,
  'httponly' => true,
  'secure' => true,
)
[ info ] [ VIEW ] D:\Web\www.akali.com\thinkphp\tpl\dispatch_jump.tpl [ array (
  0 => 'code',
  1 => 'msg',
  2 => 'data',
  3 => 'url',
  4 => 'wait',
) ]
[ info ] [ LOG ] INIT File

---------------------------------------------------------------
[ 2021-04-19T15:58:39+08:00 ] 127.0.0.1 127.0.0.1 GET /login/index.html
[ log ] admin.akali.com/login/index.html [运行时间：0.008381s][吞吐率：119.32req/s] [内存消耗：347.74kb] [文件加载：52]
[ info ] [ LANG ] D:\Web\www.akali.com\thinkphp\lang\zh-cn.php
[ info ] [ BIND ] 'admin'
[ info ] [ ROUTE ] array (
  'type' => 'module',
  'module' => 
  array (
    0 => 'admin',
    1 => 'login',
    2 => 'index',
  ),
)
[ info ] [ HEADER ] array (
  'host' => 'admin.akali.com',
  'connection' => 'keep-alive',
  'upgrade-insecure-requests' => '1',
  'user-agent' => 'Mozilla/5.0 (Windows NT 10.0; Win64; x64) AppleWebKit/537.36 (KHTML, like Gecko) Chrome/90.0.4430.72 Safari/537.36',
  'accept' => 'text/html,application/xhtml+xml,application/xml;q=0.9,image/avif,image/webp,image/apng,*/*;q=0.8,application/signed-exchange;v=b3;q=0.9',
  'referer' => 'http://admin.akali.com/',
  'accept-encoding' => 'gzip, deflate',
  'accept-language' => 'zh-CN,zh;q=0.9',
  'cookie' => 'thinkphp_show_page_trace=0|0; thinkphp_show_page_trace=0|0',
)
[ info ] [ PARAM ] array (
)
[ info ] [ RUN ] app\admin\controller\Login->index[ D:\Web\www.akali.com\application\admin\controller\Login.php ]
[ info ] [ VIEW ] D:\Web\www.akali.com\public/../application/admin\view\login\index.html [ array (
) ]
[ info ] [ LOG ] INIT File

---------------------------------------------------------------
[ 2021-04-19T15:58:44+08:00 ] 127.0.0.1 127.0.0.1 GET /captcha.html?1
[ log ] admin.akali.com/captcha.html?1 [运行时间：0.016214s][吞吐率：61.68req/s] [内存消耗：254.03kb] [文件加载：40]
[ info ] [ LANG ] D:\Web\www.akali.com\thinkphp\lang\zh-cn.php
[ info ] [ BIND ] 'admin'
[ info ] [ ROUTE ] array (
  'type' => 'method',
  'method' => 
  array (
    0 => '\\think\\captcha\\CaptchaController',
    1 => 'index',
  ),
  'var' => 
  array (
  ),
)
[ info ] [ HEADER ] array (
  'host' => 'admin.akali.com',
  'connection' => 'keep-alive',
  'user-agent' => 'Mozilla/5.0 (Windows NT 10.0; Win64; x64) AppleWebKit/537.36 (KHTML, like Gecko) Chrome/90.0.4430.72 Safari/537.36',
  'accept' => 'image/avif,image/webp,image/apng,image/svg+xml,image/*,*/*;q=0.8',
  'referer' => 'http://admin.akali.com/login/index.html',
  'accept-encoding' => 'gzip, deflate',
  'accept-language' => 'zh-CN,zh;q=0.9',
  'cookie' => 'thinkphp_show_page_trace=0|0',
)
[ info ] [ PARAM ] array (
  0 => '',
  'id' => '',
)
[ info ] [ RUN ] think\captcha\CaptchaController->index[ D:\Web\www.akali.com\vendor\topthink\think-captcha\src\CaptchaController.php ]
[ info ] [ SESSION ] INIT array (
  'id' => '',
  'var_session_id' => '',
  'prefix' => 'think',
  'type' => '',
  'auto_start' => true,
  'httponly' => true,
  'secure' => true,
)
[ info ] [ LOG ] INIT File

---------------------------------------------------------------
[ 2021-04-19T15:58:45+08:00 ] 127.0.0.1 127.0.0.1 POST /login/index.html
[ log ] admin.akali.com/login/index.html [运行时间：0.007815s][吞吐率：127.96req/s] [内存消耗：353.93kb] [文件加载：54]
[ info ] [ LANG ] D:\Web\www.akali.com\thinkphp\lang\zh-cn.php
[ info ] [ BIND ] 'admin'
[ info ] [ ROUTE ] array (
  'type' => 'module',
  'module' => 
  array (
    0 => 'admin',
    1 => 'login',
    2 => 'index',
  ),
)
[ info ] [ HEADER ] array (
  'host' => 'admin.akali.com',
  'connection' => 'keep-alive',
  'content-length' => '45',
  'cache-control' => 'max-age=0',
  'upgrade-insecure-requests' => '1',
  'origin' => 'http://admin.akali.com',
  'content-type' => 'application/x-www-form-urlencoded',
  'user-agent' => 'Mozilla/5.0 (Windows NT 10.0; Win64; x64) AppleWebKit/537.36 (KHTML, like Gecko) Chrome/90.0.4430.72 Safari/537.36',
  'accept' => 'text/html,application/xhtml+xml,application/xml;q=0.9,image/avif,image/webp,image/apng,*/*;q=0.8,application/signed-exchange;v=b3;q=0.9',
  'referer' => 'http://admin.akali.com/login/index.html',
  'accept-encoding' => 'gzip, deflate',
  'accept-language' => 'zh-CN,zh;q=0.9',
  'cookie' => 'thinkphp_show_page_trace=0|0; thinkphp_show_page_trace=0|0',
)
[ info ] [ PARAM ] array (
  'username' => 'akali',
  'password' => '123456',
  'vcode' => 'K',
  'reme' => '1',
)
[ info ] [ RUN ] app\admin\controller\Login->index[ D:\Web\www.akali.com\application\admin\controller\Login.php ]
[ info ] [ SESSION ] INIT array (
  'id' => '',
  'var_session_id' => '',
  'prefix' => 'think',
  'type' => '',
  'auto_start' => true,
  'httponly' => true,
  'secure' => true,
)
[ info ] [ VIEW ] D:\Web\www.akali.com\thinkphp\tpl\dispatch_jump.tpl [ array (
  0 => 'code',
  1 => 'msg',
  2 => 'data',
  3 => 'url',
  4 => 'wait',
) ]
[ info ] [ LOG ] INIT File

---------------------------------------------------------------
[ 2021-04-19T15:58:46+08:00 ] 127.0.0.1 127.0.0.1 GET /login/index.html
[ log ] admin.akali.com/login/index.html [运行时间：0.006439s][吞吐率：155.30req/s] [内存消耗：347.74kb] [文件加载：52]
[ info ] [ LANG ] D:\Web\www.akali.com\thinkphp\lang\zh-cn.php
[ info ] [ BIND ] 'admin'
[ info ] [ ROUTE ] array (
  'type' => 'module',
  'module' => 
  array (
    0 => 'admin',
    1 => 'login',
    2 => 'index',
  ),
)
[ info ] [ HEADER ] array (
  'host' => 'admin.akali.com',
  'connection' => 'keep-alive',
  'upgrade-insecure-requests' => '1',
  'user-agent' => 'Mozilla/5.0 (Windows NT 10.0; Win64; x64) AppleWebKit/537.36 (KHTML, like Gecko) Chrome/90.0.4430.72 Safari/537.36',
  'accept' => 'text/html,application/xhtml+xml,application/xml;q=0.9,image/avif,image/webp,image/apng,*/*;q=0.8,application/signed-exchange;v=b3;q=0.9',
  'referer' => 'http://admin.akali.com/',
  'accept-encoding' => 'gzip, deflate',
  'accept-language' => 'zh-CN,zh;q=0.9',
  'cookie' => 'thinkphp_show_page_trace=0|0; thinkphp_show_page_trace=0|0',
)
[ info ] [ PARAM ] array (
)
[ info ] [ RUN ] app\admin\controller\Login->index[ D:\Web\www.akali.com\application\admin\controller\Login.php ]
[ info ] [ VIEW ] D:\Web\www.akali.com\public/../application/admin\view\login\index.html [ array (
) ]
[ info ] [ LOG ] INIT File

---------------------------------------------------------------
[ 2021-04-19T15:58:46+08:00 ] 127.0.0.1 127.0.0.1 GET /captcha.html
[ log ] admin.akali.com/captcha.html [运行时间：0.005969s][吞吐率：167.53req/s] [内存消耗：254.02kb] [文件加载：40]
[ info ] [ LANG ] D:\Web\www.akali.com\thinkphp\lang\zh-cn.php
[ info ] [ BIND ] 'admin'
[ info ] [ ROUTE ] array (
  'type' => 'method',
  'method' => 
  array (
    0 => '\\think\\captcha\\CaptchaController',
    1 => 'index',
  ),
  'var' => 
  array (
  ),
)
[ info ] [ HEADER ] array (
  'host' => 'admin.akali.com',
  'connection' => 'keep-alive',
  'user-agent' => 'Mozilla/5.0 (Windows NT 10.0; Win64; x64) AppleWebKit/537.36 (KHTML, like Gecko) Chrome/90.0.4430.72 Safari/537.36',
  'accept' => 'image/avif,image/webp,image/apng,image/svg+xml,image/*,*/*;q=0.8',
  'referer' => 'http://admin.akali.com/login/index.html',
  'accept-encoding' => 'gzip, deflate',
  'accept-language' => 'zh-CN,zh;q=0.9',
  'cookie' => 'thinkphp_show_page_trace=0|0',
)
[ info ] [ PARAM ] array (
  'id' => '',
)
[ info ] [ RUN ] think\captcha\CaptchaController->index[ D:\Web\www.akali.com\vendor\topthink\think-captcha\src\CaptchaController.php ]
[ info ] [ SESSION ] INIT array (
  'id' => '',
  'var_session_id' => '',
  'prefix' => 'think',
  'type' => '',
  'auto_start' => true,
  'httponly' => true,
  'secure' => true,
)
[ info ] [ LOG ] INIT File

---------------------------------------------------------------
[ 2021-04-19T15:58:53+08:00 ] 127.0.0.1 127.0.0.1 POST /login/index.html
[ log ] admin.akali.com/login/index.html [运行时间：0.010863s][吞吐率：92.06req/s] [内存消耗：353.93kb] [文件加载：54]
[ info ] [ LANG ] D:\Web\www.akali.com\thinkphp\lang\zh-cn.php
[ info ] [ BIND ] 'admin'
[ info ] [ ROUTE ] array (
  'type' => 'module',
  'module' => 
  array (
    0 => 'admin',
    1 => 'login',
    2 => 'index',
  ),
)
[ info ] [ HEADER ] array (
  'host' => 'admin.akali.com',
  'connection' => 'keep-alive',
  'content-length' => '45',
  'cache-control' => 'max-age=0',
  'upgrade-insecure-requests' => '1',
  'origin' => 'http://admin.akali.com',
  'content-type' => 'application/x-www-form-urlencoded',
  'user-agent' => 'Mozilla/5.0 (Windows NT 10.0; Win64; x64) AppleWebKit/537.36 (KHTML, like Gecko) Chrome/90.0.4430.72 Safari/537.36',
  'accept' => 'text/html,application/xhtml+xml,application/xml;q=0.9,image/avif,image/webp,image/apng,*/*;q=0.8,application/signed-exchange;v=b3;q=0.9',
  'referer' => 'http://admin.akali.com/login/index.html',
  'accept-encoding' => 'gzip, deflate',
  'accept-language' => 'zh-CN,zh;q=0.9',
  'cookie' => 'thinkphp_show_page_trace=0|0; thinkphp_show_page_trace=0|0',
)
[ info ] [ PARAM ] array (
  'username' => 'akali',
  'password' => '123456',
  'vcode' => 'U',
  'reme' => '1',
)
[ info ] [ RUN ] app\admin\controller\Login->index[ D:\Web\www.akali.com\application\admin\controller\Login.php ]
[ info ] [ SESSION ] INIT array (
  'id' => '',
  'var_session_id' => '',
  'prefix' => 'think',
  'type' => '',
  'auto_start' => true,
  'httponly' => true,
  'secure' => true,
)
[ info ] [ VIEW ] D:\Web\www.akali.com\thinkphp\tpl\dispatch_jump.tpl [ array (
  0 => 'code',
  1 => 'msg',
  2 => 'data',
  3 => 'url',
  4 => 'wait',
) ]
[ info ] [ LOG ] INIT File

---------------------------------------------------------------
[ 2021-04-19T15:58:54+08:00 ] 127.0.0.1 127.0.0.1 GET /login/index.html
[ log ] admin.akali.com/login/index.html [运行时间：0.005880s][吞吐率：170.06req/s] [内存消耗：347.74kb] [文件加载：52]
[ info ] [ LANG ] D:\Web\www.akali.com\thinkphp\lang\zh-cn.php
[ info ] [ BIND ] 'admin'
[ info ] [ ROUTE ] array (
  'type' => 'module',
  'module' => 
  array (
    0 => 'admin',
    1 => 'login',
    2 => 'index',
  ),
)
[ info ] [ HEADER ] array (
  'host' => 'admin.akali.com',
  'connection' => 'keep-alive',
  'upgrade-insecure-requests' => '1',
  'user-agent' => 'Mozilla/5.0 (Windows NT 10.0; Win64; x64) AppleWebKit/537.36 (KHTML, like Gecko) Chrome/90.0.4430.72 Safari/537.36',
  'accept' => 'text/html,application/xhtml+xml,application/xml;q=0.9,image/avif,image/webp,image/apng,*/*;q=0.8,application/signed-exchange;v=b3;q=0.9',
  'referer' => 'http://admin.akali.com/',
  'accept-encoding' => 'gzip, deflate',
  'accept-language' => 'zh-CN,zh;q=0.9',
  'cookie' => 'thinkphp_show_page_trace=0|0; thinkphp_show_page_trace=0|0',
)
[ info ] [ PARAM ] array (
)
[ info ] [ RUN ] app\admin\controller\Login->index[ D:\Web\www.akali.com\application\admin\controller\Login.php ]
[ info ] [ VIEW ] D:\Web\www.akali.com\public/../application/admin\view\login\index.html [ array (
) ]
[ info ] [ LOG ] INIT File

---------------------------------------------------------------
[ 2021-04-19T16:00:14+08:00 ] 127.0.0.1 127.0.0.1 GET /
[ log ] admin.akali.com/ [运行时间：0.008153s][吞吐率：122.65req/s] [内存消耗：350.12kb] [文件加载：53]
[ info ] [ LANG ] D:\Web\www.akali.com\thinkphp\lang\zh-cn.php
[ info ] [ BIND ] 'admin'
[ info ] [ ROUTE ] array (
  'type' => 'module',
  'module' => 
  array (
    0 => NULL,
    1 => 'home',
    2 => 'index',
  ),
  'convert' => false,
)
[ info ] [ HEADER ] array (
  'host' => 'admin.akali.com',
  'connection' => 'keep-alive',
  'upgrade-insecure-requests' => '1',
  'user-agent' => 'Mozilla/5.0 (Windows NT 10.0; Win64; x64) AppleWebKit/537.36 (KHTML, like Gecko) Chrome/90.0.4430.72 Safari/537.36',
  'accept' => 'text/html,application/xhtml+xml,application/xml;q=0.9,image/avif,image/webp,image/apng,*/*;q=0.8,application/signed-exchange;v=b3;q=0.9',
  'accept-encoding' => 'gzip, deflate',
  'accept-language' => 'zh-CN,zh;q=0.9',
  'cookie' => 'thinkphp_show_page_trace=0|0',
)
[ info ] [ PARAM ] array (
)
[ info ] [ SESSION ] INIT array (
  'id' => '',
  'var_session_id' => '',
  'prefix' => 'think',
  'type' => '',
  'auto_start' => true,
  'httponly' => true,
  'secure' => true,
)
[ info ] [ VIEW ] D:\Web\www.akali.com\thinkphp\tpl\dispatch_jump.tpl [ array (
  0 => 'code',
  1 => 'msg',
  2 => 'data',
  3 => 'url',
  4 => 'wait',
) ]
[ info ] [ LOG ] INIT File

---------------------------------------------------------------
[ 2021-04-19T16:00:17+08:00 ] 127.0.0.1 127.0.0.1 GET /login/index.html
[ log ] admin.akali.com/login/index.html [运行时间：0.005185s][吞吐率：192.87req/s] [内存消耗：347.74kb] [文件加载：52]
[ info ] [ LANG ] D:\Web\www.akali.com\thinkphp\lang\zh-cn.php
[ info ] [ BIND ] 'admin'
[ info ] [ ROUTE ] array (
  'type' => 'module',
  'module' => 
  array (
    0 => 'admin',
    1 => 'login',
    2 => 'index',
  ),
)
[ info ] [ HEADER ] array (
  'host' => 'admin.akali.com',
  'connection' => 'keep-alive',
  'upgrade-insecure-requests' => '1',
  'user-agent' => 'Mozilla/5.0 (Windows NT 10.0; Win64; x64) AppleWebKit/537.36 (KHTML, like Gecko) Chrome/90.0.4430.72 Safari/537.36',
  'accept' => 'text/html,application/xhtml+xml,application/xml;q=0.9,image/avif,image/webp,image/apng,*/*;q=0.8,application/signed-exchange;v=b3;q=0.9',
  'referer' => 'http://admin.akali.com/',
  'accept-encoding' => 'gzip, deflate',
  'accept-language' => 'zh-CN,zh;q=0.9',
  'cookie' => 'thinkphp_show_page_trace=0|0; thinkphp_show_page_trace=0|0',
)
[ info ] [ PARAM ] array (
)
[ info ] [ RUN ] app\admin\controller\Login->index[ D:\Web\www.akali.com\application\admin\controller\Login.php ]
[ info ] [ VIEW ] D:\Web\www.akali.com\public/../application/admin\view\login\index.html [ array (
) ]
[ info ] [ LOG ] INIT File

---------------------------------------------------------------
[ 2021-04-19T16:00:17+08:00 ] 127.0.0.1 127.0.0.1 GET /captcha.html
[ log ] admin.akali.com/captcha.html [运行时间：0.014052s][吞吐率：71.16req/s] [内存消耗：254.02kb] [文件加载：40]
[ info ] [ LANG ] D:\Web\www.akali.com\thinkphp\lang\zh-cn.php
[ info ] [ BIND ] 'admin'
[ info ] [ ROUTE ] array (
  'type' => 'method',
  'method' => 
  array (
    0 => '\\think\\captcha\\CaptchaController',
    1 => 'index',
  ),
  'var' => 
  array (
  ),
)
[ info ] [ HEADER ] array (
  'host' => 'admin.akali.com',
  'connection' => 'keep-alive',
  'user-agent' => 'Mozilla/5.0 (Windows NT 10.0; Win64; x64) AppleWebKit/537.36 (KHTML, like Gecko) Chrome/90.0.4430.72 Safari/537.36',
  'accept' => 'image/avif,image/webp,image/apng,image/svg+xml,image/*,*/*;q=0.8',
  'referer' => 'http://admin.akali.com/login/index.html',
  'accept-encoding' => 'gzip, deflate',
  'accept-language' => 'zh-CN,zh;q=0.9',
  'cookie' => 'thinkphp_show_page_trace=0|0',
)
[ info ] [ PARAM ] array (
  'id' => '',
)
[ info ] [ RUN ] think\captcha\CaptchaController->index[ D:\Web\www.akali.com\vendor\topthink\think-captcha\src\CaptchaController.php ]
[ info ] [ SESSION ] INIT array (
  'id' => '',
  'var_session_id' => '',
  'prefix' => 'think',
  'type' => '',
  'auto_start' => true,
  'httponly' => true,
  'secure' => true,
)
[ info ] [ LOG ] INIT File

---------------------------------------------------------------
[ 2021-04-19T16:00:18+08:00 ] 127.0.0.1 127.0.0.1 GET /
[ log ] www.akali.com/ [运行时间：0.018588s][吞吐率：53.80req/s] [内存消耗：535.27kb] [文件加载：63]
[ info ] [ LANG ] D:\Web\www.akali.com\thinkphp\lang\zh-cn.php
[ info ] [ ROUTE ] array (
  'type' => 'module',
  'module' => 
  array (
    0 => NULL,
    1 => 'home',
    2 => 'index',
  ),
  'convert' => false,
)
[ info ] [ HEADER ] array (
  'host' => 'www.akali.com',
  'connection' => 'keep-alive',
  'upgrade-insecure-requests' => '1',
  'user-agent' => 'Mozilla/5.0 (Windows NT 10.0; Win64; x64) AppleWebKit/537.36 (KHTML, like Gecko) Chrome/90.0.4430.72 Safari/537.36',
  'accept' => 'text/html,application/xhtml+xml,application/xml;q=0.9,image/avif,image/webp,image/apng,*/*;q=0.8,application/signed-exchange;v=b3;q=0.9',
  'accept-encoding' => 'gzip, deflate',
  'accept-language' => 'zh-CN,zh;q=0.9',
  'cookie' => 'thinkphp_show_page_trace=0|0; cart=think%3A%5B%5D',
)
[ info ] [ PARAM ] array (
)
[ info ] [ DB ] INIT mysql
[ info ] [ CACHE ] INIT File
[ info ] [ RUN ] app\wed\controller\Home->index[ D:\Web\www.akali.com\application\wed\controller\Home.php ]
[ info ] [ VIEW ] D:\Web\www.akali.com\public/../application/wed\view\home\index.html [ array (
  0 => 'companyData',
  1 => 'brand_name',
) ]
[ info ] [ LOG ] INIT File
[ sql ] [ DB ] CONNECT:[ UseTime:0.000669s ] mysql:dbname=www_akali_com;host=127.0.0.1;charset=utf8
[ sql ] [ SQL ] SHOW COLUMNS FROM `goods` [ RunTime:0.001286s ]

---------------------------------------------------------------
[ 2021-04-19T16:00:18+08:00 ] 127.0.0.1 127.0.0.1 POST /wed/cart/ajaxgetcount.html
[ log ] www.akali.com/wed/cart/ajaxgetcount.html [运行时间：0.006283s][吞吐率：159.16req/s] [内存消耗：457.63kb] [文件加载：62]
[ info ] [ LANG ] D:\Web\www.akali.com\thinkphp\lang\zh-cn.php
[ info ] [ ROUTE ] array (
  'type' => 'module',
  'module' => 
  array (
    0 => 'wed',
    1 => 'cart',
    2 => 'ajaxgetcount',
  ),
)
[ info ] [ HEADER ] array (
  'host' => 'www.akali.com',
  'connection' => 'keep-alive',
  'content-length' => '0',
  'accept' => 'application/json, text/javascript, */*; q=0.01',
  'user-agent' => 'Mozilla/5.0 (Windows NT 10.0; Win64; x64) AppleWebKit/537.36 (KHTML, like Gecko) Chrome/90.0.4430.72 Safari/537.36',
  'x-requested-with' => 'XMLHttpRequest',
  'origin' => 'http://www.akali.com',
  'referer' => 'http://www.akali.com/',
  'accept-encoding' => 'gzip, deflate',
  'accept-language' => 'zh-CN,zh;q=0.9',
  'cookie' => 'thinkphp_show_page_trace=0|0; cart=think%3A%5B%5D',
)
[ info ] [ PARAM ] array (
)
[ info ] [ DB ] INIT mysql
[ info ] [ CACHE ] INIT File
[ info ] [ RUN ] app\wed\controller\Cart->ajaxGetCount[ D:\Web\www.akali.com\application\wed\controller\Cart.php ]
[ info ] [ LOG ] INIT File

---------------------------------------------------------------
[ 2021-04-19T16:00:20+08:00 ] 127.0.0.1 127.0.0.1 GET /wed/goods/index.html
[ log ] www.akali.com/wed/goods/index.html [运行时间：0.400865s][吞吐率：2.49req/s] [内存消耗：775.02kb] [文件加载：69]
[ info ] [ LANG ] D:\Web\www.akali.com\thinkphp\lang\zh-cn.php
[ info ] [ ROUTE ] array (
  'type' => 'module',
  'module' => 
  array (
    0 => 'wed',
    1 => 'goods',
    2 => 'index',
  ),
)
[ info ] [ HEADER ] array (
  'host' => 'www.akali.com',
  'connection' => 'keep-alive',
  'upgrade-insecure-requests' => '1',
  'user-agent' => 'Mozilla/5.0 (Windows NT 10.0; Win64; x64) AppleWebKit/537.36 (KHTML, like Gecko) Chrome/90.0.4430.72 Safari/537.36',
  'accept' => 'text/html,application/xhtml+xml,application/xml;q=0.9,image/avif,image/webp,image/apng,*/*;q=0.8,application/signed-exchange;v=b3;q=0.9',
  'referer' => 'http://www.akali.com/',
  'accept-encoding' => 'gzip, deflate',
  'accept-language' => 'zh-CN,zh;q=0.9',
  'cookie' => 'thinkphp_show_page_trace=0|0; cart=think%3A%5B%5D',
)
[ info ] [ PARAM ] array (
)
[ info ] [ DB ] INIT mysql
[ info ] [ CACHE ] INIT File
[ info ] [ RUN ] app\wed\controller\Goods->index[ D:\Web\www.akali.com\application\wed\controller\Goods.php ]
[ info ] [ VIEW ] D:\Web\www.akali.com\public/../application/wed\view\goods\index.html [ array (
  0 => 'companyData',
  1 => 'headerNavHtml',
  2 => 'data',
  3 => 'categoryNav',
) ]
[ info ] [ LOG ] INIT File
[ sql ] [ DB ] CONNECT:[ UseTime:0.000427s ] mysql:dbname=www_akali_com;host=127.0.0.1;charset=utf8
[ sql ] [ SQL ] SHOW COLUMNS FROM `category` [ RunTime:0.001084s ]
[ sql ] [ SQL ] SELECT * FROM `category` [ RunTime:0.000174s ]
[ sql ] [ SQL ] SHOW COLUMNS FROM `goods` [ RunTime:0.001147s ]
[ sql ] [ SQL ] SELECT * FROM `goods` [ RunTime:0.000178s ]
[ sql ] [ SQL ] SELECT * FROM `category` WHERE  `pid` = 0 [ RunTime:0.000180s ]

---------------------------------------------------------------
[ 2021-04-19T16:00:20+08:00 ] 127.0.0.1 127.0.0.1 POST /wed/cart/ajaxgetcount.html
[ log ] www.akali.com/wed/cart/ajaxgetcount.html [运行时间：0.009036s][吞吐率：110.67req/s] [内存消耗：457.83kb] [文件加载：62]
[ info ] [ LANG ] D:\Web\www.akali.com\thinkphp\lang\zh-cn.php
[ info ] [ ROUTE ] array (
  'type' => 'module',
  'module' => 
  array (
    0 => 'wed',
    1 => 'cart',
    2 => 'ajaxgetcount',
  ),
)
[ info ] [ HEADER ] array (
  'host' => 'www.akali.com',
  'connection' => 'keep-alive',
  'content-length' => '0',
  'accept' => 'application/json, text/javascript, */*; q=0.01',
  'user-agent' => 'Mozilla/5.0 (Windows NT 10.0; Win64; x64) AppleWebKit/537.36 (KHTML, like Gecko) Chrome/90.0.4430.72 Safari/537.36',
  'x-requested-with' => 'XMLHttpRequest',
  'origin' => 'http://www.akali.com',
  'referer' => 'http://www.akali.com/wed/goods/index.html',
  'accept-encoding' => 'gzip, deflate',
  'accept-language' => 'zh-CN,zh;q=0.9',
  'cookie' => 'thinkphp_show_page_trace=0|0; cart=think%3A%5B%5D; seen=think%3A%5B%5D; like=think%3A%5B%5D',
)
[ info ] [ PARAM ] array (
)
[ info ] [ DB ] INIT mysql
[ info ] [ CACHE ] INIT File
[ info ] [ RUN ] app\wed\controller\Cart->ajaxGetCount[ D:\Web\www.akali.com\application\wed\controller\Cart.php ]
[ info ] [ LOG ] INIT File

---------------------------------------------------------------
[ 2021-04-19T16:00:25+08:00 ] 127.0.0.1 127.0.0.1 POST /wed/goods/ajaxgoodsimge.html
[ log ] www.akali.com/wed/goods/ajaxgoodsimge.html [运行时间：0.023247s][吞吐率：43.02req/s] [内存消耗：635.06kb] [文件加载：66]
[ info ] [ LANG ] D:\Web\www.akali.com\thinkphp\lang\zh-cn.php
[ info ] [ ROUTE ] array (
  'type' => 'module',
  'module' => 
  array (
    0 => 'wed',
    1 => 'goods',
    2 => 'ajaxgoodsimge',
  ),
)
[ info ] [ HEADER ] array (
  'host' => 'www.akali.com',
  'connection' => 'keep-alive',
  'content-length' => '10',
  'accept' => 'text/html, */*; q=0.01',
  'x-requested-with' => 'XMLHttpRequest',
  'user-agent' => 'Mozilla/5.0 (Windows NT 10.0; Win64; x64) AppleWebKit/537.36 (KHTML, like Gecko) Chrome/90.0.4430.72 Safari/537.36',
  'content-type' => 'application/x-www-form-urlencoded; charset=UTF-8',
  'origin' => 'http://www.akali.com',
  'referer' => 'http://www.akali.com/wed/goods/index.html',
  'accept-encoding' => 'gzip, deflate',
  'accept-language' => 'zh-CN,zh;q=0.9',
  'cookie' => 'thinkphp_show_page_trace=0|0; thinkphp_show_page_trace=0|0; cart=think%3A%5B%5D; seen=think%3A%5B%5D; like=think%3A%5B%5D',
)
[ info ] [ PARAM ] array (
  'cate_id' => '19',
)
[ info ] [ DB ] INIT mysql
[ info ] [ CACHE ] INIT File
[ info ] [ RUN ] app\wed\controller\Goods->ajaxGoodsImge[ D:\Web\www.akali.com\application\wed\controller\Goods.php ]
[ info ] [ LOG ] INIT File
[ sql ] [ DB ] CONNECT:[ UseTime:0.000398s ] mysql:dbname=www_akali_com;host=127.0.0.1;charset=utf8
[ sql ] [ SQL ] SHOW COLUMNS FROM `category` [ RunTime:0.001064s ]
[ sql ] [ SQL ] SELECT * FROM `category` [ RunTime:0.000181s ]
[ sql ] [ SQL ] SHOW COLUMNS FROM `goods` [ RunTime:0.000916s ]
[ sql ] [ SQL ] SELECT * FROM `goods` WHERE  `category_id` IN (19) [ RunTime:0.000211s ]

---------------------------------------------------------------
[ 2021-04-19T16:00:37+08:00 ] 127.0.0.1 127.0.0.1 POST /wed/goods/ajaxgoodsimge.html
[ log ] www.akali.com/wed/goods/ajaxgoodsimge.html [运行时间：0.011801s][吞吐率：84.74req/s] [内存消耗：636.85kb] [文件加载：66]
[ info ] [ LANG ] D:\Web\www.akali.com\thinkphp\lang\zh-cn.php
[ info ] [ ROUTE ] array (
  'type' => 'module',
  'module' => 
  array (
    0 => 'wed',
    1 => 'goods',
    2 => 'ajaxgoodsimge',
  ),
)
[ info ] [ HEADER ] array (
  'host' => 'www.akali.com',
  'connection' => 'keep-alive',
  'content-length' => '10',
  'accept' => 'text/html, */*; q=0.01',
  'x-requested-with' => 'XMLHttpRequest',
  'user-agent' => 'Mozilla/5.0 (Windows NT 10.0; Win64; x64) AppleWebKit/537.36 (KHTML, like Gecko) Chrome/90.0.4430.72 Safari/537.36',
  'content-type' => 'application/x-www-form-urlencoded; charset=UTF-8',
  'origin' => 'http://www.akali.com',
  'referer' => 'http://www.akali.com/wed/goods/index.html',
  'accept-encoding' => 'gzip, deflate',
  'accept-language' => 'zh-CN,zh;q=0.9',
  'cookie' => 'thinkphp_show_page_trace=0|0; thinkphp_show_page_trace=0|0; cart=think%3A%5B%5D; seen=think%3A%5B%5D; like=think%3A%5B%5D',
)
[ info ] [ PARAM ] array (
  'cate_id' => '22',
)
[ info ] [ DB ] INIT mysql
[ info ] [ CACHE ] INIT File
[ info ] [ RUN ] app\wed\controller\Goods->ajaxGoodsImge[ D:\Web\www.akali.com\application\wed\controller\Goods.php ]
[ info ] [ LOG ] INIT File
[ sql ] [ DB ] CONNECT:[ UseTime:0.000375s ] mysql:dbname=www_akali_com;host=127.0.0.1;charset=utf8
[ sql ] [ SQL ] SHOW COLUMNS FROM `category` [ RunTime:0.001003s ]
[ sql ] [ SQL ] SELECT * FROM `category` [ RunTime:0.000157s ]
[ sql ] [ SQL ] SHOW COLUMNS FROM `goods` [ RunTime:0.000885s ]
[ sql ] [ SQL ] SELECT * FROM `goods` WHERE  `category_id` IN (28,30,31,22) [ RunTime:0.000237s ]

---------------------------------------------------------------
[ 2021-04-19T16:01:16+08:00 ] 127.0.0.1 127.0.0.1 POST /wed/cart/ajaxgetcount.html
[ log ] www.akali.com/wed/cart/ajaxgetcount.html [运行时间：0.011380s][吞吐率：87.87req/s] [内存消耗：457.80kb] [文件加载：62]
[ info ] [ LANG ] D:\Web\www.akali.com\thinkphp\lang\zh-cn.php
[ info ] [ ROUTE ] array (
  'type' => 'module',
  'module' => 
  array (
    0 => 'wed',
    1 => 'cart',
    2 => 'ajaxgetcount',
  ),
)
[ info ] [ HEADER ] array (
  'host' => 'www.akali.com',
  'connection' => 'keep-alive',
  'content-length' => '0',
  'accept' => 'application/json, text/javascript, */*; q=0.01',
  'user-agent' => 'Mozilla/5.0 (Windows NT 10.0; Win64; x64) AppleWebKit/537.36 (KHTML, like Gecko) Chrome/90.0.4430.72 Safari/537.36',
  'x-requested-with' => 'XMLHttpRequest',
  'origin' => 'http://www.akali.com',
  'referer' => 'http://www.akali.com/',
  'accept-encoding' => 'gzip, deflate',
  'accept-language' => 'zh-CN,zh;q=0.9',
  'cookie' => 'thinkphp_show_page_trace=0|0; cart=think%3A%5B%5D; seen=think%3A%5B%5D; like=think%3A%5B%5D',
)
[ info ] [ PARAM ] array (
)
[ info ] [ DB ] INIT mysql
[ info ] [ CACHE ] INIT File
[ info ] [ RUN ] app\wed\controller\Cart->ajaxGetCount[ D:\Web\www.akali.com\application\wed\controller\Cart.php ]
[ info ] [ LOG ] INIT File

---------------------------------------------------------------
[ 2021-04-19T16:02:05+08:00 ] 127.0.0.1 127.0.0.1 GET /
[ log ] www.akali.com/ [运行时间：0.014598s][吞吐率：68.50req/s] [内存消耗：533.44kb] [文件加载：63]
[ info ] [ LANG ] D:\Web\www.akali.com\thinkphp\lang\zh-cn.php
[ info ] [ ROUTE ] array (
  'type' => 'module',
  'module' => 
  array (
    0 => '',
    1 => NULL,
    2 => NULL,
  ),
)
[ info ] [ HEADER ] array (
  'host' => 'www.akali.com',
  'connection' => 'keep-alive',
  'cache-control' => 'max-age=0',
  'upgrade-insecure-requests' => '1',
  'user-agent' => 'Mozilla/5.0 (Windows NT 10.0; Win64; x64) AppleWebKit/537.36 (KHTML, like Gecko) Chrome/90.0.4430.72 Safari/537.36',
  'accept' => 'text/html,application/xhtml+xml,application/xml;q=0.9,image/avif,image/webp,image/apng,*/*;q=0.8,application/signed-exchange;v=b3;q=0.9',
  'accept-encoding' => 'gzip, deflate',
  'accept-language' => 'zh-CN,zh;q=0.9',
  'cookie' => 'thinkphp_show_page_trace=0|0; cart=think%3A%5B%5D; seen=think%3A%5B%5D; like=think%3A%5B%5D',
)
[ info ] [ PARAM ] array (
)
[ info ] [ DB ] INIT mysql
[ info ] [ CACHE ] INIT File
[ info ] [ RUN ] app\wed\controller\Home->index[ D:\Web\www.akali.com\application\wed\controller\Home.php ]
[ info ] [ VIEW ] D:\Web\www.akali.com\public/../application/wed\view\home\index.html [ array (
  0 => 'companyData',
  1 => 'brand_name',
) ]
[ info ] [ LOG ] INIT File
[ sql ] [ DB ] CONNECT:[ UseTime:0.000872s ] mysql:dbname=www_akali_com;host=127.0.0.1;charset=utf8
[ sql ] [ SQL ] SHOW COLUMNS FROM `goods` [ RunTime:0.001105s ]

---------------------------------------------------------------
[ 2021-04-19T16:02:05+08:00 ] 127.0.0.1 127.0.0.1 POST /wed/cart/ajaxgetcount.html
[ log ] www.akali.com/wed/cart/ajaxgetcount.html [运行时间：0.005178s][吞吐率：193.13req/s] [内存消耗：456.70kb] [文件加载：62]
[ info ] [ LANG ] D:\Web\www.akali.com\thinkphp\lang\zh-cn.php
[ info ] [ ROUTE ] array (
  'type' => 'module',
  'module' => 
  array (
    0 => 'wed',
    1 => 'cart',
    2 => 'ajaxgetcount',
  ),
)
[ info ] [ HEADER ] array (
  'host' => 'www.akali.com',
  'connection' => 'keep-alive',
  'content-length' => '0',
  'accept' => 'application/json, text/javascript, */*; q=0.01',
  'user-agent' => 'Mozilla/5.0 (Windows NT 10.0; Win64; x64) AppleWebKit/537.36 (KHTML, like Gecko) Chrome/90.0.4430.72 Safari/537.36',
  'x-requested-with' => 'XMLHttpRequest',
  'origin' => 'http://www.akali.com',
  'referer' => 'http://www.akali.com/',
  'accept-encoding' => 'gzip, deflate',
  'accept-language' => 'zh-CN,zh;q=0.9',
  'cookie' => 'thinkphp_show_page_trace=0|0; cart=think%3A%5B%5D; seen=think%3A%5B%5D; like=think%3A%5B%5D',
)
[ info ] [ PARAM ] array (
)
[ info ] [ DB ] INIT mysql
[ info ] [ CACHE ] INIT File
[ info ] [ RUN ] app\wed\controller\Cart->ajaxGetCount[ D:\Web\www.akali.com\application\wed\controller\Cart.php ]
[ info ] [ LOG ] INIT File

---------------------------------------------------------------
[ 2021-04-19T16:02:20+08:00 ] 127.0.0.1 127.0.0.1 GET /home/index/id/1/we/4
[ log ] www.akali.com/home/index/id/1/we/4 [运行时间：0.006981s][吞吐率：143.25req/s] [内存消耗：301.32kb] [文件加载：44]
[ info ] [ LANG ] D:\Web\www.akali.com\thinkphp\lang\zh-cn.php
[ info ] [ ROUTE ] array (
  'type' => 'module',
  'module' => 
  array (
    0 => 'home',
    1 => 'index',
    2 => 'id',
  ),
)
[ info ] [ HEADER ] array (
  'host' => 'www.akali.com',
  'connection' => 'keep-alive',
  'upgrade-insecure-requests' => '1',
  'user-agent' => 'Mozilla/5.0 (Windows NT 10.0; Win64; x64) AppleWebKit/537.36 (KHTML, like Gecko) Chrome/90.0.4430.72 Safari/537.36',
  'accept' => 'text/html,application/xhtml+xml,application/xml;q=0.9,image/avif,image/webp,image/apng,*/*;q=0.8,application/signed-exchange;v=b3;q=0.9',
  'accept-encoding' => 'gzip, deflate',
  'accept-language' => 'zh-CN,zh;q=0.9',
  'cookie' => 'thinkphp_show_page_trace=0|0; thinkphp_show_page_trace=0|0; cart=think%3A%5B%5D; seen=think%3A%5B%5D; like=think%3A%5B%5D',
)
[ info ] [ PARAM ] array (
  0 => 'we',
)
[ info ] [ LOG ] INIT File

---------------------------------------------------------------
[ 2021-04-19T16:04:29+08:00 ] 127.0.0.1 127.0.0.1 POST /wed/cart/ajaxgetcount.html
[ log ] www.akali.com/wed/cart/ajaxgetcount.html [运行时间：0.011944s][吞吐率：83.72req/s] [内存消耗：456.70kb] [文件加载：62]
[ info ] [ LANG ] D:\Web\www.akali.com\thinkphp\lang\zh-cn.php
[ info ] [ ROUTE ] array (
  'type' => 'module',
  'module' => 
  array (
    0 => 'wed',
    1 => 'cart',
    2 => 'ajaxgetcount',
  ),
)
[ info ] [ HEADER ] array (
  'host' => 'www.akali.com',
  'connection' => 'keep-alive',
  'content-length' => '0',
  'accept' => 'application/json, text/javascript, */*; q=0.01',
  'user-agent' => 'Mozilla/5.0 (Windows NT 10.0; Win64; x64) AppleWebKit/537.36 (KHTML, like Gecko) Chrome/90.0.4430.72 Safari/537.36',
  'x-requested-with' => 'XMLHttpRequest',
  'origin' => 'http://www.akali.com',
  'referer' => 'http://www.akali.com/',
  'accept-encoding' => 'gzip, deflate',
  'accept-language' => 'zh-CN,zh;q=0.9',
  'cookie' => 'thinkphp_show_page_trace=0|0; cart=think%3A%5B%5D; seen=think%3A%5B%5D; like=think%3A%5B%5D',
)
[ info ] [ PARAM ] array (
)
[ info ] [ DB ] INIT mysql
[ info ] [ CACHE ] INIT File
[ info ] [ RUN ] app\wed\controller\Cart->ajaxGetCount[ D:\Web\www.akali.com\application\wed\controller\Cart.php ]
[ info ] [ LOG ] INIT File

---------------------------------------------------------------
[ 2021-04-19T16:04:31+08:00 ] 127.0.0.1 127.0.0.1 GET /wed/about/index.html
[ log ] www.akali.com/wed/about/index.html [运行时间：0.273670s][吞吐率：3.65req/s] [内存消耗：599.91kb] [文件加载：64]
[ info ] [ LANG ] D:\Web\www.akali.com\thinkphp\lang\zh-cn.php
[ info ] [ ROUTE ] array (
  'type' => 'module',
  'module' => 
  array (
    0 => 'wed',
    1 => 'about',
    2 => 'index',
  ),
)
[ info ] [ HEADER ] array (
  'host' => 'www.akali.com',
  'connection' => 'keep-alive',
  'upgrade-insecure-requests' => '1',
  'user-agent' => 'Mozilla/5.0 (Windows NT 10.0; Win64; x64) AppleWebKit/537.36 (KHTML, like Gecko) Chrome/90.0.4430.72 Safari/537.36',
  'accept' => 'text/html,application/xhtml+xml,application/xml;q=0.9,image/avif,image/webp,image/apng,*/*;q=0.8,application/signed-exchange;v=b3;q=0.9',
  'referer' => 'http://www.akali.com/',
  'accept-encoding' => 'gzip, deflate',
  'accept-language' => 'zh-CN,zh;q=0.9',
  'cookie' => 'thinkphp_show_page_trace=0|0; cart=think%3A%5B%5D; seen=think%3A%5B%5D; like=think%3A%5B%5D',
)
[ info ] [ PARAM ] array (
)
[ info ] [ DB ] INIT mysql
[ info ] [ CACHE ] INIT File
[ info ] [ RUN ] app\wed\controller\About->index[ D:\Web\www.akali.com\application\wed\controller\About.php ]
[ info ] [ VIEW ] D:\Web\www.akali.com\public/../application/wed\view\about\index.html [ array (
  0 => 'companyData',
  1 => 'about',
) ]
[ info ] [ LOG ] INIT File
[ sql ] [ DB ] CONNECT:[ UseTime:0.000469s ] mysql:dbname=www_akali_com;host=127.0.0.1;charset=utf8
[ sql ] [ SQL ] SHOW COLUMNS FROM `about` [ RunTime:0.001049s ]
[ sql ] [ SQL ] SELECT `title`,`image`,`content` FROM `about` ORDER BY `id`  desc LIMIT 1 [ RunTime:0.000153s ]

---------------------------------------------------------------
[ 2021-04-19T16:04:31+08:00 ] 127.0.0.1 127.0.0.1 POST /wed/cart/ajaxgetcount.html
[ log ] www.akali.com/wed/cart/ajaxgetcount.html [运行时间：0.010892s][吞吐率：91.81req/s] [内存消耗：456.73kb] [文件加载：62]
[ info ] [ LANG ] D:\Web\www.akali.com\thinkphp\lang\zh-cn.php
[ info ] [ ROUTE ] array (
  'type' => 'module',
  'module' => 
  array (
    0 => 'wed',
    1 => 'cart',
    2 => 'ajaxgetcount',
  ),
)
[ info ] [ HEADER ] array (
  'host' => 'www.akali.com',
  'connection' => 'keep-alive',
  'content-length' => '0',
  'accept' => 'application/json, text/javascript, */*; q=0.01',
  'user-agent' => 'Mozilla/5.0 (Windows NT 10.0; Win64; x64) AppleWebKit/537.36 (KHTML, like Gecko) Chrome/90.0.4430.72 Safari/537.36',
  'x-requested-with' => 'XMLHttpRequest',
  'origin' => 'http://www.akali.com',
  'referer' => 'http://www.akali.com/wed/about/index.html',
  'accept-encoding' => 'gzip, deflate',
  'accept-language' => 'zh-CN,zh;q=0.9',
  'cookie' => 'thinkphp_show_page_trace=0|0; cart=think%3A%5B%5D; seen=think%3A%5B%5D; like=think%3A%5B%5D',
)
[ info ] [ PARAM ] array (
)
[ info ] [ DB ] INIT mysql
[ info ] [ CACHE ] INIT File
[ info ] [ RUN ] app\wed\controller\Cart->ajaxGetCount[ D:\Web\www.akali.com\application\wed\controller\Cart.php ]
[ info ] [ LOG ] INIT File

---------------------------------------------------------------
[ 2021-04-19T16:04:35+08:00 ] 127.0.0.1 127.0.0.1 POST /wed/cart/ajaxgetcount.html
[ log ] www.akali.com/wed/cart/ajaxgetcount.html [运行时间：0.006995s][吞吐率：142.96req/s] [内存消耗：456.70kb] [文件加载：62]
[ info ] [ LANG ] D:\Web\www.akali.com\thinkphp\lang\zh-cn.php
[ info ] [ ROUTE ] array (
  'type' => 'module',
  'module' => 
  array (
    0 => 'wed',
    1 => 'cart',
    2 => 'ajaxgetcount',
  ),
)
[ info ] [ HEADER ] array (
  'host' => 'www.akali.com',
  'connection' => 'keep-alive',
  'content-length' => '0',
  'accept' => 'application/json, text/javascript, */*; q=0.01',
  'user-agent' => 'Mozilla/5.0 (Windows NT 10.0; Win64; x64) AppleWebKit/537.36 (KHTML, like Gecko) Chrome/90.0.4430.72 Safari/537.36',
  'x-requested-with' => 'XMLHttpRequest',
  'origin' => 'http://www.akali.com',
  'referer' => 'http://www.akali.com/',
  'accept-encoding' => 'gzip, deflate',
  'accept-language' => 'zh-CN,zh;q=0.9',
  'cookie' => 'thinkphp_show_page_trace=0|0; cart=think%3A%5B%5D; seen=think%3A%5B%5D; like=think%3A%5B%5D',
)
[ info ] [ PARAM ] array (
)
[ info ] [ DB ] INIT mysql
[ info ] [ CACHE ] INIT File
[ info ] [ RUN ] app\wed\controller\Cart->ajaxGetCount[ D:\Web\www.akali.com\application\wed\controller\Cart.php ]
[ info ] [ LOG ] INIT File

---------------------------------------------------------------
[ 2021-04-19T16:05:09+08:00 ] 127.0.0.1 127.0.0.1 GET /wed/home/index/id/2/we/3
[ log ] www.akali.com/wed/home/index/id/2/we/3 [运行时间：0.014281s][吞吐率：70.02req/s] [内存消耗：532.88kb] [文件加载：63]
[ info ] [ LANG ] D:\Web\www.akali.com\thinkphp\lang\zh-cn.php
[ info ] [ ROUTE ] array (
  'type' => 'module',
  'module' => 
  array (
    0 => 'wed',
    1 => 'home',
    2 => 'index',
  ),
)
[ info ] [ HEADER ] array (
  'host' => 'www.akali.com',
  'connection' => 'keep-alive',
  'upgrade-insecure-requests' => '1',
  'user-agent' => 'Mozilla/5.0 (Windows NT 10.0; Win64; x64) AppleWebKit/537.36 (KHTML, like Gecko) Chrome/90.0.4430.72 Safari/537.36',
  'accept' => 'text/html,application/xhtml+xml,application/xml;q=0.9,image/avif,image/webp,image/apng,*/*;q=0.8,application/signed-exchange;v=b3;q=0.9',
  'accept-encoding' => 'gzip, deflate',
  'accept-language' => 'zh-CN,zh;q=0.9',
  'cookie' => 'thinkphp_show_page_trace=0|0; cart=think%3A%5B%5D; seen=think%3A%5B%5D; like=think%3A%5B%5D',
)
[ info ] [ PARAM ] array (
  'id' => '2',
  'we' => '3',
)
[ info ] [ DB ] INIT mysql
[ info ] [ CACHE ] INIT File
[ info ] [ RUN ] app\wed\controller\Home->index[ D:\Web\www.akali.com\application\wed\controller\Home.php ]
[ info ] [ VIEW ] D:\Web\www.akali.com\public/../application/wed\view\home\index.html [ array (
  0 => 'companyData',
  1 => 'brand_name',
) ]
[ info ] [ LOG ] INIT File
[ sql ] [ DB ] CONNECT:[ UseTime:0.000461s ] mysql:dbname=www_akali_com;host=127.0.0.1;charset=utf8
[ sql ] [ SQL ] SHOW COLUMNS FROM `goods` [ RunTime:0.001137s ]

---------------------------------------------------------------
[ 2021-04-19T16:05:10+08:00 ] 127.0.0.1 127.0.0.1 POST /wed/cart/ajaxgetcount.html
[ log ] www.akali.com/wed/cart/ajaxgetcount.html [运行时间：0.006019s][吞吐率：166.14req/s] [内存消耗：456.73kb] [文件加载：62]
[ info ] [ LANG ] D:\Web\www.akali.com\thinkphp\lang\zh-cn.php
[ info ] [ ROUTE ] array (
  'type' => 'module',
  'module' => 
  array (
    0 => 'wed',
    1 => 'cart',
    2 => 'ajaxgetcount',
  ),
)
[ info ] [ HEADER ] array (
  'host' => 'www.akali.com',
  'connection' => 'keep-alive',
  'content-length' => '0',
  'accept' => 'application/json, text/javascript, */*; q=0.01',
  'user-agent' => 'Mozilla/5.0 (Windows NT 10.0; Win64; x64) AppleWebKit/537.36 (KHTML, like Gecko) Chrome/90.0.4430.72 Safari/537.36',
  'x-requested-with' => 'XMLHttpRequest',
  'origin' => 'http://www.akali.com',
  'referer' => 'http://www.akali.com/wed/home/index/id/2/we/3',
  'accept-encoding' => 'gzip, deflate',
  'accept-language' => 'zh-CN,zh;q=0.9',
  'cookie' => 'thinkphp_show_page_trace=0|0; cart=think%3A%5B%5D; seen=think%3A%5B%5D; like=think%3A%5B%5D',
)
[ info ] [ PARAM ] array (
)
[ info ] [ DB ] INIT mysql
[ info ] [ CACHE ] INIT File
[ info ] [ RUN ] app\wed\controller\Cart->ajaxGetCount[ D:\Web\www.akali.com\application\wed\controller\Cart.php ]
[ info ] [ LOG ] INIT File

---------------------------------------------------------------
[ 2021-04-19T16:27:17+08:00 ] 127.0.0.1 127.0.0.1 GET /
[ log ] www.akali.com/ [运行时间：0.033438s][吞吐率：29.91req/s] [内存消耗：580.36kb] [文件加载：61]
[ info ] [ LANG ] D:\Web\www.akali.com\thinkphp\lang\zh-cn.php
[ info ] [ ROUTE ] array (
  'type' => 'module',
  'module' => 
  array (
    0 => '',
    1 => NULL,
    2 => NULL,
  ),
)
[ info ] [ HEADER ] array (
  'host' => 'www.akali.com',
  'connection' => 'keep-alive',
  'upgrade-insecure-requests' => '1',
  'user-agent' => 'Mozilla/5.0 (Windows NT 10.0; Win64; x64) AppleWebKit/537.36 (KHTML, like Gecko) Chrome/90.0.4430.72 Safari/537.36',
  'accept' => 'text/html,application/xhtml+xml,application/xml;q=0.9,image/avif,image/webp,image/apng,*/*;q=0.8,application/signed-exchange;v=b3;q=0.9',
  'accept-encoding' => 'gzip, deflate',
  'accept-language' => 'zh-CN,zh;q=0.9',
  'cookie' => 'thinkphp_show_page_trace=0|0; cart=think%3A%5B%5D; seen=think%3A%5B%5D; like=think%3A%5B%5D',
)
[ info ] [ PARAM ] array (
)
[ info ] [ DB ] INIT mysql
[ info ] [ CACHE ] INIT File
[ info ] [ RUN ] app\wed\controller\Home->index[ D:\Web\www.akali.com\application\wed\controller\Home.php ]
[ info ] [ LOG ] INIT File

---------------------------------------------------------------
[ 2021-04-19T16:27:17+08:00 ] 127.0.0.1 127.0.0.1 POST /wed/cart/ajaxgetcount.html
[ log ] www.akali.com/wed/cart/ajaxgetcount.html [运行时间：0.006424s][吞吐率：155.67req/s] [内存消耗：456.70kb] [文件加载：62]
[ info ] [ LANG ] D:\Web\www.akali.com\thinkphp\lang\zh-cn.php
[ info ] [ ROUTE ] array (
  'type' => 'module',
  'module' => 
  array (
    0 => 'wed',
    1 => 'cart',
    2 => 'ajaxgetcount',
  ),
)
[ info ] [ HEADER ] array (
  'host' => 'www.akali.com',
  'connection' => 'keep-alive',
  'content-length' => '0',
  'accept' => 'application/json, text/javascript, */*; q=0.01',
  'user-agent' => 'Mozilla/5.0 (Windows NT 10.0; Win64; x64) AppleWebKit/537.36 (KHTML, like Gecko) Chrome/90.0.4430.72 Safari/537.36',
  'x-requested-with' => 'XMLHttpRequest',
  'origin' => 'http://www.akali.com',
  'referer' => 'http://www.akali.com/',
  'accept-encoding' => 'gzip, deflate',
  'accept-language' => 'zh-CN,zh;q=0.9',
  'cookie' => 'thinkphp_show_page_trace=0|0; cart=think%3A%5B%5D; seen=think%3A%5B%5D; like=think%3A%5B%5D',
)
[ info ] [ PARAM ] array (
)
[ info ] [ DB ] INIT mysql
[ info ] [ CACHE ] INIT File
[ info ] [ RUN ] app\wed\controller\Cart->ajaxGetCount[ D:\Web\www.akali.com\application\wed\controller\Cart.php ]
[ info ] [ LOG ] INIT File

---------------------------------------------------------------
[ 2021-04-19T16:50:20+08:00 ] 127.0.0.1 127.0.0.1 GET /
[ log ] www.akali.com/ [运行时间：0.163378s][吞吐率：6.12req/s] [内存消耗：611.06kb] [文件加载：65]
[ info ] [ LANG ] D:\Web\www.akali.com\thinkphp\lang\zh-cn.php
[ info ] [ ROUTE ] array (
  'type' => 'module',
  'module' => 
  array (
    0 => '',
    1 => NULL,
    2 => NULL,
  ),
)
[ info ] [ HEADER ] array (
  'host' => 'www.akali.com',
  'connection' => 'keep-alive',
  'cache-control' => 'max-age=0',
  'upgrade-insecure-requests' => '1',
  'user-agent' => 'Mozilla/5.0 (Windows NT 10.0; Win64; x64) AppleWebKit/537.36 (KHTML, like Gecko) Chrome/90.0.4430.72 Safari/537.36',
  'accept' => 'text/html,application/xhtml+xml,application/xml;q=0.9,image/avif,image/webp,image/apng,*/*;q=0.8,application/signed-exchange;v=b3;q=0.9',
  'accept-encoding' => 'gzip, deflate',
  'accept-language' => 'zh-CN,zh;q=0.9',
  'cookie' => 'thinkphp_show_page_trace=0|0; cart=think%3A%5B%5D; seen=think%3A%5B%5D; like=think%3A%5B%5D',
)
[ info ] [ PARAM ] array (
)
[ info ] [ DB ] INIT mysql
[ info ] [ CACHE ] INIT File
[ info ] [ RUN ] app\wed\controller\Home->index[ D:\Web\www.akali.com\application\wed\controller\Home.php ]
[ info ] [ VIEW ] D:\Web\www.akali.com\public/../application/wed\view\home\index.html [ array (
  0 => 'companyData',
  1 => 'brand_name',
) ]
[ info ] [ LOG ] INIT File
[ sql ] [ DB ] CONNECT:[ UseTime:0.013159s ] mysql:dbname=www_akali_com;host=127.0.0.1;charset=utf8
[ sql ] [ SQL ] SHOW COLUMNS FROM `company` [ RunTime:0.001485s ]
[ sql ] [ SQL ] SELECT * FROM `company` ORDER BY `id`  desc LIMIT 1 [ RunTime:0.000561s ]
[ sql ] [ SQL ] SHOW COLUMNS FROM `goods` [ RunTime:0.000664s ]
[ sql ] [ SQL ] SELECT * FROM `goods` WHERE  `id` = 1 LIMIT 1 [ RunTime:0.000397s ]

---------------------------------------------------------------
[ 2021-04-19T16:50:20+08:00 ] 127.0.0.1 127.0.0.1 POST /wed/cart/ajaxgetcount.html
[ log ] www.akali.com/wed/cart/ajaxgetcount.html [运行时间：0.008078s][吞吐率：123.80req/s] [内存消耗：456.70kb] [文件加载：62]
[ info ] [ LANG ] D:\Web\www.akali.com\thinkphp\lang\zh-cn.php
[ info ] [ ROUTE ] array (
  'type' => 'module',
  'module' => 
  array (
    0 => 'wed',
    1 => 'cart',
    2 => 'ajaxgetcount',
  ),
)
[ info ] [ HEADER ] array (
  'host' => 'www.akali.com',
  'connection' => 'keep-alive',
  'content-length' => '0',
  'accept' => 'application/json, text/javascript, */*; q=0.01',
  'user-agent' => 'Mozilla/5.0 (Windows NT 10.0; Win64; x64) AppleWebKit/537.36 (KHTML, like Gecko) Chrome/90.0.4430.72 Safari/537.36',
  'x-requested-with' => 'XMLHttpRequest',
  'origin' => 'http://www.akali.com',
  'referer' => 'http://www.akali.com/',
  'accept-encoding' => 'gzip, deflate',
  'accept-language' => 'zh-CN,zh;q=0.9',
  'cookie' => 'thinkphp_show_page_trace=0|0; cart=think%3A%5B%5D; seen=think%3A%5B%5D; like=think%3A%5B%5D',
)
[ info ] [ PARAM ] array (
)
[ info ] [ DB ] INIT mysql
[ info ] [ CACHE ] INIT File
[ info ] [ RUN ] app\wed\controller\Cart->ajaxGetCount[ D:\Web\www.akali.com\application\wed\controller\Cart.php ]
[ info ] [ LOG ] INIT File

---------------------------------------------------------------
