[ 2021-10-27T15:33:46+08:00 ] 127.0.0.1 127.0.0.1 GET /
[ log ] www.akali.com/ [运行时间：0.912541s][吞吐率：1.10req/s] [内存消耗：666.01kb] [文件加载：61]
[ info ] [ LANG ] D:\Web\www.akali.com\thinkphp\lang\zh-cn.php
[ info ] [ ROUTE ] array (
  'type' => 'module',
  'module' => 
  array (
    0 => '',
    1 => NULL,
    2 => NULL,
  ),
)
[ info ] [ HEADER ] array (
  'host' => 'www.akali.com',
  'upgrade-insecure-requests' => '1',
  'user-agent' => 'Mozilla/5.0 (Windows NT 10.0; Win64; x64) AppleWebKit/537.36 (KHTML, like Gecko) Chrome/95.0.4638.54 Safari/537.36',
  'accept' => 'text/html,application/xhtml+xml,application/xml;q=0.9,image/avif,image/webp,image/apng,*/*;q=0.8,application/signed-exchange;v=b3;q=0.9',
  'accept-encoding' => 'gzip, deflate',
  'accept-language' => 'zh-CN,zh;q=0.9',
  'cookie' => 'cart=think%3A%5B%5D; seen=think%3A%5B%5D; like=think%3A%5B%5D',
  'connection' => 'close',
)
[ info ] [ PARAM ] array (
)
[ info ] [ DB ] INIT mysql
[ info ] [ CACHE ] INIT File
[ info ] [ RUN ] app\wed\controller\Home->index[ D:\Web\www.akali.com\application\wed\controller\Home.php ]
[ info ] [ LOG ] INIT File

---------------------------------------------------------------
[ 2021-10-27T15:33:46+08:00 ] 127.0.0.1 127.0.0.1 POST /wed/cart/ajaxgetcount.html
[ log ] www.akali.com/wed/cart/ajaxgetcount.html [运行时间：0.115005s][吞吐率：8.70req/s] [内存消耗：457.94kb] [文件加载：62]
[ info ] [ LANG ] D:\Web\www.akali.com\thinkphp\lang\zh-cn.php
[ info ] [ ROUTE ] array (
  'type' => 'module',
  'module' => 
  array (
    0 => 'wed',
    1 => 'cart',
    2 => 'ajaxgetcount',
  ),
)
[ info ] [ HEADER ] array (
  'host' => 'www.akali.com',
  'content-length' => '0',
  'accept' => 'application/json, text/javascript, */*; q=0.01',
  'user-agent' => 'Mozilla/5.0 (Windows NT 10.0; Win64; x64) AppleWebKit/537.36 (KHTML, like Gecko) Chrome/95.0.4638.54 Safari/537.36',
  'x-requested-with' => 'XMLHttpRequest',
  'origin' => 'http://www.akali.com',
  'referer' => 'http://www.akali.com/',
  'accept-encoding' => 'gzip, deflate',
  'accept-language' => 'zh-CN,zh;q=0.9',
  'cookie' => 'cart=think%3A%5B%5D; seen=think%3A%5B%5D; like=think%3A%5B%5D; thinkphp_show_page_trace=0|0',
  'connection' => 'close',
)
[ info ] [ PARAM ] array (
)
[ info ] [ DB ] INIT mysql
[ info ] [ CACHE ] INIT File
[ info ] [ RUN ] app\wed\controller\Cart->ajaxGetCount[ D:\Web\www.akali.com\application\wed\controller\Cart.php ]
[ info ] [ LOG ] INIT File

---------------------------------------------------------------
