[ 2021-12-17T17:44:21+08:00 ] 127.0.0.1 127.0.0.1 GET /
[ log ] www.akali.com/ [运行时间：1.254461s][吞吐率：0.80req/s] [内存消耗：667.13kb] [文件加载：61]
[ info ] [ LANG ] D:\Web\www.akali.com\thinkphp\lang\zh-cn.php
[ info ] [ BIND ] 'wed'
[ info ] [ ROUTE ] array (
  'type' => 'module',
  'module' => 
  array (
    0 => 'wed',
    1 => NULL,
    2 => NULL,
  ),
)
[ info ] [ HEADER ] array (
  'host' => 'www.akali.com',
  'upgrade-insecure-requests' => '1',
  'user-agent' => 'Mozilla/5.0 (Windows NT 10.0; Win64; x64) AppleWebKit/537.36 (KHTML, like Gecko) Chrome/96.0.4664.110 Safari/537.36',
  'accept' => 'text/html,application/xhtml+xml,application/xml;q=0.9,image/avif,image/webp,image/apng,*/*;q=0.8,application/signed-exchange;v=b3;q=0.9',
  'accept-encoding' => 'gzip, deflate',
  'accept-language' => 'zh-CN,zh;q=0.9',
  'cookie' => 'cart=think%3A%5B%5D; seen=think%3A%7B%2216%22%3A%2216%22%2C%2213%22%3A%2213%22%2C%2220%22%3A%2220%22%2C%2212%22%3A%2212%22%2C%2221%22%3A%2221%22%7D; like=think%3A%7B%2216%22%3A%221%22%2C%2213%22%3A%221%22%2C%2220%22%3A%221%22%2C%2212%22%3A%221%22%2C%2221%22%3A%221%22%7D',
  'connection' => 'close',
)
[ info ] [ PARAM ] array (
)
[ info ] [ DB ] INIT mysql
[ info ] [ CACHE ] INIT File
[ info ] [ RUN ] app\wed\controller\Home->index[ D:\Web\www.akali.com\application\wed\controller\Home.php ]
[ info ] [ LOG ] INIT File

---------------------------------------------------------------
[ 2021-12-17T17:44:22+08:00 ] 127.0.0.1 127.0.0.1 POST /cart/ajaxgetcount.html
[ log ] www.akali.com/cart/ajaxgetcount.html [运行时间：0.523319s][吞吐率：1.91req/s] [内存消耗：523.04kb] [文件加载：62]
[ info ] [ LANG ] D:\Web\www.akali.com\thinkphp\lang\zh-cn.php
[ info ] [ BIND ] 'wed'
[ info ] [ ROUTE ] array (
  'type' => 'module',
  'module' => 
  array (
    0 => 'wed',
    1 => 'cart',
    2 => 'ajaxgetcount',
  ),
)
[ info ] [ HEADER ] array (
  'host' => 'www.akali.com',
  'content-length' => '0',
  'accept' => 'application/json, text/javascript, */*; q=0.01',
  'user-agent' => 'Mozilla/5.0 (Windows NT 10.0; Win64; x64) AppleWebKit/537.36 (KHTML, like Gecko) Chrome/96.0.4664.110 Safari/537.36',
  'x-requested-with' => 'XMLHttpRequest',
  'origin' => 'http://www.akali.com',
  'referer' => 'http://www.akali.com/',
  'accept-encoding' => 'gzip, deflate',
  'accept-language' => 'zh-CN,zh;q=0.9',
  'cookie' => 'cart=think%3A%5B%5D; seen=think%3A%7B%2216%22%3A%2216%22%2C%2213%22%3A%2213%22%2C%2220%22%3A%2220%22%2C%2212%22%3A%2212%22%2C%2221%22%3A%2221%22%7D; like=think%3A%7B%2216%22%3A%221%22%2C%2213%22%3A%221%22%2C%2220%22%3A%221%22%2C%2212%22%3A%221%22%2C%2221%22%3A%221%22%7D; thinkphp_show_page_trace=0|0',
  'connection' => 'close',
)
[ info ] [ PARAM ] array (
)
[ info ] [ DB ] INIT mysql
[ info ] [ CACHE ] INIT File
[ info ] [ RUN ] app\wed\controller\Cart->ajaxGetCount[ D:\Web\www.akali.com\application\wed\controller\Cart.php ]
[ info ] [ LOG ] INIT File

---------------------------------------------------------------
[ 2021-12-17T17:45:00+08:00 ] 127.0.0.1 127.0.0.1 GET /.well-known/change-password
[ log ] www.akali.com/.well-known/change-password [运行时间：0.980037s][吞吐率：1.02req/s] [内存消耗：335.27kb] [文件加载：45]
[ info ] [ LANG ] D:\Web\www.akali.com\thinkphp\lang\zh-cn.php
[ info ] [ BIND ] 'wed'
[ info ] [ ROUTE ] array (
  'type' => 'module',
  'module' => 
  array (
    0 => 'wed',
    1 => '.well-known',
    2 => 'change-password',
  ),
)
[ info ] [ HEADER ] array (
  'host' => 'www.akali.com',
  'upgrade-insecure-requests' => '1',
  'user-agent' => 'Mozilla/5.0 (Windows NT 10.0; Win64; x64) AppleWebKit/537.36 (KHTML, like Gecko) Chrome/96.0.4664.110 Safari/537.36',
  'accept' => 'text/html,application/xhtml+xml,application/xml;q=0.9,image/avif,image/webp,image/apng,*/*;q=0.8,application/signed-exchange;v=b3;q=0.9',
  'accept-encoding' => 'gzip, deflate',
  'accept-language' => 'zh-CN,zh;q=0.9',
  'cookie' => 'cart=think%3A%5B%5D; seen=think%3A%7B%2216%22%3A%2216%22%2C%2213%22%3A%2213%22%2C%2220%22%3A%2220%22%2C%2212%22%3A%2212%22%2C%2221%22%3A%2221%22%7D; like=think%3A%7B%2216%22%3A%221%22%2C%2213%22%3A%221%22%2C%2220%22%3A%221%22%2C%2212%22%3A%221%22%2C%2221%22%3A%221%22%7D; thinkphp_show_page_trace=0|0',
  'connection' => 'close',
)
[ info ] [ PARAM ] array (
)
[ info ] [ LOG ] INIT File

---------------------------------------------------------------
[ 2021-12-17T17:45:00+08:00 ] 127.0.0.1 127.0.0.1 GET /.well-known/resource-that-should-not-exist-whose-status-code-should-not-be-200
[ log ] www.akali.com/.well-known/resource-that-should-not-exist-whose-status-code-should-not-be-200 [运行时间：1.010636s][吞吐率：0.99req/s] [内存消耗：316.27kb] [文件加载：45]
[ info ] [ LANG ] D:\Web\www.akali.com\thinkphp\lang\zh-cn.php
[ info ] [ BIND ] 'wed'
[ info ] [ ROUTE ] array (
  'type' => 'module',
  'module' => 
  array (
    0 => 'wed',
    1 => '.well-known',
    2 => 'resource-that-should-not-exist-whose-status-code-should-not-be-200',
  ),
)
[ info ] [ HEADER ] array (
  'host' => 'www.akali.com',
  'user-agent' => 'Mozilla/5.0 (Windows NT 10.0; Win64; x64) AppleWebKit/537.36 (KHTML, like Gecko) Chrome/96.0.4664.110 Safari/537.36',
  'accept-encoding' => 'gzip, deflate',
  'accept-language' => 'zh-CN,zh;q=0.9',
  'connection' => 'close',
)
[ info ] [ PARAM ] array (
)
[ info ] [ LOG ] INIT File

---------------------------------------------------------------
[ 2021-12-17T17:45:00+08:00 ] 127.0.0.1 127.0.0.1 GET /
[ log ] www.akali.com/ [运行时间：0.429513s][吞吐率：2.33req/s] [内存消耗：468.41kb] [文件加载：61]
[ info ] [ LANG ] D:\Web\www.akali.com\thinkphp\lang\zh-cn.php
[ info ] [ BIND ] 'wed'
[ info ] [ ROUTE ] array (
  'type' => 'module',
  'module' => 
  array (
    0 => 'wed',
    1 => NULL,
    2 => NULL,
  ),
)
[ info ] [ HEADER ] array (
  'host' => 'www.akali.com',
  'upgrade-insecure-requests' => '1',
  'user-agent' => 'Mozilla/5.0 (Windows NT 10.0; Win64; x64) AppleWebKit/537.36 (KHTML, like Gecko) Chrome/96.0.4664.110 Safari/537.36',
  'accept' => 'text/html,application/xhtml+xml,application/xml;q=0.9,image/avif,image/webp,image/apng,*/*;q=0.8,application/signed-exchange;v=b3;q=0.9',
  'accept-encoding' => 'gzip, deflate',
  'accept-language' => 'zh-CN,zh;q=0.9',
  'cookie' => 'cart=think%3A%5B%5D; seen=think%3A%7B%2216%22%3A%2216%22%2C%2213%22%3A%2213%22%2C%2220%22%3A%2220%22%2C%2212%22%3A%2212%22%2C%2221%22%3A%2221%22%7D; like=think%3A%7B%2216%22%3A%221%22%2C%2213%22%3A%221%22%2C%2220%22%3A%221%22%2C%2212%22%3A%221%22%2C%2221%22%3A%221%22%7D; thinkphp_show_page_trace=0|0',
  'connection' => 'close',
)
[ info ] [ PARAM ] array (
)
[ info ] [ DB ] INIT mysql
[ info ] [ CACHE ] INIT File
[ info ] [ RUN ] app\wed\controller\Home->index[ D:\Web\www.akali.com\application\wed\controller\Home.php ]
[ info ] [ LOG ] INIT File

---------------------------------------------------------------
[ 2021-12-17T17:45:02+08:00 ] 127.0.0.1 127.0.0.1 POST /cart/ajaxgetcount.html
[ log ] www.akali.com/cart/ajaxgetcount.html [运行时间：0.443674s][吞吐率：2.25req/s] [内存消耗：457.70kb] [文件加载：62]
[ info ] [ LANG ] D:\Web\www.akali.com\thinkphp\lang\zh-cn.php
[ info ] [ BIND ] 'wed'
[ info ] [ ROUTE ] array (
  'type' => 'module',
  'module' => 
  array (
    0 => 'wed',
    1 => 'cart',
    2 => 'ajaxgetcount',
  ),
)
[ info ] [ HEADER ] array (
  'host' => 'www.akali.com',
  'content-length' => '0',
  'accept' => 'application/json, text/javascript, */*; q=0.01',
  'user-agent' => 'Mozilla/5.0 (Windows NT 10.0; Win64; x64) AppleWebKit/537.36 (KHTML, like Gecko) Chrome/96.0.4664.110 Safari/537.36',
  'x-requested-with' => 'XMLHttpRequest',
  'origin' => 'http://www.akali.com',
  'referer' => 'http://www.akali.com/',
  'accept-encoding' => 'gzip, deflate',
  'accept-language' => 'zh-CN,zh;q=0.9',
  'cookie' => 'cart=think%3A%5B%5D; seen=think%3A%7B%2216%22%3A%2216%22%2C%2213%22%3A%2213%22%2C%2220%22%3A%2220%22%2C%2212%22%3A%2212%22%2C%2221%22%3A%2221%22%7D; like=think%3A%7B%2216%22%3A%221%22%2C%2213%22%3A%221%22%2C%2220%22%3A%221%22%2C%2212%22%3A%221%22%2C%2221%22%3A%221%22%7D; thinkphp_show_page_trace=0|0',
  'connection' => 'close',
)
[ info ] [ PARAM ] array (
)
[ info ] [ DB ] INIT mysql
[ info ] [ CACHE ] INIT File
[ info ] [ RUN ] app\wed\controller\Cart->ajaxGetCount[ D:\Web\www.akali.com\application\wed\controller\Cart.php ]
[ info ] [ LOG ] INIT File

---------------------------------------------------------------
