[ 2022-05-06T18:01:31+08:00 ] 127.0.0.1 127.0.0.1 GET /
[ log ] www.akali.com/ [运行时间：0.726590s][吞吐率：1.38req/s] [内存消耗：512.01kb] [文件加载：61]
[ info ] [ LANG ] D:\Web\www.akali.com\thinkphp\lang\zh-cn.php
[ info ] [ BIND ] 'wed'
[ info ] [ ROUTE ] array (
  'type' => 'module',
  'module' => 
  array (
    0 => 'wed',
    1 => NULL,
    2 => NULL,
  ),
)
[ info ] [ HEADER ] array (
  'host' => 'www.akali.com',
  'upgrade-insecure-requests' => '1',
  'user-agent' => 'Mozilla/5.0 (Windows NT 10.0; Win64; x64) AppleWebKit/537.36 (KHTML, like Gecko) Chrome/100.0.4896.127 Safari/537.36',
  'accept' => 'text/html,application/xhtml+xml,application/xml;q=0.9,image/avif,image/webp,image/apng,*/*;q=0.8,application/signed-exchange;v=b3;q=0.9',
  'accept-encoding' => 'gzip, deflate',
  'accept-language' => 'zh-CN,zh;q=0.9',
  'cookie' => 'cart=think%3A%5B%5D; seen=think%3A%7B%2216%22%3A%2216%22%2C%2213%22%3A%2213%22%2C%2220%22%3A%2220%22%2C%2212%22%3A%2212%22%2C%2221%22%3A%2221%22%7D; like=think%3A%7B%2216%22%3A%221%22%2C%2213%22%3A%221%22%2C%2220%22%3A%221%22%2C%2212%22%3A%221%22%2C%2221%22%3A%221%22%7D',
  'connection' => 'close',
)
[ info ] [ PARAM ] array (
)
[ info ] [ DB ] INIT mysql
[ info ] [ CACHE ] INIT File
[ info ] [ RUN ] app\wed\controller\Home->index[ D:\Web\www.akali.com\application\wed\controller\Home.php ]
[ info ] [ LOG ] INIT File

---------------------------------------------------------------
[ 2022-05-06T18:01:31+08:00 ] 127.0.0.1 127.0.0.1 POST /cart/ajaxgetcount.html
[ log ] www.akali.com/cart/ajaxgetcount.html [运行时间：0.095649s][吞吐率：10.45req/s] [内存消耗：280.35kb] [文件加载：62]
[ info ] [ LANG ] D:\Web\www.akali.com\thinkphp\lang\zh-cn.php
[ info ] [ BIND ] 'wed'
[ info ] [ ROUTE ] array (
  'type' => 'module',
  'module' => 
  array (
    0 => 'wed',
    1 => 'cart',
    2 => 'ajaxgetcount',
  ),
)
[ info ] [ HEADER ] array (
  'host' => 'www.akali.com',
  'content-length' => '0',
  'accept' => 'application/json, text/javascript, */*; q=0.01',
  'user-agent' => 'Mozilla/5.0 (Windows NT 10.0; Win64; x64) AppleWebKit/537.36 (KHTML, like Gecko) Chrome/100.0.4896.127 Safari/537.36',
  'x-requested-with' => 'XMLHttpRequest',
  'origin' => 'http://www.akali.com',
  'referer' => 'http://www.akali.com/',
  'accept-encoding' => 'gzip, deflate',
  'accept-language' => 'zh-CN,zh;q=0.9',
  'cookie' => 'cart=think%3A%5B%5D; seen=think%3A%7B%2216%22%3A%2216%22%2C%2213%22%3A%2213%22%2C%2220%22%3A%2220%22%2C%2212%22%3A%2212%22%2C%2221%22%3A%2221%22%7D; like=think%3A%7B%2216%22%3A%221%22%2C%2213%22%3A%221%22%2C%2220%22%3A%221%22%2C%2212%22%3A%221%22%2C%2221%22%3A%221%22%7D; thinkphp_show_page_trace=0|0',
  'connection' => 'close',
)
[ info ] [ PARAM ] array (
)
[ info ] [ DB ] INIT mysql
[ info ] [ CACHE ] INIT File
[ info ] [ RUN ] app\wed\controller\Cart->ajaxGetCount[ D:\Web\www.akali.com\application\wed\controller\Cart.php ]
[ info ] [ LOG ] INIT File

---------------------------------------------------------------
[ 2022-05-06T18:03:17+08:00 ] 127.0.0.1 127.0.0.1 GET /article
[ log ] www.akali.com/article [运行时间：21.179235s][吞吐率：0.05req/s] [内存消耗：287.27kb] [文件加载：65]
[ info ] [ LANG ] D:\Web\www.akali.com\thinkphp\lang\zh-cn.php
[ info ] [ BIND ] 'wed'
[ info ] [ ROUTE ] array (
  'type' => 'module',
  'module' => 
  array (
    0 => 'wed',
    1 => 'article',
    2 => NULL,
  ),
)
[ info ] [ HEADER ] array (
  'host' => 'www.akali.com',
  'upgrade-insecure-requests' => '1',
  'user-agent' => 'Mozilla/5.0 (Windows NT 10.0; Win64; x64) AppleWebKit/537.36 (KHTML, like Gecko) Chrome/100.0.4896.127 Safari/537.36',
  'accept' => 'text/html,application/xhtml+xml,application/xml;q=0.9,image/avif,image/webp,image/apng,*/*;q=0.8,application/signed-exchange;v=b3;q=0.9',
  'accept-encoding' => 'gzip, deflate',
  'accept-language' => 'zh-CN,zh;q=0.9',
  'cookie' => 'cart=think%3A%5B%5D; seen=think%3A%7B%2216%22%3A%2216%22%2C%2213%22%3A%2213%22%2C%2220%22%3A%2220%22%2C%2212%22%3A%2212%22%2C%2221%22%3A%2221%22%7D; like=think%3A%7B%2216%22%3A%221%22%2C%2213%22%3A%221%22%2C%2220%22%3A%221%22%2C%2212%22%3A%221%22%2C%2221%22%3A%221%22%7D; thinkphp_show_page_trace=0|0',
  'connection' => 'close',
)
[ info ] [ PARAM ] array (
)
[ info ] [ DB ] INIT mysql
[ info ] [ CACHE ] INIT File
[ info ] [ RUN ] app\wed\controller\Article->index[ D:\Web\www.akali.com\application\wed\controller\Article.php ]
[ info ] [ LOG ] INIT File
[ error ] [2002]SQLSTATE[HY000] [2002] 由于连接方在一段时间后没有正确答复或连接的主机没有反应，连接尝试失败。
[D:\Web\www.akali.com\thinkphp\library\think\db\Connection.php:287]

---------------------------------------------------------------
